#
# There is insufficient memory for the Java Runtime Environment to continue.
# Native memory allocation (malloc) failed to allocate 32744 bytes for ChunkPool::allocate
# Possible reasons:
#   The system is out of physical RAM or swap space
#   The process is running with CompressedOops enabled, and the Java Heap may be blocking the growth of the native heap
# Possible solutions:
#   Reduce memory load on the system
#   Increase physical memory or swap space
#   Check if swap backing store is full
#   Decrease Java heap size (-Xmx/-Xms)
#   Decrease number of Java threads
#   Decrease Java thread stack sizes (-Xss)
#   Set larger code cache with -XX:ReservedCodeCacheSize=
#   JVM is running with Unscaled Compressed Oops mode in which the Java heap is
#     placed in the first 4GB address space. The Java Heap base address is the
#     maximum limit for the native heap growth. Please use -XX:HeapBaseMinAddress
#     to set the Java Heap base and to place the Java Heap above 4GB virtual address.
# This output file may be truncated or incomplete.
#
#  Out of Memory Error (arena.cpp:78), pid=15052, tid=4976
#
# JRE version: OpenJDK Runtime Environment Temurin-17.0.7+7 (17.0.7+7) (build 17.0.7+7)
# Java VM: OpenJDK 64-Bit Server VM Temurin-17.0.7+7 (17.0.7+7, mixed mode, tiered, compressed oops, compressed class ptrs, parallel gc, windows-amd64)
# No core dump will be written. Minidumps are not enabled by default on client versions of Windows
#

---------------  S U M M A R Y ------------

Command Line: --add-modules=ALL-SYSTEM --add-opens=java.base/java.util=ALL-UNNAMED --add-opens=java.base/java.lang=ALL-UNNAMED --add-opens=java.base/sun.nio.fs=ALL-UNNAMED -Declipse.application=org.eclipse.jdt.ls.core.id1 -Dosgi.bundles.defaultStartLevel=4 -Declipse.product=org.eclipse.jdt.ls.core.product -Djava.import.generatesMetadataFilesAtProjectRoot=false -Dfile.encoding=utf8 -XX:+UseParallelGC -XX:GCTimeRatio=4 -XX:AdaptiveSizePolicyWeight=90 -Dsun.zip.disableMemoryMapping=true -Xmx1G -Xms100m -Xlog:disable -javaagent:c:\Users\Admin\.vscode\extensions\redhat.java-1.21.0-win32-x64\lombok\lombok-1.18.28.jar -XX:+HeapDumpOnOutOfMemoryError -XX:HeapDumpPath=c:\Users\Admin\AppData\Roaming\Code\User\workspaceStorage\01df264c3a110b2637027017d1b717d4\redhat.java -Daether.dependencyCollector.impl=bf c:\Users\Admin\.vscode\extensions\redhat.java-1.21.0-win32-x64\server\plugins\org.eclipse.equinox.launcher_1.6.500.v20230717-2134.jar -configuration c:\Users\Admin\AppData\Roaming\Code\User\globalStorage\redhat.java\1.21.0\config_win -data c:\Users\Admin\AppData\Roaming\Code\User\workspaceStorage\01df264c3a110b2637027017d1b717d4\redhat.java\jdt_ws

Host: AMD Ryzen 7 6800H with Radeon Graphics         , 16 cores, 7G,  Windows 11 , 64 bit Build 22621 (10.0.22621.2070)
Time: Mon Sep 11 18:33:28 2023 SE Asia Standard Time elapsed time: 175.083695 seconds (0d 0h 2m 55s)

---------------  T H R E A D  ---------------

Current thread (0x000001dda03111d0):  JavaThread "C2 CompilerThread0" daemon [_thread_in_native, id=4976, stack(0x0000006d89200000,0x0000006d89300000)]


Current CompileTask:
C2: 175084 9771       4       org.eclipse.core.internal.filesystem.InternalFileSystemCore::getStore (39 bytes)

Stack: [0x0000006d89200000,0x0000006d89300000]
Native frames: (J=compiled Java code, j=interpreted, Vv=VM code, C=native code)
V  [jvm.dll+0x67754a]
V  [jvm.dll+0x834304]
V  [jvm.dll+0x835aae]
V  [jvm.dll+0x836113]
V  [jvm.dll+0x24696f]
V  [jvm.dll+0xac2cc]
V  [jvm.dll+0xac67c]
V  [jvm.dll+0x8e779]
V  [jvm.dll+0x603445]
V  [jvm.dll+0x603914]
V  [jvm.dll+0x60357c]
V  [jvm.dll+0x60906b]
V  [jvm.dll+0x609e32]
V  [jvm.dll+0x608394]
V  [jvm.dll+0x2194b8]
V  [jvm.dll+0x218a61]
V  [jvm.dll+0x1a4d8d]
V  [jvm.dll+0x2284da]
V  [jvm.dll+0x226615]
V  [jvm.dll+0x7ea90b]
V  [jvm.dll+0x7e4e7a]
V  [jvm.dll+0x676395]
C  [ucrtbase.dll+0x29363]
C  [KERNEL32.DLL+0x126ad]
C  [ntdll.dll+0x5aa68]


---------------  P R O C E S S  ---------------

Threads class SMR info:
_java_thread_list=0x000001dda3ea6680, length=28, elements={
0x000001dd851fda20, 0x000001dd9afc2010, 0x000001dd9afc6290, 0x000001dda0306450,
0x000001dda0306f10, 0x000001dda030b090, 0x000001dda030c0f0, 0x000001dda03111d0,
0x000001dda0312320, 0x000001dda031d400, 0x000001dda03919d0, 0x000001dda05e9400,
0x000001dda2638020, 0x000001dda268f190, 0x000001dda28d0730, 0x000001dda28cd830,
0x000001dda2cc0da0, 0x000001dda2b84e70, 0x000001dda2b85ce0, 0x000001dda2b87020,
0x000001dda2b83b30, 0x000001dda2b849a0, 0x000001dda2b86680, 0x000001dda2b861b0,
0x000001dda66dc930, 0x000001dda66dbf90, 0x000001dda66deae0, 0x000001dda66dce00
}

Java Threads: ( => current thread )
  0x000001dd851fda20 JavaThread "main" [_thread_blocked, id=5624, stack(0x0000006d88900000,0x0000006d88a00000)]
  0x000001dd9afc2010 JavaThread "Reference Handler" daemon [_thread_blocked, id=13116, stack(0x0000006d88c00000,0x0000006d88d00000)]
  0x000001dd9afc6290 JavaThread "Finalizer" daemon [_thread_blocked, id=10432, stack(0x0000006d88d00000,0x0000006d88e00000)]
  0x000001dda0306450 JavaThread "Signal Dispatcher" daemon [_thread_blocked, id=23908, stack(0x0000006d88e00000,0x0000006d88f00000)]
  0x000001dda0306f10 JavaThread "Attach Listener" daemon [_thread_blocked, id=19156, stack(0x0000006d88f00000,0x0000006d89000000)]
  0x000001dda030b090 JavaThread "Service Thread" daemon [_thread_blocked, id=13944, stack(0x0000006d89000000,0x0000006d89100000)]
  0x000001dda030c0f0 JavaThread "Monitor Deflation Thread" daemon [_thread_blocked, id=3764, stack(0x0000006d89100000,0x0000006d89200000)]
=>0x000001dda03111d0 JavaThread "C2 CompilerThread0" daemon [_thread_in_native, id=4976, stack(0x0000006d89200000,0x0000006d89300000)]
  0x000001dda0312320 JavaThread "C1 CompilerThread0" daemon [_thread_blocked, id=15064, stack(0x0000006d89300000,0x0000006d89400000)]
  0x000001dda031d400 JavaThread "Sweeper thread" daemon [_thread_blocked, id=3736, stack(0x0000006d89400000,0x0000006d89500000)]
  0x000001dda03919d0 JavaThread "Common-Cleaner" daemon [_thread_blocked, id=11256, stack(0x0000006d89500000,0x0000006d89600000)]
  0x000001dda05e9400 JavaThread "Notification Thread" daemon [_thread_blocked, id=23800, stack(0x0000006d89600000,0x0000006d89700000)]
  0x000001dda2638020 JavaThread "Active Thread: Equinox Container: 238b9219-e1bc-4d5c-bf71-0a35986394b2" [_thread_blocked, id=24388, stack(0x0000006d89e00000,0x0000006d89f00000)]
  0x000001dda268f190 JavaThread "Framework Event Dispatcher: Equinox Container: 238b9219-e1bc-4d5c-bf71-0a35986394b2" daemon [_thread_blocked, id=13244, stack(0x0000006d89f00000,0x0000006d8a000000)]
  0x000001dda28d0730 JavaThread "Start Level: Equinox Container: 238b9219-e1bc-4d5c-bf71-0a35986394b2" daemon [_thread_blocked, id=13956, stack(0x0000006d8a000000,0x0000006d8a100000)]
  0x000001dda28cd830 JavaThread "SCR Component Actor" daemon [_thread_blocked, id=14792, stack(0x0000006d8a100000,0x0000006d8a200000)]
  0x000001dda2cc0da0 JavaThread "Worker-JM" [_thread_blocked, id=24472, stack(0x0000006d8a400000,0x0000006d8a500000)]
  0x000001dda2b84e70 JavaThread "Worker-1" [_thread_blocked, id=14276, stack(0x0000006d8a900000,0x0000006d8aa00000)]
  0x000001dda2b85ce0 JavaThread "Java indexing" daemon [_thread_blocked, id=12052, stack(0x0000006d8af00000,0x0000006d8b000000)]
  0x000001dda2b87020 JavaThread "JNA Cleaner" daemon [_thread_blocked, id=12084, stack(0x0000006d8b000000,0x0000006d8b100000)]
  0x000001dda2b83b30 JavaThread "pool-2-thread-1" [_thread_blocked, id=3240, stack(0x0000006d8b100000,0x0000006d8b200000)]
  0x000001dda2b849a0 JavaThread "WorkspaceEventsHandler" [_thread_blocked, id=22000, stack(0x0000006d8b200000,0x0000006d8b300000)]
  0x000001dda2b86680 JavaThread "pool-1-thread-1" [_thread_in_native, id=11692, stack(0x0000006d8b300000,0x0000006d8b400000)]
  0x000001dda2b861b0 JavaThread "Worker-2" [_thread_blocked, id=19292, stack(0x0000006d8b400000,0x0000006d8b500000)]
  0x000001dda66dc930 JavaThread "Timer-0" [_thread_blocked, id=24436, stack(0x0000006d8ac00000,0x0000006d8ad00000)]
  0x000001dda66dbf90 JavaThread "ForkJoinPool.commonPool-worker-2" daemon [_thread_blocked, id=16032, stack(0x0000006d8bf00000,0x0000006d8c000000)]
  0x000001dda66deae0 JavaThread "ForkJoinPool.commonPool-worker-3" daemon [_thread_blocked, id=24440, stack(0x0000006d8c000000,0x0000006d8c100000)]
  0x000001dda66dce00 JavaThread "ForkJoinPool.commonPool-worker-4" daemon [_thread_blocked, id=596, stack(0x0000006d8c100000,0x0000006d8c200000)]

Other Threads:
  0x000001dd85287600 VMThread "VM Thread" [stack: 0x0000006d88b00000,0x0000006d88c00000] [id=15824]
  0x000001dda05e98d0 WatcherThread [stack: 0x0000006d89700000,0x0000006d89800000] [id=11248]
  0x000001dd852149b0 GCTaskThread "GC Thread#0" [stack: 0x0000006d88a00000,0x0000006d88b00000] [id=15832]
  0x000001dda282f530 GCTaskThread "GC Thread#1" [stack: 0x0000006d89800000,0x0000006d89900000] [id=24376]
  0x000001dda2657520 GCTaskThread "GC Thread#2" [stack: 0x0000006d89900000,0x0000006d89a00000] [id=24380]
  0x000001dda26577d0 GCTaskThread "GC Thread#3" [stack: 0x0000006d89a00000,0x0000006d89b00000] [id=23176]
  0x000001dda2977360 GCTaskThread "GC Thread#4" [stack: 0x0000006d89b00000,0x0000006d89c00000] [id=6712]
  0x000001dda2978650 GCTaskThread "GC Thread#5" [stack: 0x0000006d89c00000,0x0000006d89d00000] [id=24348]
  0x000001dda2978900 GCTaskThread "GC Thread#6" [stack: 0x0000006d89d00000,0x0000006d89e00000] [id=24360]
  0x000001dda274be20 GCTaskThread "GC Thread#7" [stack: 0x0000006d8a200000,0x0000006d8a300000] [id=22924]
  0x000001dda2d6ee40 GCTaskThread "GC Thread#8" [stack: 0x0000006d8a500000,0x0000006d8a600000] [id=11140]
  0x000001dda2cbbfd0 GCTaskThread "GC Thread#9" [stack: 0x0000006d8a600000,0x0000006d8a700000] [id=14252]
  0x000001dda2e8db60 GCTaskThread "GC Thread#10" [stack: 0x0000006d8a700000,0x0000006d8a800000] [id=13640]
  0x000001dda2e8d0a0 GCTaskThread "GC Thread#11" [stack: 0x0000006d8aa00000,0x0000006d8ab00000] [id=23656]
  0x000001dda2e8cdf0 GCTaskThread "GC Thread#12" [stack: 0x0000006d8ab00000,0x0000006d8ac00000] [id=23648]

Threads with active compile tasks:
C2 CompilerThread0   175132 9771       4       org.eclipse.core.internal.filesystem.InternalFileSystemCore::getStore (39 bytes)

VM state: not at safepoint (normal execution)

VM Mutex/Monitor currently owned by a thread: None

Heap address: 0x00000000c0000000, size: 1024 MB, Compressed Oops mode: 32-bit

CDS archive(s) not mapped
Compressed class space mapped at: 0x0000000100000000-0x0000000140000000, reserved size: 1073741824
Narrow klass base: 0x0000000000000000, Narrow klass shift: 3, Narrow klass range: 0x140000000

GC Precious Log:
 CPUs: 16 total, 16 available
 Memory: 7421M
 Large Page Support: Disabled
 NUMA Support: Disabled
 Compressed Oops: Enabled (32-bit)
 Alignments: Space 512K, Generation 512K, Heap 2M
 Heap Min Capacity: 100M
 Heap Initial Capacity: 100M
 Heap Max Capacity: 1G
 Pre-touch: Disabled
 Parallel Workers: 13

Heap:
 PSYoungGen      total 19968K, used 12199K [0x00000000eab00000, 0x00000000ec280000, 0x0000000100000000)
  eden space 19456K, 60% used [0x00000000eab00000,0x00000000eb689f08,0x00000000ebe00000)
  from space 512K, 75% used [0x00000000ec180000,0x00000000ec1e0000,0x00000000ec200000)
  to   space 512K, 0% used [0x00000000ec200000,0x00000000ec200000,0x00000000ec280000)
 ParOldGen       total 68608K, used 65665K [0x00000000c0000000, 0x00000000c4300000, 0x00000000eab00000)
  object space 68608K, 95% used [0x00000000c0000000,0x00000000c4020658,0x00000000c4300000)
 Metaspace       used 68917K, committed 69952K, reserved 1114112K
  class space    used 7914K, committed 8320K, reserved 1048576K

Card table byte_map: [0x000001dd98840000,0x000001dd98a50000] _byte_map_base: 0x000001dd98240000

Marking Bits: (ParMarkBitMap*) 0x00007ff9039a52c0
 Begin Bits: [0x000001dd98bb0000, 0x000001dd99bb0000)
 End Bits:   [0x000001dd99bb0000, 0x000001dd9abb0000)

Polling page: 0x000001dd852c0000

Metaspace:

Usage:
  Non-class:     59.57 MB used.
      Class:      7.73 MB used.
       Both:     67.30 MB used.

Virtual space:
  Non-class space:       64.00 MB reserved,      60.19 MB ( 94%) committed,  1 nodes.
      Class space:        1.00 GB reserved,       8.12 MB ( <1%) committed,  1 nodes.
             Both:        1.06 GB reserved,      68.31 MB (  6%) committed. 

Chunk freelists:
   Non-Class:  3.73 MB
       Class:  7.88 MB
        Both:  11.61 MB

MaxMetaspaceSize: unlimited
CompressedClassSpaceSize: 1.00 GB
Initial GC threshold: 21.00 MB
Current GC threshold: 97.31 MB
CDS: off
MetaspaceReclaimPolicy: balanced
 - commit_granule_bytes: 65536.
 - commit_granule_words: 8192.
 - virtual_space_node_default_size: 8388608.
 - enlarge_chunks_in_place: 1.
 - new_chunks_are_fully_committed: 0.
 - uncommit_free_chunks: 1.
 - use_allocation_guard: 0.
 - handle_deallocations: 1.


Internal statistics:

num_allocs_failed_limit: 9.
num_arena_births: 608.
num_arena_deaths: 14.
num_vsnodes_births: 2.
num_vsnodes_deaths: 0.
num_space_committed: 1093.
num_space_uncommitted: 0.
num_chunks_returned_to_freelist: 23.
num_chunks_taken_from_freelist: 3003.
num_chunk_merges: 13.
num_chunk_splits: 1998.
num_chunks_enlarged: 1317.
num_inconsistent_stats: 0.

CodeHeap 'non-profiled nmethods': size=119168Kb used=5531Kb max_used=5531Kb free=113636Kb
 bounds [0x000001dd911f0000, 0x000001dd91760000, 0x000001dd98650000]
CodeHeap 'profiled nmethods': size=119104Kb used=16176Kb max_used=16176Kb free=102927Kb
 bounds [0x000001dd89650000, 0x000001dd8a620000, 0x000001dd90aa0000]
CodeHeap 'non-nmethods': size=7488Kb used=1363Kb max_used=2550Kb free=6124Kb
 bounds [0x000001dd90aa0000, 0x000001dd90d30000, 0x000001dd911f0000]
 total_blobs=8865 nmethods=8162 adapters=615
 compilation: enabled
              stopped_count=0, restarted_count=0
 full_count=0

Compilation events (20 events):
Event: 175.026 Thread 0x000001dda0312320 9773   !   3       org.eclipse.core.internal.jobs.InternalJob::setAboutToRunCanceled (43 bytes)
Event: 175.026 Thread 0x000001dda0312320 nmethod 9773 0x000001dd8a617190 code [0x000001dd8a617320, 0x000001dd8a617578]
Event: 175.031 Thread 0x000001dda03111d0 nmethod 9768 0x000001dd91756910 code [0x000001dd91756aa0, 0x000001dd91756cb8]
Event: 175.031 Thread 0x000001dda03111d0 9771       4       org.eclipse.core.internal.filesystem.InternalFileSystemCore::getStore (39 bytes)
Event: 175.032 Thread 0x000001dda0312320 9774       3       org.eclipse.core.internal.localstore.UnifiedTree::quickSort (114 bytes)
Event: 175.032 Thread 0x000001dda0312320 nmethod 9774 0x000001dd8a617690 code [0x000001dd8a617900, 0x000001dd8a618698]
Event: 175.035 Thread 0x000001dda0312320 9775       3       org.eclipse.core.internal.events.ResourceChangeEvent::<init> (27 bytes)
Event: 175.036 Thread 0x000001dda0312320 nmethod 9775 0x000001dd8a618c10 code [0x000001dd8a618dc0, 0x000001dd8a6190e8]
Event: 175.038 Thread 0x000001dda0312320 9776       3       org.eclipse.core.internal.resources.AliasManager$$Lambda$474/0x00000001007bd748::accept (12 bytes)
Event: 175.039 Thread 0x000001dda0312320 nmethod 9776 0x000001dd8a619290 code [0x000001dd8a619480, 0x000001dd8a619aa8]
Event: 175.039 Thread 0x000001dda0312320 9777       3       org.eclipse.core.internal.resources.AliasManager::lambda$1 (6 bytes)
Event: 175.039 Thread 0x000001dda0312320 nmethod 9777 0x000001dd8a619d10 code [0x000001dd8a619ee0, 0x000001dd8a61a388]
Event: 175.039 Thread 0x000001dda0312320 9778       3       org.eclipse.core.internal.localstore.FileSystemResourceManager::resourceFor (83 bytes)
Event: 175.040 Thread 0x000001dda0312320 nmethod 9778 0x000001dd8a61a590 code [0x000001dd8a61a820, 0x000001dd8a61b5a8]
Event: 175.044 Thread 0x000001dda0312320 9779   !   3       org.eclipse.core.internal.events.NotificationManager::broadcastChanges (153 bytes)
Event: 175.046 Thread 0x000001dda0312320 nmethod 9779 0x000001dd8a61ba90 code [0x000001dd8a61bd40, 0x000001dd8a61cb38]
Event: 175.046 Thread 0x000001dda0312320 9780       3       org.eclipse.core.internal.events.ResourceChangeListenerList::hasListenerFor (128 bytes)
Event: 175.046 Thread 0x000001dda0312320 nmethod 9780 0x000001dd8a61d110 code [0x000001dd8a61d300, 0x000001dd8a61d898]
Event: 175.046 Thread 0x000001dda0312320 9781       3       org.eclipse.core.internal.events.NotificationManager::cleanUp (98 bytes)
Event: 175.047 Thread 0x000001dda0312320 nmethod 9781 0x000001dd8a61d910 code [0x000001dd8a61db00, 0x000001dd8a61e118]

GC Heap History (20 events):
Event: 46.456 GC heap before
{Heap before GC invocations=51 (full 3):
 PSYoungGen      total 19968K, used 19648K [0x00000000eab00000, 0x00000000ec480000, 0x0000000100000000)
  eden space 19456K, 100% used [0x00000000eab00000,0x00000000ebe00000,0x00000000ebe00000)
  from space 512K, 37% used [0x00000000ec380000,0x00000000ec3b0000,0x00000000ec400000)
  to   space 512K, 0% used [0x00000000ec400000,0x00000000ec400000,0x00000000ec480000)
 ParOldGen       total 68608K, used 61626K [0x00000000c0000000, 0x00000000c4300000, 0x00000000eab00000)
  object space 68608K, 89% used [0x00000000c0000000,0x00000000c3c2e810,0x00000000c4300000)
 Metaspace       used 64178K, committed 65088K, reserved 1114112K
  class space    used 7483K, committed 7872K, reserved 1048576K
}
Event: 46.456 GC heap after
{Heap after GC invocations=51 (full 3):
 PSYoungGen      total 19968K, used 384K [0x00000000eab00000, 0x00000000ec480000, 0x0000000100000000)
  eden space 19456K, 0% used [0x00000000eab00000,0x00000000eab00000,0x00000000ebe00000)
  from space 512K, 75% used [0x00000000ec400000,0x00000000ec460000,0x00000000ec480000)
  to   space 512K, 0% used [0x00000000ec380000,0x00000000ec380000,0x00000000ec400000)
 ParOldGen       total 68608K, used 61626K [0x00000000c0000000, 0x00000000c4300000, 0x00000000eab00000)
  object space 68608K, 89% used [0x00000000c0000000,0x00000000c3c2e810,0x00000000c4300000)
 Metaspace       used 64178K, committed 65088K, reserved 1114112K
  class space    used 7483K, committed 7872K, reserved 1048576K
}
Event: 46.519 GC heap before
{Heap before GC invocations=52 (full 3):
 PSYoungGen      total 19968K, used 19840K [0x00000000eab00000, 0x00000000ec480000, 0x0000000100000000)
  eden space 19456K, 100% used [0x00000000eab00000,0x00000000ebe00000,0x00000000ebe00000)
  from space 512K, 75% used [0x00000000ec400000,0x00000000ec460000,0x00000000ec480000)
  to   space 512K, 0% used [0x00000000ec380000,0x00000000ec380000,0x00000000ec400000)
 ParOldGen       total 68608K, used 61626K [0x00000000c0000000, 0x00000000c4300000, 0x00000000eab00000)
  object space 68608K, 89% used [0x00000000c0000000,0x00000000c3c2e810,0x00000000c4300000)
 Metaspace       used 64178K, committed 65088K, reserved 1114112K
  class space    used 7483K, committed 7872K, reserved 1048576K
}
Event: 46.520 GC heap after
{Heap after GC invocations=52 (full 3):
 PSYoungGen      total 19968K, used 256K [0x00000000eab00000, 0x00000000ec480000, 0x0000000100000000)
  eden space 19456K, 0% used [0x00000000eab00000,0x00000000eab00000,0x00000000ebe00000)
  from space 512K, 50% used [0x00000000ec380000,0x00000000ec3c0000,0x00000000ec400000)
  to   space 512K, 0% used [0x00000000ec400000,0x00000000ec400000,0x00000000ec480000)
 ParOldGen       total 68608K, used 61722K [0x00000000c0000000, 0x00000000c4300000, 0x00000000eab00000)
  object space 68608K, 89% used [0x00000000c0000000,0x00000000c3c46810,0x00000000c4300000)
 Metaspace       used 64178K, committed 65088K, reserved 1114112K
  class space    used 7483K, committed 7872K, reserved 1048576K
}
Event: 46.885 GC heap before
{Heap before GC invocations=53 (full 3):
 PSYoungGen      total 19968K, used 19712K [0x00000000eab00000, 0x00000000ec480000, 0x0000000100000000)
  eden space 19456K, 100% used [0x00000000eab00000,0x00000000ebe00000,0x00000000ebe00000)
  from space 512K, 50% used [0x00000000ec380000,0x00000000ec3c0000,0x00000000ec400000)
  to   space 512K, 0% used [0x00000000ec400000,0x00000000ec400000,0x00000000ec480000)
 ParOldGen       total 68608K, used 61722K [0x00000000c0000000, 0x00000000c4300000, 0x00000000eab00000)
  object space 68608K, 89% used [0x00000000c0000000,0x00000000c3c46810,0x00000000c4300000)
 Metaspace       used 65380K, committed 66368K, reserved 1114112K
  class space    used 7605K, committed 8000K, reserved 1048576K
}
Event: 46.886 GC heap after
{Heap after GC invocations=53 (full 3):
 PSYoungGen      total 19968K, used 505K [0x00000000eab00000, 0x00000000ec480000, 0x0000000100000000)
  eden space 19456K, 0% used [0x00000000eab00000,0x00000000eab00000,0x00000000ebe00000)
  from space 512K, 98% used [0x00000000ec400000,0x00000000ec47e470,0x00000000ec480000)
  to   space 1024K, 0% used [0x00000000ec280000,0x00000000ec280000,0x00000000ec380000)
 ParOldGen       total 68608K, used 61986K [0x00000000c0000000, 0x00000000c4300000, 0x00000000eab00000)
  object space 68608K, 90% used [0x00000000c0000000,0x00000000c3c88810,0x00000000c4300000)
 Metaspace       used 65380K, committed 66368K, reserved 1114112K
  class space    used 7605K, committed 8000K, reserved 1048576K
}
Event: 46.963 GC heap before
{Heap before GC invocations=54 (full 3):
 PSYoungGen      total 19968K, used 19961K [0x00000000eab00000, 0x00000000ec480000, 0x0000000100000000)
  eden space 19456K, 100% used [0x00000000eab00000,0x00000000ebe00000,0x00000000ebe00000)
  from space 512K, 98% used [0x00000000ec400000,0x00000000ec47e470,0x00000000ec480000)
  to   space 1024K, 0% used [0x00000000ec280000,0x00000000ec280000,0x00000000ec380000)
 ParOldGen       total 68608K, used 61986K [0x00000000c0000000, 0x00000000c4300000, 0x00000000eab00000)
  object space 68608K, 90% used [0x00000000c0000000,0x00000000c3c88810,0x00000000c4300000)
 Metaspace       used 65531K, committed 66560K, reserved 1114112K
  class space    used 7618K, committed 8064K, reserved 1048576K
}
Event: 46.964 GC heap after
{Heap after GC invocations=54 (full 3):
 PSYoungGen      total 20480K, used 1024K [0x00000000eab00000, 0x00000000ec480000, 0x0000000100000000)
  eden space 19456K, 0% used [0x00000000eab00000,0x00000000eab00000,0x00000000ebe00000)
  from space 1024K, 100% used [0x00000000ec280000,0x00000000ec380000,0x00000000ec380000)
  to   space 1024K, 0% used [0x00000000ec380000,0x00000000ec380000,0x00000000ec480000)
 ParOldGen       total 68608K, used 62500K [0x00000000c0000000, 0x00000000c4300000, 0x00000000eab00000)
  object space 68608K, 91% used [0x00000000c0000000,0x00000000c3d09380,0x00000000c4300000)
 Metaspace       used 65531K, committed 66560K, reserved 1114112K
  class space    used 7618K, committed 8064K, reserved 1048576K
}
Event: 47.149 GC heap before
{Heap before GC invocations=55 (full 3):
 PSYoungGen      total 20480K, used 20480K [0x00000000eab00000, 0x00000000ec480000, 0x0000000100000000)
  eden space 19456K, 100% used [0x00000000eab00000,0x00000000ebe00000,0x00000000ebe00000)
  from space 1024K, 100% used [0x00000000ec280000,0x00000000ec380000,0x00000000ec380000)
  to   space 1024K, 0% used [0x00000000ec380000,0x00000000ec380000,0x00000000ec480000)
 ParOldGen       total 68608K, used 62500K [0x00000000c0000000, 0x00000000c4300000, 0x00000000eab00000)
  object space 68608K, 91% used [0x00000000c0000000,0x00000000c3d09380,0x00000000c4300000)
 Metaspace       used 67553K, committed 68544K, reserved 1114112K
  class space    used 7808K, committed 8256K, reserved 1048576K
}
Event: 47.150 GC heap after
{Heap after GC invocations=55 (full 3):
 PSYoungGen      total 20480K, used 1016K [0x00000000eab00000, 0x00000000ec480000, 0x0000000100000000)
  eden space 19456K, 0% used [0x00000000eab00000,0x00000000eab00000,0x00000000ebe00000)
  from space 1024K, 99% used [0x00000000ec380000,0x00000000ec47e098,0x00000000ec480000)
  to   space 1536K, 0% used [0x00000000ec180000,0x00000000ec180000,0x00000000ec300000)
 ParOldGen       total 68608K, used 63388K [0x00000000c0000000, 0x00000000c4300000, 0x00000000eab00000)
  object space 68608K, 92% used [0x00000000c0000000,0x00000000c3de70c8,0x00000000c4300000)
 Metaspace       used 67553K, committed 68544K, reserved 1114112K
  class space    used 7808K, committed 8256K, reserved 1048576K
}
Event: 113.094 GC heap before
{Heap before GC invocations=56 (full 3):
 PSYoungGen      total 20480K, used 20472K [0x00000000eab00000, 0x00000000ec480000, 0x0000000100000000)
  eden space 19456K, 100% used [0x00000000eab00000,0x00000000ebe00000,0x00000000ebe00000)
  from space 1024K, 99% used [0x00000000ec380000,0x00000000ec47e098,0x00000000ec480000)
  to   space 1536K, 0% used [0x00000000ec180000,0x00000000ec180000,0x00000000ec300000)
 ParOldGen       total 68608K, used 63388K [0x00000000c0000000, 0x00000000c4300000, 0x00000000eab00000)
  object space 68608K, 92% used [0x00000000c0000000,0x00000000c3de70c8,0x00000000c4300000)
 Metaspace       used 67935K, committed 68928K, reserved 1114112K
  class space    used 7841K, committed 8256K, reserved 1048576K
}
Event: 113.097 GC heap after
{Heap after GC invocations=56 (full 3):
 PSYoungGen      total 20480K, used 992K [0x00000000eab00000, 0x00000000ec400000, 0x0000000100000000)
  eden space 19456K, 0% used [0x00000000eab00000,0x00000000eab00000,0x00000000ebe00000)
  from space 1024K, 96% used [0x00000000ec180000,0x00000000ec278000,0x00000000ec280000)
  to   space 1536K, 0% used [0x00000000ec280000,0x00000000ec280000,0x00000000ec400000)
 ParOldGen       total 68608K, used 64244K [0x00000000c0000000, 0x00000000c4300000, 0x00000000eab00000)
  object space 68608K, 93% used [0x00000000c0000000,0x00000000c3ebd028,0x00000000c4300000)
 Metaspace       used 67935K, committed 68928K, reserved 1114112K
  class space    used 7841K, committed 8256K, reserved 1048576K
}
Event: 128.321 GC heap before
{Heap before GC invocations=57 (full 3):
 PSYoungGen      total 20480K, used 20448K [0x00000000eab00000, 0x00000000ec400000, 0x0000000100000000)
  eden space 19456K, 100% used [0x00000000eab00000,0x00000000ebe00000,0x00000000ebe00000)
  from space 1024K, 96% used [0x00000000ec180000,0x00000000ec278000,0x00000000ec280000)
  to   space 1536K, 0% used [0x00000000ec280000,0x00000000ec280000,0x00000000ec400000)
 ParOldGen       total 68608K, used 64244K [0x00000000c0000000, 0x00000000c4300000, 0x00000000eab00000)
  object space 68608K, 93% used [0x00000000c0000000,0x00000000c3ebd028,0x00000000c4300000)
 Metaspace       used 68477K, committed 69504K, reserved 1114112K
  class space    used 7906K, committed 8320K, reserved 1048576K
}
Event: 128.324 GC heap after
{Heap after GC invocations=57 (full 3):
 PSYoungGen      total 20480K, used 768K [0x00000000eab00000, 0x00000000ec380000, 0x0000000100000000)
  eden space 19456K, 0% used [0x00000000eab00000,0x00000000eab00000,0x00000000ebe00000)
  from space 1024K, 75% used [0x00000000ec280000,0x00000000ec340000,0x00000000ec380000)
  to   space 1024K, 0% used [0x00000000ec180000,0x00000000ec180000,0x00000000ec280000)
 ParOldGen       total 68608K, used 64953K [0x00000000c0000000, 0x00000000c4300000, 0x00000000eab00000)
  object space 68608K, 94% used [0x00000000c0000000,0x00000000c3f6e4a8,0x00000000c4300000)
 Metaspace       used 68477K, committed 69504K, reserved 1114112K
  class space    used 7906K, committed 8320K, reserved 1048576K
}
Event: 143.097 GC heap before
{Heap before GC invocations=58 (full 3):
 PSYoungGen      total 20480K, used 20224K [0x00000000eab00000, 0x00000000ec380000, 0x0000000100000000)
  eden space 19456K, 100% used [0x00000000eab00000,0x00000000ebe00000,0x00000000ebe00000)
  from space 1024K, 75% used [0x00000000ec280000,0x00000000ec340000,0x00000000ec380000)
  to   space 1024K, 0% used [0x00000000ec180000,0x00000000ec180000,0x00000000ec280000)
 ParOldGen       total 68608K, used 64953K [0x00000000c0000000, 0x00000000c4300000, 0x00000000eab00000)
  object space 68608K, 94% used [0x00000000c0000000,0x00000000c3f6e4a8,0x00000000c4300000)
 Metaspace       used 68631K, committed 69632K, reserved 1114112K
  class space    used 7913K, committed 8320K, reserved 1048576K
}
Event: 143.100 GC heap after
{Heap after GC invocations=58 (full 3):
 PSYoungGen      total 19968K, used 384K [0x00000000eab00000, 0x00000000ec300000, 0x0000000100000000)
  eden space 19456K, 0% used [0x00000000eab00000,0x00000000eab00000,0x00000000ebe00000)
  from space 512K, 75% used [0x00000000ec180000,0x00000000ec1e0000,0x00000000ec200000)
  to   space 1024K, 0% used [0x00000000ec200000,0x00000000ec200000,0x00000000ec300000)
 ParOldGen       total 68608K, used 65433K [0x00000000c0000000, 0x00000000c4300000, 0x00000000eab00000)
  object space 68608K, 95% used [0x00000000c0000000,0x00000000c3fe6658,0x00000000c4300000)
 Metaspace       used 68631K, committed 69632K, reserved 1114112K
  class space    used 7913K, committed 8320K, reserved 1048576K
}
Event: 159.430 GC heap before
{Heap before GC invocations=59 (full 3):
 PSYoungGen      total 19968K, used 19840K [0x00000000eab00000, 0x00000000ec300000, 0x0000000100000000)
  eden space 19456K, 100% used [0x00000000eab00000,0x00000000ebe00000,0x00000000ebe00000)
  from space 512K, 75% used [0x00000000ec180000,0x00000000ec1e0000,0x00000000ec200000)
  to   space 1024K, 0% used [0x00000000ec200000,0x00000000ec200000,0x00000000ec300000)
 ParOldGen       total 68608K, used 65433K [0x00000000c0000000, 0x00000000c4300000, 0x00000000eab00000)
  object space 68608K, 95% used [0x00000000c0000000,0x00000000c3fe6658,0x00000000c4300000)
 Metaspace       used 68803K, committed 69824K, reserved 1114112K
  class space    used 7914K, committed 8320K, reserved 1048576K
}
Event: 159.432 GC heap after
{Heap after GC invocations=59 (full 3):
 PSYoungGen      total 19968K, used 384K [0x00000000eab00000, 0x00000000ec280000, 0x0000000100000000)
  eden space 19456K, 0% used [0x00000000eab00000,0x00000000eab00000,0x00000000ebe00000)
  from space 512K, 75% used [0x00000000ec200000,0x00000000ec260000,0x00000000ec280000)
  to   space 512K, 0% used [0x00000000ec180000,0x00000000ec180000,0x00000000ec200000)
 ParOldGen       total 68608K, used 65561K [0x00000000c0000000, 0x00000000c4300000, 0x00000000eab00000)
  object space 68608K, 95% used [0x00000000c0000000,0x00000000c4006658,0x00000000c4300000)
 Metaspace       used 68803K, committed 69824K, reserved 1114112K
  class space    used 7914K, committed 8320K, reserved 1048576K
}
Event: 167.399 GC heap before
{Heap before GC invocations=60 (full 3):
 PSYoungGen      total 19968K, used 19840K [0x00000000eab00000, 0x00000000ec280000, 0x0000000100000000)
  eden space 19456K, 100% used [0x00000000eab00000,0x00000000ebe00000,0x00000000ebe00000)
  from space 512K, 75% used [0x00000000ec200000,0x00000000ec260000,0x00000000ec280000)
  to   space 512K, 0% used [0x00000000ec180000,0x00000000ec180000,0x00000000ec200000)
 ParOldGen       total 68608K, used 65561K [0x00000000c0000000, 0x00000000c4300000, 0x00000000eab00000)
  object space 68608K, 95% used [0x00000000c0000000,0x00000000c4006658,0x00000000c4300000)
 Metaspace       used 68880K, committed 69888K, reserved 1114112K
  class space    used 7914K, committed 8320K, reserved 1048576K
}
Event: 167.401 GC heap after
{Heap after GC invocations=60 (full 3):
 PSYoungGen      total 19968K, used 384K [0x00000000eab00000, 0x00000000ec280000, 0x0000000100000000)
  eden space 19456K, 0% used [0x00000000eab00000,0x00000000eab00000,0x00000000ebe00000)
  from space 512K, 75% used [0x00000000ec180000,0x00000000ec1e0000,0x00000000ec200000)
  to   space 512K, 0% used [0x00000000ec200000,0x00000000ec200000,0x00000000ec280000)
 ParOldGen       total 68608K, used 65665K [0x00000000c0000000, 0x00000000c4300000, 0x00000000eab00000)
  object space 68608K, 95% used [0x00000000c0000000,0x00000000c4020658,0x00000000c4300000)
 Metaspace       used 68880K, committed 69888K, reserved 1114112K
  class space    used 7914K, committed 8320K, reserved 1048576K
}

Dll operation events (14 events):
Event: 0.007 Loaded shared library c:\Users\Admin\.vscode\extensions\redhat.java-1.21.0-win32-x64\jre\17.0.7-win32-x86_64\bin\java.dll
Event: 0.098 Loaded shared library c:\Users\Admin\.vscode\extensions\redhat.java-1.21.0-win32-x64\jre\17.0.7-win32-x86_64\bin\zip.dll
Event: 0.100 Loaded shared library C:\Users\Admin\.vscode\extensions\redhat.java-1.21.0-win32-x64\jre\17.0.7-win32-x86_64\bin\instrument.dll
Event: 0.110 Loaded shared library C:\Users\Admin\.vscode\extensions\redhat.java-1.21.0-win32-x64\jre\17.0.7-win32-x86_64\bin\net.dll
Event: 0.111 Loaded shared library C:\Users\Admin\.vscode\extensions\redhat.java-1.21.0-win32-x64\jre\17.0.7-win32-x86_64\bin\nio.dll
Event: 0.117 Loaded shared library C:\Users\Admin\.vscode\extensions\redhat.java-1.21.0-win32-x64\jre\17.0.7-win32-x86_64\bin\zip.dll
Event: 0.126 Loaded shared library C:\Users\Admin\.vscode\extensions\redhat.java-1.21.0-win32-x64\jre\17.0.7-win32-x86_64\bin\jimage.dll
Event: 0.153 Loaded shared library c:\Users\Admin\.vscode\extensions\redhat.java-1.21.0-win32-x64\jre\17.0.7-win32-x86_64\bin\verify.dll
Event: 3.413 Loaded shared library C:\Users\Admin\AppData\Roaming\Code\User\globalStorage\redhat.java\1.21.0\config_win\org.eclipse.equinox.launcher\org.eclipse.equinox.launcher.win32.win32.x86_64_1.2.700.v20221108-1024\eclipse_11801.dll
Event: 6.921 Loaded shared library C:\Users\Admin\AppData\Local\Temp\jna-63116079\jna17126635145199295411.dll
Event: 8.180 Loaded shared library C:\Users\Admin\.vscode\extensions\redhat.java-1.21.0-win32-x64\jre\17.0.7-win32-x86_64\bin\sunmscapi.dll
Event: 19.242 Loaded shared library C:\Users\Admin\.gradle\native\68d5fa5c4cc2d200863cafc0d521ce42e7d3e7ee720ec0a83991735586a16f82\windows-amd64\native-platform.dll
Event: 22.392 Loaded shared library C:\Users\Admin\.vscode\extensions\redhat.java-1.21.0-win32-x64\jre\17.0.7-win32-x86_64\bin\management.dll
Event: 22.411 Loaded shared library C:\Users\Admin\.vscode\extensions\redhat.java-1.21.0-win32-x64\jre\17.0.7-win32-x86_64\bin\management_ext.dll

Deoptimization events (20 events):
Event: 137.099 Thread 0x000001dda2b849a0 DEOPT PACKING pc=0x000001dd91707748 sp=0x0000006d8b2fea10
Event: 137.099 Thread 0x000001dda2b849a0 DEOPT UNPACKING pc=0x000001dd90af66a3 sp=0x0000006d8b2fe900 mode 2
Event: 137.099 Thread 0x000001dda2b849a0 Uncommon trap: trap_request=0xffffffde fr.pc=0x000001dd91707748 relative=0x0000000000001508
Event: 137.099 Thread 0x000001dda2b849a0 Uncommon trap: reason=class_check action=maybe_recompile pc=0x000001dd91707748 method=org.eclipse.core.internal.dtree.DeltaDataTree.lookup(Lorg/eclipse/core/runtime/IPath;)Lorg/eclipse/core/internal/dtree/DataTreeLookup; @ 125 c2
Event: 137.100 Thread 0x000001dda2b849a0 DEOPT PACKING pc=0x000001dd91707748 sp=0x0000006d8b2fe950
Event: 137.100 Thread 0x000001dda2b849a0 DEOPT UNPACKING pc=0x000001dd90af66a3 sp=0x0000006d8b2fe840 mode 2
Event: 144.031 Thread 0x000001dda2b84e70 Uncommon trap: trap_request=0xffffff45 fr.pc=0x000001dd9172d388 relative=0x0000000000000348
Event: 144.031 Thread 0x000001dda2b84e70 Uncommon trap: reason=unstable_if action=reinterpret pc=0x000001dd9172d388 method=org.eclipse.core.internal.dtree.AbstractDataTreeNode.compareWithParent([Lorg/eclipse/core/internal/dtree/AbstractDataTreeNode;Lorg/eclipse/core/runtime/IPath;Lorg/eclipse/co
Event: 144.031 Thread 0x000001dda2b84e70 DEOPT PACKING pc=0x000001dd9172d388 sp=0x0000006d8a9fe530
Event: 144.031 Thread 0x000001dda2b84e70 DEOPT UNPACKING pc=0x000001dd90af66a3 sp=0x0000006d8a9fe4a8 mode 2
Event: 149.153 Thread 0x000001dda2b849a0 Uncommon trap: trap_request=0xffffff45 fr.pc=0x000001dd9171e8e0 relative=0x0000000000000240
Event: 149.153 Thread 0x000001dda2b849a0 Uncommon trap: reason=unstable_if action=reinterpret pc=0x000001dd9171e8e0 method=java.util.WeakHashMap.expungeStaleEntries()V @ 9 c2
Event: 149.153 Thread 0x000001dda2b849a0 DEOPT PACKING pc=0x000001dd9171e8e0 sp=0x0000006d8b2fe540
Event: 149.153 Thread 0x000001dda2b849a0 DEOPT UNPACKING pc=0x000001dd90af66a3 sp=0x0000006d8b2fe480 mode 2
Event: 159.419 Thread 0x000001dda2b849a0 DEOPT PACKING pc=0x000001dd8970318a sp=0x0000006d8b2fe920
Event: 159.419 Thread 0x000001dda2b849a0 DEOPT UNPACKING pc=0x000001dd90af6e43 sp=0x0000006d8b2fde18 mode 0
Event: 163.709 Thread 0x000001dda2b849a0 Uncommon trap: trap_request=0xffffff45 fr.pc=0x000001dd913237bc relative=0x000000000000021c
Event: 163.709 Thread 0x000001dda2b849a0 Uncommon trap: reason=unstable_if action=reinterpret pc=0x000001dd913237bc method=java.util.WeakHashMap.expungeStaleEntries()V @ 9 c2
Event: 163.709 Thread 0x000001dda2b849a0 DEOPT PACKING pc=0x000001dd913237bc sp=0x0000006d8b2fe4e0
Event: 163.709 Thread 0x000001dda2b849a0 DEOPT UNPACKING pc=0x000001dd90af66a3 sp=0x0000006d8b2fe480 mode 2

Classes unloaded (7 events):
Event: 4.239 Thread 0x000001dd85287600 Unloading class 0x000000010021c000 'java/lang/invoke/LambdaForm$MH+0x000000010021c000'
Event: 4.239 Thread 0x000001dd85287600 Unloading class 0x000000010021bc00 'java/lang/invoke/LambdaForm$MH+0x000000010021bc00'
Event: 4.239 Thread 0x000001dd85287600 Unloading class 0x000000010021b800 'java/lang/invoke/LambdaForm$MH+0x000000010021b800'
Event: 4.239 Thread 0x000001dd85287600 Unloading class 0x000000010021b400 'java/lang/invoke/LambdaForm$MH+0x000000010021b400'
Event: 4.239 Thread 0x000001dd85287600 Unloading class 0x000000010021b000 'java/lang/invoke/LambdaForm$BMH+0x000000010021b000'
Event: 4.239 Thread 0x000001dd85287600 Unloading class 0x000000010021ac00 'java/lang/invoke/LambdaForm$DMH+0x000000010021ac00'
Event: 4.239 Thread 0x000001dd85287600 Unloading class 0x0000000100218000 'java/lang/invoke/LambdaForm$DMH+0x0000000100218000'

Classes redefined (0 events):
No events

Internal exceptions (20 events):
Event: 175.017 Thread 0x000001dda2b849a0 Exception <a 'sun/nio/fs/WindowsException'{0x00000000eb3b0b90}> (0x00000000eb3b0b90) 
thrown [s\src\hotspot\share\prims\jni.cpp, line 516]
Event: 175.020 Thread 0x000001dda2b849a0 Exception <a 'sun/nio/fs/WindowsException'{0x00000000eb427878}> (0x00000000eb427878) 
thrown [s\src\hotspot\share\prims\jni.cpp, line 516]
Event: 175.021 Thread 0x000001dda2b849a0 Exception <a 'sun/nio/fs/WindowsException'{0x00000000eb42c978}> (0x00000000eb42c978) 
thrown [s\src\hotspot\share\prims\jni.cpp, line 516]
Event: 175.021 Thread 0x000001dda2b849a0 Exception <a 'sun/nio/fs/WindowsException'{0x00000000eb431af0}> (0x00000000eb431af0) 
thrown [s\src\hotspot\share\prims\jni.cpp, line 516]
Event: 175.023 Thread 0x000001dda2b849a0 Exception <a 'sun/nio/fs/WindowsException'{0x00000000eb4504e8}> (0x00000000eb4504e8) 
thrown [s\src\hotspot\share\prims\jni.cpp, line 516]
Event: 175.025 Thread 0x000001dda2b849a0 Exception <a 'sun/nio/fs/WindowsException'{0x00000000eb4c66d8}> (0x00000000eb4c66d8) 
thrown [s\src\hotspot\share\prims\jni.cpp, line 516]
Event: 175.025 Thread 0x000001dda2b849a0 Exception <a 'sun/nio/fs/WindowsException'{0x00000000eb4cb7d8}> (0x00000000eb4cb7d8) 
thrown [s\src\hotspot\share\prims\jni.cpp, line 516]
Event: 175.026 Thread 0x000001dda2b849a0 Exception <a 'sun/nio/fs/WindowsException'{0x00000000eb4d0950}> (0x00000000eb4d0950) 
thrown [s\src\hotspot\share\prims\jni.cpp, line 516]
Event: 175.030 Thread 0x000001dda2b849a0 Exception <a 'sun/nio/fs/WindowsException'{0x00000000eb583140}> (0x00000000eb583140) 
thrown [s\src\hotspot\share\prims\jni.cpp, line 516]
Event: 175.031 Thread 0x000001dda2b849a0 Exception <a 'sun/nio/fs/WindowsException'{0x00000000eb588240}> (0x00000000eb588240) 
thrown [s\src\hotspot\share\prims\jni.cpp, line 516]
Event: 175.031 Thread 0x000001dda2b849a0 Exception <a 'sun/nio/fs/WindowsException'{0x00000000eb58d3b8}> (0x00000000eb58d3b8) 
thrown [s\src\hotspot\share\prims\jni.cpp, line 516]
Event: 175.034 Thread 0x000001dda2b849a0 Exception <a 'sun/nio/fs/WindowsException'{0x00000000eb5a5f40}> (0x00000000eb5a5f40) 
thrown [s\src\hotspot\share\prims\jni.cpp, line 516]
Event: 175.035 Thread 0x000001dda2b849a0 Exception <a 'sun/nio/fs/WindowsException'{0x00000000eb5ab040}> (0x00000000eb5ab040) 
thrown [s\src\hotspot\share\prims\jni.cpp, line 516]
Event: 175.035 Thread 0x000001dda2b849a0 Exception <a 'sun/nio/fs/WindowsException'{0x00000000eb5b01b8}> (0x00000000eb5b01b8) 
thrown [s\src\hotspot\share\prims\jni.cpp, line 516]
Event: 175.042 Thread 0x000001dda2b849a0 Exception <a 'sun/nio/fs/WindowsException'{0x00000000eb65a978}> (0x00000000eb65a978) 
thrown [s\src\hotspot\share\prims\jni.cpp, line 516]
Event: 175.043 Thread 0x000001dda2b849a0 Exception <a 'sun/nio/fs/WindowsException'{0x00000000eb65fa78}> (0x00000000eb65fa78) 
thrown [s\src\hotspot\share\prims\jni.cpp, line 516]
Event: 175.044 Thread 0x000001dda2b849a0 Exception <a 'sun/nio/fs/WindowsException'{0x00000000eb664bf0}> (0x00000000eb664bf0) 
thrown [s\src\hotspot\share\prims\jni.cpp, line 516]
Event: 175.047 Thread 0x000001dda2b849a0 Exception <a 'sun/nio/fs/WindowsException'{0x00000000eb67d540}> (0x00000000eb67d540) 
thrown [s\src\hotspot\share\prims\jni.cpp, line 516]
Event: 175.048 Thread 0x000001dda2b849a0 Exception <a 'sun/nio/fs/WindowsException'{0x00000000eb682640}> (0x00000000eb682640) 
thrown [s\src\hotspot\share\prims\jni.cpp, line 516]
Event: 175.048 Thread 0x000001dda2b849a0 Exception <a 'sun/nio/fs/WindowsException'{0x00000000eb6877b8}> (0x00000000eb6877b8) 
thrown [s\src\hotspot\share\prims\jni.cpp, line 516]

VM Operations (20 events):
Event: 157.123 Executing VM operation: Cleanup
Event: 157.123 Executing VM operation: Cleanup done
Event: 158.124 Executing VM operation: Cleanup
Event: 158.124 Executing VM operation: Cleanup done
Event: 159.124 Executing VM operation: Cleanup
Event: 159.124 Executing VM operation: Cleanup done
Event: 159.430 Executing VM operation: ParallelGCFailedAllocation
Event: 159.432 Executing VM operation: ParallelGCFailedAllocation done
Event: 161.432 Executing VM operation: Cleanup
Event: 161.432 Executing VM operation: Cleanup done
Event: 164.458 Executing VM operation: Cleanup
Event: 164.458 Executing VM operation: Cleanup done
Event: 167.399 Executing VM operation: ParallelGCFailedAllocation
Event: 167.401 Executing VM operation: ParallelGCFailedAllocation done
Event: 169.402 Executing VM operation: Cleanup
Event: 169.402 Executing VM operation: Cleanup done
Event: 173.406 Executing VM operation: Cleanup
Event: 173.406 Executing VM operation: Cleanup done
Event: 174.406 Executing VM operation: Cleanup
Event: 174.406 Executing VM operation: Cleanup done

Events (20 events):
Event: 55.891 Thread 0x000001dda2dc9440 Thread exited: 0x000001dda2dc9440
Event: 82.695 Thread 0x000001dda66e02f0 Thread exited: 0x000001dda66e02f0
Event: 82.695 Thread 0x000001dda66dd7a0 Thread exited: 0x000001dda66dd7a0
Event: 82.710 Thread 0x000001dda66db5f0 Thread exited: 0x000001dda66db5f0
Event: 107.211 Thread 0x000001dda66e1160 Thread exited: 0x000001dda66e1160
Event: 107.216 Thread 0x000001dda2b86b50 Thread exited: 0x000001dda2b86b50
Event: 108.220 Thread 0x000001dda2b84000 Thread exited: 0x000001dda2b84000
Event: 113.178 Thread 0x000001dda56de460 Thread added: 0x000001dda56de460
Event: 113.180 loading class java/util/WeakHashMap$KeyIterator
Event: 113.180 loading class java/util/WeakHashMap$KeyIterator done
Event: 113.211 loading class java/io/SequenceInputStream
Event: 113.211 loading class java/io/SequenceInputStream done
Event: 113.227 Thread 0x000001dda66dac50 Thread exited: 0x000001dda66dac50
Event: 113.950 Thread 0x000001dda56de460 Thread exited: 0x000001dda56de460
Event: 137.417 Thread 0x000001dda031d400 flushing nmethod 0x000001dd8a52c790
Event: 142.973 Thread 0x000001dda4b625f0 Thread added: 0x000001dda4b625f0
Event: 142.974 Thread 0x000001dda6378490 Thread added: 0x000001dda6378490
Event: 143.487 Thread 0x000001dda6378490 Thread exited: 0x000001dda6378490
Event: 149.037 Thread 0x000001dda4b625f0 Thread exited: 0x000001dda4b625f0
Event: 167.212 Thread 0x000001dda66dbac0 Thread exited: 0x000001dda66dbac0


Dynamic libraries:
0x00007ff611e50000 - 0x00007ff611e5e000 	c:\Users\Admin\.vscode\extensions\redhat.java-1.21.0-win32-x64\jre\17.0.7-win32-x86_64\bin\java.exe
0x00007ff994350000 - 0x00007ff994564000 	C:\WINDOWS\SYSTEM32\ntdll.dll
0x00007ff993460000 - 0x00007ff993524000 	C:\WINDOWS\System32\KERNEL32.DLL
0x00007ff991aa0000 - 0x00007ff991e44000 	C:\WINDOWS\System32\KERNELBASE.dll
0x00007ff991980000 - 0x00007ff991a91000 	C:\WINDOWS\System32\ucrtbase.dll
0x00007ff948fc0000 - 0x00007ff948fd7000 	c:\Users\Admin\.vscode\extensions\redhat.java-1.21.0-win32-x64\jre\17.0.7-win32-x86_64\bin\jli.dll
0x00007ff948fe0000 - 0x00007ff948ff9000 	c:\Users\Admin\.vscode\extensions\redhat.java-1.21.0-win32-x64\jre\17.0.7-win32-x86_64\bin\VCRUNTIME140.dll
0x00007ff993a50000 - 0x00007ff993bfa000 	C:\WINDOWS\System32\USER32.dll
0x00007ff97fe90000 - 0x00007ff98011f000 	C:\WINDOWS\WinSxS\amd64_microsoft.windows.common-controls_6595b64144ccf1df_6.0.22621.2070_none_2713e6537381f706\COMCTL32.dll
0x00007ff991e50000 - 0x00007ff991e76000 	C:\WINDOWS\System32\win32u.dll
0x00007ff992670000 - 0x00007ff992717000 	C:\WINDOWS\System32\msvcrt.dll
0x00007ff9938f0000 - 0x00007ff993919000 	C:\WINDOWS\System32\GDI32.dll
0x00007ff991860000 - 0x00007ff991979000 	C:\WINDOWS\System32\gdi32full.dll
0x00007ff991e80000 - 0x00007ff991f1a000 	C:\WINDOWS\System32\msvcp_win.dll
0x00007ff994090000 - 0x00007ff9940c1000 	C:\WINDOWS\System32\IMM32.DLL
0x00007ff989140000 - 0x00007ff98914c000 	c:\Users\Admin\.vscode\extensions\redhat.java-1.21.0-win32-x64\jre\17.0.7-win32-x86_64\bin\vcruntime140_1.dll
0x00007ff903a70000 - 0x00007ff903b01000 	c:\Users\Admin\.vscode\extensions\redhat.java-1.21.0-win32-x64\jre\17.0.7-win32-x86_64\bin\msvcp140.dll
0x00007ff902e20000 - 0x00007ff903a68000 	c:\Users\Admin\.vscode\extensions\redhat.java-1.21.0-win32-x64\jre\17.0.7-win32-x86_64\bin\server\jvm.dll
0x00007ff992120000 - 0x00007ff9921d0000 	C:\WINDOWS\System32\ADVAPI32.dll
0x00007ff9923d0000 - 0x00007ff992476000 	C:\WINDOWS\System32\sechost.dll
0x00007ff992720000 - 0x00007ff992837000 	C:\WINDOWS\System32\RPCRT4.dll
0x00007ff94a720000 - 0x00007ff94a729000 	C:\WINDOWS\SYSTEM32\WSOCK32.dll
0x00007ff992b60000 - 0x00007ff992bd1000 	C:\WINDOWS\System32\WS2_32.dll
0x00007ff9890c0000 - 0x00007ff9890f4000 	C:\WINDOWS\SYSTEM32\WINMM.dll
0x00007ff989370000 - 0x00007ff98937a000 	C:\WINDOWS\SYSTEM32\VERSION.dll
0x00007ff990770000 - 0x00007ff990788000 	C:\WINDOWS\SYSTEM32\kernel.appcore.dll
0x00007ff948f80000 - 0x00007ff948f8a000 	c:\Users\Admin\.vscode\extensions\redhat.java-1.21.0-win32-x64\jre\17.0.7-win32-x86_64\bin\jimage.dll
0x00007ff986b60000 - 0x00007ff986d8e000 	C:\WINDOWS\SYSTEM32\DBGHELP.DLL
0x00007ff993540000 - 0x00007ff9938ca000 	C:\WINDOWS\System32\combase.dll
0x00007ff992580000 - 0x00007ff992657000 	C:\WINDOWS\System32\OLEAUT32.dll
0x00007ff986b20000 - 0x00007ff986b52000 	C:\WINDOWS\SYSTEM32\dbgcore.DLL
0x00007ff992090000 - 0x00007ff99210a000 	C:\WINDOWS\System32\bcryptPrimitives.dll
0x00007ff948fb0000 - 0x00007ff948fbe000 	c:\Users\Admin\.vscode\extensions\redhat.java-1.21.0-win32-x64\jre\17.0.7-win32-x86_64\bin\instrument.dll
0x00007ff948f50000 - 0x00007ff948f75000 	c:\Users\Admin\.vscode\extensions\redhat.java-1.21.0-win32-x64\jre\17.0.7-win32-x86_64\bin\java.dll
0x00007ff948f90000 - 0x00007ff948fa8000 	c:\Users\Admin\.vscode\extensions\redhat.java-1.21.0-win32-x64\jre\17.0.7-win32-x86_64\bin\zip.dll
0x00007ff992c40000 - 0x00007ff993456000 	C:\WINDOWS\System32\SHELL32.dll
0x00007ff98f700000 - 0x00007ff98ffea000 	C:\WINDOWS\SYSTEM32\windows.storage.dll
0x00007ff98f5c0000 - 0x00007ff98f6fe000 	C:\WINDOWS\SYSTEM32\wintypes.dll
0x00007ff9921d0000 - 0x00007ff9922c3000 	C:\WINDOWS\System32\SHCORE.dll
0x00007ff992840000 - 0x00007ff99289e000 	C:\WINDOWS\System32\shlwapi.dll
0x00007ff991660000 - 0x00007ff991686000 	C:\WINDOWS\SYSTEM32\profapi.dll
0x00007ff948f30000 - 0x00007ff948f49000 	C:\Users\Admin\.vscode\extensions\redhat.java-1.21.0-win32-x64\jre\17.0.7-win32-x86_64\bin\net.dll
0x00007ff98bb30000 - 0x00007ff98bc67000 	C:\WINDOWS\SYSTEM32\WINHTTP.dll
0x00007ff990bf0000 - 0x00007ff990c59000 	C:\WINDOWS\system32\mswsock.dll
0x00007ff947c50000 - 0x00007ff947c65000 	C:\Users\Admin\.vscode\extensions\redhat.java-1.21.0-win32-x64\jre\17.0.7-win32-x86_64\bin\nio.dll
0x00007ff947c40000 - 0x00007ff947c50000 	c:\Users\Admin\.vscode\extensions\redhat.java-1.21.0-win32-x64\jre\17.0.7-win32-x86_64\bin\verify.dll
0x00007ff98b410000 - 0x00007ff98b44e000 	C:\Users\Admin\AppData\Roaming\Code\User\globalStorage\redhat.java\1.21.0\config_win\org.eclipse.equinox.launcher\org.eclipse.equinox.launcher.win32.win32.x86_64_1.2.700.v20221108-1024\eclipse_11801.dll
0x00007ff9940f0000 - 0x00007ff99428c000 	C:\WINDOWS\System32\ole32.dll
0x00007ff990e50000 - 0x00007ff990e6b000 	C:\WINDOWS\SYSTEM32\CRYPTSP.dll
0x00007ff9906e0000 - 0x00007ff990715000 	C:\WINDOWS\system32\rsaenh.dll
0x00007ff990ce0000 - 0x00007ff990d0c000 	C:\WINDOWS\SYSTEM32\USERENV.dll
0x00007ff990fe0000 - 0x00007ff991008000 	C:\WINDOWS\SYSTEM32\bcrypt.dll
0x00007ff990e40000 - 0x00007ff990e4c000 	C:\WINDOWS\SYSTEM32\CRYPTBASE.dll
0x00007ff990250000 - 0x00007ff99027d000 	C:\WINDOWS\SYSTEM32\IPHLPAPI.DLL
0x00007ff994080000 - 0x00007ff994089000 	C:\WINDOWS\System32\NSI.dll
0x00007ff9896c0000 - 0x00007ff9896d9000 	C:\WINDOWS\SYSTEM32\dhcpcsvc6.DLL
0x00007ff989620000 - 0x00007ff98963f000 	C:\WINDOWS\SYSTEM32\dhcpcsvc.DLL
0x00007ff990280000 - 0x00007ff990373000 	C:\WINDOWS\SYSTEM32\DNSAPI.dll
0x00007ff908d70000 - 0x00007ff908db5000 	C:\Users\Admin\AppData\Local\Temp\jna-63116079\jna17126635145199295411.dll
0x00007ff992110000 - 0x00007ff992118000 	C:\WINDOWS\System32\PSAPI.DLL
0x00007ff949320000 - 0x00007ff94932e000 	C:\Users\Admin\.vscode\extensions\redhat.java-1.21.0-win32-x64\jre\17.0.7-win32-x86_64\bin\sunmscapi.dll
0x00007ff991f20000 - 0x00007ff992087000 	C:\WINDOWS\System32\CRYPT32.dll
0x00007ff990fb0000 - 0x00007ff990fde000 	C:\WINDOWS\SYSTEM32\ncrypt.dll
0x00007ff990f70000 - 0x00007ff990fa7000 	C:\WINDOWS\SYSTEM32\NTASN1.dll
0x00007ff98bad0000 - 0x00007ff98bada000 	C:\Windows\System32\rasadhlp.dll
0x00007ff988850000 - 0x00007ff9888d4000 	C:\WINDOWS\System32\fwpuclnt.dll
0x00007ff948f00000 - 0x00007ff948f27000 	C:\Users\Admin\.gradle\native\68d5fa5c4cc2d200863cafc0d521ce42e7d3e7ee720ec0a83991735586a16f82\windows-amd64\native-platform.dll
0x00007ff9679e0000 - 0x00007ff9679e9000 	C:\Users\Admin\.vscode\extensions\redhat.java-1.21.0-win32-x64\jre\17.0.7-win32-x86_64\bin\management.dll
0x00007ff961070000 - 0x00007ff96107b000 	C:\Users\Admin\.vscode\extensions\redhat.java-1.21.0-win32-x64\jre\17.0.7-win32-x86_64\bin\management_ext.dll
0x00007ff961050000 - 0x00007ff961058000 	C:\WINDOWS\system32\wshunix.dll

dbghelp: loaded successfully - version: 4.0.5 - missing functions: none
symbol engine: initialized successfully - sym options: 0x614 - pdb path: .;c:\Users\Admin\.vscode\extensions\redhat.java-1.21.0-win32-x64\jre\17.0.7-win32-x86_64\bin;C:\WINDOWS\SYSTEM32;C:\WINDOWS\WinSxS\amd64_microsoft.windows.common-controls_6595b64144ccf1df_6.0.22621.2070_none_2713e6537381f706;c:\Users\Admin\.vscode\extensions\redhat.java-1.21.0-win32-x64\jre\17.0.7-win32-x86_64\bin\server;C:\Users\Admin\AppData\Roaming\Code\User\globalStorage\redhat.java\1.21.0\config_win\org.eclipse.equinox.launcher\org.eclipse.equinox.launcher.win32.win32.x86_64_1.2.700.v20221108-1024;C:\Users\Admin\AppData\Local\Temp\jna-63116079;C:\Users\Admin\.gradle\native\68d5fa5c4cc2d200863cafc0d521ce42e7d3e7ee720ec0a83991735586a16f82\windows-amd64

VM Arguments:
jvm_args: --add-modules=ALL-SYSTEM --add-opens=java.base/java.util=ALL-UNNAMED --add-opens=java.base/java.lang=ALL-UNNAMED --add-opens=java.base/sun.nio.fs=ALL-UNNAMED -Declipse.application=org.eclipse.jdt.ls.core.id1 -Dosgi.bundles.defaultStartLevel=4 -Declipse.product=org.eclipse.jdt.ls.core.product -Djava.import.generatesMetadataFilesAtProjectRoot=false -Dfile.encoding=utf8 -XX:+UseParallelGC -XX:GCTimeRatio=4 -XX:AdaptiveSizePolicyWeight=90 -Dsun.zip.disableMemoryMapping=true -Xmx1G -Xms100m -Xlog:disable -javaagent:c:\Users\Admin\.vscode\extensions\redhat.java-1.21.0-win32-x64\lombok\lombok-1.18.28.jar -XX:+HeapDumpOnOutOfMemoryError -XX:HeapDumpPath=c:\Users\Admin\AppData\Roaming\Code\User\workspaceStorage\01df264c3a110b2637027017d1b717d4\redhat.java -Daether.dependencyCollector.impl=bf 
java_command: c:\Users\Admin\.vscode\extensions\redhat.java-1.21.0-win32-x64\server\plugins\org.eclipse.equinox.launcher_1.6.500.v20230717-2134.jar -configuration c:\Users\Admin\AppData\Roaming\Code\User\globalStorage\redhat.java\1.21.0\config_win -data c:\Users\Admin\AppData\Roaming\Code\User\workspaceStorage\01df264c3a110b2637027017d1b717d4\redhat.java\jdt_ws
java_class_path (initial): c:\Users\Admin\.vscode\extensions\redhat.java-1.21.0-win32-x64\server\plugins\org.eclipse.equinox.launcher_1.6.500.v20230717-2134.jar
Launcher Type: SUN_STANDARD

[Global flags]
    uintx AdaptiveSizePolicyWeight                 = 90                                        {product} {command line}
     intx CICompilerCount                          = 12                                        {product} {ergonomic}
    uintx GCTimeRatio                              = 4                                         {product} {command line}
     bool HeapDumpOnOutOfMemoryError               = true                                   {manageable} {command line}
    ccstr HeapDumpPath                             = c:\Users\Admin\AppData\Roaming\Code\User\workspaceStorage\01df264c3a110b2637027017d1b717d4\redhat.java         {manageable} {command line}
   size_t InitialHeapSize                          = 104857600                                 {product} {command line}
   size_t MaxHeapSize                              = 1073741824                                {product} {command line}
   size_t MaxNewSize                               = 357564416                                 {product} {ergonomic}
   size_t MinHeapDeltaBytes                        = 524288                                    {product} {ergonomic}
   size_t MinHeapSize                              = 104857600                                 {product} {command line}
   size_t NewSize                                  = 34603008                                  {product} {ergonomic}
    uintx NonNMethodCodeHeapSize                   = 7602480                                {pd product} {ergonomic}
    uintx NonProfiledCodeHeapSize                  = 122027880                              {pd product} {ergonomic}
   size_t OldSize                                  = 70254592                                  {product} {ergonomic}
    uintx ProfiledCodeHeapSize                     = 122027880                              {pd product} {ergonomic}
    uintx ReservedCodeCacheSize                    = 251658240                              {pd product} {ergonomic}
     bool SegmentedCodeCache                       = true                                      {product} {ergonomic}
   size_t SoftMaxHeapSize                          = 1073741824                             {manageable} {ergonomic}
     bool UseCompressedClassPointers               = true                           {product lp64_product} {ergonomic}
     bool UseCompressedOops                        = true                           {product lp64_product} {ergonomic}
     bool UseLargePagesIndividualAllocation        = false                                  {pd product} {ergonomic}
     bool UseParallelGC                            = true                                      {product} {command line}

Logging:
Log output configuration:
 #0: stdout all=off uptime,level,tags
 #1: stderr all=off uptime,level,tags

Environment Variables:
JAVA_HOME=C:\Program Files\Microsoft\jdk-11.0.20.8-hotspot\
PATH=C:\Program Files\Microsoft\jdk-11.0.20.8-hotspot\bin;C:\Windows\system32;C:\Windows;C:\Windows\System32\Wbem;C:\Windows\System32\WindowsPowerShell\v1.0\;C:\Windows\System32\OpenSSH\;C:\Program Files (x86)\NVIDIA Corporation\PhysX\Common;C:\Program Files\NVIDIA Corporation\NVIDIA NvDLISR;C:\Program Files\dotnet\;C:\WINDOWS\system32;C:\WINDOWS;C:\WINDOWS\System32\Wbem;C:\WINDOWS\System32\WindowsPowerShell\v1.0\;C:\WINDOWS\System32\OpenSSH\;C:\Program Files\Git\cmd;C:\ProgramData\chocolatey\bin;C:\Program Files\nodejs\;C:\Users\Admin\AppData\Local\Programs\Python\Python310\Scripts\;C:\Users\Admin\AppData\Local\Programs\Python\Python310\;C:\Users\Admin\AppData\Local\Microsoft\WindowsApps;C:\Users\Admin\AppData\Local\Programs\Microsoft VS Code\bin;C:\Users\Admin\.dotnet\tools;C:\flutter\bin;C:\Users\Admin\AppData\Local\GitHubDesktop\bin;C:\Program Files\Android\Android Studio\jbr\bin;C:\Users\Admin\AppData\Roaming\npm;C:\Users\Admin\AppData\Local\Android\Sdk;C:\Users\Admin\AppData\Local\Android\Sdk\platform-tools;
USERNAME=Admin
OS=Windows_NT
PROCESSOR_IDENTIFIER=AMD64 Family 25 Model 68 Stepping 1, AuthenticAMD
TMP=C:\Users\Admin\AppData\Local\Temp
TEMP=C:\Users\Admin\AppData\Local\Temp



---------------  S Y S T E M  ---------------

OS:
 Windows 11 , 64 bit Build 22621 (10.0.22621.2070)
OS uptime: 0 days 0:05 hours

CPU: total 16 (initial active 16) (16 cores per cpu, 2 threads per core) family 25 model 68 stepping 1 microcode 0x0, cx8, cmov, fxsr, ht, mmx, 3dnowpref, sse, sse2, sse3, ssse3, sse4a, sse4.1, sse4.2, popcnt, lzcnt, tsc, tscinvbit, avx, avx2, aes, clmul, bmi1, bmi2, adx, sha, fma, vzeroupper, clflush, clflushopt

Memory: 4k page, system-wide physical 7421M (183M free)
TotalPageFile size 19709M (AvailPageFile size 137M)
current process WorkingSet (physical memory assigned to process): 79M, peak: 279M
current process commit charge ("private bytes"): 321M, peak: 342M

vm_info: OpenJDK 64-Bit Server VM (17.0.7+7) for windows-amd64 JRE (17.0.7+7), built on Apr 18 2023 22:10:42 by "temurin" with MS VC++ 16.7 (VS2019)

END.
