#
# There is insufficient memory for the Java Runtime Environment to continue.
# Native memory allocation (malloc) failed to allocate 222656 bytes for Chunk::new
# Possible reasons:
#   The system is out of physical RAM or swap space
#   The process is running with CompressedOops enabled, and the Java Heap may be blocking the growth of the native heap
# Possible solutions:
#   Reduce memory load on the system
#   Increase physical memory or swap space
#   Check if swap backing store is full
#   Decrease Java heap size (-Xmx/-Xms)
#   Decrease number of Java threads
#   Decrease Java thread stack sizes (-Xss)
#   Set larger code cache with -XX:ReservedCodeCacheSize=
#   JVM is running with Unscaled Compressed Oops mode in which the Java heap is
#     placed in the first 4GB address space. The Java Heap base address is the
#     maximum limit for the native heap growth. Please use -XX:HeapBaseMinAddress
#     to set the Java Heap base and to place the Java Heap above 4GB virtual address.
# This output file may be truncated or incomplete.
#
#  Out of Memory Error (arena.cpp:189), pid=14356, tid=11396
#
# JRE version: OpenJDK Runtime Environment Temurin-17.0.7+7 (17.0.7+7) (build 17.0.7+7)
# Java VM: OpenJDK 64-Bit Server VM Temurin-17.0.7+7 (17.0.7+7, mixed mode, tiered, compressed oops, compressed class ptrs, parallel gc, windows-amd64)
# No core dump will be written. Minidumps are not enabled by default on client versions of Windows
#

---------------  S U M M A R Y ------------

Command Line: --add-modules=ALL-SYSTEM --add-opens=java.base/java.util=ALL-UNNAMED --add-opens=java.base/java.lang=ALL-UNNAMED --add-opens=java.base/sun.nio.fs=ALL-UNNAMED -Declipse.application=org.eclipse.jdt.ls.core.id1 -Dosgi.bundles.defaultStartLevel=4 -Declipse.product=org.eclipse.jdt.ls.core.product -Djava.import.generatesMetadataFilesAtProjectRoot=false -Dfile.encoding=utf8 -XX:+UseParallelGC -XX:GCTimeRatio=4 -XX:AdaptiveSizePolicyWeight=90 -Dsun.zip.disableMemoryMapping=true -Xmx1G -Xms100m -Xlog:disable -javaagent:c:\Users\Admin\.vscode\extensions\redhat.java-1.21.0-win32-x64\lombok\lombok-1.18.28.jar -XX:+HeapDumpOnOutOfMemoryError -XX:HeapDumpPath=c:\Users\Admin\AppData\Roaming\Code\User\workspaceStorage\01df264c3a110b2637027017d1b717d4\redhat.java -Daether.dependencyCollector.impl=bf c:\Users\Admin\.vscode\extensions\redhat.java-1.21.0-win32-x64\server\plugins\org.eclipse.equinox.launcher_1.6.500.v20230717-2134.jar -configuration c:\Users\Admin\AppData\Roaming\Code\User\globalStorage\redhat.java\1.21.0\config_win -data c:\Users\Admin\AppData\Roaming\Code\User\workspaceStorage\01df264c3a110b2637027017d1b717d4\redhat.java\jdt_ws

Host: AMD Ryzen 7 6800H with Radeon Graphics         , 16 cores, 7G,  Windows 11 , 64 bit Build 22621 (10.0.22621.2070)
Time: Sat Sep  2 19:23:01 2023 SE Asia Standard Time elapsed time: 105.920900 seconds (0d 0h 1m 45s)

---------------  T H R E A D  ---------------

Current thread (0x0000014a95ba8b60):  JavaThread "C2 CompilerThread0" daemon [_thread_in_native, id=11396, stack(0x000000251fb00000,0x000000251fc00000)]


Current CompileTask:
C2: 105921 8957       4       org.eclipse.core.runtime.Path::toString (214 bytes)

Stack: [0x000000251fb00000,0x000000251fc00000]
Native frames: (J=compiled Java code, j=interpreted, Vv=VM code, C=native code)
V  [jvm.dll+0x67754a]
V  [jvm.dll+0x834304]
V  [jvm.dll+0x835aae]
V  [jvm.dll+0x836113]
V  [jvm.dll+0x24696f]
V  [jvm.dll+0xac0ac]
V  [jvm.dll+0xac67c]
V  [jvm.dll+0x364e37]
V  [jvm.dll+0x32f6b1]
V  [jvm.dll+0x32eb5a]
V  [jvm.dll+0x219641]
V  [jvm.dll+0x218a61]
V  [jvm.dll+0x1a4d8d]
V  [jvm.dll+0x2284da]
V  [jvm.dll+0x226615]
V  [jvm.dll+0x7ea90b]
V  [jvm.dll+0x7e4e7a]
V  [jvm.dll+0x676395]
C  [ucrtbase.dll+0x29363]
C  [KERNEL32.DLL+0x126ad]
C  [ntdll.dll+0x5aa68]


---------------  P R O C E S S  ---------------

Threads class SMR info:
_java_thread_list=0x0000014a9ae6e440, length=28, elements={
0x0000014afaa4cee0, 0x0000014afab0d490, 0x0000014a95b772e0, 0x0000014aff818670,
0x0000014a95b94f10, 0x0000014a95b96370, 0x0000014a95ba3fc0, 0x0000014a95ba8b60,
0x0000014a95baac10, 0x0000014a95bb3ce0, 0x0000014a95ca8000, 0x0000014a97a62c60,
0x0000014a9800a1d0, 0x0000014a9872d210, 0x0000014a987a0f50, 0x0000014a985b3790,
0x0000014a9899f020, 0x0000014a989170a0, 0x0000014a98914a20, 0x0000014a98914080,
0x0000014a98914550, 0x0000014a98914ef0, 0x0000014a989153c0, 0x0000014a9ef358b0,
0x0000014a9ef31a20, 0x0000014a9ef353e0, 0x0000014a9ef323c0, 0x0000014a9ef36bf0
}

Java Threads: ( => current thread )
  0x0000014afaa4cee0 JavaThread "main" [_thread_blocked, id=8328, stack(0x000000251f200000,0x000000251f300000)]
  0x0000014afab0d490 JavaThread "Reference Handler" daemon [_thread_blocked, id=14632, stack(0x000000251f500000,0x000000251f600000)]
  0x0000014a95b772e0 JavaThread "Finalizer" daemon [_thread_blocked, id=18788, stack(0x000000251f600000,0x000000251f700000)]
  0x0000014aff818670 JavaThread "Signal Dispatcher" daemon [_thread_blocked, id=19148, stack(0x000000251f700000,0x000000251f800000)]
  0x0000014a95b94f10 JavaThread "Attach Listener" daemon [_thread_blocked, id=14028, stack(0x000000251f800000,0x000000251f900000)]
  0x0000014a95b96370 JavaThread "Service Thread" daemon [_thread_blocked, id=10712, stack(0x000000251f900000,0x000000251fa00000)]
  0x0000014a95ba3fc0 JavaThread "Monitor Deflation Thread" daemon [_thread_blocked, id=15240, stack(0x000000251fa00000,0x000000251fb00000)]
=>0x0000014a95ba8b60 JavaThread "C2 CompilerThread0" daemon [_thread_in_native, id=11396, stack(0x000000251fb00000,0x000000251fc00000)]
  0x0000014a95baac10 JavaThread "C1 CompilerThread0" daemon [_thread_blocked, id=22568, stack(0x000000251fc00000,0x000000251fd00000)]
  0x0000014a95bb3ce0 JavaThread "Sweeper thread" daemon [_thread_blocked, id=24360, stack(0x000000251fd00000,0x000000251fe00000)]
  0x0000014a95ca8000 JavaThread "Common-Cleaner" daemon [_thread_blocked, id=15876, stack(0x000000251fe00000,0x000000251ff00000)]
  0x0000014a97a62c60 JavaThread "Notification Thread" daemon [_thread_blocked, id=21840, stack(0x0000002520400000,0x0000002520500000)]
  0x0000014a9800a1d0 JavaThread "Active Thread: Equinox Container: 68bcf3b0-3f61-41db-80f9-42554072d2cd" [_thread_blocked, id=13568, stack(0x0000002520c00000,0x0000002520d00000)]
  0x0000014a9872d210 JavaThread "Framework Event Dispatcher: Equinox Container: 68bcf3b0-3f61-41db-80f9-42554072d2cd" daemon [_thread_blocked, id=9928, stack(0x0000002520d00000,0x0000002520e00000)]
  0x0000014a987a0f50 JavaThread "Start Level: Equinox Container: 68bcf3b0-3f61-41db-80f9-42554072d2cd" daemon [_thread_blocked, id=1976, stack(0x0000002520e00000,0x0000002520f00000)]
  0x0000014a985b3790 JavaThread "SCR Component Actor" daemon [_thread_blocked, id=19772, stack(0x0000002520f00000,0x0000002521000000)]
  0x0000014a9899f020 JavaThread "Worker-JM" [_thread_blocked, id=9532, stack(0x0000002520600000,0x0000002520700000)]
  0x0000014a989170a0 JavaThread "Worker-1" [_thread_blocked, id=23076, stack(0x0000002521800000,0x0000002521900000)]
  0x0000014a98914a20 JavaThread "Java indexing" daemon [_thread_blocked, id=21684, stack(0x0000002521500000,0x0000002521600000)]
  0x0000014a98914080 JavaThread "JNA Cleaner" daemon [_thread_blocked, id=15224, stack(0x0000002521b00000,0x0000002521c00000)]
  0x0000014a98914550 JavaThread "pool-2-thread-1" [_thread_blocked, id=10448, stack(0x0000002521d00000,0x0000002521e00000)]
  0x0000014a98914ef0 JavaThread "WorkspaceEventsHandler" [_thread_blocked, id=22280, stack(0x0000002521e00000,0x0000002521f00000)]
  0x0000014a989153c0 JavaThread "pool-1-thread-1" [_thread_in_native, id=9332, stack(0x0000002521f00000,0x0000002522000000)]
  0x0000014a9ef358b0 JavaThread "Timer-0" [_thread_blocked, id=16936, stack(0x0000002522200000,0x0000002522300000)]
  0x0000014a9ef31a20 JavaThread "Worker-4" [_thread_blocked, id=18972, stack(0x0000002520100000,0x0000002520200000)]
  0x0000014a9ef353e0 JavaThread "ForkJoinPool.commonPool-worker-1" daemon [_thread_blocked, id=23896, stack(0x0000002522300000,0x0000002522400000)]
  0x0000014a9ef323c0 JavaThread "ForkJoinPool.commonPool-worker-2" daemon [_thread_blocked, id=11468, stack(0x0000002522500000,0x0000002522600000)]
  0x0000014a9ef36bf0 JavaThread "ForkJoinPool.commonPool-worker-4" daemon [_thread_blocked, id=24196, stack(0x0000002522700000,0x0000002522800000)]

Other Threads:
  0x0000014afaad5660 VMThread "VM Thread" [stack: 0x000000251f400000,0x000000251f500000] [id=19888]
  0x0000014a97a79700 WatcherThread [stack: 0x0000002520500000,0x0000002520600000] [id=10600]
  0x0000014afaa64640 GCTaskThread "GC Thread#0" [stack: 0x000000251f300000,0x000000251f400000] [id=7428]
  0x0000014a985ee030 GCTaskThread "GC Thread#1" [stack: 0x0000002520700000,0x0000002520800000] [id=18256]
  0x0000014a9848b240 GCTaskThread "GC Thread#2" [stack: 0x0000002520800000,0x0000002520900000] [id=9796]
  0x0000014a9848b4f0 GCTaskThread "GC Thread#3" [stack: 0x0000002520900000,0x0000002520a00000] [id=24132]
  0x0000014a9848b7a0 GCTaskThread "GC Thread#4" [stack: 0x0000002520a00000,0x0000002520b00000] [id=10080]
  0x0000014a97a7c110 GCTaskThread "GC Thread#5" [stack: 0x0000002520b00000,0x0000002520c00000] [id=23508]
  0x0000014a98516a90 GCTaskThread "GC Thread#6" [stack: 0x0000002521000000,0x0000002521100000] [id=2176]
  0x0000014a98516d40 GCTaskThread "GC Thread#7" [stack: 0x0000002521100000,0x0000002521200000] [id=3312]
  0x0000014a98975030 GCTaskThread "GC Thread#8" [stack: 0x0000002521300000,0x0000002521400000] [id=25268]
  0x0000014a989752e0 GCTaskThread "GC Thread#9" [stack: 0x0000002521400000,0x0000002521500000] [id=22804]
  0x0000014a98b77b40 GCTaskThread "GC Thread#10" [stack: 0x0000002521600000,0x0000002521700000] [id=3632]
  0x0000014a98da6310 GCTaskThread "GC Thread#11" [stack: 0x0000002521900000,0x0000002521a00000] [id=25308]
  0x0000014a98da5b00 GCTaskThread "GC Thread#12" [stack: 0x0000002521a00000,0x0000002521b00000] [id=22936]

Threads with active compile tasks:
C2 CompilerThread0   105954 8957       4       org.eclipse.core.runtime.Path::toString (214 bytes)

VM state: not at safepoint (normal execution)

VM Mutex/Monitor currently owned by a thread: None

Heap address: 0x00000000c0000000, size: 1024 MB, Compressed Oops mode: 32-bit

CDS archive(s) not mapped
Compressed class space mapped at: 0x0000000100000000-0x0000000140000000, reserved size: 1073741824
Narrow klass base: 0x0000000000000000, Narrow klass shift: 3, Narrow klass range: 0x140000000

GC Precious Log:
 CPUs: 16 total, 16 available
 Memory: 7421M
 Large Page Support: Disabled
 NUMA Support: Disabled
 Compressed Oops: Enabled (32-bit)
 Alignments: Space 512K, Generation 512K, Heap 2M
 Heap Min Capacity: 100M
 Heap Initial Capacity: 100M
 Heap Max Capacity: 1G
 Pre-touch: Disabled
 Parallel Workers: 13

Heap:
 PSYoungGen      total 18432K, used 17669K [0x00000000eab00000, 0x00000000ebe80000, 0x0000000100000000)
  eden space 16896K, 97% used [0x00000000eab00000,0x00000000ebb11720,0x00000000ebb80000)
  from space 1536K, 79% used [0x00000000ebb80000,0x00000000ebcb0000,0x00000000ebd00000)
  to   space 1536K, 0% used [0x00000000ebd00000,0x00000000ebd00000,0x00000000ebe80000)
 ParOldGen       total 68608K, used 66629K [0x00000000c0000000, 0x00000000c4300000, 0x00000000eab00000)
  object space 68608K, 97% used [0x00000000c0000000,0x00000000c41115a0,0x00000000c4300000)
 Metaspace       used 64490K, committed 65472K, reserved 1114112K
  class space    used 7407K, committed 7872K, reserved 1048576K

Card table byte_map: [0x0000014aff090000,0x0000014aff2a0000] _byte_map_base: 0x0000014afea90000

Marking Bits: (ParMarkBitMap*) 0x00007ffd77db52c0
 Begin Bits: [0x0000014a8f000000, 0x0000014a90000000)
 End Bits:   [0x0000014a90000000, 0x0000014a91000000)

Polling page: 0x0000014afab10000

Metaspace:

Usage:
  Non-class:     55.75 MB used.
      Class:      7.23 MB used.
       Both:     62.98 MB used.

Virtual space:
  Non-class space:       64.00 MB reserved,      56.25 MB ( 88%) committed,  1 nodes.
      Class space:        1.00 GB reserved,       7.69 MB ( <1%) committed,  1 nodes.
             Both:        1.06 GB reserved,      63.94 MB (  6%) committed. 

Chunk freelists:
   Non-Class:  7.57 MB
       Class:  8.37 MB
        Both:  15.93 MB

MaxMetaspaceSize: unlimited
CompressedClassSpaceSize: 1.00 GB
Initial GC threshold: 21.00 MB
Current GC threshold: 97.31 MB
CDS: off
MetaspaceReclaimPolicy: balanced
 - commit_granule_bytes: 65536.
 - commit_granule_words: 8192.
 - virtual_space_node_default_size: 8388608.
 - enlarge_chunks_in_place: 1.
 - new_chunks_are_fully_committed: 0.
 - uncommit_free_chunks: 1.
 - use_allocation_guard: 0.
 - handle_deallocations: 1.


Internal statistics:

num_allocs_failed_limit: 9.
num_arena_births: 590.
num_arena_deaths: 14.
num_vsnodes_births: 2.
num_vsnodes_deaths: 0.
num_space_committed: 1023.
num_space_uncommitted: 0.
num_chunks_returned_to_freelist: 23.
num_chunks_taken_from_freelist: 2959.
num_chunk_merges: 10.
num_chunk_splits: 1947.
num_chunks_enlarged: 1285.
num_inconsistent_stats: 0.

CodeHeap 'non-profiled nmethods': size=119168Kb used=6357Kb max_used=6357Kb free=112810Kb
 bounds [0x0000014a87ba0000, 0x0000014a881e0000, 0x0000014a8f000000]
CodeHeap 'profiled nmethods': size=119104Kb used=14741Kb max_used=14741Kb free=104362Kb
 bounds [0x0000014a80000000, 0x0000014a80e70000, 0x0000014a87450000]
CodeHeap 'non-nmethods': size=7488Kb used=1323Kb max_used=3066Kb free=6164Kb
 bounds [0x0000014a87450000, 0x0000014a87760000, 0x0000014a87ba0000]
 total_blobs=8144 nmethods=7486 adapters=572
 compilation: enabled
              stopped_count=0, restarted_count=0
 full_count=0

Compilation events (20 events):
Event: 104.550 Thread 0x0000014a95baac10 nmethod 8954 0x0000014a80e63310 code [0x0000014a80e63540, 0x0000014a80e63d08]
Event: 105.887 Thread 0x0000014a95ba8b60 8955       4       org.eclipse.core.runtime.Path::removeFirstSegments (94 bytes)
Event: 105.892 Thread 0x0000014a95ba8b60 nmethod 8955 0x0000014a881d4790 code [0x0000014a881d4920, 0x0000014a881d4c98]
Event: 105.899 Thread 0x0000014a95baac10 8956       1       org.eclipse.core.internal.events.ResourceChangeEvent::getDelta (5 bytes)
Event: 105.899 Thread 0x0000014a95baac10 nmethod 8956 0x0000014a881d4e90 code [0x0000014a881d5020, 0x0000014a881d50f8]
Event: 105.899 Thread 0x0000014a95baac10 8958       3       org.eclipse.jdt.internal.core.DeltaProcessor::externalPath (23 bytes)
Event: 105.900 Thread 0x0000014a95ba8b60 8957       4       org.eclipse.core.runtime.Path::toString (214 bytes)
Event: 105.900 Thread 0x0000014a95baac10 nmethod 8958 0x0000014a80e64010 code [0x0000014a80e64200, 0x0000014a80e646b8]
Event: 105.907 Thread 0x0000014a95baac10 8959   !   3       org.eclipse.core.internal.preferences.EclipsePreferences::childExists (42 bytes)
Event: 105.907 Thread 0x0000014a95baac10 nmethod 8959 0x0000014a80e64910 code [0x0000014a80e64ac0, 0x0000014a80e64e68]
Event: 105.907 Thread 0x0000014a95baac10 8960       3       org.eclipse.core.runtime.SubMonitor::done (47 bytes)
Event: 105.910 Thread 0x0000014a95baac10 nmethod 8960 0x0000014a80e64f90 code [0x0000014a80e65160, 0x0000014a80e654f8]
Event: 105.910 Thread 0x0000014a95baac10 8962       3       java.util.stream.FindOps$FindOp::evaluateSequential (39 bytes)
Event: 105.910 Thread 0x0000014a95baac10 nmethod 8962 0x0000014a80e65690 code [0x0000014a80e65880, 0x0000014a80e65e68]
Event: 105.910 Thread 0x0000014a95baac10 8963       3       java.util.stream.FindOps$FindSink::<init> (5 bytes)
Event: 105.910 Thread 0x0000014a95baac10 nmethod 8963 0x0000014a80e66010 code [0x0000014a80e661a0, 0x0000014a80e662f8]
Event: 105.910 Thread 0x0000014a95baac10 8964   !   3       org.eclipse.jdt.ls.core.internal.ProjectUtils::hasNature (21 bytes)
Event: 105.915 Thread 0x0000014a95baac10 nmethod 8964 0x0000014a80e66390 code [0x0000014a80e66540, 0x0000014a80e66788]
Event: 105.916 Thread 0x0000014a95baac10 8961       1       org.eclipse.core.internal.jobs.InternalJob::getListeners (5 bytes)
Event: 105.916 Thread 0x0000014a95baac10 nmethod 8961 0x0000014a881d5190 code [0x0000014a881d5320, 0x0000014a881d53f8]

GC Heap History (20 events):
Event: 26.475 GC heap before
{Heap before GC invocations=51 (full 3):
 PSYoungGen      total 17408K, used 17312K [0x00000000eab00000, 0x00000000ebf00000, 0x0000000100000000)
  eden space 16896K, 100% used [0x00000000eab00000,0x00000000ebb80000,0x00000000ebb80000)
  from space 512K, 81% used [0x00000000ebe00000,0x00000000ebe68000,0x00000000ebe80000)
  to   space 512K, 0% used [0x00000000ebe80000,0x00000000ebe80000,0x00000000ebf00000)
 ParOldGen       total 68608K, used 62185K [0x00000000c0000000, 0x00000000c4300000, 0x00000000eab00000)
  object space 68608K, 90% used [0x00000000c0000000,0x00000000c3cba4e0,0x00000000c4300000)
 Metaspace       used 60040K, committed 61056K, reserved 1114112K
  class space    used 6972K, committed 7424K, reserved 1048576K
}
Event: 26.475 GC heap after
{Heap after GC invocations=51 (full 3):
 PSYoungGen      total 17408K, used 256K [0x00000000eab00000, 0x00000000ebf00000, 0x0000000100000000)
  eden space 16896K, 0% used [0x00000000eab00000,0x00000000eab00000,0x00000000ebb80000)
  from space 512K, 50% used [0x00000000ebe80000,0x00000000ebec0000,0x00000000ebf00000)
  to   space 512K, 0% used [0x00000000ebe00000,0x00000000ebe00000,0x00000000ebe80000)
 ParOldGen       total 68608K, used 62281K [0x00000000c0000000, 0x00000000c4300000, 0x00000000eab00000)
  object space 68608K, 90% used [0x00000000c0000000,0x00000000c3cd24e0,0x00000000c4300000)
 Metaspace       used 60040K, committed 61056K, reserved 1114112K
  class space    used 6972K, committed 7424K, reserved 1048576K
}
Event: 26.523 GC heap before
{Heap before GC invocations=52 (full 3):
 PSYoungGen      total 17408K, used 17152K [0x00000000eab00000, 0x00000000ebf00000, 0x0000000100000000)
  eden space 16896K, 100% used [0x00000000eab00000,0x00000000ebb80000,0x00000000ebb80000)
  from space 512K, 50% used [0x00000000ebe80000,0x00000000ebec0000,0x00000000ebf00000)
  to   space 512K, 0% used [0x00000000ebe00000,0x00000000ebe00000,0x00000000ebe80000)
 ParOldGen       total 68608K, used 62281K [0x00000000c0000000, 0x00000000c4300000, 0x00000000eab00000)
  object space 68608K, 90% used [0x00000000c0000000,0x00000000c3cd24e0,0x00000000c4300000)
 Metaspace       used 60042K, committed 61056K, reserved 1114112K
  class space    used 6973K, committed 7424K, reserved 1048576K
}
Event: 26.524 GC heap after
{Heap after GC invocations=52 (full 3):
 PSYoungGen      total 17408K, used 320K [0x00000000eab00000, 0x00000000ebf00000, 0x0000000100000000)
  eden space 16896K, 0% used [0x00000000eab00000,0x00000000eab00000,0x00000000ebb80000)
  from space 512K, 62% used [0x00000000ebe00000,0x00000000ebe50000,0x00000000ebe80000)
  to   space 512K, 0% used [0x00000000ebe80000,0x00000000ebe80000,0x00000000ebf00000)
 ParOldGen       total 68608K, used 62281K [0x00000000c0000000, 0x00000000c4300000, 0x00000000eab00000)
  object space 68608K, 90% used [0x00000000c0000000,0x00000000c3cd24e0,0x00000000c4300000)
 Metaspace       used 60042K, committed 61056K, reserved 1114112K
  class space    used 6973K, committed 7424K, reserved 1048576K
}
Event: 26.575 GC heap before
{Heap before GC invocations=53 (full 3):
 PSYoungGen      total 17408K, used 17216K [0x00000000eab00000, 0x00000000ebf00000, 0x0000000100000000)
  eden space 16896K, 100% used [0x00000000eab00000,0x00000000ebb80000,0x00000000ebb80000)
  from space 512K, 62% used [0x00000000ebe00000,0x00000000ebe50000,0x00000000ebe80000)
  to   space 512K, 0% used [0x00000000ebe80000,0x00000000ebe80000,0x00000000ebf00000)
 ParOldGen       total 68608K, used 62281K [0x00000000c0000000, 0x00000000c4300000, 0x00000000eab00000)
  object space 68608K, 90% used [0x00000000c0000000,0x00000000c3cd24e0,0x00000000c4300000)
 Metaspace       used 60042K, committed 61056K, reserved 1114112K
  class space    used 6973K, committed 7424K, reserved 1048576K
}
Event: 26.576 GC heap after
{Heap after GC invocations=53 (full 3):
 PSYoungGen      total 17408K, used 288K [0x00000000eab00000, 0x00000000ebf00000, 0x0000000100000000)
  eden space 16896K, 0% used [0x00000000eab00000,0x00000000eab00000,0x00000000ebb80000)
  from space 512K, 56% used [0x00000000ebe80000,0x00000000ebec8000,0x00000000ebf00000)
  to   space 512K, 0% used [0x00000000ebe00000,0x00000000ebe00000,0x00000000ebe80000)
 ParOldGen       total 68608K, used 62369K [0x00000000c0000000, 0x00000000c4300000, 0x00000000eab00000)
  object space 68608K, 90% used [0x00000000c0000000,0x00000000c3ce84e0,0x00000000c4300000)
 Metaspace       used 60042K, committed 61056K, reserved 1114112K
  class space    used 6973K, committed 7424K, reserved 1048576K
}
Event: 26.666 GC heap before
{Heap before GC invocations=54 (full 3):
 PSYoungGen      total 17408K, used 17184K [0x00000000eab00000, 0x00000000ebf00000, 0x0000000100000000)
  eden space 16896K, 100% used [0x00000000eab00000,0x00000000ebb80000,0x00000000ebb80000)
  from space 512K, 56% used [0x00000000ebe80000,0x00000000ebec8000,0x00000000ebf00000)
  to   space 512K, 0% used [0x00000000ebe00000,0x00000000ebe00000,0x00000000ebe80000)
 ParOldGen       total 68608K, used 62369K [0x00000000c0000000, 0x00000000c4300000, 0x00000000eab00000)
  object space 68608K, 90% used [0x00000000c0000000,0x00000000c3ce84e0,0x00000000c4300000)
 Metaspace       used 60367K, committed 61376K, reserved 1114112K
  class space    used 7010K, committed 7488K, reserved 1048576K
}
Event: 26.667 GC heap after
{Heap after GC invocations=54 (full 3):
 PSYoungGen      total 17408K, used 503K [0x00000000eab00000, 0x00000000ebf00000, 0x0000000100000000)
  eden space 16896K, 0% used [0x00000000eab00000,0x00000000eab00000,0x00000000ebb80000)
  from space 512K, 98% used [0x00000000ebe00000,0x00000000ebe7dfc8,0x00000000ebe80000)
  to   space 512K, 0% used [0x00000000ebe80000,0x00000000ebe80000,0x00000000ebf00000)
 ParOldGen       total 68608K, used 62393K [0x00000000c0000000, 0x00000000c4300000, 0x00000000eab00000)
  object space 68608K, 90% used [0x00000000c0000000,0x00000000c3cee4e0,0x00000000c4300000)
 Metaspace       used 60367K, committed 61376K, reserved 1114112K
  class space    used 7010K, committed 7488K, reserved 1048576K
}
Event: 26.825 GC heap before
{Heap before GC invocations=55 (full 3):
 PSYoungGen      total 17408K, used 17399K [0x00000000eab00000, 0x00000000ebf00000, 0x0000000100000000)
  eden space 16896K, 100% used [0x00000000eab00000,0x00000000ebb80000,0x00000000ebb80000)
  from space 512K, 98% used [0x00000000ebe00000,0x00000000ebe7dfc8,0x00000000ebe80000)
  to   space 512K, 0% used [0x00000000ebe80000,0x00000000ebe80000,0x00000000ebf00000)
 ParOldGen       total 68608K, used 62393K [0x00000000c0000000, 0x00000000c4300000, 0x00000000eab00000)
  object space 68608K, 90% used [0x00000000c0000000,0x00000000c3cee4e0,0x00000000c4300000)
 Metaspace       used 61127K, committed 62144K, reserved 1114112K
  class space    used 7088K, committed 7552K, reserved 1048576K
}
Event: 26.826 GC heap after
{Heap after GC invocations=55 (full 3):
 PSYoungGen      total 17408K, used 448K [0x00000000eab00000, 0x00000000ebf00000, 0x0000000100000000)
  eden space 16896K, 0% used [0x00000000eab00000,0x00000000eab00000,0x00000000ebb80000)
  from space 512K, 87% used [0x00000000ebe80000,0x00000000ebef0000,0x00000000ebf00000)
  to   space 512K, 0% used [0x00000000ebe00000,0x00000000ebe00000,0x00000000ebe80000)
 ParOldGen       total 68608K, used 62682K [0x00000000c0000000, 0x00000000c4300000, 0x00000000eab00000)
  object space 68608K, 91% used [0x00000000c0000000,0x00000000c3d36bd0,0x00000000c4300000)
 Metaspace       used 61127K, committed 62144K, reserved 1114112K
  class space    used 7088K, committed 7552K, reserved 1048576K
}
Event: 26.926 GC heap before
{Heap before GC invocations=56 (full 3):
 PSYoungGen      total 17408K, used 17344K [0x00000000eab00000, 0x00000000ebf00000, 0x0000000100000000)
  eden space 16896K, 100% used [0x00000000eab00000,0x00000000ebb80000,0x00000000ebb80000)
  from space 512K, 87% used [0x00000000ebe80000,0x00000000ebef0000,0x00000000ebf00000)
  to   space 512K, 0% used [0x00000000ebe00000,0x00000000ebe00000,0x00000000ebe80000)
 ParOldGen       total 68608K, used 62682K [0x00000000c0000000, 0x00000000c4300000, 0x00000000eab00000)
  object space 68608K, 91% used [0x00000000c0000000,0x00000000c3d36bd0,0x00000000c4300000)
 Metaspace       used 61512K, committed 62464K, reserved 1114112K
  class space    used 7132K, committed 7552K, reserved 1048576K
}
Event: 26.927 GC heap after
{Heap after GC invocations=56 (full 3):
 PSYoungGen      total 17408K, used 496K [0x00000000eab00000, 0x00000000ebf00000, 0x0000000100000000)
  eden space 16896K, 0% used [0x00000000eab00000,0x00000000eab00000,0x00000000ebb80000)
  from space 512K, 96% used [0x00000000ebe00000,0x00000000ebe7c010,0x00000000ebe80000)
  to   space 512K, 0% used [0x00000000ebe80000,0x00000000ebe80000,0x00000000ebf00000)
 ParOldGen       total 68608K, used 63032K [0x00000000c0000000, 0x00000000c4300000, 0x00000000eab00000)
  object space 68608K, 91% used [0x00000000c0000000,0x00000000c3d8e2b0,0x00000000c4300000)
 Metaspace       used 61512K, committed 62464K, reserved 1114112K
  class space    used 7132K, committed 7552K, reserved 1048576K
}
Event: 27.055 GC heap before
{Heap before GC invocations=57 (full 3):
 PSYoungGen      total 17408K, used 17381K [0x00000000eab00000, 0x00000000ebf00000, 0x0000000100000000)
  eden space 16896K, 99% used [0x00000000eab00000,0x00000000ebb7d768,0x00000000ebb80000)
  from space 512K, 96% used [0x00000000ebe00000,0x00000000ebe7c010,0x00000000ebe80000)
  to   space 512K, 0% used [0x00000000ebe80000,0x00000000ebe80000,0x00000000ebf00000)
 ParOldGen       total 68608K, used 63032K [0x00000000c0000000, 0x00000000c4300000, 0x00000000eab00000)
  object space 68608K, 91% used [0x00000000c0000000,0x00000000c3d8e2b0,0x00000000c4300000)
 Metaspace       used 63106K, committed 64128K, reserved 1114112K
  class space    used 7285K, committed 7744K, reserved 1048576K
}
Event: 27.056 GC heap after
{Heap after GC invocations=57 (full 3):
 PSYoungGen      total 17408K, used 512K [0x00000000eab00000, 0x00000000ebf80000, 0x0000000100000000)
  eden space 16896K, 0% used [0x00000000eab00000,0x00000000eab00000,0x00000000ebb80000)
  from space 512K, 100% used [0x00000000ebe80000,0x00000000ebf00000,0x00000000ebf00000)
  to   space 2048K, 0% used [0x00000000ebb80000,0x00000000ebb80000,0x00000000ebd80000)
 ParOldGen       total 68608K, used 64228K [0x00000000c0000000, 0x00000000c4300000, 0x00000000eab00000)
  object space 68608K, 93% used [0x00000000c0000000,0x00000000c3eb93a0,0x00000000c4300000)
 Metaspace       used 63106K, committed 64128K, reserved 1114112K
  class space    used 7285K, committed 7744K, reserved 1048576K
}
Event: 27.164 GC heap before
{Heap before GC invocations=58 (full 3):
 PSYoungGen      total 17408K, used 17408K [0x00000000eab00000, 0x00000000ebf80000, 0x0000000100000000)
  eden space 16896K, 100% used [0x00000000eab00000,0x00000000ebb80000,0x00000000ebb80000)
  from space 512K, 100% used [0x00000000ebe80000,0x00000000ebf00000,0x00000000ebf00000)
  to   space 2048K, 0% used [0x00000000ebb80000,0x00000000ebb80000,0x00000000ebd80000)
 ParOldGen       total 68608K, used 64228K [0x00000000c0000000, 0x00000000c4300000, 0x00000000eab00000)
  object space 68608K, 93% used [0x00000000c0000000,0x00000000c3eb93a0,0x00000000c4300000)
 Metaspace       used 63615K, committed 64640K, reserved 1114112K
  class space    used 7329K, committed 7744K, reserved 1048576K
}
Event: 27.165 GC heap after
{Heap after GC invocations=58 (full 3):
 PSYoungGen      total 18944K, used 1757K [0x00000000eab00000, 0x00000000ebf80000, 0x0000000100000000)
  eden space 16896K, 0% used [0x00000000eab00000,0x00000000eab00000,0x00000000ebb80000)
  from space 2048K, 85% used [0x00000000ebb80000,0x00000000ebd37468,0x00000000ebd80000)
  to   space 2048K, 0% used [0x00000000ebd80000,0x00000000ebd80000,0x00000000ebf80000)
 ParOldGen       total 68608K, used 64744K [0x00000000c0000000, 0x00000000c4300000, 0x00000000eab00000)
  object space 68608K, 94% used [0x00000000c0000000,0x00000000c3f3a080,0x00000000c4300000)
 Metaspace       used 63615K, committed 64640K, reserved 1114112K
  class space    used 7329K, committed 7744K, reserved 1048576K
}
Event: 27.322 GC heap before
{Heap before GC invocations=59 (full 3):
 PSYoungGen      total 18944K, used 18653K [0x00000000eab00000, 0x00000000ebf80000, 0x0000000100000000)
  eden space 16896K, 100% used [0x00000000eab00000,0x00000000ebb80000,0x00000000ebb80000)
  from space 2048K, 85% used [0x00000000ebb80000,0x00000000ebd37468,0x00000000ebd80000)
  to   space 2048K, 0% used [0x00000000ebd80000,0x00000000ebd80000,0x00000000ebf80000)
 ParOldGen       total 68608K, used 64744K [0x00000000c0000000, 0x00000000c4300000, 0x00000000eab00000)
  object space 68608K, 94% used [0x00000000c0000000,0x00000000c3f3a080,0x00000000c4300000)
 Metaspace       used 64192K, committed 65216K, reserved 1114112K
  class space    used 7388K, committed 7808K, reserved 1048576K
}
Event: 27.323 GC heap after
{Heap after GC invocations=59 (full 3):
 PSYoungGen      total 17920K, used 736K [0x00000000eab00000, 0x00000000ebe80000, 0x0000000100000000)
  eden space 16896K, 0% used [0x00000000eab00000,0x00000000eab00000,0x00000000ebb80000)
  from space 1024K, 71% used [0x00000000ebd80000,0x00000000ebe38000,0x00000000ebe80000)
  to   space 1536K, 0% used [0x00000000ebb80000,0x00000000ebb80000,0x00000000ebd00000)
 ParOldGen       total 68608K, used 66015K [0x00000000c0000000, 0x00000000c4300000, 0x00000000eab00000)
  object space 68608K, 96% used [0x00000000c0000000,0x00000000c4077f50,0x00000000c4300000)
 Metaspace       used 64192K, committed 65216K, reserved 1114112K
  class space    used 7388K, committed 7808K, reserved 1048576K
}
Event: 88.281 GC heap before
{Heap before GC invocations=60 (full 3):
 PSYoungGen      total 17920K, used 17632K [0x00000000eab00000, 0x00000000ebe80000, 0x0000000100000000)
  eden space 16896K, 100% used [0x00000000eab00000,0x00000000ebb80000,0x00000000ebb80000)
  from space 1024K, 71% used [0x00000000ebd80000,0x00000000ebe38000,0x00000000ebe80000)
  to   space 1536K, 0% used [0x00000000ebb80000,0x00000000ebb80000,0x00000000ebd00000)
 ParOldGen       total 68608K, used 66015K [0x00000000c0000000, 0x00000000c4300000, 0x00000000eab00000)
  object space 68608K, 96% used [0x00000000c0000000,0x00000000c4077f50,0x00000000c4300000)
 Metaspace       used 64298K, committed 65280K, reserved 1114112K
  class space    used 7399K, committed 7808K, reserved 1048576K
}
Event: 88.289 GC heap after
{Heap after GC invocations=60 (full 3):
 PSYoungGen      total 18432K, used 1216K [0x00000000eab00000, 0x00000000ebe80000, 0x0000000100000000)
  eden space 16896K, 0% used [0x00000000eab00000,0x00000000eab00000,0x00000000ebb80000)
  from space 1536K, 79% used [0x00000000ebb80000,0x00000000ebcb0000,0x00000000ebd00000)
  to   space 1536K, 0% used [0x00000000ebd00000,0x00000000ebd00000,0x00000000ebe80000)
 ParOldGen       total 68608K, used 66629K [0x00000000c0000000, 0x00000000c4300000, 0x00000000eab00000)
  object space 68608K, 97% used [0x00000000c0000000,0x00000000c41115a0,0x00000000c4300000)
 Metaspace       used 64298K, committed 65280K, reserved 1114112K
  class space    used 7399K, committed 7808K, reserved 1048576K
}

Dll operation events (14 events):
Event: 0.008 Loaded shared library c:\Users\Admin\.vscode\extensions\redhat.java-1.21.0-win32-x64\jre\17.0.7-win32-x86_64\bin\java.dll
Event: 0.102 Loaded shared library c:\Users\Admin\.vscode\extensions\redhat.java-1.21.0-win32-x64\jre\17.0.7-win32-x86_64\bin\zip.dll
Event: 0.104 Loaded shared library C:\Users\Admin\.vscode\extensions\redhat.java-1.21.0-win32-x64\jre\17.0.7-win32-x86_64\bin\instrument.dll
Event: 0.113 Loaded shared library C:\Users\Admin\.vscode\extensions\redhat.java-1.21.0-win32-x64\jre\17.0.7-win32-x86_64\bin\net.dll
Event: 0.115 Loaded shared library C:\Users\Admin\.vscode\extensions\redhat.java-1.21.0-win32-x64\jre\17.0.7-win32-x86_64\bin\nio.dll
Event: 0.120 Loaded shared library C:\Users\Admin\.vscode\extensions\redhat.java-1.21.0-win32-x64\jre\17.0.7-win32-x86_64\bin\zip.dll
Event: 0.131 Loaded shared library C:\Users\Admin\.vscode\extensions\redhat.java-1.21.0-win32-x64\jre\17.0.7-win32-x86_64\bin\jimage.dll
Event: 0.161 Loaded shared library c:\Users\Admin\.vscode\extensions\redhat.java-1.21.0-win32-x64\jre\17.0.7-win32-x86_64\bin\verify.dll
Event: 0.768 Loaded shared library C:\Users\Admin\AppData\Roaming\Code\User\globalStorage\redhat.java\1.21.0\config_win\org.eclipse.equinox.launcher\org.eclipse.equinox.launcher.win32.win32.x86_64_1.2.700.v20221108-1024\eclipse_11801.dll
Event: 2.590 Loaded shared library C:\Users\Admin\AppData\Local\Temp\jna-63116079\jna10869145659121983822.dll
Event: 7.123 Loaded shared library C:\Users\Admin\.gradle\native\68d5fa5c4cc2d200863cafc0d521ce42e7d3e7ee720ec0a83991735586a16f82\windows-amd64\native-platform.dll
Event: 7.778 Loaded shared library C:\Users\Admin\.vscode\extensions\redhat.java-1.21.0-win32-x64\jre\17.0.7-win32-x86_64\bin\management.dll
Event: 7.782 Loaded shared library C:\Users\Admin\.vscode\extensions\redhat.java-1.21.0-win32-x64\jre\17.0.7-win32-x86_64\bin\management_ext.dll
Event: 9.716 Loaded shared library C:\Users\Admin\.vscode\extensions\redhat.java-1.21.0-win32-x64\jre\17.0.7-win32-x86_64\bin\sunmscapi.dll

Deoptimization events (20 events):
Event: 93.133 Thread 0x0000014a98914ef0 DEOPT PACKING pc=0x0000014a881b05f0 sp=0x0000002521efe370
Event: 93.133 Thread 0x0000014a98914ef0 DEOPT UNPACKING pc=0x0000014a874a66a3 sp=0x0000002521efe318 mode 2
Event: 93.146 Thread 0x0000014a98914ef0 Uncommon trap: trap_request=0xffffff45 fr.pc=0x0000014a87f960c4 relative=0x0000000000001964
Event: 93.146 Thread 0x0000014a98914ef0 Uncommon trap: reason=unstable_if action=reinterpret pc=0x0000014a87f960c4 method=org.eclipse.core.internal.filesystem.local.LocalFile.fetchInfo(ILorg/eclipse/core/runtime/IProgressMonitor;)Lorg/eclipse/core/filesystem/IFileInfo; @ 15 c2
Event: 93.146 Thread 0x0000014a98914ef0 DEOPT PACKING pc=0x0000014a87f960c4 sp=0x0000002521efea10
Event: 93.146 Thread 0x0000014a98914ef0 DEOPT UNPACKING pc=0x0000014a874a66a3 sp=0x0000002521efea18 mode 2
Event: 93.150 Thread 0x0000014a98914ef0 DEOPT PACKING pc=0x0000014a806157de sp=0x0000002521efe840
Event: 93.150 Thread 0x0000014a98914ef0 DEOPT UNPACKING pc=0x0000014a874a6e43 sp=0x0000002521efddd0 mode 0
Event: 104.403 Thread 0x0000014a98914ef0 Uncommon trap: trap_request=0xffffffc6 fr.pc=0x0000014a881bf04c relative=0x0000000000000f8c
Event: 104.403 Thread 0x0000014a98914ef0 Uncommon trap: reason=bimorphic_or_optimized_type_check action=maybe_recompile pc=0x0000014a881bf04c method=org.eclipse.core.internal.dtree.AbstractDataTreeNode.assembleWith([Lorg/eclipse/core/internal/dtree/AbstractDataTreeNode;[Lorg/eclipse/core/interna
Event: 104.403 Thread 0x0000014a98914ef0 DEOPT PACKING pc=0x0000014a881bf04c sp=0x0000002521efdf50
Event: 104.403 Thread 0x0000014a98914ef0 DEOPT UNPACKING pc=0x0000014a874a66a3 sp=0x0000002521efdf10 mode 2
Event: 104.403 Thread 0x0000014a98914ef0 Uncommon trap: trap_request=0xffffffc6 fr.pc=0x0000014a881bf04c relative=0x0000000000000f8c
Event: 104.403 Thread 0x0000014a98914ef0 Uncommon trap: reason=bimorphic_or_optimized_type_check action=maybe_recompile pc=0x0000014a881bf04c method=org.eclipse.core.internal.dtree.AbstractDataTreeNode.assembleWith([Lorg/eclipse/core/internal/dtree/AbstractDataTreeNode;[Lorg/eclipse/core/interna
Event: 104.403 Thread 0x0000014a98914ef0 DEOPT PACKING pc=0x0000014a881bf04c sp=0x0000002521efdf50
Event: 104.403 Thread 0x0000014a98914ef0 DEOPT UNPACKING pc=0x0000014a874a66a3 sp=0x0000002521efdf10 mode 2
Event: 104.404 Thread 0x0000014a98914ef0 Uncommon trap: trap_request=0xffffffc6 fr.pc=0x0000014a881bf04c relative=0x0000000000000f8c
Event: 104.404 Thread 0x0000014a98914ef0 Uncommon trap: reason=bimorphic_or_optimized_type_check action=maybe_recompile pc=0x0000014a881bf04c method=org.eclipse.core.internal.dtree.AbstractDataTreeNode.assembleWith([Lorg/eclipse/core/internal/dtree/AbstractDataTreeNode;[Lorg/eclipse/core/interna
Event: 104.404 Thread 0x0000014a98914ef0 DEOPT PACKING pc=0x0000014a881bf04c sp=0x0000002521efdf50
Event: 104.404 Thread 0x0000014a98914ef0 DEOPT UNPACKING pc=0x0000014a874a66a3 sp=0x0000002521efdf10 mode 2

Classes unloaded (7 events):
Event: 1.305 Thread 0x0000014afaad5660 Unloading class 0x0000000100210000 'java/lang/invoke/LambdaForm$MH+0x0000000100210000'
Event: 1.305 Thread 0x0000014afaad5660 Unloading class 0x000000010020fc00 'java/lang/invoke/LambdaForm$MH+0x000000010020fc00'
Event: 1.305 Thread 0x0000014afaad5660 Unloading class 0x000000010020f800 'java/lang/invoke/LambdaForm$MH+0x000000010020f800'
Event: 1.305 Thread 0x0000014afaad5660 Unloading class 0x000000010020f400 'java/lang/invoke/LambdaForm$MH+0x000000010020f400'
Event: 1.305 Thread 0x0000014afaad5660 Unloading class 0x000000010020f000 'java/lang/invoke/LambdaForm$BMH+0x000000010020f000'
Event: 1.305 Thread 0x0000014afaad5660 Unloading class 0x000000010020ec00 'java/lang/invoke/LambdaForm$DMH+0x000000010020ec00'
Event: 1.305 Thread 0x0000014afaad5660 Unloading class 0x000000010020c000 'java/lang/invoke/LambdaForm$DMH+0x000000010020c000'

Classes redefined (0 events):
No events

Internal exceptions (20 events):
Event: 26.604 Thread 0x0000014a98915d60 Exception <a 'sun/nio/fs/WindowsException'{0x00000000eb4abc90}> (0x00000000eb4abc90) 
thrown [s\src\hotspot\share\prims\jni.cpp, line 516]
Event: 26.604 Thread 0x0000014a98915d60 Exception <a 'sun/nio/fs/WindowsException'{0x00000000eb4b6520}> (0x00000000eb4b6520) 
thrown [s\src\hotspot\share\prims\jni.cpp, line 516]
Event: 26.610 Thread 0x0000014a98915d60 Exception <a 'sun/nio/fs/WindowsException'{0x00000000eb4ed7f0}> (0x00000000eb4ed7f0) 
thrown [s\src\hotspot\share\prims\jni.cpp, line 516]
Event: 26.621 Thread 0x0000014a98915d60 Exception <a 'sun/nio/fs/WindowsException'{0x00000000eb506540}> (0x00000000eb506540) 
thrown [s\src\hotspot\share\prims\jni.cpp, line 516]
Event: 26.647 Thread 0x0000014a989153c0 Exception <a 'sun/nio/fs/WindowsException'{0x00000000eb7f99f8}> (0x00000000eb7f99f8) 
thrown [s\src\hotspot\share\prims\jni.cpp, line 516]
Event: 26.651 Thread 0x0000014a989153c0 Exception <a 'sun/nio/fs/WindowsException'{0x00000000eb87c4d8}> (0x00000000eb87c4d8) 
thrown [s\src\hotspot\share\prims\jni.cpp, line 516]
Event: 26.655 Thread 0x0000014a989153c0 Exception <a 'java/lang/NoSuchMethodError'{0x00000000eb956fa0}: 'java.lang.Object java.lang.invoke.DirectMethodHandle$Holder.invokeStatic(java.lang.Object, java.lang.Object, int, java.lang.Object)'> (0x00000000eb956fa0) 
thrown [s\src\hotspot\share\interpreter\linkResolver.cpp, line 759]
Event: 26.655 Thread 0x0000014a989153c0 Exception <a 'java/lang/NoSuchMethodError'{0x00000000eb960428}: 'java.lang.Object java.lang.invoke.DirectMethodHandle$Holder.newInvokeSpecial(java.lang.Object, java.lang.Object, int)'> (0x00000000eb960428) 
thrown [s\src\hotspot\share\interpreter\linkResolver.cpp, line 759]
Event: 26.756 Thread 0x0000014a9ef34a40 Exception <a 'java/lang/NoSuchMethodError'{0x00000000eb3088b0}: 'java.lang.Object java.lang.invoke.DirectMethodHandle$Holder.invokeInterface(java.lang.Object, java.lang.Object, java.lang.Object)'> (0x00000000eb3088b0) 
thrown [s\src\hotspot\share\interpreter\linkResolver.cpp, line 759]
Event: 26.812 Thread 0x0000014a9ef34a40 Exception <a 'java/io/FileNotFoundException'{0x00000000ebac38b0}> (0x00000000ebac38b0) 
thrown [s\src\hotspot\share\prims\jni.cpp, line 516]
Event: 26.848 Thread 0x0000014a9ef353e0 Exception <a 'java/lang/NoSuchMethodError'{0x00000000ead021f0}: 'java.lang.Object java.lang.invoke.DirectMethodHandle$Holder.newInvokeSpecial(java.lang.Object, java.lang.Object, java.lang.Object, java.lang.Object, java.lang.Object, java.lang.Object)'> (0x00000000ead021f0) 
thrown [s\src\hotspot\share\interpreter\linkResolver.cpp, line 759]
Event: 26.850 Thread 0x0000014a9ef353e0 Exception <a 'java/lang/NoSuchMethodError'{0x00000000ead11860}: 'int java.lang.invoke.DirectMethodHandle$Holder.invokeStatic(java.lang.Object)'> (0x00000000ead11860) 
thrown [s\src\hotspot\share\interpreter\linkResolver.cpp, line 759]
Event: 26.867 Thread 0x0000014a9ef353e0 Exception <a 'java/io/FileNotFoundException'{0x00000000eada9388}> (0x00000000eada9388) 
thrown [s\src\hotspot\share\prims\jni.cpp, line 516]
Event: 26.867 Thread 0x0000014a9ef353e0 Exception <a 'java/io/FileNotFoundException'{0x00000000eadaac28}> (0x00000000eadaac28) 
thrown [s\src\hotspot\share\prims\jni.cpp, line 516]
Event: 26.868 Thread 0x0000014a9ef353e0 Exception <a 'java/io/FileNotFoundException'{0x00000000eadabf00}> (0x00000000eadabf00) 
thrown [s\src\hotspot\share\prims\jni.cpp, line 516]
Event: 26.947 Thread 0x0000014a9ef353e0 Implicit null exception at 0x0000014a87fe2acc to 0x0000014a87fe2f3c
Event: 27.210 Thread 0x0000014a98915890 Exception <a 'java/io/FileNotFoundException'{0x00000000eaf57620}> (0x00000000eaf57620) 
thrown [s\src\hotspot\share\prims\jni.cpp, line 516]
Event: 93.133 Thread 0x0000014a98914ef0 Implicit null exception at 0x0000014a881b0105 to 0x0000014a881b05d8
Event: 93.145 Thread 0x0000014a98914ef0 Exception <a 'sun/nio/fs/WindowsException'{0x00000000eadebaf8}> (0x00000000eadebaf8) 
thrown [s\src\hotspot\share\prims\jni.cpp, line 516]
Event: 99.047 Thread 0x0000014a98914ef0 Exception <a 'sun/nio/fs/WindowsException'{0x00000000eb309758}> (0x00000000eb309758) 
thrown [s\src\hotspot\share\prims\jni.cpp, line 516]

VM Operations (20 events):
Event: 68.493 Executing VM operation: Cleanup
Event: 68.493 Executing VM operation: Cleanup done
Event: 83.509 Executing VM operation: Cleanup
Event: 83.510 Executing VM operation: Cleanup done
Event: 88.269 Executing VM operation: HandshakeAllThreads
Event: 88.269 Executing VM operation: HandshakeAllThreads done
Event: 88.269 Executing VM operation: Cleanup
Event: 88.269 Executing VM operation: Cleanup done
Event: 88.280 Executing VM operation: ParallelGCFailedAllocation
Event: 88.289 Executing VM operation: ParallelGCFailedAllocation done
Event: 90.294 Executing VM operation: Cleanup
Event: 90.294 Executing VM operation: Cleanup done
Event: 93.298 Executing VM operation: Cleanup
Event: 93.298 Executing VM operation: Cleanup done
Event: 94.300 Executing VM operation: Cleanup
Event: 94.300 Executing VM operation: Cleanup done
Event: 99.329 Executing VM operation: Cleanup
Event: 99.329 Executing VM operation: Cleanup done
Event: 105.333 Executing VM operation: Cleanup
Event: 105.333 Executing VM operation: Cleanup done

Events (20 events):
Event: 27.349 Thread 0x0000014a95bb3ce0 flushing nmethod 0x0000014a80d76a10
Event: 32.330 Thread 0x0000014a99e5a580 Thread exited: 0x0000014a99e5a580
Event: 32.330 Thread 0x0000014a99e5a070 Thread exited: 0x0000014a99e5a070
Event: 37.330 Thread 0x0000014a97bacbf0 Thread exited: 0x0000014a97bacbf0
Event: 37.330 Thread 0x0000014a99e57d00 Thread exited: 0x0000014a99e57d00
Event: 42.330 Thread 0x0000014a97baef60 Thread exited: 0x0000014a97baef60
Event: 42.894 Thread 0x0000014a97baea50 Thread exited: 0x0000014a97baea50
Event: 42.894 Thread 0x0000014a97bae540 Thread exited: 0x0000014a97bae540
Event: 47.894 Thread 0x0000014a97baf980 Thread exited: 0x0000014a97baf980
Event: 47.894 Thread 0x0000014a97bae030 Thread exited: 0x0000014a97bae030
Event: 68.061 Thread 0x0000014a9ef34570 Thread exited: 0x0000014a9ef34570
Event: 68.061 Thread 0x0000014a9ef340a0 Thread exited: 0x0000014a9ef340a0
Event: 68.067 Thread 0x0000014a9ef34f10 Thread exited: 0x0000014a9ef34f10
Event: 83.223 loading class java/util/WeakHashMap$KeyIterator
Event: 83.223 loading class java/util/WeakHashMap$KeyIterator done
Event: 87.299 Thread 0x0000014a9ef34a40 Thread exited: 0x0000014a9ef34a40
Event: 87.327 Thread 0x0000014a98915890 Thread exited: 0x0000014a98915890
Event: 87.395 Thread 0x0000014a989136e0 Thread exited: 0x0000014a989136e0
Event: 87.395 Thread 0x0000014a98915d60 Thread exited: 0x0000014a98915d60
Event: 88.278 Thread 0x0000014a9ef370c0 Thread exited: 0x0000014a9ef370c0


Dynamic libraries:
0x00007ff64b800000 - 0x00007ff64b80e000 	c:\Users\Admin\.vscode\extensions\redhat.java-1.21.0-win32-x64\jre\17.0.7-win32-x86_64\bin\java.exe
0x00007ffdc0230000 - 0x00007ffdc0444000 	C:\WINDOWS\SYSTEM32\ntdll.dll
0x00007ffdbe460000 - 0x00007ffdbe524000 	C:\WINDOWS\System32\KERNEL32.DLL
0x00007ffdbd880000 - 0x00007ffdbdc24000 	C:\WINDOWS\System32\KERNELBASE.dll
0x00007ffdbd610000 - 0x00007ffdbd721000 	C:\WINDOWS\System32\ucrtbase.dll
0x00007ffdadf10000 - 0x00007ffdadf29000 	c:\Users\Admin\.vscode\extensions\redhat.java-1.21.0-win32-x64\jre\17.0.7-win32-x86_64\bin\VCRUNTIME140.dll
0x00007ffdae7c0000 - 0x00007ffdae7d7000 	c:\Users\Admin\.vscode\extensions\redhat.java-1.21.0-win32-x64\jre\17.0.7-win32-x86_64\bin\jli.dll
0x00007ffdbdff0000 - 0x00007ffdbe19a000 	C:\WINDOWS\System32\USER32.dll
0x00007ffdab880000 - 0x00007ffdabb0f000 	C:\WINDOWS\WinSxS\amd64_microsoft.windows.common-controls_6595b64144ccf1df_6.0.22621.2070_none_2713e6537381f706\COMCTL32.dll
0x00007ffdbebf0000 - 0x00007ffdbec97000 	C:\WINDOWS\System32\msvcrt.dll
0x00007ffdbd850000 - 0x00007ffdbd876000 	C:\WINDOWS\System32\win32u.dll
0x00007ffdc0060000 - 0x00007ffdc0089000 	C:\WINDOWS\System32\GDI32.dll
0x00007ffdbd730000 - 0x00007ffdbd849000 	C:\WINDOWS\System32\gdi32full.dll
0x00007ffdbdcf0000 - 0x00007ffdbdd8a000 	C:\WINDOWS\System32\msvcp_win.dll
0x00007ffdbf540000 - 0x00007ffdbf571000 	C:\WINDOWS\System32\IMM32.DLL
0x00007ffdb5880000 - 0x00007ffdb588c000 	c:\Users\Admin\.vscode\extensions\redhat.java-1.21.0-win32-x64\jre\17.0.7-win32-x86_64\bin\vcruntime140_1.dll
0x00007ffd870e0000 - 0x00007ffd87171000 	c:\Users\Admin\.vscode\extensions\redhat.java-1.21.0-win32-x64\jre\17.0.7-win32-x86_64\bin\msvcp140.dll
0x00007ffd77230000 - 0x00007ffd77e78000 	c:\Users\Admin\.vscode\extensions\redhat.java-1.21.0-win32-x64\jre\17.0.7-win32-x86_64\bin\server\jvm.dll
0x00007ffdbe7f0000 - 0x00007ffdbe8a0000 	C:\WINDOWS\System32\ADVAPI32.dll
0x00007ffdbe3b0000 - 0x00007ffdbe456000 	C:\WINDOWS\System32\sechost.dll
0x00007ffdbf580000 - 0x00007ffdbf697000 	C:\WINDOWS\System32\RPCRT4.dll
0x00007ffdadd70000 - 0x00007ffdadd79000 	C:\WINDOWS\SYSTEM32\WSOCK32.dll
0x00007ffdb56f0000 - 0x00007ffdb5724000 	C:\WINDOWS\SYSTEM32\WINMM.dll
0x00007ffdbe1a0000 - 0x00007ffdbe211000 	C:\WINDOWS\System32\WS2_32.dll
0x00007ffdb5e80000 - 0x00007ffdb5e8a000 	C:\WINDOWS\SYSTEM32\VERSION.dll
0x00007ffdbc650000 - 0x00007ffdbc668000 	C:\WINDOWS\SYSTEM32\kernel.appcore.dll
0x00007ffdb5810000 - 0x00007ffdb581a000 	c:\Users\Admin\.vscode\extensions\redhat.java-1.21.0-win32-x64\jre\17.0.7-win32-x86_64\bin\jimage.dll
0x00007ffdb3750000 - 0x00007ffdb397e000 	C:\WINDOWS\SYSTEM32\DBGHELP.DLL
0x00007ffdbecb0000 - 0x00007ffdbf03a000 	C:\WINDOWS\System32\combase.dll
0x00007ffdbe6b0000 - 0x00007ffdbe787000 	C:\WINDOWS\System32\OLEAUT32.dll
0x00007ffdb3710000 - 0x00007ffdb3742000 	C:\WINDOWS\SYSTEM32\dbgcore.DLL
0x00007ffdbdf70000 - 0x00007ffdbdfea000 	C:\WINDOWS\System32\bcryptPrimitives.dll
0x00007ffdb5790000 - 0x00007ffdb579e000 	c:\Users\Admin\.vscode\extensions\redhat.java-1.21.0-win32-x64\jre\17.0.7-win32-x86_64\bin\instrument.dll
0x00007ffda69b0000 - 0x00007ffda69d5000 	c:\Users\Admin\.vscode\extensions\redhat.java-1.21.0-win32-x64\jre\17.0.7-win32-x86_64\bin\java.dll
0x00007ffdadd20000 - 0x00007ffdadd38000 	c:\Users\Admin\.vscode\extensions\redhat.java-1.21.0-win32-x64\jre\17.0.7-win32-x86_64\bin\zip.dll
0x00007ffdbf840000 - 0x00007ffdc0056000 	C:\WINDOWS\System32\SHELL32.dll
0x00007ffdbb5e0000 - 0x00007ffdbbeca000 	C:\WINDOWS\SYSTEM32\windows.storage.dll
0x00007ffdbb4a0000 - 0x00007ffdbb5de000 	C:\WINDOWS\SYSTEM32\wintypes.dll
0x00007ffdbe2a0000 - 0x00007ffdbe393000 	C:\WINDOWS\System32\SHCORE.dll
0x00007ffdc0190000 - 0x00007ffdc01ee000 	C:\WINDOWS\System32\shlwapi.dll
0x00007ffdbd540000 - 0x00007ffdbd566000 	C:\WINDOWS\SYSTEM32\profapi.dll
0x00007ffdad560000 - 0x00007ffdad579000 	C:\Users\Admin\.vscode\extensions\redhat.java-1.21.0-win32-x64\jre\17.0.7-win32-x86_64\bin\net.dll
0x00007ffdb7a10000 - 0x00007ffdb7b47000 	C:\WINDOWS\SYSTEM32\WINHTTP.dll
0x00007ffdbcad0000 - 0x00007ffdbcb39000 	C:\WINDOWS\system32\mswsock.dll
0x00007ffdaa230000 - 0x00007ffdaa245000 	C:\Users\Admin\.vscode\extensions\redhat.java-1.21.0-win32-x64\jre\17.0.7-win32-x86_64\bin\nio.dll
0x00007ffdb5760000 - 0x00007ffdb5770000 	c:\Users\Admin\.vscode\extensions\redhat.java-1.21.0-win32-x64\jre\17.0.7-win32-x86_64\bin\verify.dll
0x00007ffd9ca90000 - 0x00007ffd9cace000 	C:\Users\Admin\AppData\Roaming\Code\User\globalStorage\redhat.java\1.21.0\config_win\org.eclipse.equinox.launcher\org.eclipse.equinox.launcher.win32.win32.x86_64_1.2.700.v20221108-1024\eclipse_11801.dll
0x00007ffdbf6a0000 - 0x00007ffdbf83c000 	C:\WINDOWS\System32\ole32.dll
0x00007ffdbcd20000 - 0x00007ffdbcd3b000 	C:\WINDOWS\SYSTEM32\CRYPTSP.dll
0x00007ffdbc5c0000 - 0x00007ffdbc5f5000 	C:\WINDOWS\system32\rsaenh.dll
0x00007ffdbcbc0000 - 0x00007ffdbcbec000 	C:\WINDOWS\SYSTEM32\USERENV.dll
0x00007ffdbcec0000 - 0x00007ffdbcee8000 	C:\WINDOWS\SYSTEM32\bcrypt.dll
0x00007ffdbcd40000 - 0x00007ffdbcd4c000 	C:\WINDOWS\SYSTEM32\CRYPTBASE.dll
0x00007ffdbc120000 - 0x00007ffdbc14d000 	C:\WINDOWS\SYSTEM32\IPHLPAPI.DLL
0x00007ffdbeca0000 - 0x00007ffdbeca9000 	C:\WINDOWS\System32\NSI.dll
0x00007ffdb6090000 - 0x00007ffdb60a9000 	C:\WINDOWS\SYSTEM32\dhcpcsvc6.DLL
0x00007ffdb5e60000 - 0x00007ffdb5e7f000 	C:\WINDOWS\SYSTEM32\dhcpcsvc.DLL
0x00007ffdbc150000 - 0x00007ffdbc243000 	C:\WINDOWS\SYSTEM32\DNSAPI.dll
0x00007ffd8b7b0000 - 0x00007ffd8b7f5000 	C:\Users\Admin\AppData\Local\Temp\jna-63116079\jna10869145659121983822.dll
0x00007ffdbf530000 - 0x00007ffdbf538000 	C:\WINDOWS\System32\PSAPI.DLL
0x00007ffda3d90000 - 0x00007ffda3db7000 	C:\Users\Admin\.gradle\native\68d5fa5c4cc2d200863cafc0d521ce42e7d3e7ee720ec0a83991735586a16f82\windows-amd64\native-platform.dll
0x00007ffdb2630000 - 0x00007ffdb2639000 	C:\Users\Admin\.vscode\extensions\redhat.java-1.21.0-win32-x64\jre\17.0.7-win32-x86_64\bin\management.dll
0x00007ffdb0650000 - 0x00007ffdb065b000 	C:\Users\Admin\.vscode\extensions\redhat.java-1.21.0-win32-x64\jre\17.0.7-win32-x86_64\bin\management_ext.dll
0x00007ffda69a0000 - 0x00007ffda69ae000 	C:\Users\Admin\.vscode\extensions\redhat.java-1.21.0-win32-x64\jre\17.0.7-win32-x86_64\bin\sunmscapi.dll
0x00007ffdbdd90000 - 0x00007ffdbdef7000 	C:\WINDOWS\System32\CRYPT32.dll
0x00007ffdbce90000 - 0x00007ffdbcebe000 	C:\WINDOWS\SYSTEM32\ncrypt.dll
0x00007ffdbce50000 - 0x00007ffdbce87000 	C:\WINDOWS\SYSTEM32\NTASN1.dll
0x00007ffd742b0000 - 0x00007ffd742b8000 	C:\WINDOWS\system32\wshunix.dll

dbghelp: loaded successfully - version: 4.0.5 - missing functions: none
symbol engine: initialized successfully - sym options: 0x614 - pdb path: .;c:\Users\Admin\.vscode\extensions\redhat.java-1.21.0-win32-x64\jre\17.0.7-win32-x86_64\bin;C:\WINDOWS\SYSTEM32;C:\WINDOWS\WinSxS\amd64_microsoft.windows.common-controls_6595b64144ccf1df_6.0.22621.2070_none_2713e6537381f706;c:\Users\Admin\.vscode\extensions\redhat.java-1.21.0-win32-x64\jre\17.0.7-win32-x86_64\bin\server;C:\Users\Admin\AppData\Roaming\Code\User\globalStorage\redhat.java\1.21.0\config_win\org.eclipse.equinox.launcher\org.eclipse.equinox.launcher.win32.win32.x86_64_1.2.700.v20221108-1024;C:\Users\Admin\AppData\Local\Temp\jna-63116079;C:\Users\Admin\.gradle\native\68d5fa5c4cc2d200863cafc0d521ce42e7d3e7ee720ec0a83991735586a16f82\windows-amd64

VM Arguments:
jvm_args: --add-modules=ALL-SYSTEM --add-opens=java.base/java.util=ALL-UNNAMED --add-opens=java.base/java.lang=ALL-UNNAMED --add-opens=java.base/sun.nio.fs=ALL-UNNAMED -Declipse.application=org.eclipse.jdt.ls.core.id1 -Dosgi.bundles.defaultStartLevel=4 -Declipse.product=org.eclipse.jdt.ls.core.product -Djava.import.generatesMetadataFilesAtProjectRoot=false -Dfile.encoding=utf8 -XX:+UseParallelGC -XX:GCTimeRatio=4 -XX:AdaptiveSizePolicyWeight=90 -Dsun.zip.disableMemoryMapping=true -Xmx1G -Xms100m -Xlog:disable -javaagent:c:\Users\Admin\.vscode\extensions\redhat.java-1.21.0-win32-x64\lombok\lombok-1.18.28.jar -XX:+HeapDumpOnOutOfMemoryError -XX:HeapDumpPath=c:\Users\Admin\AppData\Roaming\Code\User\workspaceStorage\01df264c3a110b2637027017d1b717d4\redhat.java -Daether.dependencyCollector.impl=bf 
java_command: c:\Users\Admin\.vscode\extensions\redhat.java-1.21.0-win32-x64\server\plugins\org.eclipse.equinox.launcher_1.6.500.v20230717-2134.jar -configuration c:\Users\Admin\AppData\Roaming\Code\User\globalStorage\redhat.java\1.21.0\config_win -data c:\Users\Admin\AppData\Roaming\Code\User\workspaceStorage\01df264c3a110b2637027017d1b717d4\redhat.java\jdt_ws
java_class_path (initial): c:\Users\Admin\.vscode\extensions\redhat.java-1.21.0-win32-x64\server\plugins\org.eclipse.equinox.launcher_1.6.500.v20230717-2134.jar
Launcher Type: SUN_STANDARD

[Global flags]
    uintx AdaptiveSizePolicyWeight                 = 90                                        {product} {command line}
     intx CICompilerCount                          = 12                                        {product} {ergonomic}
    uintx GCTimeRatio                              = 4                                         {product} {command line}
     bool HeapDumpOnOutOfMemoryError               = true                                   {manageable} {command line}
    ccstr HeapDumpPath                             = c:\Users\Admin\AppData\Roaming\Code\User\workspaceStorage\01df264c3a110b2637027017d1b717d4\redhat.java         {manageable} {command line}
   size_t InitialHeapSize                          = 104857600                                 {product} {command line}
   size_t MaxHeapSize                              = 1073741824                                {product} {command line}
   size_t MaxNewSize                               = 357564416                                 {product} {ergonomic}
   size_t MinHeapDeltaBytes                        = 524288                                    {product} {ergonomic}
   size_t MinHeapSize                              = 104857600                                 {product} {command line}
   size_t NewSize                                  = 34603008                                  {product} {ergonomic}
    uintx NonNMethodCodeHeapSize                   = 7602480                                {pd product} {ergonomic}
    uintx NonProfiledCodeHeapSize                  = 122027880                              {pd product} {ergonomic}
   size_t OldSize                                  = 70254592                                  {product} {ergonomic}
    uintx ProfiledCodeHeapSize                     = 122027880                              {pd product} {ergonomic}
    uintx ReservedCodeCacheSize                    = 251658240                              {pd product} {ergonomic}
     bool SegmentedCodeCache                       = true                                      {product} {ergonomic}
   size_t SoftMaxHeapSize                          = 1073741824                             {manageable} {ergonomic}
     bool UseCompressedClassPointers               = true                           {product lp64_product} {ergonomic}
     bool UseCompressedOops                        = true                           {product lp64_product} {ergonomic}
     bool UseLargePagesIndividualAllocation        = false                                  {pd product} {ergonomic}
     bool UseParallelGC                            = true                                      {product} {command line}

Logging:
Log output configuration:
 #0: stdout all=off uptime,level,tags
 #1: stderr all=off uptime,level,tags

Environment Variables:
JAVA_HOME=C:\Program Files\Microsoft\jdk-11.0.20.8-hotspot\
PATH=C:\Program Files\Microsoft\jdk-11.0.20.8-hotspot\bin;C:\Windows\system32;C:\Windows;C:\Windows\System32\Wbem;C:\Windows\System32\WindowsPowerShell\v1.0\;C:\Windows\System32\OpenSSH\;C:\Program Files (x86)\NVIDIA Corporation\PhysX\Common;C:\Program Files\NVIDIA Corporation\NVIDIA NvDLISR;C:\Program Files\dotnet\;C:\WINDOWS\system32;C:\WINDOWS;C:\WINDOWS\System32\Wbem;C:\WINDOWS\System32\WindowsPowerShell\v1.0\;C:\WINDOWS\System32\OpenSSH\;C:\Program Files\Git\cmd;C:\ProgramData\chocolatey\bin;C:\Program Files\nodejs\;C:\Users\Admin\AppData\Local\Programs\Python\Python310\Scripts\;C:\Users\Admin\AppData\Local\Programs\Python\Python310\;C:\Users\Admin\AppData\Local\Microsoft\WindowsApps;C:\Users\Admin\AppData\Local\Programs\Microsoft VS Code\bin;C:\Users\Admin\.dotnet\tools;C:\flutter\bin;C:\Users\Admin\AppData\Local\GitHubDesktop\bin;C:\Program Files\Android\Android Studio\jbr\bin;C:\Users\Admin\AppData\Roaming\npm;C:\Users\Admin\AppData\Local\Android\Sdk;C:\Users\Admin\AppData\Local\Android\Sdk\platform-tools;
USERNAME=Admin
OS=Windows_NT
PROCESSOR_IDENTIFIER=AMD64 Family 25 Model 68 Stepping 1, AuthenticAMD
TMP=C:\Users\Admin\AppData\Local\Temp
TEMP=C:\Users\Admin\AppData\Local\Temp



---------------  S Y S T E M  ---------------

OS:
 Windows 11 , 64 bit Build 22621 (10.0.22621.2070)
OS uptime: 0 days 0:27 hours

CPU: total 16 (initial active 16) (16 cores per cpu, 2 threads per core) family 25 model 68 stepping 1 microcode 0x0, cx8, cmov, fxsr, ht, mmx, 3dnowpref, sse, sse2, sse3, ssse3, sse4a, sse4.1, sse4.2, popcnt, lzcnt, tsc, tscinvbit, avx, avx2, aes, clmul, bmi1, bmi2, adx, sha, fma, vzeroupper, clflush, clflushopt

Memory: 4k page, system-wide physical 7421M (246M free)
TotalPageFile size 19709M (AvailPageFile size 0M)
current process WorkingSet (physical memory assigned to process): 115M, peak: 317M
current process commit charge ("private bytes"): 320M, peak: 382M

vm_info: OpenJDK 64-Bit Server VM (17.0.7+7) for windows-amd64 JRE (17.0.7+7), built on Apr 18 2023 22:10:42 by "temurin" with MS VC++ 16.7 (VS2019)

END.
