#
# There is insufficient memory for the Java Runtime Environment to continue.
# Native memory allocation (mmap) failed to map 121634816 bytes for Failed to commit area from 0x000000008c000000 to 0x0000000093400000 of length 121634816.
# Possible reasons:
#   The system is out of physical RAM or swap space
#   The process is running with CompressedOops enabled, and the Java Heap may be blocking the growth of the native heap
# Possible solutions:
#   Reduce memory load on the system
#   Increase physical memory or swap space
#   Check if swap backing store is full
#   Decrease Java heap size (-Xmx/-Xms)
#   Decrease number of Java threads
#   Decrease Java thread stack sizes (-Xss)
#   Set larger code cache with -XX:ReservedCodeCacheSize=
# This output file may be truncated or incomplete.
#
#  Out of Memory Error (os_windows.cpp:3386), pid=11108, tid=26548
#
# JRE version:  (11.0.20+8) (build )
# Java VM: OpenJDK 64-Bit Server VM (11.0.20+8-LTS, mixed mode, sharing, tiered, compressed oops, g1 gc, windows-amd64)
# No core dump will be written. Minidumps are not enabled by default on client versions of Windows
#

---------------  S U M M A R Y ------------

Command Line: org.jetbrains.kotlin.cli.jvm.K2JVMCompiler @E:\Mobile App\App Mobile Course\Project1\ubibuki-mobile\node_modules\react-native-screens\android\build\20230911_15220812250660503745.compiler.options

Host: AMD Ryzen 7 6800H with Radeon Graphics         , 16 cores, 7G,  Windows 11 , 64 bit Build 22621 (10.0.22621.2070)
Time: Mon Sep 11 18:38:19 2023 SE Asia Standard Time elapsed time: 0.023400 seconds (0d 0h 0m 0s)

---------------  T H R E A D  ---------------

Current thread (0x000001e6a5c7f000):  JavaThread "Unknown thread" [_thread_in_vm, id=26548, stack(0x0000000d82b00000,0x0000000d82c00000)]

Stack: [0x0000000d82b00000,0x0000000d82c00000]
Native frames: (J=compiled Java code, j=interpreted, Vv=VM code, C=native code)
V  [jvm.dll+0x62e9da]
V  [jvm.dll+0x7bc4e9]
V  [jvm.dll+0x7bdbd8]
V  [jvm.dll+0x7be2b3]
V  [jvm.dll+0x2505a8]
V  [jvm.dll+0x62bcea]
V  [jvm.dll+0x6202a5]
V  [jvm.dll+0x30decc]
V  [jvm.dll+0x30dd52]
V  [jvm.dll+0x312a66]
V  [jvm.dll+0x358b0f]
V  [jvm.dll+0x358540]
V  [jvm.dll+0x2eae38]
V  [jvm.dll+0x2ebf96]
V  [jvm.dll+0x7962f7]
V  [jvm.dll+0x797a7f]
V  [jvm.dll+0x365879]
V  [jvm.dll+0x779130]
V  [jvm.dll+0x3d4c1f]
V  [jvm.dll+0x3d6fb1]
C  [jli.dll+0x5227]
C  [ucrtbase.dll+0x29363]
C  [KERNEL32.DLL+0x126ad]
C  [ntdll.dll+0x5aa68]


---------------  P R O C E S S  ---------------

Threads class SMR info:
_java_thread_list=0x000001e6a5a37830, length=0, elements={
}

Java Threads: ( => current thread )

Other Threads:
  0x000001e6a5c99000 GCTaskThread "GC Thread#0" [stack: 0x0000000d82c00000,0x0000000d82d00000] [id=23216]
  0x000001e6a5cc7000 ConcurrentGCThread "G1 Main Marker" [stack: 0x0000000d82d00000,0x0000000d82e00000] [id=15272]
  0x000001e6a5cc9000 ConcurrentGCThread "G1 Conc#0" [stack: 0x0000000d82e00000,0x0000000d82f00000] [id=6368]

[error occurred during error reporting (printing all threads), id 0xc0000005, EXCEPTION_ACCESS_VIOLATION (0xc0000005) at pc=0x00007ff8f7bca677]

VM state:not at safepoint (not fully initialized)

VM Mutex/Monitor currently owned by a thread:  ([mutex/lock_event])
[0x000001e6a5c7b600] Heap_lock - owner thread: 0x000001e6a5c7f000

Heap address: 0x000000008c000000, size: 1856 MB, Compressed Oops mode: Non-zero based: 0x000000008c000000
Narrow klass base: 0x0000000000000000, Narrow klass shift: 0

GC Heap History (0 events):
No events

Deoptimization events (0 events):
No events

Classes redefined (0 events):
No events

Internal exceptions (0 events):
No events

Events (1 events):
Event: 0.008 Loaded shared library C:\Program Files\Microsoft\jdk-11.0.20.8-hotspot\bin\zip.dll


Dynamic libraries:
0x00007ff643d60000 - 0x00007ff643d6d000 	C:\Program Files\Microsoft\jdk-11.0.20.8-hotspot\bin\java.exe
0x00007ff994350000 - 0x00007ff994564000 	C:\WINDOWS\SYSTEM32\ntdll.dll
0x00007ff993460000 - 0x00007ff993524000 	C:\WINDOWS\System32\KERNEL32.DLL
0x00007ff991aa0000 - 0x00007ff991e44000 	C:\WINDOWS\System32\KERNELBASE.dll
0x00007ff991980000 - 0x00007ff991a91000 	C:\WINDOWS\System32\ucrtbase.dll
0x00007ff94b6f0000 - 0x00007ff94b707000 	C:\Program Files\Microsoft\jdk-11.0.20.8-hotspot\bin\jli.dll
0x00007ff94b6d0000 - 0x00007ff94b6e5000 	C:\Program Files\Microsoft\jdk-11.0.20.8-hotspot\bin\VCRUNTIME140.dll
0x00007ff993a50000 - 0x00007ff993bfa000 	C:\WINDOWS\System32\USER32.dll
0x00007ff97fe90000 - 0x00007ff98011f000 	C:\WINDOWS\WinSxS\amd64_microsoft.windows.common-controls_6595b64144ccf1df_6.0.22621.2070_none_2713e6537381f706\COMCTL32.dll
0x00007ff991e50000 - 0x00007ff991e76000 	C:\WINDOWS\System32\win32u.dll
0x00007ff992670000 - 0x00007ff992717000 	C:\WINDOWS\System32\msvcrt.dll
0x00007ff9938f0000 - 0x00007ff993919000 	C:\WINDOWS\System32\GDI32.dll
0x00007ff991860000 - 0x00007ff991979000 	C:\WINDOWS\System32\gdi32full.dll
0x00007ff991e80000 - 0x00007ff991f1a000 	C:\WINDOWS\System32\msvcp_win.dll
0x00007ff994090000 - 0x00007ff9940c1000 	C:\WINDOWS\System32\IMM32.DLL
0x00007ff94b630000 - 0x00007ff94b6cb000 	C:\Program Files\Microsoft\jdk-11.0.20.8-hotspot\bin\msvcp140.dll
0x00007ff8f78d0000 - 0x00007ff8f8466000 	C:\Program Files\Microsoft\jdk-11.0.20.8-hotspot\bin\server\jvm.dll
0x00007ff992120000 - 0x00007ff9921d0000 	C:\WINDOWS\System32\ADVAPI32.dll
0x00007ff9923d0000 - 0x00007ff992476000 	C:\WINDOWS\System32\sechost.dll
0x00007ff992720000 - 0x00007ff992837000 	C:\WINDOWS\System32\RPCRT4.dll
0x00007ff992110000 - 0x00007ff992118000 	C:\WINDOWS\System32\PSAPI.DLL
0x00007ff94a720000 - 0x00007ff94a729000 	C:\WINDOWS\SYSTEM32\WSOCK32.dll
0x00007ff9890c0000 - 0x00007ff9890f4000 	C:\WINDOWS\SYSTEM32\WINMM.dll
0x00007ff992b60000 - 0x00007ff992bd1000 	C:\WINDOWS\System32\WS2_32.dll
0x00007ff989370000 - 0x00007ff98937a000 	C:\WINDOWS\SYSTEM32\VERSION.dll
0x00007ff990770000 - 0x00007ff990788000 	C:\WINDOWS\SYSTEM32\kernel.appcore.dll
0x00007ff961060000 - 0x00007ff961070000 	C:\Program Files\Microsoft\jdk-11.0.20.8-hotspot\bin\verify.dll
0x00007ff986b60000 - 0x00007ff986d8e000 	C:\WINDOWS\SYSTEM32\DBGHELP.DLL
0x00007ff993540000 - 0x00007ff9938ca000 	C:\WINDOWS\System32\combase.dll
0x00007ff992580000 - 0x00007ff992657000 	C:\WINDOWS\System32\OLEAUT32.dll
0x00007ff986b20000 - 0x00007ff986b52000 	C:\WINDOWS\SYSTEM32\dbgcore.DLL
0x00007ff992090000 - 0x00007ff99210a000 	C:\WINDOWS\System32\bcryptPrimitives.dll
0x00007ff94b600000 - 0x00007ff94b628000 	C:\Program Files\Microsoft\jdk-11.0.20.8-hotspot\bin\java.dll
0x00007ff94b5f0000 - 0x00007ff94b5fa000 	C:\Program Files\Microsoft\jdk-11.0.20.8-hotspot\bin\jimage.dll
0x00007ff94b5d0000 - 0x00007ff94b5e8000 	C:\Program Files\Microsoft\jdk-11.0.20.8-hotspot\bin\zip.dll

dbghelp: loaded successfully - version: 4.0.5 - missing functions: none
symbol engine: initialized successfully - sym options: 0x614 - pdb path: .;C:\Program Files\Microsoft\jdk-11.0.20.8-hotspot\bin;C:\WINDOWS\SYSTEM32;C:\WINDOWS\WinSxS\amd64_microsoft.windows.common-controls_6595b64144ccf1df_6.0.22621.2070_none_2713e6537381f706;C:\Program Files\Microsoft\jdk-11.0.20.8-hotspot\bin\server

VM Arguments:
java_command: org.jetbrains.kotlin.cli.jvm.K2JVMCompiler @E:\Mobile App\App Mobile Course\Project1\ubibuki-mobile\node_modules\react-native-screens\android\build\20230911_15220812250660503745.compiler.options
java_class_path (initial): C:\Users\Admin\.gradle\caches\modules-2\files-2.1\org.jetbrains.kotlin\kotlin-compiler-embeddable\1.6.21\97bdd5a752ce73b58ef16c17bc7f0ea2faff7a2e\kotlin-compiler-embeddable-1.6.21.jar;C:\Users\Admin\.gradle\caches\modules-2\files-2.1\org.jetbrains.kotlin\kotlin-reflect\1.6.21\5dc3574d9b7bebfcb4ec6b10ada4aaa9e140bd0b\kotlin-reflect-1.6.21.jar;C:\Users\Admin\.gradle\caches\modules-2\files-2.1\org.jetbrains.kotlin\kotlin-stdlib\1.6.21\11ef67f1900634fd951bad28c53ec957fabbe5b8\kotlin-stdlib-1.6.21.jar;C:\Users\Admin\.gradle\caches\modules-2\files-2.1\org.jetbrains.kotlin\kotlin-script-runtime\1.6.21\99c6675100da5d6d5b1c5a1032f27f28008d101b\kotlin-script-runtime-1.6.21.jar;C:\Users\Admin\.gradle\caches\modules-2\files-2.1\org.jetbrains.kotlin\kotlin-daemon-embeddable\1.6.21\46b78cf392e1c4f10854c3cadba44abb7b82250f\kotlin-daemon-embeddable-1.6.21.jar;C:\Users\Admin\.gradle\caches\modules-2\files-2.1\org.jetbrains.intellij.deps\trove4j\1.0.20200330\3afb14d5f9ceb459d724e907a21145e8ff394f02\trove4j-1.0.20200330.jar;C:\Users\Admin\.gradle\caches\modules-2\files-2.1\net.java.dev.jna\jna\5.6.0\330f2244e9030119ab3030fc3fededc86713d9cc\jna-5.6.0.jar;C:\Users\Admin\.gradle\caches\modules-2\files-2.1\org.jetbrains.kotlin\kotlin-stdlib-common\1.6.21\5e5b55c26dbc80372a920aef60eb774b714559b8\kotlin-stdlib-common-1.6.21.jar;C:\Users\Admin\.gradle\caches\modules-2\files-2.1\org.jetbrains\annotations\13.0\919f0dfe192fb4e063e7dacadee7f8bb9a2672a9\annotations-13.0.jar
Launcher Type: SUN_STANDARD

[Global flags]
     intx CICompilerCount                          = 12                                        {product} {ergonomic}
     uint ConcGCThreads                            = 3                                         {product} {ergonomic}
     uint G1ConcRefinementThreads                  = 13                                        {product} {ergonomic}
   size_t G1HeapRegionSize                         = 1048576                                   {product} {ergonomic}
    uintx GCDrainStackTargetSize                   = 64                                        {product} {ergonomic}
   size_t InitialHeapSize                          = 121634816                                 {product} {ergonomic}
   size_t MarkStackSize                            = 4194304                                   {product} {ergonomic}
   size_t MaxHeapSize                              = 1946157056                                {product} {ergonomic}
   size_t MinHeapDeltaBytes                        = 1048576                                   {product} {ergonomic}
    uintx NonNMethodCodeHeapSize                   = 7594288                                {pd product} {ergonomic}
    uintx NonProfiledCodeHeapSize                  = 122031976                              {pd product} {ergonomic}
    uintx ProfiledCodeHeapSize                     = 122031976                              {pd product} {ergonomic}
    uintx ReservedCodeCacheSize                    = 251658240                              {pd product} {ergonomic}
     bool SegmentedCodeCache                       = true                                      {product} {ergonomic}
     bool UseCompressedClassPointers               = true                                 {lp64_product} {ergonomic}
     bool UseCompressedOops                        = true                                 {lp64_product} {ergonomic}
     bool UseG1GC                                  = true                                      {product} {ergonomic}
     bool UseLargePagesIndividualAllocation        = false                                  {pd product} {ergonomic}

Logging:
Log output configuration:
 #0: stdout all=warning uptime,level,tags
 #1: stderr all=off uptime,level,tags

Environment Variables:
JAVA_HOME=C:\Program Files\Microsoft\jdk-11.0.20.8-hotspot\
CLASSPATH=E:\Mobile App\App Mobile Course\Project1\ubibuki-mobile\android\\gradle\wrapper\gradle-wrapper.jar
PATH=E:\Mobile App\App Mobile Course\Project1\ubibuki-mobile\node_modules\.bin;E:\Mobile App\App Mobile Course\Project1\node_modules\.bin;E:\Mobile App\App Mobile Course\node_modules\.bin;E:\Mobile App\node_modules\.bin;E:\node_modules\.bin;C:\Users\Admin\AppData\Roaming\npm\node_modules\npm\node_modules\@npmcli\run-script\lib\node-gyp-bin;C:\Program Files\Microsoft\jdk-11.0.20.8-hotspot\bin;C:\Windows\system32;C:\Windows;C:\Windows\System32\Wbem;C:\Windows\System32\WindowsPowerShell\v1.0\;C:\Windows\System32\OpenSSH\;C:\Program Files (x86)\NVIDIA Corporation\PhysX\Common;C:\Program Files\NVIDIA Corporation\NVIDIA NvDLISR;C:\Program Files\dotnet\;C:\WINDOWS\system32;C:\WINDOWS;C:\WINDOWS\System32\Wbem;C:\WINDOWS\System32\WindowsPowerShell\v1.0\;C:\WINDOWS\System32\OpenSSH\;C:\Program Files\Git\cmd;C:\ProgramData\chocolatey\bin;C:\Program Files\nodejs\;C:\Users\Admin\AppData\Local\Programs\Python\Python310\Scripts\;C:\Users\Admin\AppData\Local\Programs\Python\Python310\;C:\Users\Admin\AppData\Local\Microsoft\WindowsApps;C:\Users\Admin\AppData\Local\Programs\Microsoft VS Code\bin;C:\Users\Admin\.dotnet\tools;C:\flutter\bin;C:\Users\Admin\AppData\Local\GitHubDesktop\bin;C:\Program Files\Android\Android Studio\jbr\bin;C:\Users\Admin\AppData\Roaming\npm;C:\Users\Admin\AppData\Local\Android\Sdk;C:\Users\Admin\AppData\Local\Android\Sdk\platform-tools;
USERNAME=Admin
LANG=en_US.UTF-8
OS=Windows_NT
PROCESSOR_IDENTIFIER=AMD64 Family 25 Model 68 Stepping 1, AuthenticAMD
TMP=C:\Users\Admin\AppData\Local\Temp
TEMP=C:\Users\Admin\AppData\Local\Temp



---------------  S Y S T E M  ---------------

OS: Windows 11 , 64 bit Build 22621 (10.0.22621.2070)
OS uptime: 0 days 0:10 hours

CPU:total 16 (initial active 16) (16 cores per cpu, 2 threads per core) family 25 model 68 stepping 1 microcode 0x0, cmov, cx8, fxsr, mmx, sse, sse2, sse3, ssse3, sse4.1, sse4.2, popcnt, avx, avx2, aes, clmul, mmxext, 3dnowpref, lzcnt, sse4a, ht, tsc, tscinvbit, tscinv, bmi1, bmi2, adx, sha, fma

Memory: 4k page, system-wide physical 7421M (77M free)
TotalPageFile size 19695M (AvailPageFile size 93M)
current process WorkingSet (physical memory assigned to process): 10M, peak: 10M
current process commit charge ("private bytes"): 70M, peak: 186M

vm_info: OpenJDK 64-Bit Server VM (11.0.20+8-LTS) for windows-amd64 JRE (11.0.20+8-LTS), built on Jul  7 2023 17:05:21 by "MicrosoftCorporation" with MS VC++ 15.9 (VS2017)

END.
