#
# There is insufficient memory for the Java Runtime Environment to continue.
# Native memory allocation (malloc) failed to allocate 77776 bytes for Chunk::new
# Possible reasons:
#   The system is out of physical RAM or swap space
#   The process is running with CompressedOops enabled, and the Java Heap may be blocking the growth of the native heap
# Possible solutions:
#   Reduce memory load on the system
#   Increase physical memory or swap space
#   Check if swap backing store is full
#   Decrease Java heap size (-Xmx/-Xms)
#   Decrease number of Java threads
#   Decrease Java thread stack sizes (-Xss)
#   Set larger code cache with -XX:ReservedCodeCacheSize=
#   JVM is running with Unscaled Compressed Oops mode in which the Java heap is
#     placed in the first 4GB address space. The Java Heap base address is the
#     maximum limit for the native heap growth. Please use -XX:HeapBaseMinAddress
#     to set the Java Heap base and to place the Java Heap above 4GB virtual address.
# This output file may be truncated or incomplete.
#
#  Out of Memory Error (arena.cpp:197), pid=15048, tid=24600
#
# JRE version: OpenJDK Runtime Environment Microsoft-8035250 (11.0.20+8) (build 11.0.20+8-LTS)
# Java VM: OpenJDK 64-Bit Server VM Microsoft-8035250 (11.0.20+8-LTS, mixed mode, tiered, compressed oops, g1 gc, windows-amd64)
# No core dump will be written. Minidumps are not enabled by default on client versions of Windows
#

---------------  S U M M A R Y ------------

Command Line: org.jetbrains.kotlin.cli.jvm.K2JVMCompiler @E:\Mobile App\App Mobile Course\Project1\ubibuki-mobile\node_modules\react-native-safe-area-context\android\build\20230902_9255528044888373092.compiler.options

Host: AMD Ryzen 7 6800H with Radeon Graphics         , 16 cores, 7G,  Windows 11 , 64 bit Build 22621 (10.0.22621.2070)
Time: Sat Sep  2 19:23:01 2023 SE Asia Standard Time elapsed time: 10.102519 seconds (0d 0h 0m 10s)

---------------  T H R E A D  ---------------

Current thread (0x000002bb789f7000):  JavaThread "C2 CompilerThread1" daemon [_thread_in_native, id=24600, stack(0x000000fcf5900000,0x000000fcf5a00000)]


Current CompileTask:
C2:  10102 10993       4       org.jetbrains.kotlin.load.kotlin.JvmPackagePartProviderBase::getAnnotationsOnBinaryModule (260 bytes)

Stack: [0x000000fcf5900000,0x000000fcf5a00000]
Native frames: (J=compiled Java code, j=interpreted, Vv=VM code, C=native code)
V  [jvm.dll+0x62e9da]
V  [jvm.dll+0x7bc4e9]
V  [jvm.dll+0x7bdbd8]
V  [jvm.dll+0x7be2b3]
V  [jvm.dll+0x2505a8]
V  [jvm.dll+0xc263c]
V  [jvm.dll+0xc2bfc]
V  [jvm.dll+0x51bdcb]
V  [jvm.dll+0x32bf42]
V  [jvm.dll+0x32b24a]
V  [jvm.dll+0x2097e3]
V  [jvm.dll+0x20893d]
V  [jvm.dll+0x18a7de]
V  [jvm.dll+0x2181ec]
V  [jvm.dll+0x21642b]
V  [jvm.dll+0x77efc0]
V  [jvm.dll+0x777db4]
V  [jvm.dll+0x62d845]
C  [ucrtbase.dll+0x29363]
C  [KERNEL32.DLL+0x126ad]
C  [ntdll.dll+0x5aa68]


---------------  P R O C E S S  ---------------

Threads class SMR info:
_java_thread_list=0x000002bb7b038650, length=15, elements={
0x000002bb5710f000, 0x000002bb7665b000, 0x000002bb7665c800, 0x000002bb76ff5800,
0x000002bb76ff7800, 0x000002bb76ff8800, 0x000002bb76ffb800, 0x000002bb76fa0800,
0x000002bb76fa5000, 0x000002bb7713c000, 0x000002bb771a4800, 0x000002bb77643800,
0x000002bb775b5000, 0x000002bb789f7000, 0x000002bb79138800
}

Java Threads: ( => current thread )
  0x000002bb5710f000 JavaThread "main" [_thread_in_vm, id=6828, stack(0x000000fcf4700000,0x000000fcf4800000)]
  0x000002bb7665b000 JavaThread "Reference Handler" daemon [_thread_blocked, id=23264, stack(0x000000fcf4e00000,0x000000fcf4f00000)]
  0x000002bb7665c800 JavaThread "Finalizer" daemon [_thread_blocked, id=22860, stack(0x000000fcf4f00000,0x000000fcf5000000)]
  0x000002bb76ff5800 JavaThread "Signal Dispatcher" daemon [_thread_blocked, id=10464, stack(0x000000fcf5000000,0x000000fcf5100000)]
  0x000002bb76ff7800 JavaThread "Attach Listener" daemon [_thread_blocked, id=10916, stack(0x000000fcf5100000,0x000000fcf5200000)]
  0x000002bb76ff8800 JavaThread "Service Thread" daemon [_thread_blocked, id=1744, stack(0x000000fcf5200000,0x000000fcf5300000)]
  0x000002bb76ffb800 JavaThread "C2 CompilerThread0" daemon [_thread_in_native, id=22336, stack(0x000000fcf5300000,0x000000fcf5400000)]
  0x000002bb76fa0800 JavaThread "C1 CompilerThread0" daemon [_thread_blocked, id=16748, stack(0x000000fcf5400000,0x000000fcf5500000)]
  0x000002bb76fa5000 JavaThread "Sweeper thread" daemon [_thread_blocked, id=18740, stack(0x000000fcf5500000,0x000000fcf5600000)]
  0x000002bb7713c000 JavaThread "C1 CompilerThread1" daemon [_thread_blocked, id=14584, stack(0x000000fcf5600000,0x000000fcf5700000)]
  0x000002bb771a4800 JavaThread "Common-Cleaner" daemon [_thread_blocked, id=23700, stack(0x000000fcf5800000,0x000000fcf5900000)]
  0x000002bb77643800 JavaThread "C1 CompilerThread2" daemon [_thread_blocked, id=21168, stack(0x000000fcf5b00000,0x000000fcf5c00000)]
  0x000002bb775b5000 JavaThread "C1 CompilerThread3" daemon [_thread_blocked, id=22108, stack(0x000000fcf5c00000,0x000000fcf5d00000)]
=>0x000002bb789f7000 JavaThread "C2 CompilerThread1" daemon [_thread_in_native, id=24600, stack(0x000000fcf5900000,0x000000fcf5a00000)]
  0x000002bb79138800 JavaThread "C2 CompilerThread2" daemon [_thread_in_native, id=23068, stack(0x000000fcf5a00000,0x000000fcf5b00000)]

Other Threads:
  0x000002bb76659800 VMThread "VM Thread" [stack: 0x000000fcf4d00000,0x000000fcf4e00000] [id=20772]
  0x000002bb7719b000 WatcherThread [stack: 0x000000fcf5700000,0x000000fcf5800000] [id=23128]
  0x000002bb57129000 GCTaskThread "GC Thread#0" [stack: 0x000000fcf4800000,0x000000fcf4900000] [id=19952]
  0x000002bb7772b800 GCTaskThread "GC Thread#1" [stack: 0x000000fcf5d00000,0x000000fcf5e00000] [id=10528]
  0x000002bb7c027000 GCTaskThread "GC Thread#2" [stack: 0x000000fcf6000000,0x000000fcf6100000] [id=17532]
  0x000002bb57157800 ConcurrentGCThread "G1 Main Marker" [stack: 0x000000fcf4900000,0x000000fcf4a00000] [id=17368]
  0x000002bb57159800 ConcurrentGCThread "G1 Conc#0" [stack: 0x000000fcf4a00000,0x000000fcf4b00000] [id=15932]
  0x000002bb77b43800 ConcurrentGCThread "G1 Conc#1" [stack: 0x000000fcf5e00000,0x000000fcf5f00000] [id=17080]
  0x000002bb777a5800 ConcurrentGCThread "G1 Conc#2" [stack: 0x000000fcf5f00000,0x000000fcf6000000] [id=24140]
  0x000002bb764bf800 ConcurrentGCThread "G1 Refine#0" [stack: 0x000000fcf4b00000,0x000000fcf4c00000] [id=17552]
  0x000002bb764c2000 ConcurrentGCThread "G1 Young RemSet Sampling" [stack: 0x000000fcf4c00000,0x000000fcf4d00000] [id=2160]

Threads with active compile tasks:
C2 CompilerThread0    10119 10958       4       org.jetbrains.kotlin.load.java.components.JavaAnnotationMapper::findMappedJavaAnnotation (134 bytes)
C2 CompilerThread1    10119 10993       4       org.jetbrains.kotlin.load.kotlin.JvmPackagePartProviderBase::getAnnotationsOnBinaryModule (260 bytes)
C2 CompilerThread2    10119 10764       4       org.jetbrains.kotlin.resolve.calls.util.CallUtilKt::getResolvedCall (30 bytes)

VM state:not at safepoint (normal execution)

VM Mutex/Monitor currently owned by a thread: None

Heap address: 0x000000008c000000, size: 1856 MB, Compressed Oops mode: 32-bit
Narrow klass base: 0x0000000000000000, Narrow klass shift: 3
Compressed class space size: 1073741824 Address: 0x0000000100000000

Heap:
 garbage-first heap   total 207872K, used 91648K [0x000000008c000000, 0x0000000100000000)
  region size 1024K, 44 young (45056K), 7 survivors (7168K)
 Metaspace       used 68735K, capacity 69599K, committed 69888K, reserved 1112064K
  class space    used 7600K, capacity 7965K, committed 8012K, reserved 1048576K
Heap Regions: E=young(eden), S=young(survivor), O=old, HS=humongous(starts), HC=humongous(continues), CS=collection set, F=free, A=archive, TAMS=top-at-mark-start (previous, next)
|   0|0x000000008c000000, 0x000000008c100000, 0x000000008c100000|100%|HS|  |TAMS 0x000000008c100000, 0x000000008c000000| Complete 
|   1|0x000000008c100000, 0x000000008c200000, 0x000000008c200000|100%|HC|  |TAMS 0x000000008c200000, 0x000000008c100000| Complete 
|   2|0x000000008c200000, 0x000000008c300000, 0x000000008c300000|100%|HC|  |TAMS 0x000000008c300000, 0x000000008c200000| Complete 
|   3|0x000000008c300000, 0x000000008c400000, 0x000000008c400000|100%|HS|  |TAMS 0x000000008c400000, 0x000000008c300000| Complete 
|   4|0x000000008c400000, 0x000000008c500000, 0x000000008c500000|100%|HC|  |TAMS 0x000000008c500000, 0x000000008c400000| Complete 
|   5|0x000000008c500000, 0x000000008c600000, 0x000000008c600000|100%|HC|  |TAMS 0x000000008c600000, 0x000000008c500000| Complete 
|   6|0x000000008c600000, 0x000000008c700000, 0x000000008c700000|100%|HS|  |TAMS 0x000000008c700000, 0x000000008c600000| Complete 
|   7|0x000000008c700000, 0x000000008c800000, 0x000000008c800000|100%|HC|  |TAMS 0x000000008c800000, 0x000000008c700000| Complete 
|   8|0x000000008c800000, 0x000000008c900000, 0x000000008c900000|100%| O|  |TAMS 0x000000008c900000, 0x000000008c800000| Untracked 
|   9|0x000000008c900000, 0x000000008ca00000, 0x000000008ca00000|100%| O|  |TAMS 0x000000008ca00000, 0x000000008c900000| Untracked 
|  10|0x000000008ca00000, 0x000000008cb00000, 0x000000008cb00000|100%| O|  |TAMS 0x000000008cb00000, 0x000000008ca00000| Untracked 
|  11|0x000000008cb00000, 0x000000008cc00000, 0x000000008cc00000|100%| O|  |TAMS 0x000000008cc00000, 0x000000008cb00000| Untracked 
|  12|0x000000008cc00000, 0x000000008cd00000, 0x000000008cd00000|100%| O|  |TAMS 0x000000008cd00000, 0x000000008cc00000| Untracked 
|  13|0x000000008cd00000, 0x000000008ce00000, 0x000000008ce00000|100%| O|  |TAMS 0x000000008ce00000, 0x000000008cd00000| Untracked 
|  14|0x000000008ce00000, 0x000000008cf00000, 0x000000008cf00000|100%| O|  |TAMS 0x000000008cf00000, 0x000000008ce00000| Untracked 
|  15|0x000000008cf00000, 0x000000008d000000, 0x000000008d000000|100%| O|  |TAMS 0x000000008d000000, 0x000000008cf00000| Untracked 
|  16|0x000000008d000000, 0x000000008d100000, 0x000000008d100000|100%| O|  |TAMS 0x000000008d100000, 0x000000008d000000| Untracked 
|  17|0x000000008d100000, 0x000000008d200000, 0x000000008d200000|100%| O|  |TAMS 0x000000008d200000, 0x000000008d100000| Untracked 
|  18|0x000000008d200000, 0x000000008d300000, 0x000000008d300000|100%| O|  |TAMS 0x000000008d300000, 0x000000008d200000| Untracked 
|  19|0x000000008d300000, 0x000000008d400000, 0x000000008d400000|100%| O|  |TAMS 0x000000008d400000, 0x000000008d300000| Untracked 
|  20|0x000000008d400000, 0x000000008d500000, 0x000000008d500000|100%| O|  |TAMS 0x000000008d500000, 0x000000008d400000| Untracked 
|  21|0x000000008d500000, 0x000000008d600000, 0x000000008d600000|100%| O|  |TAMS 0x000000008d600000, 0x000000008d500000| Untracked 
|  22|0x000000008d600000, 0x000000008d700000, 0x000000008d700000|100%| O|  |TAMS 0x000000008d700000, 0x000000008d600000| Untracked 
|  23|0x000000008d700000, 0x000000008d800000, 0x000000008d800000|100%| O|  |TAMS 0x000000008d800000, 0x000000008d700000| Untracked 
|  24|0x000000008d800000, 0x000000008d900000, 0x000000008d900000|100%| O|  |TAMS 0x000000008d900000, 0x000000008d800000| Untracked 
|  25|0x000000008d900000, 0x000000008da00000, 0x000000008da00000|100%| O|  |TAMS 0x000000008d9f3000, 0x000000008d900000| Untracked 
|  26|0x000000008da00000, 0x000000008db00000, 0x000000008db00000|100%| O|  |TAMS 0x000000008da00000, 0x000000008da00000| Untracked 
|  27|0x000000008db00000, 0x000000008dc00000, 0x000000008dc00000|100%| O|  |TAMS 0x000000008db00000, 0x000000008db00000| Untracked 
|  28|0x000000008dc00000, 0x000000008dd00000, 0x000000008dd00000|100%| O|  |TAMS 0x000000008dc00000, 0x000000008dc00000| Untracked 
|  29|0x000000008dd00000, 0x000000008de00000, 0x000000008de00000|100%| O|  |TAMS 0x000000008dd00000, 0x000000008dd00000| Untracked 
|  30|0x000000008de00000, 0x000000008df00000, 0x000000008df00000|100%| O|  |TAMS 0x000000008de00000, 0x000000008de00000| Untracked 
|  31|0x000000008df00000, 0x000000008e000000, 0x000000008e000000|100%| O|  |TAMS 0x000000008df00000, 0x000000008df00000| Untracked 
|  32|0x000000008e000000, 0x000000008e100000, 0x000000008e100000|100%| O|  |TAMS 0x000000008e000000, 0x000000008e000000| Untracked 
|  33|0x000000008e100000, 0x000000008e200000, 0x000000008e200000|100%| O|  |TAMS 0x000000008e100000, 0x000000008e100000| Untracked 
|  34|0x000000008e200000, 0x000000008e300000, 0x000000008e300000|100%| O|  |TAMS 0x000000008e200000, 0x000000008e200000| Untracked 
|  35|0x000000008e300000, 0x000000008e400000, 0x000000008e400000|100%| O|  |TAMS 0x000000008e300000, 0x000000008e300000| Untracked 
|  36|0x000000008e400000, 0x000000008e500000, 0x000000008e500000|100%| O|  |TAMS 0x000000008e400000, 0x000000008e400000| Untracked 
|  37|0x000000008e500000, 0x000000008e600000, 0x000000008e600000|100%| O|  |TAMS 0x000000008e500000, 0x000000008e500000| Untracked 
|  38|0x000000008e600000, 0x000000008e700000, 0x000000008e700000|100%| O|  |TAMS 0x000000008e600000, 0x000000008e600000| Untracked 
|  39|0x000000008e700000, 0x000000008e800000, 0x000000008e800000|100%| O|  |TAMS 0x000000008e700000, 0x000000008e700000| Untracked 
|  40|0x000000008e800000, 0x000000008e900000, 0x000000008e900000|100%| O|  |TAMS 0x000000008e800000, 0x000000008e800000| Untracked 
|  41|0x000000008e900000, 0x000000008ea00000, 0x000000008ea00000|100%| O|  |TAMS 0x000000008e900000, 0x000000008e900000| Untracked 
|  42|0x000000008ea00000, 0x000000008eb00000, 0x000000008eb00000|100%| O|  |TAMS 0x000000008ea00000, 0x000000008ea00000| Untracked 
|  43|0x000000008eb00000, 0x000000008ec00000, 0x000000008ec00000|100%| O|  |TAMS 0x000000008eb00000, 0x000000008eb00000| Untracked 
|  44|0x000000008ec00000, 0x000000008ed00000, 0x000000008ed00000|100%| O|  |TAMS 0x000000008ec00000, 0x000000008ec00000| Untracked 
|  45|0x000000008ed00000, 0x000000008ed80000, 0x000000008ee00000| 50%| O|  |TAMS 0x000000008ed00000, 0x000000008ed00000| Untracked 
|  46|0x000000008ee00000, 0x000000008ef00000, 0x000000008ef00000|100%|HS|  |TAMS 0x000000008ee00000, 0x000000008ee00000| Complete 
|  47|0x000000008ef00000, 0x000000008ef00000, 0x000000008f000000|  0%| F|  |TAMS 0x000000008ef00000, 0x000000008ef00000| Untracked 
|  48|0x000000008f000000, 0x000000008f000000, 0x000000008f100000|  0%| F|  |TAMS 0x000000008f000000, 0x000000008f000000| Untracked 
|  49|0x000000008f100000, 0x000000008f100000, 0x000000008f200000|  0%| F|  |TAMS 0x000000008f100000, 0x000000008f100000| Untracked 
|  50|0x000000008f200000, 0x000000008f200000, 0x000000008f300000|  0%| F|  |TAMS 0x000000008f200000, 0x000000008f200000| Untracked 
|  51|0x000000008f300000, 0x000000008f300000, 0x000000008f400000|  0%| F|  |TAMS 0x000000008f300000, 0x000000008f300000| Untracked 
|  52|0x000000008f400000, 0x000000008f400000, 0x000000008f500000|  0%| F|  |TAMS 0x000000008f400000, 0x000000008f400000| Untracked 
|  53|0x000000008f500000, 0x000000008f500000, 0x000000008f600000|  0%| F|  |TAMS 0x000000008f500000, 0x000000008f500000| Untracked 
|  54|0x000000008f600000, 0x000000008f600000, 0x000000008f700000|  0%| F|  |TAMS 0x000000008f600000, 0x000000008f600000| Untracked 
|  55|0x000000008f700000, 0x000000008f700000, 0x000000008f800000|  0%| F|  |TAMS 0x000000008f700000, 0x000000008f700000| Untracked 
|  56|0x000000008f800000, 0x000000008f800000, 0x000000008f900000|  0%| F|  |TAMS 0x000000008f800000, 0x000000008f800000| Untracked 
|  57|0x000000008f900000, 0x000000008f900000, 0x000000008fa00000|  0%| F|  |TAMS 0x000000008f900000, 0x000000008f900000| Untracked 
|  58|0x000000008fa00000, 0x000000008fa00000, 0x000000008fb00000|  0%| F|  |TAMS 0x000000008fa00000, 0x000000008fa00000| Untracked 
|  59|0x000000008fb00000, 0x000000008fb00000, 0x000000008fc00000|  0%| F|  |TAMS 0x000000008fb00000, 0x000000008fb00000| Untracked 
|  60|0x000000008fc00000, 0x000000008fc00000, 0x000000008fd00000|  0%| F|  |TAMS 0x000000008fc00000, 0x000000008fc00000| Untracked 
|  61|0x000000008fd00000, 0x000000008fd00000, 0x000000008fe00000|  0%| F|  |TAMS 0x000000008fd00000, 0x000000008fd00000| Untracked 
|  62|0x000000008fe00000, 0x000000008fe00000, 0x000000008ff00000|  0%| F|  |TAMS 0x000000008fe00000, 0x000000008fe00000| Untracked 
|  63|0x000000008ff00000, 0x000000008ff00000, 0x0000000090000000|  0%| F|  |TAMS 0x000000008ff00000, 0x000000008ff00000| Untracked 
|  64|0x0000000090000000, 0x0000000090000000, 0x0000000090100000|  0%| F|  |TAMS 0x0000000090000000, 0x0000000090000000| Untracked 
|  65|0x0000000090100000, 0x0000000090100000, 0x0000000090200000|  0%| F|  |TAMS 0x0000000090100000, 0x0000000090100000| Untracked 
|  66|0x0000000090200000, 0x0000000090200000, 0x0000000090300000|  0%| F|  |TAMS 0x0000000090200000, 0x0000000090200000| Untracked 
|  67|0x0000000090300000, 0x0000000090300000, 0x0000000090400000|  0%| F|  |TAMS 0x0000000090300000, 0x0000000090300000| Untracked 
|  68|0x0000000090400000, 0x0000000090400000, 0x0000000090500000|  0%| F|  |TAMS 0x0000000090400000, 0x0000000090400000| Untracked 
|  69|0x0000000090500000, 0x0000000090500000, 0x0000000090600000|  0%| F|  |TAMS 0x0000000090500000, 0x0000000090500000| Untracked 
|  70|0x0000000090600000, 0x0000000090600000, 0x0000000090700000|  0%| F|  |TAMS 0x0000000090600000, 0x0000000090600000| Untracked 
|  71|0x0000000090700000, 0x0000000090700000, 0x0000000090800000|  0%| F|  |TAMS 0x0000000090700000, 0x0000000090700000| Untracked 
|  72|0x0000000090800000, 0x0000000090800000, 0x0000000090900000|  0%| F|  |TAMS 0x0000000090800000, 0x0000000090800000| Untracked 
|  73|0x0000000090900000, 0x0000000090900000, 0x0000000090a00000|  0%| F|  |TAMS 0x0000000090900000, 0x0000000090900000| Untracked 
|  74|0x0000000090a00000, 0x0000000090a00000, 0x0000000090b00000|  0%| F|  |TAMS 0x0000000090a00000, 0x0000000090a00000| Untracked 
|  75|0x0000000090b00000, 0x0000000090b00000, 0x0000000090c00000|  0%| F|  |TAMS 0x0000000090b00000, 0x0000000090b00000| Untracked 
|  76|0x0000000090c00000, 0x0000000090c00000, 0x0000000090d00000|  0%| F|  |TAMS 0x0000000090c00000, 0x0000000090c00000| Untracked 
|  77|0x0000000090d00000, 0x0000000090d00000, 0x0000000090e00000|  0%| F|  |TAMS 0x0000000090d00000, 0x0000000090d00000| Untracked 
|  78|0x0000000090e00000, 0x0000000090e00000, 0x0000000090f00000|  0%| F|  |TAMS 0x0000000090e00000, 0x0000000090e00000| Untracked 
|  79|0x0000000090f00000, 0x0000000090f00000, 0x0000000091000000|  0%| F|  |TAMS 0x0000000090f00000, 0x0000000090f00000| Untracked 
|  80|0x0000000091000000, 0x0000000091000000, 0x0000000091100000|  0%| F|  |TAMS 0x0000000091000000, 0x0000000091000000| Untracked 
|  81|0x0000000091100000, 0x0000000091100000, 0x0000000091200000|  0%| F|  |TAMS 0x0000000091100000, 0x0000000091100000| Untracked 
|  82|0x0000000091200000, 0x0000000091200000, 0x0000000091300000|  0%| F|  |TAMS 0x0000000091200000, 0x0000000091200000| Untracked 
|  83|0x0000000091300000, 0x0000000091300000, 0x0000000091400000|  0%| F|  |TAMS 0x0000000091300000, 0x0000000091300000| Untracked 
|  84|0x0000000091400000, 0x0000000091400000, 0x0000000091500000|  0%| F|  |TAMS 0x0000000091400000, 0x0000000091400000| Untracked 
|  85|0x0000000091500000, 0x0000000091500000, 0x0000000091600000|  0%| F|  |TAMS 0x0000000091500000, 0x0000000091500000| Untracked 
|  86|0x0000000091600000, 0x0000000091600000, 0x0000000091700000|  0%| F|  |TAMS 0x0000000091600000, 0x0000000091600000| Untracked 
|  87|0x0000000091700000, 0x0000000091700000, 0x0000000091800000|  0%| F|  |TAMS 0x0000000091700000, 0x0000000091700000| Untracked 
|  88|0x0000000091800000, 0x0000000091800000, 0x0000000091900000|  0%| F|  |TAMS 0x0000000091800000, 0x0000000091800000| Untracked 
|  89|0x0000000091900000, 0x0000000091900000, 0x0000000091a00000|  0%| F|  |TAMS 0x0000000091900000, 0x0000000091900000| Untracked 
|  90|0x0000000091a00000, 0x0000000091a00000, 0x0000000091b00000|  0%| F|  |TAMS 0x0000000091a00000, 0x0000000091a00000| Untracked 
|  91|0x0000000091b00000, 0x0000000091c00000, 0x0000000091c00000|100%| S|CS|TAMS 0x0000000091b00000, 0x0000000091b00000| Complete 
|  92|0x0000000091c00000, 0x0000000091d00000, 0x0000000091d00000|100%| S|CS|TAMS 0x0000000091c00000, 0x0000000091c00000| Complete 
|  93|0x0000000091d00000, 0x0000000091e00000, 0x0000000091e00000|100%| S|CS|TAMS 0x0000000091d00000, 0x0000000091d00000| Complete 
|  94|0x0000000091e00000, 0x0000000091f00000, 0x0000000091f00000|100%| S|CS|TAMS 0x0000000091e00000, 0x0000000091e00000| Complete 
|  95|0x0000000091f00000, 0x0000000092000000, 0x0000000092000000|100%| S|CS|TAMS 0x0000000091f00000, 0x0000000091f00000| Complete 
|  96|0x0000000092000000, 0x0000000092100000, 0x0000000092100000|100%| S|CS|TAMS 0x0000000092000000, 0x0000000092000000| Complete 
|  97|0x0000000092100000, 0x0000000092200000, 0x0000000092200000|100%| S|CS|TAMS 0x0000000092100000, 0x0000000092100000| Complete 
|  98|0x0000000092200000, 0x0000000092200000, 0x0000000092300000|  0%| F|  |TAMS 0x0000000092200000, 0x0000000092200000| Untracked 
|  99|0x0000000092300000, 0x0000000092300000, 0x0000000092400000|  0%| F|  |TAMS 0x0000000092300000, 0x0000000092300000| Untracked 
| 100|0x0000000092400000, 0x0000000092400000, 0x0000000092500000|  0%| F|  |TAMS 0x0000000092400000, 0x0000000092400000| Untracked 
| 101|0x0000000092500000, 0x0000000092500000, 0x0000000092600000|  0%| F|  |TAMS 0x0000000092500000, 0x0000000092500000| Untracked 
| 102|0x0000000092600000, 0x0000000092600000, 0x0000000092700000|  0%| F|  |TAMS 0x0000000092600000, 0x0000000092600000| Untracked 
| 103|0x0000000092700000, 0x0000000092700000, 0x0000000092800000|  0%| F|  |TAMS 0x0000000092700000, 0x0000000092700000| Untracked 
| 104|0x0000000092800000, 0x0000000092800000, 0x0000000092900000|  0%| F|  |TAMS 0x0000000092800000, 0x0000000092800000| Untracked 
| 105|0x0000000092900000, 0x0000000092900000, 0x0000000092a00000|  0%| F|  |TAMS 0x0000000092900000, 0x0000000092900000| Untracked 
| 106|0x0000000092a00000, 0x0000000092a00000, 0x0000000092b00000|  0%| F|  |TAMS 0x0000000092a00000, 0x0000000092a00000| Untracked 
| 107|0x0000000092b00000, 0x0000000092b00000, 0x0000000092c00000|  0%| F|  |TAMS 0x0000000092b00000, 0x0000000092b00000| Untracked 
| 108|0x0000000092c00000, 0x0000000092c00000, 0x0000000092d00000|  0%| F|  |TAMS 0x0000000092c00000, 0x0000000092c00000| Untracked 
| 109|0x0000000092d00000, 0x0000000092d00000, 0x0000000092e00000|  0%| F|  |TAMS 0x0000000092d00000, 0x0000000092d00000| Untracked 
| 110|0x0000000092e00000, 0x0000000092e00000, 0x0000000092f00000|  0%| F|  |TAMS 0x0000000092e00000, 0x0000000092e00000| Untracked 
| 111|0x0000000092f00000, 0x0000000092f00000, 0x0000000093000000|  0%| F|  |TAMS 0x0000000092f00000, 0x0000000092f00000| Untracked 
| 112|0x0000000093000000, 0x0000000093000000, 0x0000000093100000|  0%| F|  |TAMS 0x0000000093000000, 0x0000000093000000| Untracked 
| 113|0x0000000093100000, 0x0000000093100000, 0x0000000093200000|  0%| F|  |TAMS 0x0000000093100000, 0x0000000093100000| Untracked 
| 114|0x0000000093200000, 0x0000000093200000, 0x0000000093300000|  0%| F|  |TAMS 0x0000000093200000, 0x0000000093200000| Untracked 
| 115|0x0000000093300000, 0x0000000093300000, 0x0000000093400000|  0%| F|  |TAMS 0x0000000093300000, 0x0000000093300000| Untracked 
| 116|0x0000000093400000, 0x0000000093400000, 0x0000000093500000|  0%| F|  |TAMS 0x0000000093400000, 0x0000000093400000| Untracked 
| 117|0x0000000093500000, 0x0000000093500000, 0x0000000093600000|  0%| F|  |TAMS 0x0000000093500000, 0x0000000093500000| Untracked 
| 118|0x0000000093600000, 0x0000000093600000, 0x0000000093700000|  0%| F|  |TAMS 0x0000000093600000, 0x0000000093600000| Untracked 
| 119|0x0000000093700000, 0x0000000093700000, 0x0000000093800000|  0%| F|  |TAMS 0x0000000093700000, 0x0000000093700000| Untracked 
| 120|0x0000000093800000, 0x0000000093800000, 0x0000000093900000|  0%| F|  |TAMS 0x0000000093800000, 0x0000000093800000| Untracked 
| 121|0x0000000093900000, 0x0000000093900000, 0x0000000093a00000|  0%| F|  |TAMS 0x0000000093900000, 0x0000000093900000| Untracked 
| 122|0x0000000093a00000, 0x0000000093a00000, 0x0000000093b00000|  0%| F|  |TAMS 0x0000000093a00000, 0x0000000093a00000| Untracked 
| 123|0x0000000093b00000, 0x0000000093b00000, 0x0000000093c00000|  0%| F|  |TAMS 0x0000000093b00000, 0x0000000093b00000| Untracked 
| 124|0x0000000093c00000, 0x0000000093c00000, 0x0000000093d00000|  0%| F|  |TAMS 0x0000000093c00000, 0x0000000093c00000| Untracked 
| 125|0x0000000093d00000, 0x0000000093d00000, 0x0000000093e00000|  0%| F|  |TAMS 0x0000000093d00000, 0x0000000093d00000| Untracked 
| 126|0x0000000093e00000, 0x0000000093e00000, 0x0000000093f00000|  0%| F|  |TAMS 0x0000000093e00000, 0x0000000093e00000| Untracked 
| 127|0x0000000093f00000, 0x0000000093f00000, 0x0000000094000000|  0%| F|  |TAMS 0x0000000093f00000, 0x0000000093f00000| Untracked 
| 128|0x0000000094000000, 0x0000000094000000, 0x0000000094100000|  0%| F|  |TAMS 0x0000000094000000, 0x0000000094000000| Untracked 
| 129|0x0000000094100000, 0x0000000094100000, 0x0000000094200000|  0%| F|  |TAMS 0x0000000094100000, 0x0000000094100000| Untracked 
| 130|0x0000000094200000, 0x0000000094200000, 0x0000000094300000|  0%| F|  |TAMS 0x0000000094200000, 0x0000000094200000| Untracked 
| 131|0x0000000094300000, 0x0000000094300000, 0x0000000094400000|  0%| F|  |TAMS 0x0000000094300000, 0x0000000094300000| Untracked 
| 132|0x0000000094400000, 0x0000000094400000, 0x0000000094500000|  0%| F|  |TAMS 0x0000000094400000, 0x0000000094400000| Untracked 
| 133|0x0000000094500000, 0x0000000094500000, 0x0000000094600000|  0%| F|  |TAMS 0x0000000094500000, 0x0000000094500000| Untracked 
| 134|0x0000000094600000, 0x0000000094600000, 0x0000000094700000|  0%| F|  |TAMS 0x0000000094600000, 0x0000000094600000| Untracked 
| 135|0x0000000094700000, 0x0000000094700000, 0x0000000094800000|  0%| F|  |TAMS 0x0000000094700000, 0x0000000094700000| Untracked 
| 136|0x0000000094800000, 0x0000000094800000, 0x0000000094900000|  0%| F|  |TAMS 0x0000000094800000, 0x0000000094800000| Untracked 
| 137|0x0000000094900000, 0x0000000094900000, 0x0000000094a00000|  0%| F|  |TAMS 0x0000000094900000, 0x0000000094900000| Untracked 
| 138|0x0000000094a00000, 0x0000000094a00000, 0x0000000094b00000|  0%| F|  |TAMS 0x0000000094a00000, 0x0000000094a00000| Untracked 
| 139|0x0000000094b00000, 0x0000000094b00000, 0x0000000094c00000|  0%| F|  |TAMS 0x0000000094b00000, 0x0000000094b00000| Untracked 
| 140|0x0000000094c00000, 0x0000000094c00000, 0x0000000094d00000|  0%| F|  |TAMS 0x0000000094c00000, 0x0000000094c00000| Untracked 
| 141|0x0000000094d00000, 0x0000000094d00000, 0x0000000094e00000|  0%| F|  |TAMS 0x0000000094d00000, 0x0000000094d00000| Untracked 
| 142|0x0000000094e00000, 0x0000000094e00000, 0x0000000094f00000|  0%| F|  |TAMS 0x0000000094e00000, 0x0000000094e00000| Untracked 
| 143|0x0000000094f00000, 0x0000000094f00000, 0x0000000095000000|  0%| F|  |TAMS 0x0000000094f00000, 0x0000000094f00000| Untracked 
| 144|0x0000000095000000, 0x0000000095000000, 0x0000000095100000|  0%| F|  |TAMS 0x0000000095000000, 0x0000000095000000| Untracked 
| 145|0x0000000095100000, 0x0000000095100000, 0x0000000095200000|  0%| F|  |TAMS 0x0000000095100000, 0x0000000095100000| Untracked 
| 146|0x0000000095200000, 0x0000000095200000, 0x0000000095300000|  0%| F|  |TAMS 0x0000000095200000, 0x0000000095200000| Untracked 
| 147|0x0000000095300000, 0x0000000095300000, 0x0000000095400000|  0%| F|  |TAMS 0x0000000095300000, 0x0000000095300000| Untracked 
| 148|0x0000000095400000, 0x0000000095400000, 0x0000000095500000|  0%| F|  |TAMS 0x0000000095400000, 0x0000000095400000| Untracked 
| 149|0x0000000095500000, 0x0000000095500000, 0x0000000095600000|  0%| F|  |TAMS 0x0000000095500000, 0x0000000095500000| Untracked 
| 150|0x0000000095600000, 0x0000000095600000, 0x0000000095700000|  0%| F|  |TAMS 0x0000000095600000, 0x0000000095600000| Untracked 
| 151|0x0000000095700000, 0x0000000095700000, 0x0000000095800000|  0%| F|  |TAMS 0x0000000095700000, 0x0000000095700000| Untracked 
| 152|0x0000000095800000, 0x0000000095800000, 0x0000000095900000|  0%| F|  |TAMS 0x0000000095800000, 0x0000000095800000| Untracked 
| 153|0x0000000095900000, 0x0000000095900000, 0x0000000095a00000|  0%| F|  |TAMS 0x0000000095900000, 0x0000000095900000| Untracked 
| 154|0x0000000095a00000, 0x0000000095a00000, 0x0000000095b00000|  0%| F|  |TAMS 0x0000000095a00000, 0x0000000095a00000| Untracked 
| 155|0x0000000095b00000, 0x0000000095b00000, 0x0000000095c00000|  0%| F|  |TAMS 0x0000000095b00000, 0x0000000095b00000| Untracked 
| 156|0x0000000095c00000, 0x0000000095c00000, 0x0000000095d00000|  0%| F|  |TAMS 0x0000000095c00000, 0x0000000095c00000| Untracked 
| 157|0x0000000095d00000, 0x0000000095d00000, 0x0000000095e00000|  0%| F|  |TAMS 0x0000000095d00000, 0x0000000095d00000| Untracked 
| 158|0x0000000095e00000, 0x0000000095e00000, 0x0000000095f00000|  0%| F|  |TAMS 0x0000000095e00000, 0x0000000095e00000| Untracked 
| 159|0x0000000095f00000, 0x0000000095f00000, 0x0000000096000000|  0%| F|  |TAMS 0x0000000095f00000, 0x0000000095f00000| Untracked 
| 160|0x0000000096000000, 0x0000000096000000, 0x0000000096100000|  0%| F|  |TAMS 0x0000000096000000, 0x0000000096000000| Untracked 
| 161|0x0000000096100000, 0x0000000096100000, 0x0000000096200000|  0%| F|  |TAMS 0x0000000096100000, 0x0000000096100000| Untracked 
| 162|0x0000000096200000, 0x0000000096200000, 0x0000000096300000|  0%| F|  |TAMS 0x0000000096200000, 0x0000000096200000| Untracked 
| 163|0x0000000096300000, 0x0000000096300000, 0x0000000096400000|  0%| F|  |TAMS 0x0000000096300000, 0x0000000096300000| Untracked 
| 164|0x0000000096400000, 0x0000000096400000, 0x0000000096500000|  0%| F|  |TAMS 0x0000000096400000, 0x0000000096400000| Untracked 
| 165|0x0000000096500000, 0x0000000096500000, 0x0000000096600000|  0%| F|  |TAMS 0x0000000096500000, 0x0000000096500000| Untracked 
| 166|0x0000000096600000, 0x0000000096680800, 0x0000000096700000| 50%| E|  |TAMS 0x0000000096600000, 0x0000000096600000| Complete 
| 167|0x0000000096700000, 0x0000000096800000, 0x0000000096800000|100%| E|CS|TAMS 0x0000000096700000, 0x0000000096700000| Complete 
| 168|0x0000000096800000, 0x0000000096900000, 0x0000000096900000|100%| E|CS|TAMS 0x0000000096800000, 0x0000000096800000| Complete 
| 169|0x0000000096900000, 0x0000000096a00000, 0x0000000096a00000|100%| E|CS|TAMS 0x0000000096900000, 0x0000000096900000| Complete 
| 170|0x0000000096a00000, 0x0000000096b00000, 0x0000000096b00000|100%| E|CS|TAMS 0x0000000096a00000, 0x0000000096a00000| Complete 
| 171|0x0000000096b00000, 0x0000000096c00000, 0x0000000096c00000|100%| E|CS|TAMS 0x0000000096b00000, 0x0000000096b00000| Complete 
| 172|0x0000000096c00000, 0x0000000096d00000, 0x0000000096d00000|100%| E|CS|TAMS 0x0000000096c00000, 0x0000000096c00000| Complete 
| 173|0x0000000096d00000, 0x0000000096e00000, 0x0000000096e00000|100%| E|CS|TAMS 0x0000000096d00000, 0x0000000096d00000| Complete 
| 174|0x0000000096e00000, 0x0000000096f00000, 0x0000000096f00000|100%| E|CS|TAMS 0x0000000096e00000, 0x0000000096e00000| Complete 
| 175|0x0000000096f00000, 0x0000000097000000, 0x0000000097000000|100%| E|CS|TAMS 0x0000000096f00000, 0x0000000096f00000| Complete 
| 176|0x0000000097000000, 0x0000000097100000, 0x0000000097100000|100%| E|CS|TAMS 0x0000000097000000, 0x0000000097000000| Complete 
| 177|0x0000000097100000, 0x0000000097200000, 0x0000000097200000|100%| E|CS|TAMS 0x0000000097100000, 0x0000000097100000| Complete 
| 178|0x0000000097200000, 0x0000000097300000, 0x0000000097300000|100%| E|CS|TAMS 0x0000000097200000, 0x0000000097200000| Complete 
| 179|0x0000000097300000, 0x0000000097400000, 0x0000000097400000|100%| E|CS|TAMS 0x0000000097300000, 0x0000000097300000| Complete 
| 180|0x0000000097400000, 0x0000000097500000, 0x0000000097500000|100%| E|CS|TAMS 0x0000000097400000, 0x0000000097400000| Complete 
| 181|0x0000000097500000, 0x0000000097600000, 0x0000000097600000|100%| E|CS|TAMS 0x0000000097500000, 0x0000000097500000| Complete 
| 182|0x0000000097600000, 0x0000000097700000, 0x0000000097700000|100%| E|CS|TAMS 0x0000000097600000, 0x0000000097600000| Complete 
| 183|0x0000000097700000, 0x0000000097800000, 0x0000000097800000|100%| E|CS|TAMS 0x0000000097700000, 0x0000000097700000| Complete 
| 184|0x0000000097800000, 0x0000000097900000, 0x0000000097900000|100%| E|CS|TAMS 0x0000000097800000, 0x0000000097800000| Complete 
| 185|0x0000000097900000, 0x0000000097a00000, 0x0000000097a00000|100%| E|CS|TAMS 0x0000000097900000, 0x0000000097900000| Complete 
| 186|0x0000000097a00000, 0x0000000097b00000, 0x0000000097b00000|100%| E|CS|TAMS 0x0000000097a00000, 0x0000000097a00000| Complete 
| 187|0x0000000097b00000, 0x0000000097c00000, 0x0000000097c00000|100%| E|CS|TAMS 0x0000000097b00000, 0x0000000097b00000| Complete 
| 188|0x0000000097c00000, 0x0000000097d00000, 0x0000000097d00000|100%| E|CS|TAMS 0x0000000097c00000, 0x0000000097c00000| Complete 
| 189|0x0000000097d00000, 0x0000000097e00000, 0x0000000097e00000|100%| E|CS|TAMS 0x0000000097d00000, 0x0000000097d00000| Complete 
| 190|0x0000000097e00000, 0x0000000097f00000, 0x0000000097f00000|100%| E|CS|TAMS 0x0000000097e00000, 0x0000000097e00000| Complete 
| 191|0x0000000097f00000, 0x0000000098000000, 0x0000000098000000|100%| E|CS|TAMS 0x0000000097f00000, 0x0000000097f00000| Complete 
| 192|0x0000000098000000, 0x0000000098100000, 0x0000000098100000|100%| E|CS|TAMS 0x0000000098000000, 0x0000000098000000| Complete 
| 193|0x0000000098100000, 0x0000000098200000, 0x0000000098200000|100%| E|CS|TAMS 0x0000000098100000, 0x0000000098100000| Complete 
| 194|0x0000000098200000, 0x0000000098300000, 0x0000000098300000|100%| E|CS|TAMS 0x0000000098200000, 0x0000000098200000| Complete 
| 195|0x0000000098300000, 0x0000000098400000, 0x0000000098400000|100%| E|CS|TAMS 0x0000000098300000, 0x0000000098300000| Complete 
| 196|0x0000000098400000, 0x0000000098500000, 0x0000000098500000|100%| E|CS|TAMS 0x0000000098400000, 0x0000000098400000| Complete 
| 197|0x0000000098500000, 0x0000000098600000, 0x0000000098600000|100%| E|CS|TAMS 0x0000000098500000, 0x0000000098500000| Complete 
| 198|0x0000000098600000, 0x0000000098700000, 0x0000000098700000|100%| E|CS|TAMS 0x0000000098600000, 0x0000000098600000| Complete 
| 199|0x0000000098700000, 0x0000000098800000, 0x0000000098800000|100%| E|CS|TAMS 0x0000000098700000, 0x0000000098700000| Complete 
| 200|0x0000000098800000, 0x0000000098900000, 0x0000000098900000|100%| E|CS|TAMS 0x0000000098800000, 0x0000000098800000| Complete 
| 201|0x0000000098900000, 0x0000000098a00000, 0x0000000098a00000|100%| E|CS|TAMS 0x0000000098900000, 0x0000000098900000| Complete 
| 202|0x0000000098a00000, 0x0000000098b00000, 0x0000000098b00000|100%| E|CS|TAMS 0x0000000098a00000, 0x0000000098a00000| Complete 

Card table byte_map: [0x000002bb6f4b0000,0x000002bb6f850000] _byte_map_base: 0x000002bb6f050000

Marking Bits (Prev, Next): (CMBitMap*) 0x000002bb5714f450, (CMBitMap*) 0x000002bb5714f418
 Prev Bits: [0x000002bb718f0000, 0x000002bb735f0000)
 Next Bits: [0x000002bb6fbf0000, 0x000002bb718f0000)

Polling page: 0x000002bb55120000

Metaspace:

Usage:
  Non-class:     60.19 MB capacity,    59.71 MB (>99%) used,   371.16 KB ( <1%) free+waste,   121.69 KB ( <1%) overhead. 
      Class:      7.78 MB capacity,     7.42 MB ( 95%) used,   310.67 KB (  4%) free+waste,    52.69 KB ( <1%) overhead. 
       Both:     67.97 MB capacity,    67.13 MB ( 99%) used,   681.84 KB ( <1%) free+waste,   174.38 KB ( <1%) overhead. 

Virtual space:
  Non-class space:       62.00 MB reserved,      60.43 MB ( 97%) committed 
      Class space:        1.00 GB reserved,       7.82 MB ( <1%) committed 
             Both:        1.06 GB reserved,      68.25 MB (  6%) committed 

Chunk freelists:
   Non-Class:  50.00 KB
       Class:  3.00 KB
        Both:  53.00 KB

MaxMetaspaceSize: 17179869184.00 GB
CompressedClassSpaceSize: 1.00 GB
Initial GC threshold: 20.80 MB
Current GC threshold: 98.54 MB
CDS: off

CodeHeap 'non-profiled nmethods': size=119168Kb used=5216Kb max_used=5216Kb free=113951Kb
 bounds [0x000002bb67420000, 0x000002bb67940000, 0x000002bb6e880000]
CodeHeap 'profiled nmethods': size=119168Kb used=34358Kb max_used=34358Kb free=84810Kb
 bounds [0x000002bb5ffc0000, 0x000002bb62150000, 0x000002bb67420000]
CodeHeap 'non-nmethods': size=7424Kb used=2998Kb max_used=3058Kb free=4426Kb
 bounds [0x000002bb5f880000, 0x000002bb5fb90000, 0x000002bb5ffc0000]
 total_blobs=11540 nmethods=10948 adapters=498
 compilation: enabled
              stopped_count=0, restarted_count=0
 full_count=0

Compilation events (20 events):
Event: 10.097 Thread 0x000002bb76fa0800 11047       3       org.jetbrains.kotlin.resolve.checkers.DeprecatedClassifierUsageChecker::check (94 bytes)
Event: 10.097 Thread 0x000002bb7713c000 11048       3       org.jetbrains.kotlin.resolve.checkers.ApiVersionClassifierUsageChecker::check (82 bytes)
Event: 10.097 Thread 0x000002bb775b5000 11049       3       org.jetbrains.kotlin.resolve.checkers.MissingDependencyClassChecker$ClassifierUsage::check (136 bytes)
Event: 10.097 Thread 0x000002bb77643800 11050       3       org.jetbrains.kotlin.resolve.checkers.MissingDependencyClassChecker::access$diagnosticFor (7 bytes)
Event: 10.097 Thread 0x000002bb77643800 nmethod 11050 0x000002bb62124390 code [0x000002bb62124540, 0x000002bb62124648]
Event: 10.097 Thread 0x000002bb77643800 11051       3       org.jetbrains.kotlin.resolve.checkers.MissingDependencyClassChecker::access$incompatibilityDiagnosticFor (7 bytes)
Event: 10.098 Thread 0x000002bb77643800 nmethod 11051 0x000002bb62124710 code [0x000002bb621248c0, 0x000002bb621249c8]
Event: 10.098 Thread 0x000002bb77643800 11052       3       org.jetbrains.kotlin.resolve.checkers.OptionalExpectationUsageChecker::check (129 bytes)
Event: 10.099 Thread 0x000002bb7713c000 nmethod 11048 0x000002bb62124a90 code [0x000002bb62124e20, 0x000002bb62126348]
Event: 10.099 Thread 0x000002bb775b5000 nmethod 11049 0x000002bb62126a10 code [0x000002bb62126dc0, 0x000002bb62128488]
Event: 10.099 Thread 0x000002bb7713c000 11053       3       org.jetbrains.kotlin.resolve.multiplatform.OptionalAnnotationUtil::isOptionalAnnotationClass (67 bytes)
Event: 10.099 Thread 0x000002bb775b5000 11054       3       org.jetbrains.kotlin.resolve.checkers.BigFunctionTypeAvailabilityChecker::check (91 bytes)
Event: 10.099 Thread 0x000002bb76fa0800 nmethod 11047 0x000002bb62128c10 code [0x000002bb62129080, 0x000002bb6212af48]
Event: 10.099 Thread 0x000002bb76fa0800 11055       3       org.jetbrains.kotlin.resolve.jvm.checkers.MissingBuiltInDeclarationChecker$ClassifierUsage::check (85 bytes)
Event: 10.100 Thread 0x000002bb7713c000 nmethod 11053 0x000002bb6212b910 code [0x000002bb6212bba0, 0x000002bb6212c818]
Event: 10.100 Thread 0x000002bb7713c000 11056       3       org.jetbrains.kotlin.resolve.jvm.checkers.MissingBuiltInDeclarationChecker::access$diagnosticFor (7 bytes)
Event: 10.100 Thread 0x000002bb7713c000 nmethod 11056 0x000002bb6212cb90 code [0x000002bb6212cd40, 0x000002bb6212ce48]
Event: 10.100 Thread 0x000002bb7713c000 11058       3       org.jetbrains.kotlin.psi.KtVisitor::visitUserType (16 bytes)
Event: 10.100 Thread 0x000002bb7713c000 nmethod 11058 0x000002bb6212cf10 code [0x000002bb6212d100, 0x000002bb6212d408]
Event: 10.101 Thread 0x000002bb7713c000 11059       3       org.jetbrains.kotlin.psi.KtValueArgument::accept (15 bytes)

GC Heap History (18 events):
Event: 0.610 GC heap before
{Heap before GC invocations=0 (full 0):
 garbage-first heap   total 118784K, used 27648K [0x000000008c000000, 0x0000000100000000)
  region size 1024K, 24 young (24576K), 0 survivors (0K)
 Metaspace       used 12327K, capacity 12472K, committed 12800K, reserved 1060864K
  class space    used 1140K, capacity 1175K, committed 1280K, reserved 1048576K
}
Event: 0.616 GC heap after
{Heap after GC invocations=1 (full 0):
 garbage-first heap   total 118784K, used 5863K [0x000000008c000000, 0x0000000100000000)
  region size 1024K, 3 young (3072K), 3 survivors (3072K)
 Metaspace       used 12327K, capacity 12472K, committed 12800K, reserved 1060864K
  class space    used 1140K, capacity 1175K, committed 1280K, reserved 1048576K
}
Event: 1.226 GC heap before
{Heap before GC invocations=1 (full 0):
 garbage-first heap   total 118784K, used 41703K [0x000000008c000000, 0x0000000100000000)
  region size 1024K, 39 young (39936K), 3 survivors (3072K)
 Metaspace       used 20977K, capacity 21176K, committed 21248K, reserved 1069056K
  class space    used 2182K, capacity 2278K, committed 2304K, reserved 1048576K
}
Event: 1.239 GC heap after
{Heap after GC invocations=2 (full 0):
 garbage-first heap   total 118784K, used 9155K [0x000000008c000000, 0x0000000100000000)
  region size 1024K, 6 young (6144K), 6 survivors (6144K)
 Metaspace       used 20977K, capacity 21176K, committed 21248K, reserved 1069056K
  class space    used 2182K, capacity 2278K, committed 2304K, reserved 1048576K
}
Event: 2.079 GC heap before
{Heap before GC invocations=3 (full 0):
 garbage-first heap   total 118784K, used 62403K [0x000000008c000000, 0x0000000100000000)
  region size 1024K, 53 young (54272K), 6 survivors (6144K)
 Metaspace       used 32253K, capacity 32697K, committed 32896K, reserved 1077248K
  class space    used 3976K, capacity 4150K, committed 4224K, reserved 1048576K
}
Event: 2.105 GC heap after
{Heap after GC invocations=4 (full 0):
 garbage-first heap   total 118784K, used 20492K [0x000000008c000000, 0x0000000100000000)
  region size 1024K, 7 young (7168K), 7 survivors (7168K)
 Metaspace       used 32253K, capacity 32697K, committed 32896K, reserved 1077248K
  class space    used 3976K, capacity 4150K, committed 4224K, reserved 1048576K
}
Event: 2.350 GC heap before
{Heap before GC invocations=4 (full 0):
 garbage-first heap   total 118784K, used 33804K [0x000000008c000000, 0x0000000100000000)
  region size 1024K, 21 young (21504K), 7 survivors (7168K)
 Metaspace       used 35290K, capacity 35722K, committed 35840K, reserved 1081344K
  class space    used 4295K, capacity 4474K, committed 4480K, reserved 1048576K
}
Event: 2.372 GC heap after
{Heap after GC invocations=5 (full 0):
 garbage-first heap   total 118784K, used 20472K [0x000000008c000000, 0x0000000100000000)
  region size 1024K, 2 young (2048K), 2 survivors (2048K)
 Metaspace       used 35290K, capacity 35722K, committed 35840K, reserved 1081344K
  class space    used 4295K, capacity 4474K, committed 4480K, reserved 1048576K
}
Event: 3.163 GC heap before
{Heap before GC invocations=6 (full 0):
 garbage-first heap   total 118784K, used 62456K [0x000000008c000000, 0x0000000100000000)
  region size 1024K, 43 young (44032K), 2 survivors (2048K)
 Metaspace       used 44350K, capacity 44800K, committed 45132K, reserved 1089536K
  class space    used 5162K, capacity 5337K, committed 5452K, reserved 1048576K
}
Event: 3.177 GC heap after
{Heap after GC invocations=7 (full 0):
 garbage-first heap   total 158720K, used 23809K [0x000000008c000000, 0x0000000100000000)
  region size 1024K, 6 young (6144K), 6 survivors (6144K)
 Metaspace       used 44350K, capacity 44800K, committed 45132K, reserved 1089536K
  class space    used 5162K, capacity 5337K, committed 5452K, reserved 1048576K
}
Event: 4.254 GC heap before
{Heap before GC invocations=7 (full 0):
 garbage-first heap   total 158720K, used 83201K [0x000000008c000000, 0x0000000100000000)
  region size 1024K, 61 young (62464K), 6 survivors (6144K)
 Metaspace       used 53657K, capacity 54318K, committed 54604K, reserved 1097728K
  class space    used 6336K, capacity 6612K, committed 6732K, reserved 1048576K
}
Event: 4.269 GC heap after
{Heap after GC invocations=8 (full 0):
 garbage-first heap   total 158720K, used 30911K [0x000000008c000000, 0x0000000100000000)
  region size 1024K, 8 young (8192K), 8 survivors (8192K)
 Metaspace       used 53657K, capacity 54318K, committed 54604K, reserved 1097728K
  class space    used 6336K, capacity 6612K, committed 6732K, reserved 1048576K
}
Event: 5.333 GC heap before
{Heap before GC invocations=8 (full 0):
 garbage-first heap   total 158720K, used 75967K [0x000000008c000000, 0x0000000100000000)
  region size 1024K, 53 young (54272K), 8 survivors (8192K)
 Metaspace       used 59365K, capacity 60116K, committed 60288K, reserved 1101824K
  class space    used 6927K, capacity 7255K, committed 7372K, reserved 1048576K
}
Event: 5.360 GC heap after
{Heap after GC invocations=9 (full 0):
 garbage-first heap   total 158720K, used 36812K [0x000000008c000000, 0x0000000100000000)
  region size 1024K, 10 young (10240K), 10 survivors (10240K)
 Metaspace       used 59365K, capacity 60116K, committed 60288K, reserved 1101824K
  class space    used 6927K, capacity 7255K, committed 7372K, reserved 1048576K
}
Event: 6.419 GC heap before
{Heap before GC invocations=10 (full 0):
 garbage-first heap   total 158720K, used 96204K [0x000000008c000000, 0x0000000100000000)
  region size 1024K, 68 young (69632K), 10 survivors (10240K)
 Metaspace       used 61738K, capacity 62509K, committed 62720K, reserved 1103872K
  class space    used 7114K, capacity 7433K, committed 7500K, reserved 1048576K
}
Event: 6.457 GC heap after
{Heap after GC invocations=11 (full 0):
 garbage-first heap   total 158720K, used 45743K [0x000000008c000000, 0x0000000100000000)
  region size 1024K, 9 young (9216K), 9 survivors (9216K)
 Metaspace       used 61738K, capacity 62509K, committed 62720K, reserved 1103872K
  class space    used 7114K, capacity 7433K, committed 7500K, reserved 1048576K
}
Event: 8.540 GC heap before
{Heap before GC invocations=11 (full 0):
 garbage-first heap   total 158720K, used 104111K [0x000000008c000000, 0x0000000100000000)
  region size 1024K, 66 young (67584K), 9 survivors (9216K)
 Metaspace       used 66766K, capacity 67624K, committed 67712K, reserved 1110016K
  class space    used 7448K, capacity 7800K, committed 7884K, reserved 1048576K
}
Event: 8.571 GC heap after
{Heap after GC invocations=12 (full 0):
 garbage-first heap   total 207872K, used 53760K [0x000000008c000000, 0x0000000100000000)
  region size 1024K, 7 young (7168K), 7 survivors (7168K)
 Metaspace       used 66766K, capacity 67624K, committed 67712K, reserved 1110016K
  class space    used 7448K, capacity 7800K, committed 7884K, reserved 1048576K
}

Deoptimization events (20 events):
Event: 10.006 Thread 0x000002bb5710f000 Uncommon trap: trap_request=0xffffffde fr.pc=0x000002bb677e497c relative=0x00000000000022bc
Event: 10.006 Thread 0x000002bb5710f000 Uncommon trap: reason=class_check action=maybe_recompile pc=0x000002bb677e497c method=org.jetbrains.kotlin.types.TypeSubstitutionKt.replace$default(Lorg/jetbrains/kotlin/types/KotlinType;Ljava/util/List;Lorg/jetbrains/kotlin/descriptors/annotations/Annota
Event: 10.006 Thread 0x000002bb5710f000 DEOPT PACKING pc=0x000002bb677e497c sp=0x000000fcf47fda60
Event: 10.006 Thread 0x000002bb5710f000 DEOPT UNPACKING pc=0x000002bb5f8ca1af sp=0x000000fcf47fda60 mode 2
Event: 10.006 Thread 0x000002bb5710f000 Uncommon trap: trap_request=0xffffffde fr.pc=0x000002bb677e497c relative=0x00000000000022bc
Event: 10.006 Thread 0x000002bb5710f000 Uncommon trap: reason=class_check action=maybe_recompile pc=0x000002bb677e497c method=org.jetbrains.kotlin.types.TypeSubstitutionKt.replace$default(Lorg/jetbrains/kotlin/types/KotlinType;Ljava/util/List;Lorg/jetbrains/kotlin/descriptors/annotations/Annota
Event: 10.006 Thread 0x000002bb5710f000 DEOPT PACKING pc=0x000002bb677e497c sp=0x000000fcf47fda60
Event: 10.006 Thread 0x000002bb5710f000 DEOPT UNPACKING pc=0x000002bb5f8ca1af sp=0x000000fcf47fda60 mode 2
Event: 10.006 Thread 0x000002bb5710f000 Uncommon trap: trap_request=0xffffffde fr.pc=0x000002bb677e497c relative=0x00000000000022bc
Event: 10.006 Thread 0x000002bb5710f000 Uncommon trap: reason=class_check action=maybe_recompile pc=0x000002bb677e497c method=org.jetbrains.kotlin.types.TypeSubstitutionKt.replace$default(Lorg/jetbrains/kotlin/types/KotlinType;Ljava/util/List;Lorg/jetbrains/kotlin/descriptors/annotations/Annota
Event: 10.006 Thread 0x000002bb5710f000 DEOPT PACKING pc=0x000002bb677e497c sp=0x000000fcf47fdc20
Event: 10.006 Thread 0x000002bb5710f000 DEOPT UNPACKING pc=0x000002bb5f8ca1af sp=0x000000fcf47fdc20 mode 2
Event: 10.006 Thread 0x000002bb5710f000 Uncommon trap: trap_request=0xffffffde fr.pc=0x000002bb677e497c relative=0x00000000000022bc
Event: 10.006 Thread 0x000002bb5710f000 Uncommon trap: reason=class_check action=maybe_recompile pc=0x000002bb677e497c method=org.jetbrains.kotlin.types.TypeSubstitutionKt.replace$default(Lorg/jetbrains/kotlin/types/KotlinType;Ljava/util/List;Lorg/jetbrains/kotlin/descriptors/annotations/Annota
Event: 10.006 Thread 0x000002bb5710f000 DEOPT PACKING pc=0x000002bb677e497c sp=0x000000fcf47fda60
Event: 10.006 Thread 0x000002bb5710f000 DEOPT UNPACKING pc=0x000002bb5f8ca1af sp=0x000000fcf47fda60 mode 2
Event: 10.048 Thread 0x000002bb5710f000 Uncommon trap: trap_request=0xffffff4d fr.pc=0x000002bb6787c4d4 relative=0x0000000000004234
Event: 10.048 Thread 0x000002bb5710f000 Uncommon trap: reason=unstable_if action=reinterpret pc=0x000002bb6787c4d4 method=org.jetbrains.kotlin.types.TypeUtils.contains(Lorg/jetbrains/kotlin/types/KotlinType;Lkotlin/jvm/functions/Function1;Lorg/jetbrains/kotlin/utils/SmartSet;)Z @ 10 c2
Event: 10.048 Thread 0x000002bb5710f000 DEOPT PACKING pc=0x000002bb6787c4d4 sp=0x000000fcf47fe550
Event: 10.048 Thread 0x000002bb5710f000 DEOPT UNPACKING pc=0x000002bb5f8ca1af sp=0x000000fcf47fe548 mode 2

Classes redefined (0 events):
No events

Internal exceptions (20 events):
Event: 4.805 Thread 0x000002bb5710f000 Implicit null exception at 0x000002bb6755c3cc to 0x000002bb6755c4a8
Event: 5.327 Thread 0x000002bb5710f000 Implicit null exception at 0x000002bb67635d55 to 0x000002bb67636878
Event: 5.328 Thread 0x000002bb5710f000 Implicit null exception at 0x000002bb6763562f to 0x000002bb6763565c
Event: 5.435 Thread 0x000002bb5710f000 Exception <a 'java/lang/IncompatibleClassChangeError'{0x0000000095933420}: Found class java.lang.Object, but interface was expected> (0x0000000095933420) thrown at [s\src\hotspot\share\interpreter\linkResolver.cpp, line 839]
Event: 5.488 Thread 0x000002bb5710f000 Exception <a 'java/lang/NoSuchMethodError'{0x0000000095795538}: 'int java.lang.invoke.DirectMethodHandle$Holder.invokeInterface(java.lang.Object, java.lang.Object)'> (0x0000000095795538) thrown at [s\src\hotspot\share\interpreter\linkResolver.cpp, line 773]
Event: 6.085 Thread 0x000002bb5710f000 Exception <a 'java/lang/NoSuchMethodError'{0x0000000093206ea0}: 'java.lang.Object java.lang.invoke.DirectMethodHandle$Holder.invokeStatic(java.lang.Object, int, java.lang.Object, java.lang.Object)'> (0x0000000093206ea0) thrown at [s\src\hotspot\share\interpreter\linkResolver.cpp, line 773]
Event: 6.085 Thread 0x000002bb5710f000 Exception <a 'java/lang/NoSuchMethodError'{0x000000009320e668}: 'java.lang.Object java.lang.invoke.DirectMethodHandle$Holder.invokeStatic(java.lang.Object, int, java.lang.Object)'> (0x000000009320e668) thrown at [s\src\hotspot\share\interpreter\linkResolver.cpp, line 773]
Event: 6.300 Thread 0x000002bb5710f000 Implicit null exception at 0x000002bb6747eede to 0x000002bb6747f68e
Event: 6.300 Thread 0x000002bb5710f000 Implicit null exception at 0x000002bb67470baf to 0x000002bb67470c1d
Event: 6.334 Thread 0x000002bb5710f000 Exception <a 'java/lang/NoSuchMethodError'{0x0000000091947c88}: 'java.lang.Object java.lang.invoke.Invokers$Holder.linkToTargetMethod(java.lang.Object, java.lang.Object, java.lang.Object, int, int, java.lang.Object)'> (0x0000000091947c88) thrown at [s\src\hotspot\share\interpreter\linkResolver.cpp, line 773]
Event: 6.577 Thread 0x000002bb5710f000 Implicit null exception at 0x000002bb676f83fc to 0x000002bb676f95c0
Event: 6.729 Thread 0x000002bb5710f000 Exception <a 'java/lang/NoSuchMethodError'{0x0000000094da4378}: 'int java.lang.invoke.DirectMethodHandle$Holder.invokeStaticInit(java.lang.Object, int)'> (0x0000000094da4378) thrown at [s\src\hotspot\share\interpreter\linkResolver.cpp, line 773]
Event: 6.777 Thread 0x000002bb5710f000 Implicit null exception at 0x000002bb6743bc77 to 0x000002bb6743c148
Event: 6.799 Thread 0x000002bb5710f000 Implicit null exception at 0x000002bb6743c6f4 to 0x000002bb6743cbe4
Event: 6.922 Thread 0x000002bb5710f000 Exception <a 'java/lang/NoSuchMethodError'{0x00000000944eff98}: 'java.lang.Object java.lang.invoke.DirectMethodHandle$Holder.invokeInterface(java.lang.Object, java.lang.Object, java.lang.Object)'> (0x00000000944eff98) thrown at [s\src\hotspot\share\interpreter\linkResolver.cpp, line 773]
Event: 6.922 Thread 0x000002bb5710f000 Exception <a 'java/lang/IncompatibleClassChangeError'{0x00000000944f31c8}: Found class java.lang.Object, but interface was expected> (0x00000000944f31c8) thrown at [s\src\hotspot\share\interpreter\linkResolver.cpp, line 839]
Event: 6.930 Thread 0x000002bb5710f000 Exception <a 'java/lang/NoSuchMethodError'{0x000000009432d6c8}: 'java.lang.Object java.lang.invoke.Invokers$Holder.linkToTargetMethod(java.lang.Object, java.lang.Object, java.lang.Object, java.lang.Object, java.lang.Object, java.lang.Object, java.lang.Object)'> (0x000000009432d6c8) thrown at [s\src\hotspot\share\interpreter\linkResolver.cpp, line 773]
Event: 9.613 Thread 0x000002bb5710f000 Implicit null exception at 0x000002bb6747acf5 to 0x000002bb6747aea4
Event: 9.967 Thread 0x000002bb5710f000 Implicit null exception at 0x000002bb678ca5fd to 0x000002bb678ca8dc
Event: 9.968 Thread 0x000002bb5710f000 Implicit null exception at 0x000002bb676dac7c to 0x000002bb676daf48

Events (20 events):
Event: 10.049 loading class org/jetbrains/kotlin/resolve/AnnotationTargetLists$T_MEMBER_PROPERTY$1
Event: 10.049 loading class org/jetbrains/kotlin/resolve/AnnotationTargetLists$T_MEMBER_PROPERTY$1 done
Event: 10.054 loading class org/jetbrains/kotlin/resolve/AnnotationTargetLists$T_TOP_LEVEL_PROPERTY$1
Event: 10.054 loading class org/jetbrains/kotlin/resolve/AnnotationTargetLists$T_TOP_LEVEL_PROPERTY$1 done
Event: 10.061 loading class org/jetbrains/kotlin/resolve/DeclarationsChecker$TypeAliasDeclarationCheckingReportStrategy
Event: 10.061 loading class org/jetbrains/kotlin/resolve/DeclarationsChecker$TypeAliasDeclarationCheckingReportStrategy done
Event: 10.063 loading class org/jetbrains/kotlin/resolve/DeclarationsChecker$checkTypeAliasDeclaration$1
Event: 10.063 loading class org/jetbrains/kotlin/resolve/DeclarationsChecker$checkTypeAliasDeclaration$1 done
Event: 10.064 loading class org/jetbrains/kotlin/com/google/common/collect/AbstractMapBasedMultimap$2
Event: 10.064 loading class org/jetbrains/kotlin/com/google/common/collect/AbstractMapBasedMultimap$2 done
Event: 10.064 loading class org/jetbrains/kotlin/com/google/common/collect/AbstractMapBasedMultimap$Itr
Event: 10.064 loading class org/jetbrains/kotlin/com/google/common/collect/AbstractMapBasedMultimap$Itr done
Event: 10.065 loading class org/jetbrains/kotlin/com/google/common/collect/Iterators$EmptyModifiableIterator
Event: 10.065 loading class org/jetbrains/kotlin/com/google/common/collect/Iterators$EmptyModifiableIterator done
Event: 10.071 loading class org/jetbrains/kotlin/resolve/checkers/ClassifierUsageCheckerKt
Event: 10.071 loading class org/jetbrains/kotlin/resolve/checkers/ClassifierUsageCheckerKt done
Event: 10.071 loading class org/jetbrains/kotlin/resolve/checkers/ClassifierUsageCheckerKt$checkClassifierUsages$visitor$1
Event: 10.071 loading class org/jetbrains/kotlin/resolve/checkers/ClassifierUsageCheckerKt$checkClassifierUsages$visitor$1 done
Event: 10.072 Executing VM operation: Deoptimize
Event: 10.074 Executing VM operation: Deoptimize done


Dynamic libraries:
0x00007ff6793c0000 - 0x00007ff6793cd000 	C:\Program Files\Microsoft\jdk-11.0.20.8-hotspot\bin\java.exe
0x00007ffdc0230000 - 0x00007ffdc0444000 	C:\WINDOWS\SYSTEM32\ntdll.dll
0x00007ffdbe460000 - 0x00007ffdbe524000 	C:\WINDOWS\System32\KERNEL32.DLL
0x00007ffdbd880000 - 0x00007ffdbdc24000 	C:\WINDOWS\System32\KERNELBASE.dll
0x00007ffdbd610000 - 0x00007ffdbd721000 	C:\WINDOWS\System32\ucrtbase.dll
0x00007ffda6930000 - 0x00007ffda6947000 	C:\Program Files\Microsoft\jdk-11.0.20.8-hotspot\bin\jli.dll
0x00007ffd968a0000 - 0x00007ffd968b5000 	C:\Program Files\Microsoft\jdk-11.0.20.8-hotspot\bin\VCRUNTIME140.dll
0x00007ffdbdff0000 - 0x00007ffdbe19a000 	C:\WINDOWS\System32\USER32.dll
0x00007ffdab880000 - 0x00007ffdabb0f000 	C:\WINDOWS\WinSxS\amd64_microsoft.windows.common-controls_6595b64144ccf1df_6.0.22621.2070_none_2713e6537381f706\COMCTL32.dll
0x00007ffdbd850000 - 0x00007ffdbd876000 	C:\WINDOWS\System32\win32u.dll
0x00007ffdbebf0000 - 0x00007ffdbec97000 	C:\WINDOWS\System32\msvcrt.dll
0x00007ffdc0060000 - 0x00007ffdc0089000 	C:\WINDOWS\System32\GDI32.dll
0x00007ffdbd730000 - 0x00007ffdbd849000 	C:\WINDOWS\System32\gdi32full.dll
0x00007ffdbdcf0000 - 0x00007ffdbdd8a000 	C:\WINDOWS\System32\msvcp_win.dll
0x00007ffdbf540000 - 0x00007ffdbf571000 	C:\WINDOWS\System32\IMM32.DLL
0x00007ffd87040000 - 0x00007ffd870db000 	C:\Program Files\Microsoft\jdk-11.0.20.8-hotspot\bin\msvcp140.dll
0x00007ffd71ae0000 - 0x00007ffd72676000 	C:\Program Files\Microsoft\jdk-11.0.20.8-hotspot\bin\server\jvm.dll
0x00007ffdbe7f0000 - 0x00007ffdbe8a0000 	C:\WINDOWS\System32\ADVAPI32.dll
0x00007ffdbe3b0000 - 0x00007ffdbe456000 	C:\WINDOWS\System32\sechost.dll
0x00007ffdbf580000 - 0x00007ffdbf697000 	C:\WINDOWS\System32\RPCRT4.dll
0x00007ffdbf530000 - 0x00007ffdbf538000 	C:\WINDOWS\System32\PSAPI.DLL
0x00007ffdb56f0000 - 0x00007ffdb5724000 	C:\WINDOWS\SYSTEM32\WINMM.dll
0x00007ffdadd70000 - 0x00007ffdadd79000 	C:\WINDOWS\SYSTEM32\WSOCK32.dll
0x00007ffdb5e80000 - 0x00007ffdb5e8a000 	C:\WINDOWS\SYSTEM32\VERSION.dll
0x00007ffdbe1a0000 - 0x00007ffdbe211000 	C:\WINDOWS\System32\WS2_32.dll
0x00007ffdbc650000 - 0x00007ffdbc668000 	C:\WINDOWS\SYSTEM32\kernel.appcore.dll
0x00007ffdadcf0000 - 0x00007ffdadd00000 	C:\Program Files\Microsoft\jdk-11.0.20.8-hotspot\bin\verify.dll
0x00007ffdb3750000 - 0x00007ffdb397e000 	C:\WINDOWS\SYSTEM32\DBGHELP.DLL
0x00007ffdbecb0000 - 0x00007ffdbf03a000 	C:\WINDOWS\System32\combase.dll
0x00007ffdbe6b0000 - 0x00007ffdbe787000 	C:\WINDOWS\System32\OLEAUT32.dll
0x00007ffdb3710000 - 0x00007ffdb3742000 	C:\WINDOWS\SYSTEM32\dbgcore.DLL
0x00007ffdbdf70000 - 0x00007ffdbdfea000 	C:\WINDOWS\System32\bcryptPrimitives.dll
0x00007ffd95940000 - 0x00007ffd95968000 	C:\Program Files\Microsoft\jdk-11.0.20.8-hotspot\bin\java.dll
0x00007ffdada70000 - 0x00007ffdada7a000 	C:\Program Files\Microsoft\jdk-11.0.20.8-hotspot\bin\jimage.dll
0x00007ffd96880000 - 0x00007ffd96898000 	C:\Program Files\Microsoft\jdk-11.0.20.8-hotspot\bin\zip.dll
0x00007ffdbf840000 - 0x00007ffdc0056000 	C:\WINDOWS\System32\SHELL32.dll
0x00007ffdbb5e0000 - 0x00007ffdbbeca000 	C:\WINDOWS\SYSTEM32\windows.storage.dll
0x00007ffdbb4a0000 - 0x00007ffdbb5de000 	C:\WINDOWS\SYSTEM32\wintypes.dll
0x00007ffdbe2a0000 - 0x00007ffdbe393000 	C:\WINDOWS\System32\SHCORE.dll
0x00007ffdc0190000 - 0x00007ffdc01ee000 	C:\WINDOWS\System32\shlwapi.dll
0x00007ffdbd540000 - 0x00007ffdbd566000 	C:\WINDOWS\SYSTEM32\profapi.dll
0x00007ffd94a40000 - 0x00007ffd94a59000 	C:\Program Files\Microsoft\jdk-11.0.20.8-hotspot\bin\net.dll
0x00007ffdb7a10000 - 0x00007ffdb7b47000 	C:\WINDOWS\SYSTEM32\WINHTTP.dll
0x00007ffdbcad0000 - 0x00007ffdbcb39000 	C:\WINDOWS\system32\mswsock.dll
0x00007ffd94940000 - 0x00007ffd94953000 	C:\Program Files\Microsoft\jdk-11.0.20.8-hotspot\bin\nio.dll

dbghelp: loaded successfully - version: 4.0.5 - missing functions: none
symbol engine: initialized successfully - sym options: 0x614 - pdb path: .;C:\Program Files\Microsoft\jdk-11.0.20.8-hotspot\bin;C:\WINDOWS\SYSTEM32;C:\WINDOWS\WinSxS\amd64_microsoft.windows.common-controls_6595b64144ccf1df_6.0.22621.2070_none_2713e6537381f706;C:\Program Files\Microsoft\jdk-11.0.20.8-hotspot\bin\server

VM Arguments:
java_command: org.jetbrains.kotlin.cli.jvm.K2JVMCompiler @E:\Mobile App\App Mobile Course\Project1\ubibuki-mobile\node_modules\react-native-safe-area-context\android\build\20230902_9255528044888373092.compiler.options
java_class_path (initial): C:\Users\Admin\.gradle\caches\modules-2\files-2.1\org.jetbrains.kotlin\kotlin-compiler-embeddable\1.6.20\18f66cca4301c12893ebe4ef47d65c3d9d2bff9b\kotlin-compiler-embeddable-1.6.20.jar;C:\Users\Admin\.gradle\caches\modules-2\files-2.1\org.jetbrains.kotlin\kotlin-reflect\1.6.20\669965154723f1a712e8677af0cc5470dfdab81c\kotlin-reflect-1.6.20.jar;C:\Users\Admin\.gradle\caches\modules-2\files-2.1\org.jetbrains.kotlin\kotlin-stdlib\1.6.20\6cedc143badbb4f1c6b7f5a340b04edff1743208\kotlin-stdlib-1.6.20.jar;C:\Users\Admin\.gradle\caches\modules-2\files-2.1\org.jetbrains.kotlin\kotlin-script-runtime\1.6.20\a115c367e0fd9c8909293b208689afca0c88a6f1\kotlin-script-runtime-1.6.20.jar;C:\Users\Admin\.gradle\caches\modules-2\files-2.1\org.jetbrains.kotlin\kotlin-daemon-embeddable\1.6.20\d4cac343029f48f106c57f457384771165d7deb5\kotlin-daemon-embeddable-1.6.20.jar;C:\Users\Admin\.gradle\caches\modules-2\files-2.1\org.jetbrains.intellij.deps\trove4j\1.0.20200330\3afb14d5f9ceb459d724e907a21145e8ff394f02\trove4j-1.0.20200330.jar;C:\Users\Admin\.gradle\caches\modules-2\files-2.1\net.java.dev.jna\jna\5.6.0\330f2244e9030119ab3030fc3fededc86713d9cc\jna-5.6.0.jar;C:\Users\Admin\.gradle\caches\modules-2\files-2.1\org.jetbrains.kotlin\kotlin-stdlib-common\1.6.20\27b4562b6713d70f458c6d7ea39aadacb8e6a92b\kotlin-stdlib-common-1.6.20.jar;C:\Users\Admin\.gradle\caches\modules-2\files-2.1\org.jetbrains\annotations\13.0\919f0dfe192fb4e063e7dacadee7f8bb9a2672a9\annotations-13.0.jar
Launcher Type: SUN_STANDARD

[Global flags]
     intx CICompilerCount                          = 12                                        {product} {ergonomic}
     uint ConcGCThreads                            = 3                                         {product} {ergonomic}
     uint G1ConcRefinementThreads                  = 13                                        {product} {ergonomic}
   size_t G1HeapRegionSize                         = 1048576                                   {product} {ergonomic}
    uintx GCDrainStackTargetSize                   = 64                                        {product} {ergonomic}
   size_t InitialHeapSize                          = 121634816                                 {product} {ergonomic}
   size_t MarkStackSize                            = 4194304                                   {product} {ergonomic}
   size_t MaxHeapSize                              = 1946157056                                {product} {ergonomic}
   size_t MaxNewSize                               = 1167065088                                {product} {ergonomic}
   size_t MinHeapDeltaBytes                        = 1048576                                   {product} {ergonomic}
    uintx NonNMethodCodeHeapSize                   = 7594288                                {pd product} {ergonomic}
    uintx NonProfiledCodeHeapSize                  = 122031976                              {pd product} {ergonomic}
    uintx ProfiledCodeHeapSize                     = 122031976                              {pd product} {ergonomic}
    uintx ReservedCodeCacheSize                    = 251658240                              {pd product} {ergonomic}
     bool SegmentedCodeCache                       = true                                      {product} {ergonomic}
     bool UseCompressedClassPointers               = true                                 {lp64_product} {ergonomic}
     bool UseCompressedOops                        = true                                 {lp64_product} {ergonomic}
     bool UseG1GC                                  = true                                      {product} {ergonomic}
     bool UseLargePagesIndividualAllocation        = false                                  {pd product} {ergonomic}

Logging:
Log output configuration:
 #0: stdout all=warning uptime,level,tags
 #1: stderr all=off uptime,level,tags

Environment Variables:
JAVA_HOME=C:\Program Files\Microsoft\jdk-11.0.20.8-hotspot\
CLASSPATH=E:\Mobile App\App Mobile Course\Project1\ubibuki-mobile\android\\gradle\wrapper\gradle-wrapper.jar
PATH=E:\Mobile App\App Mobile Course\Project1\ubibuki-mobile\node_modules\.bin;E:\Mobile App\App Mobile Course\Project1\node_modules\.bin;E:\Mobile App\App Mobile Course\node_modules\.bin;E:\Mobile App\node_modules\.bin;E:\node_modules\.bin;C:\Users\Admin\AppData\Roaming\npm\node_modules\npm\node_modules\@npmcli\run-script\lib\node-gyp-bin;C:\Program Files\Microsoft\jdk-11.0.20.8-hotspot\bin;C:\Windows\system32;C:\Windows;C:\Windows\System32\Wbem;C:\Windows\System32\WindowsPowerShell\v1.0\;C:\Windows\System32\OpenSSH\;C:\Program Files (x86)\NVIDIA Corporation\PhysX\Common;C:\Program Files\NVIDIA Corporation\NVIDIA NvDLISR;C:\Program Files\dotnet\;C:\WINDOWS\system32;C:\WINDOWS;C:\WINDOWS\System32\Wbem;C:\WINDOWS\System32\WindowsPowerShell\v1.0\;C:\WINDOWS\System32\OpenSSH\;C:\Program Files\Git\cmd;C:\ProgramData\chocolatey\bin;C:\Program Files\nodejs\;C:\Users\Admin\AppData\Local\Programs\Python\Python310\Scripts\;C:\Users\Admin\AppData\Local\Programs\Python\Python310\;C:\Users\Admin\AppData\Local\Microsoft\WindowsApps;C:\Users\Admin\AppData\Local\Programs\Microsoft VS Code\bin;C:\Users\Admin\.dotnet\tools;C:\flutter\bin;C:\Users\Admin\AppData\Local\GitHubDesktop\bin;C:\Program Files\Android\Android Studio\jbr\bin;C:\Users\Admin\AppData\Roaming\npm;C:\Users\Admin\AppData\Local\Android\Sdk;C:\Users\Admin\AppData\Local\Android\Sdk\platform-tools;
USERNAME=Admin
LANG=en_US.UTF-8
OS=Windows_NT
PROCESSOR_IDENTIFIER=AMD64 Family 25 Model 68 Stepping 1, AuthenticAMD
TMP=C:\Users\Admin\AppData\Local\Temp
TEMP=C:\Users\Admin\AppData\Local\Temp



---------------  S Y S T E M  ---------------

OS: Windows 11 , 64 bit Build 22621 (10.0.22621.2070)
OS uptime: 0 days 0:27 hours

CPU:total 16 (initial active 16) (16 cores per cpu, 2 threads per core) family 25 model 68 stepping 1 microcode 0x0, cmov, cx8, fxsr, mmx, sse, sse2, sse3, ssse3, sse4.1, sse4.2, popcnt, avx, avx2, aes, clmul, mmxext, 3dnowpref, lzcnt, sse4a, ht, tsc, tscinvbit, tscinv, bmi1, bmi2, adx, sha, fma

Memory: 4k page, system-wide physical 7421M (240M free)
TotalPageFile size 19709M (AvailPageFile size 0M)
current process WorkingSet (physical memory assigned to process): 395M, peak: 395M
current process commit charge ("private bytes"): 470M, peak: 474M

vm_info: OpenJDK 64-Bit Server VM (11.0.20+8-LTS) for windows-amd64 JRE (11.0.20+8-LTS), built on Jul  7 2023 17:05:21 by "MicrosoftCorporation" with MS VC++ 15.9 (VS2017)

END.
