#
# There is insufficient memory for the Java Runtime Environment to continue.
# Native memory allocation (malloc) failed to allocate 1798256 bytes for Chunk::new
# Possible reasons:
#   The system is out of physical RAM or swap space
#   The process is running with CompressedOops enabled, and the Java Heap may be blocking the growth of the native heap
# Possible solutions:
#   Reduce memory load on the system
#   Increase physical memory or swap space
#   Check if swap backing store is full
#   Decrease Java heap size (-Xmx/-Xms)
#   Decrease number of Java threads
#   Decrease Java thread stack sizes (-Xss)
#   Set larger code cache with -XX:ReservedCodeCacheSize=
#   JVM is running with Unscaled Compressed Oops mode in which the Java heap is
#     placed in the first 4GB address space. The Java Heap base address is the
#     maximum limit for the native heap growth. Please use -XX:HeapBaseMinAddress
#     to set the Java Heap base and to place the Java Heap above 4GB virtual address.
# This output file may be truncated or incomplete.
#
#  Out of Memory Error (arena.cpp:197), pid=20476, tid=26364
#
# JRE version: OpenJDK Runtime Environment Microsoft-8035250 (11.0.20+8) (build 11.0.20+8-LTS)
# Java VM: OpenJDK 64-Bit Server VM Microsoft-8035250 (11.0.20+8-LTS, mixed mode, tiered, compressed oops, g1 gc, windows-amd64)
# No core dump will be written. Minidumps are not enabled by default on client versions of Windows
#

---------------  S U M M A R Y ------------

Command Line: org.jetbrains.kotlin.cli.jvm.K2JVMCompiler @E:\Mobile App\App Mobile Course\Project1\ubibuki-mobile\node_modules\react-native-safe-area-context\android\build\20230907_16974783776373805985.compiler.options

Host: AMD Ryzen 7 6800H with Radeon Graphics         , 16 cores, 7G,  Windows 11 , 64 bit Build 22621 (10.0.22621.2070)
Time: Thu Sep  7 00:29:19 2023 SE Asia Standard Time elapsed time: 10.512759 seconds (0d 0h 0m 10s)

---------------  T H R E A D  ---------------

Current thread (0x0000020afe49a800):  JavaThread "C2 CompilerThread0" daemon [_thread_in_native, id=26364, stack(0x0000005d63200000,0x0000005d63300000)]


Current CompileTask:
C2:  10512 14317       4       org.jetbrains.kotlin.ir.util.TypeTranslator::approximateByKotlinRules (70 bytes)

Stack: [0x0000005d63200000,0x0000005d63300000]
Native frames: (J=compiled Java code, j=interpreted, Vv=VM code, C=native code)
V  [jvm.dll+0x62e9da]
V  [jvm.dll+0x7bc4e9]
V  [jvm.dll+0x7bdbd8]
V  [jvm.dll+0x7be2b3]
V  [jvm.dll+0x2505a8]
V  [jvm.dll+0xc263c]
V  [jvm.dll+0xc2bfc]
V  [jvm.dll+0x35fd82]
V  [jvm.dll+0x32bf13]
V  [jvm.dll+0x32b24a]
V  [jvm.dll+0x2097e3]
V  [jvm.dll+0x20893d]
V  [jvm.dll+0x18a7de]
V  [jvm.dll+0x2181ec]
V  [jvm.dll+0x21642b]
V  [jvm.dll+0x77efc0]
V  [jvm.dll+0x777db4]
V  [jvm.dll+0x62d845]
C  [ucrtbase.dll+0x29363]
C  [KERNEL32.DLL+0x126ad]
C  [ntdll.dll+0x5aa68]


---------------  P R O C E S S  ---------------

Threads class SMR info:
_java_thread_list=0x0000020afece1e60, length=14, elements={
0x0000020aed670000, 0x0000020afdb1d000, 0x0000020afdb26800, 0x0000020afe496800,
0x0000020afe497800, 0x0000020afe499000, 0x0000020afe49a800, 0x0000020afe49b800,
0x0000020afdb38000, 0x0000020afe647000, 0x0000020afe64b800, 0x0000020afeaa1800,
0x0000020afeaa4800, 0x0000020a8f161000
}

Java Threads: ( => current thread )
  0x0000020aed670000 JavaThread "main" [_thread_in_Java, id=3624, stack(0x0000005d62600000,0x0000005d62700000)]
  0x0000020afdb1d000 JavaThread "Reference Handler" daemon [_thread_blocked, id=6864, stack(0x0000005d62d00000,0x0000005d62e00000)]
  0x0000020afdb26800 JavaThread "Finalizer" daemon [_thread_blocked, id=15088, stack(0x0000005d62e00000,0x0000005d62f00000)]
  0x0000020afe496800 JavaThread "Signal Dispatcher" daemon [_thread_blocked, id=5568, stack(0x0000005d62f00000,0x0000005d63000000)]
  0x0000020afe497800 JavaThread "Attach Listener" daemon [_thread_blocked, id=11872, stack(0x0000005d63000000,0x0000005d63100000)]
  0x0000020afe499000 JavaThread "Service Thread" daemon [_thread_blocked, id=25676, stack(0x0000005d63100000,0x0000005d63200000)]
=>0x0000020afe49a800 JavaThread "C2 CompilerThread0" daemon [_thread_in_native, id=26364, stack(0x0000005d63200000,0x0000005d63300000)]
  0x0000020afe49b800 JavaThread "C1 CompilerThread0" daemon [_thread_blocked, id=9008, stack(0x0000005d63300000,0x0000005d63400000)]
  0x0000020afdb38000 JavaThread "Sweeper thread" daemon [_thread_blocked, id=8084, stack(0x0000005d63400000,0x0000005d63500000)]
  0x0000020afe647000 JavaThread "Common-Cleaner" daemon [_thread_blocked, id=28164, stack(0x0000005d63600000,0x0000005d63700000)]
  0x0000020afe64b800 JavaThread "C1 CompilerThread1" daemon [_thread_in_native, id=22304, stack(0x0000005d63700000,0x0000005d63800000)]
  0x0000020afeaa1800 JavaThread "C1 CompilerThread2" daemon [_thread_in_vm, id=8576, stack(0x0000005d63a00000,0x0000005d63b00000)]
  0x0000020afeaa4800 JavaThread "C1 CompilerThread3" daemon [_thread_in_vm, id=14888, stack(0x0000005d63b00000,0x0000005d63c00000)]
  0x0000020a8f161000 JavaThread "C2 CompilerThread1" daemon [_thread_in_native, id=15700, stack(0x0000005d63800000,0x0000005d63900000)]

Other Threads:
  0x0000020afdafb000 VMThread "VM Thread" [stack: 0x0000005d62c00000,0x0000005d62d00000] [id=20592]
  0x0000020afe634800 WatcherThread [stack: 0x0000005d63500000,0x0000005d63600000] [id=8624]
  0x0000020aed687800 GCTaskThread "GC Thread#0" [stack: 0x0000005d62700000,0x0000005d62800000] [id=14864]
  0x0000020afec82800 GCTaskThread "GC Thread#1" [stack: 0x0000005d63c00000,0x0000005d63d00000] [id=2604]
  0x0000020a92768800 GCTaskThread "GC Thread#2" [stack: 0x0000005d63900000,0x0000005d63a00000] [id=27796]
  0x0000020a90b1e000 GCTaskThread "GC Thread#3" [stack: 0x0000005d63f00000,0x0000005d64000000] [id=24520]
  0x0000020aed6b6000 ConcurrentGCThread "G1 Main Marker" [stack: 0x0000005d62800000,0x0000005d62900000] [id=27184]
  0x0000020aed6b8000 ConcurrentGCThread "G1 Conc#0" [stack: 0x0000005d62900000,0x0000005d62a00000] [id=8844]
  0x0000020a8f043000 ConcurrentGCThread "G1 Conc#1" [stack: 0x0000005d63d00000,0x0000005d63e00000] [id=11312]
  0x0000020afee29800 ConcurrentGCThread "G1 Conc#2" [stack: 0x0000005d63e00000,0x0000005d63f00000] [id=26628]
  0x0000020afd95d800 ConcurrentGCThread "G1 Refine#0" [stack: 0x0000005d62a00000,0x0000005d62b00000] [id=20248]
  0x0000020a8fc2b800 ConcurrentGCThread "G1 Refine#1" [stack: 0x0000005d64000000,0x0000005d64100000] [id=22044]
  0x0000020a90df8800 ConcurrentGCThread "G1 Refine#2" [stack: 0x0000005d64100000,0x0000005d64200000] [id=1596]
  0x0000020afd960000 ConcurrentGCThread "G1 Young RemSet Sampling" [stack: 0x0000005d62b00000,0x0000005d62c00000] [id=23836]

Threads with active compile tasks:
C2 CompilerThread0    10543 14317       4       org.jetbrains.kotlin.ir.util.TypeTranslator::approximateByKotlinRules (70 bytes)
C1 CompilerThread0    10543 14712       3       org.jetbrains.kotlin.codegen.optimization.common.OptimizationBasicInterpreter::unaryOperation (10 bytes)
C1 CompilerThread1    10543 14707       3       org.jetbrains.org.objectweb.asm.tree.analysis.Frame::setLocal (43 bytes)
C1 CompilerThread2    10543 14708       3       org.jetbrains.kotlin.codegen.optimization.common.CustomFramesMethodAnalyzer::newFrame (21 bytes)
C1 CompilerThread3    10543 14711       3       org.jetbrains.kotlin.codegen.coroutines.UninitializedStoresProcessor$UninitializedNewValueFrame::<init> (12 bytes)
C2 CompilerThread1    10543 14611       4       org.jetbrains.kotlin.load.kotlin.TypeSignatureMappingKt::mapBuiltInType (339 bytes)

VM state:not at safepoint (normal execution)

VM Mutex/Monitor currently owned by a thread:  ([mutex/lock_event])
[0x0000020aed66d390] CodeCache_lock - owner thread: 0x0000020afe64b800
[0x0000020aed66e500] Compile_lock - owner thread: 0x0000020afe64b800

Heap address: 0x000000008c000000, size: 1856 MB, Compressed Oops mode: 32-bit
Narrow klass base: 0x0000000000000000, Narrow klass shift: 3
Compressed class space size: 1073741824 Address: 0x0000000100000000

Heap:
 garbage-first heap   total 198656K, used 140162K [0x000000008c000000, 0x0000000100000000)
  region size 1024K, 85 young (87040K), 10 survivors (10240K)
 Metaspace       used 87567K, capacity 88445K, committed 88576K, reserved 1128448K
  class space    used 9367K, capacity 9730K, committed 9804K, reserved 1048576K
Heap Regions: E=young(eden), S=young(survivor), O=old, HS=humongous(starts), HC=humongous(continues), CS=collection set, F=free, A=archive, TAMS=top-at-mark-start (previous, next)
|   0|0x000000008c000000, 0x000000008c100000, 0x000000008c100000|100%|HS|  |TAMS 0x000000008c100000, 0x000000008c000000| Complete 
|   1|0x000000008c100000, 0x000000008c200000, 0x000000008c200000|100%|HC|  |TAMS 0x000000008c200000, 0x000000008c100000| Complete 
|   2|0x000000008c200000, 0x000000008c300000, 0x000000008c300000|100%|HC|  |TAMS 0x000000008c300000, 0x000000008c200000| Complete 
|   3|0x000000008c300000, 0x000000008c400000, 0x000000008c400000|100%|HS|  |TAMS 0x000000008c400000, 0x000000008c300000| Complete 
|   4|0x000000008c400000, 0x000000008c500000, 0x000000008c500000|100%|HC|  |TAMS 0x000000008c500000, 0x000000008c400000| Complete 
|   5|0x000000008c500000, 0x000000008c600000, 0x000000008c600000|100%|HC|  |TAMS 0x000000008c600000, 0x000000008c500000| Complete 
|   6|0x000000008c600000, 0x000000008c700000, 0x000000008c700000|100%|HS|  |TAMS 0x000000008c700000, 0x000000008c600000| Complete 
|   7|0x000000008c700000, 0x000000008c800000, 0x000000008c800000|100%|HC|  |TAMS 0x000000008c800000, 0x000000008c700000| Complete 
|   8|0x000000008c800000, 0x000000008c900000, 0x000000008c900000|100%| O|  |TAMS 0x000000008c900000, 0x000000008c800000| Untracked 
|   9|0x000000008c900000, 0x000000008ca00000, 0x000000008ca00000|100%| O|  |TAMS 0x000000008ca00000, 0x000000008c900000| Untracked 
|  10|0x000000008ca00000, 0x000000008cb00000, 0x000000008cb00000|100%| O|  |TAMS 0x000000008cb00000, 0x000000008ca00000| Untracked 
|  11|0x000000008cb00000, 0x000000008cc00000, 0x000000008cc00000|100%| O|  |TAMS 0x000000008cc00000, 0x000000008cb00000| Untracked 
|  12|0x000000008cc00000, 0x000000008cd00000, 0x000000008cd00000|100%| O|  |TAMS 0x000000008cd00000, 0x000000008cc00000| Untracked 
|  13|0x000000008cd00000, 0x000000008ce00000, 0x000000008ce00000|100%| O|  |TAMS 0x000000008ce00000, 0x000000008cd00000| Untracked 
|  14|0x000000008ce00000, 0x000000008cf00000, 0x000000008cf00000|100%| O|  |TAMS 0x000000008cf00000, 0x000000008ce00000| Untracked 
|  15|0x000000008cf00000, 0x000000008d000000, 0x000000008d000000|100%| O|  |TAMS 0x000000008d000000, 0x000000008cf00000| Untracked 
|  16|0x000000008d000000, 0x000000008d100000, 0x000000008d100000|100%| O|  |TAMS 0x000000008d100000, 0x000000008d000000| Untracked 
|  17|0x000000008d100000, 0x000000008d200000, 0x000000008d200000|100%| O|  |TAMS 0x000000008d200000, 0x000000008d100000| Untracked 
|  18|0x000000008d200000, 0x000000008d300000, 0x000000008d300000|100%| O|  |TAMS 0x000000008d300000, 0x000000008d200000| Untracked 
|  19|0x000000008d300000, 0x000000008d400000, 0x000000008d400000|100%| O|  |TAMS 0x000000008d400000, 0x000000008d300000| Untracked 
|  20|0x000000008d400000, 0x000000008d500000, 0x000000008d500000|100%| O|  |TAMS 0x000000008d500000, 0x000000008d400000| Untracked 
|  21|0x000000008d500000, 0x000000008d600000, 0x000000008d600000|100%| O|  |TAMS 0x000000008d600000, 0x000000008d500000| Untracked 
|  22|0x000000008d600000, 0x000000008d700000, 0x000000008d700000|100%| O|  |TAMS 0x000000008d700000, 0x000000008d600000| Untracked 
|  23|0x000000008d700000, 0x000000008d800000, 0x000000008d800000|100%| O|  |TAMS 0x000000008d800000, 0x000000008d700000| Untracked 
|  24|0x000000008d800000, 0x000000008d900000, 0x000000008d900000|100%| O|  |TAMS 0x000000008d900000, 0x000000008d800000| Untracked 
|  25|0x000000008d900000, 0x000000008da00000, 0x000000008da00000|100%| O|  |TAMS 0x000000008da00000, 0x000000008d900000| Untracked 
|  26|0x000000008da00000, 0x000000008db00000, 0x000000008db00000|100%| O|  |TAMS 0x000000008db00000, 0x000000008da00000| Untracked 
|  27|0x000000008db00000, 0x000000008dc00000, 0x000000008dc00000|100%| O|  |TAMS 0x000000008db3be00, 0x000000008db00000| Untracked 
|  28|0x000000008dc00000, 0x000000008dd00000, 0x000000008dd00000|100%| O|  |TAMS 0x000000008dc00000, 0x000000008dc00000| Untracked 
|  29|0x000000008dd00000, 0x000000008de00000, 0x000000008de00000|100%| O|  |TAMS 0x000000008dd00000, 0x000000008dd00000| Untracked 
|  30|0x000000008de00000, 0x000000008df00000, 0x000000008df00000|100%| O|  |TAMS 0x000000008de00000, 0x000000008de00000| Untracked 
|  31|0x000000008df00000, 0x000000008e000000, 0x000000008e000000|100%| O|  |TAMS 0x000000008df00000, 0x000000008df00000| Untracked 
|  32|0x000000008e000000, 0x000000008e100000, 0x000000008e100000|100%| O|  |TAMS 0x000000008e000000, 0x000000008e000000| Untracked 
|  33|0x000000008e100000, 0x000000008e200000, 0x000000008e200000|100%| O|  |TAMS 0x000000008e100000, 0x000000008e100000| Untracked 
|  34|0x000000008e200000, 0x000000008e300000, 0x000000008e300000|100%| O|  |TAMS 0x000000008e200000, 0x000000008e200000| Untracked 
|  35|0x000000008e300000, 0x000000008e400000, 0x000000008e400000|100%| O|  |TAMS 0x000000008e300000, 0x000000008e300000| Untracked 
|  36|0x000000008e400000, 0x000000008e500000, 0x000000008e500000|100%| O|  |TAMS 0x000000008e400000, 0x000000008e400000| Untracked 
|  37|0x000000008e500000, 0x000000008e600000, 0x000000008e600000|100%| O|  |TAMS 0x000000008e500000, 0x000000008e500000| Untracked 
|  38|0x000000008e600000, 0x000000008e700000, 0x000000008e700000|100%| O|  |TAMS 0x000000008e600000, 0x000000008e600000| Untracked 
|  39|0x000000008e700000, 0x000000008e800000, 0x000000008e800000|100%| O|  |TAMS 0x000000008e700000, 0x000000008e700000| Untracked 
|  40|0x000000008e800000, 0x000000008e900000, 0x000000008e900000|100%| O|  |TAMS 0x000000008e800000, 0x000000008e800000| Untracked 
|  41|0x000000008e900000, 0x000000008ea00000, 0x000000008ea00000|100%| O|  |TAMS 0x000000008e900000, 0x000000008e900000| Untracked 
|  42|0x000000008ea00000, 0x000000008eb00000, 0x000000008eb00000|100%| O|  |TAMS 0x000000008ea00000, 0x000000008ea00000| Untracked 
|  43|0x000000008eb00000, 0x000000008ec00000, 0x000000008ec00000|100%| O|  |TAMS 0x000000008eb00000, 0x000000008eb00000| Untracked 
|  44|0x000000008ec00000, 0x000000008ed00000, 0x000000008ed00000|100%| O|  |TAMS 0x000000008ec00000, 0x000000008ec00000| Untracked 
|  45|0x000000008ed00000, 0x000000008ee00000, 0x000000008ee00000|100%| O|  |TAMS 0x000000008ed00000, 0x000000008ed00000| Untracked 
|  46|0x000000008ee00000, 0x000000008ef00000, 0x000000008ef00000|100%| O|  |TAMS 0x000000008ee00000, 0x000000008ee00000| Untracked 
|  47|0x000000008ef00000, 0x000000008f000000, 0x000000008f000000|100%| O|  |TAMS 0x000000008ef00000, 0x000000008ef00000| Untracked 
|  48|0x000000008f000000, 0x000000008f100000, 0x000000008f100000|100%| O|  |TAMS 0x000000008f000000, 0x000000008f000000| Untracked 
|  49|0x000000008f100000, 0x000000008f200000, 0x000000008f200000|100%| O|  |TAMS 0x000000008f100000, 0x000000008f100000| Untracked 
|  50|0x000000008f200000, 0x000000008f300000, 0x000000008f300000|100%| O|  |TAMS 0x000000008f200000, 0x000000008f200000| Untracked 
|  51|0x000000008f300000, 0x000000008f400000, 0x000000008f400000|100%| O|  |TAMS 0x000000008f300000, 0x000000008f300000| Untracked 
|  52|0x000000008f400000, 0x000000008f4e0800, 0x000000008f500000| 87%| O|  |TAMS 0x000000008f400000, 0x000000008f400000| Untracked 
|  53|0x000000008f500000, 0x000000008f500000, 0x000000008f600000|  0%| F|  |TAMS 0x000000008f500000, 0x000000008f500000| Untracked 
|  54|0x000000008f600000, 0x000000008f600000, 0x000000008f700000|  0%| F|  |TAMS 0x000000008f600000, 0x000000008f600000| Untracked 
|  55|0x000000008f700000, 0x000000008f700000, 0x000000008f800000|  0%| F|  |TAMS 0x000000008f700000, 0x000000008f700000| Untracked 
|  56|0x000000008f800000, 0x000000008f800000, 0x000000008f900000|  0%| F|  |TAMS 0x000000008f800000, 0x000000008f800000| Untracked 
|  57|0x000000008f900000, 0x000000008f900000, 0x000000008fa00000|  0%| F|  |TAMS 0x000000008f900000, 0x000000008f900000| Untracked 
|  58|0x000000008fa00000, 0x000000008fa00000, 0x000000008fb00000|  0%| F|  |TAMS 0x000000008fa00000, 0x000000008fa00000| Untracked 
|  59|0x000000008fb00000, 0x000000008fb00000, 0x000000008fc00000|  0%| F|  |TAMS 0x000000008fb00000, 0x000000008fb00000| Untracked 
|  60|0x000000008fc00000, 0x000000008fc00000, 0x000000008fd00000|  0%| F|  |TAMS 0x000000008fc00000, 0x000000008fc00000| Untracked 
|  61|0x000000008fd00000, 0x000000008fd00000, 0x000000008fe00000|  0%| F|  |TAMS 0x000000008fd00000, 0x000000008fd00000| Untracked 
|  62|0x000000008fe00000, 0x000000008fe00000, 0x000000008ff00000|  0%| F|  |TAMS 0x000000008fe00000, 0x000000008fe00000| Untracked 
|  63|0x000000008ff00000, 0x000000008ff00000, 0x0000000090000000|  0%| F|  |TAMS 0x000000008ff00000, 0x000000008ff00000| Untracked 
|  64|0x0000000090000000, 0x0000000090000000, 0x0000000090100000|  0%| F|  |TAMS 0x0000000090000000, 0x0000000090000000| Untracked 
|  65|0x0000000090100000, 0x0000000090100000, 0x0000000090200000|  0%| F|  |TAMS 0x0000000090100000, 0x0000000090100000| Untracked 
|  66|0x0000000090200000, 0x0000000090200000, 0x0000000090300000|  0%| F|  |TAMS 0x0000000090200000, 0x0000000090200000| Untracked 
|  67|0x0000000090300000, 0x0000000090300000, 0x0000000090400000|  0%| F|  |TAMS 0x0000000090300000, 0x0000000090300000| Untracked 
|  68|0x0000000090400000, 0x0000000090400000, 0x0000000090500000|  0%| F|  |TAMS 0x0000000090400000, 0x0000000090400000| Untracked 
|  69|0x0000000090500000, 0x0000000090500000, 0x0000000090600000|  0%| F|  |TAMS 0x0000000090500000, 0x0000000090500000| Untracked 
|  70|0x0000000090600000, 0x0000000090600000, 0x0000000090700000|  0%| F|  |TAMS 0x0000000090600000, 0x0000000090600000| Untracked 
|  71|0x0000000090700000, 0x0000000090700000, 0x0000000090800000|  0%| F|  |TAMS 0x0000000090700000, 0x0000000090700000| Untracked 
|  72|0x0000000090800000, 0x0000000090800000, 0x0000000090900000|  0%| F|  |TAMS 0x0000000090800000, 0x0000000090800000| Untracked 
|  73|0x0000000090900000, 0x0000000090900000, 0x0000000090a00000|  0%| F|  |TAMS 0x0000000090900000, 0x0000000090900000| Untracked 
|  74|0x0000000090a00000, 0x0000000090a00000, 0x0000000090b00000|  0%| F|  |TAMS 0x0000000090a00000, 0x0000000090a00000| Untracked 
|  75|0x0000000090b00000, 0x0000000090b00000, 0x0000000090c00000|  0%| F|  |TAMS 0x0000000090b00000, 0x0000000090b00000| Untracked 
|  76|0x0000000090c00000, 0x0000000090c00000, 0x0000000090d00000|  0%| F|  |TAMS 0x0000000090c00000, 0x0000000090c00000| Untracked 
|  77|0x0000000090d00000, 0x0000000090d00000, 0x0000000090e00000|  0%| F|  |TAMS 0x0000000090d00000, 0x0000000090d00000| Untracked 
|  78|0x0000000090e00000, 0x0000000090e00000, 0x0000000090f00000|  0%| F|  |TAMS 0x0000000090e00000, 0x0000000090e00000| Untracked 
|  79|0x0000000090f00000, 0x0000000090f00000, 0x0000000091000000|  0%| F|  |TAMS 0x0000000090f00000, 0x0000000090f00000| Untracked 
|  80|0x0000000091000000, 0x0000000091000000, 0x0000000091100000|  0%| F|  |TAMS 0x0000000091000000, 0x0000000091000000| Untracked 
|  81|0x0000000091100000, 0x0000000091100000, 0x0000000091200000|  0%| F|  |TAMS 0x0000000091100000, 0x0000000091100000| Untracked 
|  82|0x0000000091200000, 0x0000000091200000, 0x0000000091300000|  0%| F|  |TAMS 0x0000000091200000, 0x0000000091200000| Untracked 
|  83|0x0000000091300000, 0x0000000091300000, 0x0000000091400000|  0%| F|  |TAMS 0x0000000091300000, 0x0000000091300000| Untracked 
|  84|0x0000000091400000, 0x0000000091400000, 0x0000000091500000|  0%| F|  |TAMS 0x0000000091400000, 0x0000000091400000| Untracked 
|  85|0x0000000091500000, 0x0000000091500000, 0x0000000091600000|  0%| F|  |TAMS 0x0000000091500000, 0x0000000091500000| Untracked 
|  86|0x0000000091600000, 0x0000000091600000, 0x0000000091700000|  0%| F|  |TAMS 0x0000000091600000, 0x0000000091600000| Untracked 
|  87|0x0000000091700000, 0x0000000091700000, 0x0000000091800000|  0%| F|  |TAMS 0x0000000091700000, 0x0000000091700000| Untracked 
|  88|0x0000000091800000, 0x0000000091800000, 0x0000000091900000|  0%| F|  |TAMS 0x0000000091800000, 0x0000000091800000| Untracked 
|  89|0x0000000091900000, 0x0000000091900000, 0x0000000091a00000|  0%| F|  |TAMS 0x0000000091900000, 0x0000000091900000| Untracked 
|  90|0x0000000091a00000, 0x0000000091a00000, 0x0000000091b00000|  0%| F|  |TAMS 0x0000000091a00000, 0x0000000091a00000| Untracked 
|  91|0x0000000091b00000, 0x0000000091b00000, 0x0000000091c00000|  0%| F|  |TAMS 0x0000000091b00000, 0x0000000091b00000| Untracked 
|  92|0x0000000091c00000, 0x0000000091c00000, 0x0000000091d00000|  0%| F|  |TAMS 0x0000000091c00000, 0x0000000091c00000| Untracked 
|  93|0x0000000091d00000, 0x0000000091d00000, 0x0000000091e00000|  0%| F|  |TAMS 0x0000000091d00000, 0x0000000091d00000| Untracked 
|  94|0x0000000091e00000, 0x0000000091e00000, 0x0000000091f00000|  0%| F|  |TAMS 0x0000000091e00000, 0x0000000091e00000| Untracked 
|  95|0x0000000091f00000, 0x0000000091f00000, 0x0000000092000000|  0%| F|  |TAMS 0x0000000091f00000, 0x0000000091f00000| Untracked 
|  96|0x0000000092000000, 0x0000000092000000, 0x0000000092100000|  0%| F|  |TAMS 0x0000000092000000, 0x0000000092000000| Untracked 
|  97|0x0000000092100000, 0x0000000092100000, 0x0000000092200000|  0%| F|  |TAMS 0x0000000092100000, 0x0000000092100000| Untracked 
|  98|0x0000000092200000, 0x0000000092200000, 0x0000000092300000|  0%| F|  |TAMS 0x0000000092200000, 0x0000000092200000| Untracked 
|  99|0x0000000092300000, 0x0000000092300000, 0x0000000092400000|  0%| F|  |TAMS 0x0000000092300000, 0x0000000092300000| Untracked 
| 100|0x0000000092400000, 0x0000000092400000, 0x0000000092500000|  0%| F|  |TAMS 0x0000000092400000, 0x0000000092400000| Untracked 
| 101|0x0000000092500000, 0x0000000092500000, 0x0000000092600000|  0%| F|  |TAMS 0x0000000092500000, 0x0000000092500000| Untracked 
| 102|0x0000000092600000, 0x0000000092600000, 0x0000000092700000|  0%| F|  |TAMS 0x0000000092600000, 0x0000000092600000| Untracked 
| 103|0x0000000092700000, 0x0000000092700000, 0x0000000092800000|  0%| F|  |TAMS 0x0000000092700000, 0x0000000092700000| Untracked 
| 104|0x0000000092800000, 0x0000000092800000, 0x0000000092900000|  0%| F|  |TAMS 0x0000000092800000, 0x0000000092800000| Untracked 
| 105|0x0000000092900000, 0x0000000092900000, 0x0000000092a00000|  0%| F|  |TAMS 0x0000000092900000, 0x0000000092900000| Untracked 
| 106|0x0000000092a00000, 0x0000000092a00000, 0x0000000092b00000|  0%| F|  |TAMS 0x0000000092a00000, 0x0000000092a00000| Untracked 
| 107|0x0000000092b00000, 0x0000000092c00000, 0x0000000092c00000|100%| S|CS|TAMS 0x0000000092b00000, 0x0000000092b00000| Complete 
| 108|0x0000000092c00000, 0x0000000092d00000, 0x0000000092d00000|100%| S|CS|TAMS 0x0000000092c00000, 0x0000000092c00000| Complete 
| 109|0x0000000092d00000, 0x0000000092e00000, 0x0000000092e00000|100%| S|CS|TAMS 0x0000000092d00000, 0x0000000092d00000| Complete 
| 110|0x0000000092e00000, 0x0000000092f00000, 0x0000000092f00000|100%| S|CS|TAMS 0x0000000092e00000, 0x0000000092e00000| Complete 
| 111|0x0000000092f00000, 0x0000000093000000, 0x0000000093000000|100%| S|CS|TAMS 0x0000000092f00000, 0x0000000092f00000| Complete 
| 112|0x0000000093000000, 0x0000000093100000, 0x0000000093100000|100%| S|CS|TAMS 0x0000000093000000, 0x0000000093000000| Complete 
| 113|0x0000000093100000, 0x0000000093200000, 0x0000000093200000|100%| S|CS|TAMS 0x0000000093100000, 0x0000000093100000| Complete 
| 114|0x0000000093200000, 0x0000000093300000, 0x0000000093300000|100%| S|CS|TAMS 0x0000000093200000, 0x0000000093200000| Complete 
| 115|0x0000000093300000, 0x0000000093400000, 0x0000000093400000|100%| S|CS|TAMS 0x0000000093300000, 0x0000000093300000| Complete 
| 116|0x0000000093400000, 0x0000000093500000, 0x0000000093500000|100%| S|CS|TAMS 0x0000000093400000, 0x0000000093400000| Complete 
| 117|0x0000000093500000, 0x0000000093500000, 0x0000000093600000|  0%| F|  |TAMS 0x0000000093500000, 0x0000000093500000| Untracked 
| 118|0x0000000093600000, 0x0000000093600000, 0x0000000093700000|  0%| F|  |TAMS 0x0000000093600000, 0x0000000093600000| Untracked 
| 119|0x0000000093700000, 0x0000000093780800, 0x0000000093800000| 50%| E|  |TAMS 0x0000000093700000, 0x0000000093700000| Complete 
| 120|0x0000000093800000, 0x0000000093900000, 0x0000000093900000|100%| E|CS|TAMS 0x0000000093800000, 0x0000000093800000| Complete 
| 121|0x0000000093900000, 0x0000000093a00000, 0x0000000093a00000|100%| E|CS|TAMS 0x0000000093900000, 0x0000000093900000| Complete 
| 122|0x0000000093a00000, 0x0000000093b00000, 0x0000000093b00000|100%| E|CS|TAMS 0x0000000093a00000, 0x0000000093a00000| Complete 
| 123|0x0000000093b00000, 0x0000000093c00000, 0x0000000093c00000|100%| E|CS|TAMS 0x0000000093b00000, 0x0000000093b00000| Complete 
| 124|0x0000000093c00000, 0x0000000093d00000, 0x0000000093d00000|100%| E|CS|TAMS 0x0000000093c00000, 0x0000000093c00000| Complete 
| 125|0x0000000093d00000, 0x0000000093e00000, 0x0000000093e00000|100%| E|CS|TAMS 0x0000000093d00000, 0x0000000093d00000| Complete 
| 126|0x0000000093e00000, 0x0000000093f00000, 0x0000000093f00000|100%| E|CS|TAMS 0x0000000093e00000, 0x0000000093e00000| Complete 
| 127|0x0000000093f00000, 0x0000000094000000, 0x0000000094000000|100%| E|CS|TAMS 0x0000000093f00000, 0x0000000093f00000| Complete 
| 128|0x0000000094000000, 0x0000000094100000, 0x0000000094100000|100%| E|CS|TAMS 0x0000000094000000, 0x0000000094000000| Complete 
| 129|0x0000000094100000, 0x0000000094200000, 0x0000000094200000|100%| E|CS|TAMS 0x0000000094100000, 0x0000000094100000| Complete 
| 130|0x0000000094200000, 0x0000000094300000, 0x0000000094300000|100%| E|CS|TAMS 0x0000000094200000, 0x0000000094200000| Complete 
| 131|0x0000000094300000, 0x0000000094400000, 0x0000000094400000|100%| E|CS|TAMS 0x0000000094300000, 0x0000000094300000| Complete 
| 132|0x0000000094400000, 0x0000000094500000, 0x0000000094500000|100%| E|CS|TAMS 0x0000000094400000, 0x0000000094400000| Complete 
| 133|0x0000000094500000, 0x0000000094600000, 0x0000000094600000|100%| E|CS|TAMS 0x0000000094500000, 0x0000000094500000| Complete 
| 134|0x0000000094600000, 0x0000000094700000, 0x0000000094700000|100%| E|CS|TAMS 0x0000000094600000, 0x0000000094600000| Complete 
| 135|0x0000000094700000, 0x0000000094800000, 0x0000000094800000|100%| E|CS|TAMS 0x0000000094700000, 0x0000000094700000| Complete 
| 136|0x0000000094800000, 0x0000000094900000, 0x0000000094900000|100%| E|CS|TAMS 0x0000000094800000, 0x0000000094800000| Complete 
| 137|0x0000000094900000, 0x0000000094a00000, 0x0000000094a00000|100%| E|CS|TAMS 0x0000000094900000, 0x0000000094900000| Complete 
| 138|0x0000000094a00000, 0x0000000094b00000, 0x0000000094b00000|100%| E|CS|TAMS 0x0000000094a00000, 0x0000000094a00000| Complete 
| 139|0x0000000094b00000, 0x0000000094c00000, 0x0000000094c00000|100%| E|CS|TAMS 0x0000000094b00000, 0x0000000094b00000| Complete 
| 140|0x0000000094c00000, 0x0000000094d00000, 0x0000000094d00000|100%| E|CS|TAMS 0x0000000094c00000, 0x0000000094c00000| Complete 
| 141|0x0000000094d00000, 0x0000000094e00000, 0x0000000094e00000|100%| E|CS|TAMS 0x0000000094d00000, 0x0000000094d00000| Complete 
| 142|0x0000000094e00000, 0x0000000094f00000, 0x0000000094f00000|100%| E|CS|TAMS 0x0000000094e00000, 0x0000000094e00000| Complete 
| 143|0x0000000094f00000, 0x0000000095000000, 0x0000000095000000|100%| E|CS|TAMS 0x0000000094f00000, 0x0000000094f00000| Complete 
| 144|0x0000000095000000, 0x0000000095100000, 0x0000000095100000|100%| E|CS|TAMS 0x0000000095000000, 0x0000000095000000| Complete 
| 145|0x0000000095100000, 0x0000000095200000, 0x0000000095200000|100%| E|CS|TAMS 0x0000000095100000, 0x0000000095100000| Complete 
| 146|0x0000000095200000, 0x0000000095300000, 0x0000000095300000|100%| E|CS|TAMS 0x0000000095200000, 0x0000000095200000| Complete 
| 147|0x0000000095300000, 0x0000000095400000, 0x0000000095400000|100%| E|CS|TAMS 0x0000000095300000, 0x0000000095300000| Complete 
| 148|0x0000000095400000, 0x0000000095500000, 0x0000000095500000|100%| E|CS|TAMS 0x0000000095400000, 0x0000000095400000| Complete 
| 149|0x0000000095500000, 0x0000000095600000, 0x0000000095600000|100%| E|CS|TAMS 0x0000000095500000, 0x0000000095500000| Complete 
| 150|0x0000000095600000, 0x0000000095700000, 0x0000000095700000|100%| E|CS|TAMS 0x0000000095600000, 0x0000000095600000| Complete 
| 151|0x0000000095700000, 0x0000000095800000, 0x0000000095800000|100%| E|CS|TAMS 0x0000000095700000, 0x0000000095700000| Complete 
| 152|0x0000000095800000, 0x0000000095900000, 0x0000000095900000|100%| E|CS|TAMS 0x0000000095800000, 0x0000000095800000| Complete 
| 153|0x0000000095900000, 0x0000000095a00000, 0x0000000095a00000|100%| E|CS|TAMS 0x0000000095900000, 0x0000000095900000| Complete 
| 154|0x0000000095a00000, 0x0000000095b00000, 0x0000000095b00000|100%| E|CS|TAMS 0x0000000095a00000, 0x0000000095a00000| Complete 
| 155|0x0000000095b00000, 0x0000000095c00000, 0x0000000095c00000|100%| E|CS|TAMS 0x0000000095b00000, 0x0000000095b00000| Complete 
| 156|0x0000000095c00000, 0x0000000095d00000, 0x0000000095d00000|100%| E|CS|TAMS 0x0000000095c00000, 0x0000000095c00000| Complete 
| 157|0x0000000095d00000, 0x0000000095e00000, 0x0000000095e00000|100%| E|CS|TAMS 0x0000000095d00000, 0x0000000095d00000| Complete 
| 158|0x0000000095e00000, 0x0000000095f00000, 0x0000000095f00000|100%| E|CS|TAMS 0x0000000095e00000, 0x0000000095e00000| Complete 
| 159|0x0000000095f00000, 0x0000000096000000, 0x0000000096000000|100%| E|CS|TAMS 0x0000000095f00000, 0x0000000095f00000| Complete 
| 160|0x0000000096000000, 0x0000000096100000, 0x0000000096100000|100%| E|CS|TAMS 0x0000000096000000, 0x0000000096000000| Complete 
| 161|0x0000000096100000, 0x0000000096200000, 0x0000000096200000|100%| E|CS|TAMS 0x0000000096100000, 0x0000000096100000| Complete 
| 162|0x0000000096200000, 0x0000000096300000, 0x0000000096300000|100%| E|CS|TAMS 0x0000000096200000, 0x0000000096200000| Complete 
| 163|0x0000000096300000, 0x0000000096400000, 0x0000000096400000|100%| E|CS|TAMS 0x0000000096300000, 0x0000000096300000| Complete 
| 164|0x0000000096400000, 0x0000000096500000, 0x0000000096500000|100%| E|CS|TAMS 0x0000000096400000, 0x0000000096400000| Complete 
| 165|0x0000000096500000, 0x0000000096600000, 0x0000000096600000|100%| E|CS|TAMS 0x0000000096500000, 0x0000000096500000| Complete 
| 166|0x0000000096600000, 0x0000000096700000, 0x0000000096700000|100%| E|CS|TAMS 0x0000000096600000, 0x0000000096600000| Complete 
| 167|0x0000000096700000, 0x0000000096800000, 0x0000000096800000|100%| E|CS|TAMS 0x0000000096700000, 0x0000000096700000| Complete 
| 168|0x0000000096800000, 0x0000000096900000, 0x0000000096900000|100%| E|CS|TAMS 0x0000000096800000, 0x0000000096800000| Complete 
| 169|0x0000000096900000, 0x0000000096a00000, 0x0000000096a00000|100%| E|CS|TAMS 0x0000000096900000, 0x0000000096900000| Complete 
| 170|0x0000000096a00000, 0x0000000096b00000, 0x0000000096b00000|100%| E|CS|TAMS 0x0000000096a00000, 0x0000000096a00000| Complete 
| 171|0x0000000096b00000, 0x0000000096c00000, 0x0000000096c00000|100%| E|CS|TAMS 0x0000000096b00000, 0x0000000096b00000| Complete 
| 172|0x0000000096c00000, 0x0000000096d00000, 0x0000000096d00000|100%| E|CS|TAMS 0x0000000096c00000, 0x0000000096c00000| Complete 
| 173|0x0000000096d00000, 0x0000000096e00000, 0x0000000096e00000|100%| E|CS|TAMS 0x0000000096d00000, 0x0000000096d00000| Complete 
| 174|0x0000000096e00000, 0x0000000096f00000, 0x0000000096f00000|100%| E|CS|TAMS 0x0000000096e00000, 0x0000000096e00000| Complete 
| 175|0x0000000096f00000, 0x0000000097000000, 0x0000000097000000|100%| E|CS|TAMS 0x0000000096f00000, 0x0000000096f00000| Complete 
| 176|0x0000000097000000, 0x0000000097100000, 0x0000000097100000|100%| E|CS|TAMS 0x0000000097000000, 0x0000000097000000| Complete 
| 177|0x0000000097100000, 0x0000000097200000, 0x0000000097200000|100%| E|CS|TAMS 0x0000000097100000, 0x0000000097100000| Complete 
| 178|0x0000000097200000, 0x0000000097300000, 0x0000000097300000|100%| E|CS|TAMS 0x0000000097200000, 0x0000000097200000| Complete 
| 179|0x0000000097300000, 0x0000000097400000, 0x0000000097400000|100%| E|CS|TAMS 0x0000000097300000, 0x0000000097300000| Complete 
| 180|0x0000000097400000, 0x0000000097500000, 0x0000000097500000|100%| E|CS|TAMS 0x0000000097400000, 0x0000000097400000| Complete 
| 181|0x0000000097500000, 0x0000000097600000, 0x0000000097600000|100%| E|CS|TAMS 0x0000000097500000, 0x0000000097500000| Complete 
| 182|0x0000000097600000, 0x0000000097700000, 0x0000000097700000|100%| E|CS|TAMS 0x0000000097600000, 0x0000000097600000| Complete 
| 183|0x0000000097700000, 0x0000000097800000, 0x0000000097800000|100%| E|CS|TAMS 0x0000000097700000, 0x0000000097700000| Complete 
| 184|0x0000000097800000, 0x0000000097900000, 0x0000000097900000|100%| E|CS|TAMS 0x0000000097800000, 0x0000000097800000| Complete 
| 185|0x0000000097900000, 0x0000000097a00000, 0x0000000097a00000|100%| E|CS|TAMS 0x0000000097900000, 0x0000000097900000| Complete 
| 186|0x0000000097a00000, 0x0000000097b00000, 0x0000000097b00000|100%| E|CS|TAMS 0x0000000097a00000, 0x0000000097a00000| Complete 
| 187|0x0000000097b00000, 0x0000000097c00000, 0x0000000097c00000|100%| E|CS|TAMS 0x0000000097b00000, 0x0000000097b00000| Complete 
| 188|0x0000000097c00000, 0x0000000097d00000, 0x0000000097d00000|100%| E|CS|TAMS 0x0000000097c00000, 0x0000000097c00000| Complete 
| 189|0x0000000097d00000, 0x0000000097e00000, 0x0000000097e00000|100%| E|CS|TAMS 0x0000000097d00000, 0x0000000097d00000| Complete 
| 190|0x0000000097e00000, 0x0000000097f00000, 0x0000000097f00000|100%| E|CS|TAMS 0x0000000097e00000, 0x0000000097e00000| Complete 
| 191|0x0000000097f00000, 0x0000000098000000, 0x0000000098000000|100%| E|CS|TAMS 0x0000000097f00000, 0x0000000097f00000| Complete 
| 192|0x0000000098000000, 0x0000000098100000, 0x0000000098100000|100%| E|CS|TAMS 0x0000000098000000, 0x0000000098000000| Complete 
| 193|0x0000000098100000, 0x0000000098200000, 0x0000000098200000|100%| E|CS|TAMS 0x0000000098100000, 0x0000000098100000| Complete 

Card table byte_map: [0x0000020af6a10000,0x0000020af6db0000] _byte_map_base: 0x0000020af65b0000

Marking Bits (Prev, Next): (CMBitMap*) 0x0000020aed6adff0, (CMBitMap*) 0x0000020aed6adfb8
 Prev Bits: [0x0000020af8e50000, 0x0000020afab50000)
 Next Bits: [0x0000020af7150000, 0x0000020af8e50000)

Polling page: 0x0000020aeb5d0000

Metaspace:

Usage:
  Non-class:     76.87 MB capacity,    76.38 MB (>99%) used,   364.78 KB ( <1%) free+waste,   141.88 KB ( <1%) overhead. 
      Class:      9.50 MB capacity,     9.15 MB ( 96%) used,   303.13 KB (  3%) free+waste,    58.38 KB ( <1%) overhead. 
       Both:     86.37 MB capacity,    85.52 MB (>99%) used,   667.91 KB ( <1%) free+waste,   200.25 KB ( <1%) overhead. 

Virtual space:
  Non-class space:       78.00 MB reserved,      76.93 MB ( 99%) committed 
      Class space:        1.00 GB reserved,       9.57 MB ( <1%) committed 
             Both:        1.08 GB reserved,      86.50 MB (  8%) committed 

Chunk freelists:
   Non-Class:  57.00 KB
       Class:  30.00 KB
        Both:  87.00 KB

MaxMetaspaceSize: 17179869184.00 GB
CompressedClassSpaceSize: 1.00 GB
Initial GC threshold: 20.80 MB
Current GC threshold: 98.54 MB
CDS: off

CodeHeap 'non-profiled nmethods': size=119168Kb used=5612Kb max_used=5612Kb free=113555Kb
 bounds [0x0000020a87ba0000, 0x0000020a88120000, 0x0000020a8f000000]
CodeHeap 'profiled nmethods': size=119168Kb used=47569Kb max_used=47569Kb free=71598Kb
 bounds [0x0000020a80740000, 0x0000020a835c0000, 0x0000020a87ba0000]
CodeHeap 'non-nmethods': size=7424Kb used=3082Kb max_used=3121Kb free=4341Kb
 bounds [0x0000020a80000000, 0x0000020a80320000, 0x0000020a80740000]
 total_blobs=15201 nmethods=14508 adapters=597
 compilation: enabled
              stopped_count=0, restarted_count=0
 full_count=0

Compilation events (20 events):
Event: 10.500 Thread 0x0000020afeaa1800 nmethod 14632 0x0000020a88118e10 code [0x0000020a88118fc0, 0x0000020a88119078]
Event: 10.501 Thread 0x0000020a8f161000 nmethod 14623 0x0000020a88119110 code [0x0000020a881192a0, 0x0000020a88119458]
Event: 10.501 Thread 0x0000020a8f161000 14611       4       org.jetbrains.kotlin.load.kotlin.TypeSignatureMappingKt::mapBuiltInType (339 bytes)
Event: 10.501 Thread 0x0000020afe49b800 14633       3       kotlin.collections.ArrayAsCollection::<init> (21 bytes)
Event: 10.502 Thread 0x0000020afe64b800 nmethod 14627 0x0000020a83562c10 code [0x0000020a83563360, 0x0000020a83567908]
Event: 10.502 Thread 0x0000020afe49b800 nmethod 14633 0x0000020a83568c10 code [0x0000020a83568e40, 0x0000020a83569498]
Event: 10.502 Thread 0x0000020afeaa4800 14634       1       org.jetbrains.kotlin.codegen.serialization.JvmSerializerExtension::getStringTable (5 bytes)
Event: 10.502 Thread 0x0000020afeaa4800 nmethod 14634 0x0000020a88119590 code [0x0000020a88119740, 0x0000020a881197f8]
Event: 10.502 Thread 0x0000020afeaa1800 14635       3       org.jetbrains.kotlin.protobuf.FieldSet::iterator (40 bytes)
Event: 10.503 Thread 0x0000020afe64b800 14636       1       org.jetbrains.kotlin.ir.declarations.impl.IrClassImpl::getAnnotations (5 bytes)
Event: 10.503 Thread 0x0000020afeaa1800 nmethod 14635 0x0000020a83569710 code [0x0000020a835699a0, 0x0000020a8356a848]
Event: 10.503 Thread 0x0000020afe64b800 nmethod 14636 0x0000020a88119890 code [0x0000020a88119a40, 0x0000020a88119af8]
Event: 10.503 Thread 0x0000020afe49b800 14637       1       org.jetbrains.kotlin.ir.declarations.impl.IrConstructorImpl::getAnnotations (5 bytes)
Event: 10.503 Thread 0x0000020afe49b800 nmethod 14637 0x0000020a88119b90 code [0x0000020a88119d40, 0x0000020a88119df8]
Event: 10.510 Thread 0x0000020afeaa4800 14639       3       org.jetbrains.kotlin.ir.types.IrTypeSystemContext$DefaultImpls::typeConstructor (64 bytes)
Event: 10.510 Thread 0x0000020afeaa1800 14640       3       org.jetbrains.kotlin.backend.jvm.JvmIrTypeSystemContext::isClassTypeConstructor (6 bytes)
Event: 10.510 Thread 0x0000020afe64b800 14642       3       org.jetbrains.kotlin.backend.jvm.mapping.IrTypeCheckerContextForTypeMapping::typeConstructor (17 bytes)
Event: 10.510 Thread 0x0000020afeaa1800 nmethod 14640 0x0000020a8356ad10 code [0x0000020a8356af40, 0x0000020a8356b638]
Event: 10.510 Thread 0x0000020afeaa4800 nmethod 14639 0x0000020a8356b890 code [0x0000020a8356bb40, 0x0000020a8356c9c8]
Event: 10.510 Thread 0x0000020afe64b800 nmethod 14642 0x0000020a8356cd90 code [0x0000020a8356cfc0, 0x0000020a8356d608]

GC Heap History (20 events):
Event: 1.016 GC heap before
{Heap before GC invocations=1 (full 0):
 garbage-first heap   total 118784K, used 41687K [0x000000008c000000, 0x0000000100000000)
  region size 1024K, 39 young (39936K), 3 survivors (3072K)
 Metaspace       used 20969K, capacity 21182K, committed 21248K, reserved 1069056K
  class space    used 2188K, capacity 2280K, committed 2304K, reserved 1048576K
}
Event: 1.027 GC heap after
{Heap after GC invocations=2 (full 0):
 garbage-first heap   total 118784K, used 9154K [0x000000008c000000, 0x0000000100000000)
  region size 1024K, 6 young (6144K), 6 survivors (6144K)
 Metaspace       used 20969K, capacity 21182K, committed 21248K, reserved 1069056K
  class space    used 2188K, capacity 2280K, committed 2304K, reserved 1048576K
}
Event: 1.853 GC heap before
{Heap before GC invocations=3 (full 0):
 garbage-first heap   total 118784K, used 63426K [0x000000008c000000, 0x0000000100000000)
  region size 1024K, 54 young (55296K), 6 survivors (6144K)
 Metaspace       used 32527K, capacity 33017K, committed 33152K, reserved 1079296K
  class space    used 4014K, capacity 4214K, committed 4224K, reserved 1048576K
}
Event: 1.871 GC heap after
{Heap after GC invocations=4 (full 0):
 garbage-first heap   total 118784K, used 20617K [0x000000008c000000, 0x0000000100000000)
  region size 1024K, 7 young (7168K), 7 survivors (7168K)
 Metaspace       used 32527K, capacity 33017K, committed 33152K, reserved 1079296K
  class space    used 4014K, capacity 4214K, committed 4224K, reserved 1048576K
}
Event: 2.043 GC heap before
{Heap before GC invocations=4 (full 0):
 garbage-first heap   total 118784K, used 32905K [0x000000008c000000, 0x0000000100000000)
  region size 1024K, 20 young (20480K), 7 survivors (7168K)
 Metaspace       used 35286K, capacity 35722K, committed 35840K, reserved 1081344K
  class space    used 4296K, capacity 4474K, committed 4480K, reserved 1048576K
}
Event: 2.053 GC heap after
{Heap after GC invocations=5 (full 0):
 garbage-first heap   total 118784K, used 20218K [0x000000008c000000, 0x0000000100000000)
  region size 1024K, 2 young (2048K), 2 survivors (2048K)
 Metaspace       used 35286K, capacity 35722K, committed 35840K, reserved 1081344K
  class space    used 4296K, capacity 4474K, committed 4480K, reserved 1048576K
}
Event: 2.682 GC heap before
{Heap before GC invocations=6 (full 0):
 garbage-first heap   total 118784K, used 62202K [0x000000008c000000, 0x0000000100000000)
  region size 1024K, 43 young (44032K), 2 survivors (2048K)
 Metaspace       used 44405K, capacity 44914K, committed 45132K, reserved 1089536K
  class space    used 5177K, capacity 5376K, committed 5452K, reserved 1048576K
}
Event: 2.692 GC heap after
{Heap after GC invocations=7 (full 0):
 garbage-first heap   total 147456K, used 23802K [0x000000008c000000, 0x0000000100000000)
  region size 1024K, 5 young (5120K), 5 survivors (5120K)
 Metaspace       used 44405K, capacity 44914K, committed 45132K, reserved 1089536K
  class space    used 5177K, capacity 5376K, committed 5452K, reserved 1048576K
}
Event: 3.504 GC heap before
{Heap before GC invocations=7 (full 0):
 garbage-first heap   total 147456K, used 80122K [0x000000008c000000, 0x0000000100000000)
  region size 1024K, 57 young (58368K), 5 survivors (5120K)
 Metaspace       used 53606K, capacity 54318K, committed 54604K, reserved 1097728K
  class space    used 6331K, capacity 6612K, committed 6732K, reserved 1048576K
}
Event: 3.518 GC heap after
{Heap after GC invocations=8 (full 0):
 garbage-first heap   total 147456K, used 30322K [0x000000008c000000, 0x0000000100000000)
  region size 1024K, 8 young (8192K), 8 survivors (8192K)
 Metaspace       used 53606K, capacity 54318K, committed 54604K, reserved 1097728K
  class space    used 6331K, capacity 6612K, committed 6732K, reserved 1048576K
}
Event: 4.385 GC heap before
{Heap before GC invocations=8 (full 0):
 garbage-first heap   total 147456K, used 78450K [0x000000008c000000, 0x0000000100000000)
  region size 1024K, 56 young (57344K), 8 survivors (8192K)
 Metaspace       used 59353K, capacity 60116K, committed 60288K, reserved 1101824K
  class space    used 6922K, capacity 7255K, committed 7372K, reserved 1048576K
}
Event: 4.416 GC heap after
{Heap after GC invocations=9 (full 0):
 garbage-first heap   total 147456K, used 36079K [0x000000008c000000, 0x0000000100000000)
  region size 1024K, 8 young (8192K), 8 survivors (8192K)
 Metaspace       used 59353K, capacity 60116K, committed 60288K, reserved 1101824K
  class space    used 6922K, capacity 7255K, committed 7372K, reserved 1048576K
}
Event: 5.209 GC heap before
{Heap before GC invocations=10 (full 0):
 garbage-first heap   total 147456K, used 90351K [0x000000008c000000, 0x0000000100000000)
  region size 1024K, 61 young (62464K), 8 survivors (8192K)
 Metaspace       used 60938K, capacity 61719K, committed 61824K, reserved 1103872K
  class space    used 7021K, capacity 7362K, committed 7372K, reserved 1048576K
}
Event: 5.236 GC heap after
{Heap after GC invocations=11 (full 0):
 garbage-first heap   total 147456K, used 45013K [0x000000008c000000, 0x0000000100000000)
  region size 1024K, 8 young (8192K), 8 survivors (8192K)
 Metaspace       used 60938K, capacity 61719K, committed 61824K, reserved 1103872K
  class space    used 7021K, capacity 7362K, committed 7372K, reserved 1048576K
}
Event: 6.595 GC heap before
{Heap before GC invocations=11 (full 0):
 garbage-first heap   total 147456K, used 98261K [0x000000008c000000, 0x0000000100000000)
  region size 1024K, 60 young (61440K), 8 survivors (8192K)
 Metaspace       used 66049K, capacity 66868K, committed 67200K, reserved 1107968K
  class space    used 7397K, capacity 7765K, committed 7884K, reserved 1048576K
}
Event: 6.618 GC heap after
{Heap after GC invocations=12 (full 0):
 garbage-first heap   total 198656K, used 52180K [0x000000008c000000, 0x0000000100000000)
  region size 1024K, 6 young (6144K), 6 survivors (6144K)
 Metaspace       used 66049K, capacity 66868K, committed 67200K, reserved 1107968K
  class space    used 7397K, capacity 7765K, committed 7884K, reserved 1048576K
}
Event: 8.294 GC heap before
{Heap before GC invocations=12 (full 0):
 garbage-first heap   total 198656K, used 119764K [0x000000008c000000, 0x0000000100000000)
  region size 1024K, 71 young (72704K), 6 survivors (6144K)
 Metaspace       used 73342K, capacity 74237K, committed 74496K, reserved 1116160K
  class space    used 8036K, capacity 8408K, committed 8524K, reserved 1048576K
}
Event: 8.315 GC heap after
{Heap after GC invocations=13 (full 0):
 garbage-first heap   total 198656K, used 57720K [0x000000008c000000, 0x0000000100000000)
  region size 1024K, 6 young (6144K), 6 survivors (6144K)
 Metaspace       used 73342K, capacity 74237K, committed 74496K, reserved 1116160K
  class space    used 8036K, capacity 8408K, committed 8524K, reserved 1048576K
}
Event: 9.545 GC heap before
{Heap before GC invocations=13 (full 0):
 garbage-first heap   total 198656K, used 130424K [0x000000008c000000, 0x0000000100000000)
  region size 1024K, 77 young (78848K), 6 survivors (6144K)
 Metaspace       used 82471K, capacity 83407K, committed 83584K, reserved 1124352K
  class space    used 9009K, capacity 9374K, committed 9420K, reserved 1048576K
}
Event: 9.564 GC heap after
{Heap after GC invocations=14 (full 0):
 garbage-first heap   total 198656K, used 64386K [0x000000008c000000, 0x0000000100000000)
  region size 1024K, 10 young (10240K), 10 survivors (10240K)
 Metaspace       used 82471K, capacity 83407K, committed 83584K, reserved 1124352K
  class space    used 9009K, capacity 9374K, committed 9420K, reserved 1048576K
}

Deoptimization events (20 events):
Event: 10.451 Thread 0x0000020aed670000 Uncommon trap: trap_request=0xffffff4d fr.pc=0x0000020a8806e02c relative=0x00000000000000ec
Event: 10.451 Thread 0x0000020aed670000 Uncommon trap: reason=unstable_if action=reinterpret pc=0x0000020a8806e02c method=java.lang.StringLatin1.lastIndexOf([BI[BII)I @ 32 c2
Event: 10.451 Thread 0x0000020aed670000 DEOPT PACKING pc=0x0000020a8806e02c sp=0x0000005d626fe1d0
Event: 10.451 Thread 0x0000020aed670000 DEOPT UNPACKING pc=0x0000020a8004a1af sp=0x0000005d626fe088 mode 2
Event: 10.462 Thread 0x0000020aed670000 Uncommon trap: trap_request=0xffffff4d fr.pc=0x0000020a87d5b9d8 relative=0x0000000000002778
Event: 10.462 Thread 0x0000020aed670000 Uncommon trap: reason=unstable_if action=reinterpret pc=0x0000020a87d5b9d8 method=org.jetbrains.kotlin.metadata.ProtoBuf$Type.isInitialized()Z @ 7 c2
Event: 10.462 Thread 0x0000020aed670000 DEOPT PACKING pc=0x0000020a87d5b9d8 sp=0x0000005d626fde70
Event: 10.462 Thread 0x0000020aed670000 DEOPT UNPACKING pc=0x0000020a8004a1af sp=0x0000005d626fde70 mode 2
Event: 10.477 Thread 0x0000020aed670000 Uncommon trap: trap_request=0xffffff4d fr.pc=0x0000020a87e66a1c relative=0x00000000000006fc
Event: 10.477 Thread 0x0000020aed670000 Uncommon trap: reason=unstable_if action=reinterpret pc=0x0000020a87e66a1c method=org.jetbrains.kotlin.protobuf.SmallSortedMap.entrySet()Ljava/util/Set; @ 4 c2
Event: 10.477 Thread 0x0000020aed670000 DEOPT PACKING pc=0x0000020a87e66a1c sp=0x0000005d626fdeb0
Event: 10.477 Thread 0x0000020aed670000 DEOPT UNPACKING pc=0x0000020a8004a1af sp=0x0000005d626fddb0 mode 2
Event: 10.477 Thread 0x0000020aed670000 Uncommon trap: trap_request=0xffffff4d fr.pc=0x0000020a87e6fe6c relative=0x000000000000022c
Event: 10.477 Thread 0x0000020aed670000 Uncommon trap: reason=unstable_if action=reinterpret pc=0x0000020a87e6fe6c method=org.jetbrains.kotlin.protobuf.SmallSortedMap.entrySet()Ljava/util/Set; @ 4 c2
Event: 10.477 Thread 0x0000020aed670000 DEOPT PACKING pc=0x0000020a87e6fe6c sp=0x0000005d626fdd30
Event: 10.477 Thread 0x0000020aed670000 DEOPT UNPACKING pc=0x0000020a8004a1af sp=0x0000005d626fdc90 mode 2
Event: 10.500 Thread 0x0000020aed670000 Uncommon trap: trap_request=0xffffff4d fr.pc=0x0000020a87e635c0 relative=0x00000000000000a0
Event: 10.500 Thread 0x0000020aed670000 Uncommon trap: reason=unstable_if action=reinterpret pc=0x0000020a87e635c0 method=java.lang.StringLatin1.lastIndexOf([BI[BII)I @ 32 c2
Event: 10.500 Thread 0x0000020aed670000 DEOPT PACKING pc=0x0000020a87e635c0 sp=0x0000005d626fe100
Event: 10.500 Thread 0x0000020aed670000 DEOPT UNPACKING pc=0x0000020a8004a1af sp=0x0000005d626fe080 mode 2

Classes redefined (0 events):
No events

Internal exceptions (20 events):
Event: 3.980 Thread 0x0000020aed670000 Implicit null exception at 0x0000020a87cebfcc to 0x0000020a87cec0a8
Event: 4.381 Thread 0x0000020aed670000 Implicit null exception at 0x0000020a87da26d5 to 0x0000020a87da31f8
Event: 4.381 Thread 0x0000020aed670000 Implicit null exception at 0x0000020a87d9f22f to 0x0000020a87d9f25c
Event: 4.473 Thread 0x0000020aed670000 Exception <a 'java/lang/IncompatibleClassChangeError'{0x0000000094e27b00}: Found class java.lang.Object, but interface was expected> (0x0000000094e27b00) thrown at [s\src\hotspot\share\interpreter\linkResolver.cpp, line 839]
Event: 4.514 Thread 0x0000020aed670000 Exception <a 'java/lang/NoSuchMethodError'{0x0000000094c87518}: 'int java.lang.invoke.DirectMethodHandle$Holder.invokeInterface(java.lang.Object, java.lang.Object)'> (0x0000000094c87518) thrown at [s\src\hotspot\share\interpreter\linkResolver.cpp, line 773]
Event: 5.069 Thread 0x0000020aed670000 Exception <a 'java/lang/NoSuchMethodError'{0x0000000092797730}: 'java.lang.Object java.lang.invoke.DirectMethodHandle$Holder.invokeStatic(java.lang.Object, int, java.lang.Object, java.lang.Object)'> (0x0000000092797730) thrown at [s\src\hotspot\share\interpreter\linkResolver.cpp, line 773]
Event: 5.070 Thread 0x0000020aed670000 Exception <a 'java/lang/NoSuchMethodError'{0x000000009279eef8}: 'java.lang.Object java.lang.invoke.DirectMethodHandle$Holder.invokeStatic(java.lang.Object, int, java.lang.Object)'> (0x000000009279eef8) thrown at [s\src\hotspot\share\interpreter\linkResolver.cpp, line 773]
Event: 5.244 Thread 0x0000020aed670000 Implicit null exception at 0x0000020a87bfdcde to 0x0000020a87bfe48e
Event: 5.245 Thread 0x0000020aed670000 Implicit null exception at 0x0000020a87c22b2f to 0x0000020a87c22b9d
Event: 5.268 Thread 0x0000020aed670000 Exception <a 'java/lang/NoSuchMethodError'{0x0000000094de3340}: 'java.lang.Object java.lang.invoke.Invokers$Holder.linkToTargetMethod(java.lang.Object, java.lang.Object, java.lang.Object, int, int, java.lang.Object)'> (0x0000000094de3340) thrown at [s\src\hotspot\share\interpreter\linkResolver.cpp, line 773]
Event: 5.545 Thread 0x0000020aed670000 Exception <a 'java/lang/NoSuchMethodError'{0x0000000093c36088}: 'int java.lang.invoke.DirectMethodHandle$Holder.invokeStaticInit(java.lang.Object, int)'> (0x0000000093c36088) thrown at [s\src\hotspot\share\interpreter\linkResolver.cpp, line 773]
Event: 5.583 Thread 0x0000020aed670000 Implicit null exception at 0x0000020a87bbbc77 to 0x0000020a87bbc148
Event: 5.599 Thread 0x0000020aed670000 Implicit null exception at 0x0000020a87bbc6f4 to 0x0000020a87bbcbe4
Event: 5.699 Thread 0x0000020aed670000 Exception <a 'java/lang/NoSuchMethodError'{0x00000000934f8f98}: 'java.lang.Object java.lang.invoke.DirectMethodHandle$Holder.invokeInterface(java.lang.Object, java.lang.Object, java.lang.Object)'> (0x00000000934f8f98) thrown at [s\src\hotspot\share\interpreter\linkResolver.cpp, line 773]
Event: 5.699 Thread 0x0000020aed670000 Exception <a 'java/lang/IncompatibleClassChangeError'{0x00000000934fc1c8}: Found class java.lang.Object, but interface was expected> (0x00000000934fc1c8) thrown at [s\src\hotspot\share\interpreter\linkResolver.cpp, line 839]
Event: 5.705 Thread 0x0000020aed670000 Exception <a 'java/lang/NoSuchMethodError'{0x0000000093336800}: 'java.lang.Object java.lang.invoke.Invokers$Holder.linkToTargetMethod(java.lang.Object, java.lang.Object, java.lang.Object, java.lang.Object, java.lang.Object, java.lang.Object, java.lang.Object)'> (0x0000000093336800) thrown at [s\src\hotspot\share\interpreter\linkResolver.cpp, line 773]
Event: 7.611 Thread 0x0000020aed670000 Implicit null exception at 0x0000020a87bfa5f5 to 0x0000020a87bfa7a4
Event: 7.887 Thread 0x0000020aed670000 Exception <a 'java/lang/NoSuchMethodError'{0x00000000951931d8}: 'java.lang.Object java.lang.invoke.DirectMethodHandle$Holder.invokeStaticInit(java.lang.Object, java.lang.Object, java.lang.Object, java.lang.Object)'> (0x00000000951931d8) thrown at [s\src\hotspot\share\interpreter\linkResolver.cpp, line 773]
Event: 8.116 Thread 0x0000020aed670000 Exception <a 'java/lang/NoSuchMethodError'{0x00000000948f2cc0}: 'int java.lang.invoke.DirectMethodHandle$Holder.invokeStaticInit(java.lang.Object, java.lang.Object, java.lang.Object, java.lang.Object)'> (0x00000000948f2cc0) thrown at [s\src\hotspot\share\interpreter\linkResolver.cpp, line 773]
Event: 8.344 Thread 0x0000020aed670000 Implicit null exception at 0x0000020a87c07bf4 to 0x0000020a87c07df8

Events (20 events):
Event: 10.471 loading class org/jetbrains/kotlin/codegen/binding/CodegenBinding
Event: 10.471 loading class org/jetbrains/kotlin/codegen/binding/CodegenBinding done
Event: 10.473 loading class org/jetbrains/kotlin/codegen/binding/CodegenAnnotatingVisitor
Event: 10.473 loading class org/jetbrains/kotlin/codegen/binding/CodegenAnnotatingVisitor done
Event: 10.476 loading class org/jetbrains/kotlin/serialization/DescriptorSerializer$hasInlineClassTypesInSignature$2$1
Event: 10.476 loading class org/jetbrains/kotlin/serialization/DescriptorSerializer$hasInlineClassTypesInSignature$2$1 done
Event: 10.476 loading class org/jetbrains/kotlin/metadata/jvm/JvmProtoBuf$StringTableTypes$Builder
Event: 10.476 loading class org/jetbrains/kotlin/metadata/jvm/JvmProtoBuf$StringTableTypes$Builder done
Event: 10.478 loading class org/jetbrains/kotlin/backend/jvm/codegen/ClassCodegen$generateInnerAndOuterClasses$1
Event: 10.478 loading class org/jetbrains/kotlin/backend/jvm/codegen/ClassCodegen$generateInnerAndOuterClasses$1 done
Event: 10.478 loading class org/jetbrains/kotlin/backend/jvm/codegen/ClassCodegen$generateInnerAndOuterClasses$2
Event: 10.478 loading class org/jetbrains/kotlin/backend/jvm/codegen/ClassCodegen$generateInnerAndOuterClasses$2 done
Event: 10.507 loading class org/jetbrains/kotlin/backend/jvm/mapping/PossiblyInnerIrType
Event: 10.507 loading class org/jetbrains/kotlin/backend/jvm/mapping/PossiblyInnerIrType done
Event: 10.508 loading class org/jetbrains/kotlin/backend/jvm/mapping/IrTypeMapper$writeGenericArguments$1$1
Event: 10.508 loading class org/jetbrains/kotlin/backend/jvm/mapping/IrTypeMapper$writeGenericArguments$1$1 done
Event: 10.508 loading class org/jetbrains/kotlin/codegen/signature/BothSignatureWriter$1
Event: 10.508 loading class org/jetbrains/kotlin/codegen/signature/BothSignatureWriter$1 done
Event: 10.508 loading class org/jetbrains/kotlin/types/UtilsKt
Event: 10.509 loading class org/jetbrains/kotlin/types/UtilsKt done


Dynamic libraries:
0x00007ff76fc00000 - 0x00007ff76fc0d000 	C:\Program Files\Microsoft\jdk-11.0.20.8-hotspot\bin\java.exe
0x00007ffddd3b0000 - 0x00007ffddd5c4000 	C:\WINDOWS\SYSTEM32\ntdll.dll
0x00007ffddbb90000 - 0x00007ffddbc54000 	C:\WINDOWS\System32\KERNEL32.DLL
0x00007ffddaa90000 - 0x00007ffddae34000 	C:\WINDOWS\System32\KERNELBASE.dll
0x00007ffddaef0000 - 0x00007ffddb001000 	C:\WINDOWS\System32\ucrtbase.dll
0x00007ffda8650000 - 0x00007ffda8665000 	C:\Program Files\Microsoft\jdk-11.0.20.8-hotspot\bin\VCRUNTIME140.dll
0x00007ffda8c70000 - 0x00007ffda8c87000 	C:\Program Files\Microsoft\jdk-11.0.20.8-hotspot\bin\jli.dll
0x00007ffddbc60000 - 0x00007ffddbe0a000 	C:\WINDOWS\System32\USER32.dll
0x00007ffdc8f00000 - 0x00007ffdc918f000 	C:\WINDOWS\WinSxS\amd64_microsoft.windows.common-controls_6595b64144ccf1df_6.0.22621.2070_none_2713e6537381f706\COMCTL32.dll
0x00007ffddaec0000 - 0x00007ffddaee6000 	C:\WINDOWS\System32\win32u.dll
0x00007ffddc180000 - 0x00007ffddc1a9000 	C:\WINDOWS\System32\GDI32.dll
0x00007ffddd240000 - 0x00007ffddd2e7000 	C:\WINDOWS\System32\msvcrt.dll
0x00007ffdda790000 - 0x00007ffdda8a9000 	C:\WINDOWS\System32\gdi32full.dll
0x00007ffddb010000 - 0x00007ffddb0aa000 	C:\WINDOWS\System32\msvcp_win.dll
0x00007ffddd200000 - 0x00007ffddd231000 	C:\WINDOWS\System32\IMM32.DLL
0x00007ffda85b0000 - 0x00007ffda864b000 	C:\Program Files\Microsoft\jdk-11.0.20.8-hotspot\bin\msvcp140.dll
0x00007ffd35260000 - 0x00007ffd35df6000 	C:\Program Files\Microsoft\jdk-11.0.20.8-hotspot\bin\server\jvm.dll
0x00007ffddcf40000 - 0x00007ffddcff0000 	C:\WINDOWS\System32\ADVAPI32.dll
0x00007ffddbfb0000 - 0x00007ffddc056000 	C:\WINDOWS\System32\sechost.dll
0x00007ffddc060000 - 0x00007ffddc177000 	C:\WINDOWS\System32\RPCRT4.dll
0x00007ffddd140000 - 0x00007ffddd148000 	C:\WINDOWS\System32\PSAPI.DLL
0x00007ffdaf710000 - 0x00007ffdaf719000 	C:\WINDOWS\SYSTEM32\WSOCK32.dll
0x00007ffdd1dc0000 - 0x00007ffdd1df4000 	C:\WINDOWS\SYSTEM32\WINMM.dll
0x00007ffdd2390000 - 0x00007ffdd239a000 	C:\WINDOWS\SYSTEM32\VERSION.dll
0x00007ffddd2f0000 - 0x00007ffddd361000 	C:\WINDOWS\System32\WS2_32.dll
0x00007ffdd97d0000 - 0x00007ffdd97e8000 	C:\WINDOWS\SYSTEM32\kernel.appcore.dll
0x00007ffdaa8d0000 - 0x00007ffdaa8e0000 	C:\Program Files\Microsoft\jdk-11.0.20.8-hotspot\bin\verify.dll
0x00007ffdd0560000 - 0x00007ffdd078e000 	C:\WINDOWS\SYSTEM32\DBGHELP.DLL
0x00007ffddb610000 - 0x00007ffddb99a000 	C:\WINDOWS\System32\combase.dll
0x00007ffddb9a0000 - 0x00007ffddba77000 	C:\WINDOWS\System32\OLEAUT32.dll
0x00007ffdd04d0000 - 0x00007ffdd0502000 	C:\WINDOWS\SYSTEM32\dbgcore.DLL
0x00007ffddae40000 - 0x00007ffddaeba000 	C:\WINDOWS\System32\bcryptPrimitives.dll
0x00007ffd8e840000 - 0x00007ffd8e868000 	C:\Program Files\Microsoft\jdk-11.0.20.8-hotspot\bin\java.dll
0x00007ffdd3d50000 - 0x00007ffdd3d5a000 	C:\Program Files\Microsoft\jdk-11.0.20.8-hotspot\bin\jimage.dll
0x00007ffdbea10000 - 0x00007ffdbea28000 	C:\Program Files\Microsoft\jdk-11.0.20.8-hotspot\bin\zip.dll
0x00007ffddc220000 - 0x00007ffddca36000 	C:\WINDOWS\System32\SHELL32.dll
0x00007ffdd8760000 - 0x00007ffdd904a000 	C:\WINDOWS\SYSTEM32\windows.storage.dll
0x00007ffdd8620000 - 0x00007ffdd875e000 	C:\WINDOWS\SYSTEM32\wintypes.dll
0x00007ffddcc10000 - 0x00007ffddcd03000 	C:\WINDOWS\System32\SHCORE.dll
0x00007ffddd0e0000 - 0x00007ffddd13e000 	C:\WINDOWS\System32\shlwapi.dll
0x00007ffdda6c0000 - 0x00007ffdda6e6000 	C:\WINDOWS\SYSTEM32\profapi.dll
0x00007ffd9e530000 - 0x00007ffd9e549000 	C:\Program Files\Microsoft\jdk-11.0.20.8-hotspot\bin\net.dll
0x00007ffdd4880000 - 0x00007ffdd49b7000 	C:\WINDOWS\SYSTEM32\WINHTTP.dll
0x00007ffdd9c50000 - 0x00007ffdd9cb9000 	C:\WINDOWS\system32\mswsock.dll
0x00007ffd8cbf0000 - 0x00007ffd8cc03000 	C:\Program Files\Microsoft\jdk-11.0.20.8-hotspot\bin\nio.dll

dbghelp: loaded successfully - version: 4.0.5 - missing functions: none
symbol engine: initialized successfully - sym options: 0x614 - pdb path: .;C:\Program Files\Microsoft\jdk-11.0.20.8-hotspot\bin;C:\WINDOWS\SYSTEM32;C:\WINDOWS\WinSxS\amd64_microsoft.windows.common-controls_6595b64144ccf1df_6.0.22621.2070_none_2713e6537381f706;C:\Program Files\Microsoft\jdk-11.0.20.8-hotspot\bin\server

VM Arguments:
java_command: org.jetbrains.kotlin.cli.jvm.K2JVMCompiler @E:\Mobile App\App Mobile Course\Project1\ubibuki-mobile\node_modules\react-native-safe-area-context\android\build\20230907_16974783776373805985.compiler.options
java_class_path (initial): C:\Users\Admin\.gradle\caches\modules-2\files-2.1\org.jetbrains.kotlin\kotlin-compiler-embeddable\1.6.20\18f66cca4301c12893ebe4ef47d65c3d9d2bff9b\kotlin-compiler-embeddable-1.6.20.jar;C:\Users\Admin\.gradle\caches\modules-2\files-2.1\org.jetbrains.kotlin\kotlin-reflect\1.6.20\669965154723f1a712e8677af0cc5470dfdab81c\kotlin-reflect-1.6.20.jar;C:\Users\Admin\.gradle\caches\modules-2\files-2.1\org.jetbrains.kotlin\kotlin-stdlib\1.6.20\6cedc143badbb4f1c6b7f5a340b04edff1743208\kotlin-stdlib-1.6.20.jar;C:\Users\Admin\.gradle\caches\modules-2\files-2.1\org.jetbrains.kotlin\kotlin-script-runtime\1.6.20\a115c367e0fd9c8909293b208689afca0c88a6f1\kotlin-script-runtime-1.6.20.jar;C:\Users\Admin\.gradle\caches\modules-2\files-2.1\org.jetbrains.kotlin\kotlin-daemon-embeddable\1.6.20\d4cac343029f48f106c57f457384771165d7deb5\kotlin-daemon-embeddable-1.6.20.jar;C:\Users\Admin\.gradle\caches\modules-2\files-2.1\org.jetbrains.intellij.deps\trove4j\1.0.20200330\3afb14d5f9ceb459d724e907a21145e8ff394f02\trove4j-1.0.20200330.jar;C:\Users\Admin\.gradle\caches\modules-2\files-2.1\net.java.dev.jna\jna\5.6.0\330f2244e9030119ab3030fc3fededc86713d9cc\jna-5.6.0.jar;C:\Users\Admin\.gradle\caches\modules-2\files-2.1\org.jetbrains.kotlin\kotlin-stdlib-common\1.6.20\27b4562b6713d70f458c6d7ea39aadacb8e6a92b\kotlin-stdlib-common-1.6.20.jar;C:\Users\Admin\.gradle\caches\modules-2\files-2.1\org.jetbrains\annotations\13.0\919f0dfe192fb4e063e7dacadee7f8bb9a2672a9\annotations-13.0.jar
Launcher Type: SUN_STANDARD

[Global flags]
     intx CICompilerCount                          = 12                                        {product} {ergonomic}
     uint ConcGCThreads                            = 3                                         {product} {ergonomic}
     uint G1ConcRefinementThreads                  = 13                                        {product} {ergonomic}
   size_t G1HeapRegionSize                         = 1048576                                   {product} {ergonomic}
    uintx GCDrainStackTargetSize                   = 64                                        {product} {ergonomic}
   size_t InitialHeapSize                          = 121634816                                 {product} {ergonomic}
   size_t MarkStackSize                            = 4194304                                   {product} {ergonomic}
   size_t MaxHeapSize                              = 1946157056                                {product} {ergonomic}
   size_t MaxNewSize                               = 1167065088                                {product} {ergonomic}
   size_t MinHeapDeltaBytes                        = 1048576                                   {product} {ergonomic}
    uintx NonNMethodCodeHeapSize                   = 7594288                                {pd product} {ergonomic}
    uintx NonProfiledCodeHeapSize                  = 122031976                              {pd product} {ergonomic}
    uintx ProfiledCodeHeapSize                     = 122031976                              {pd product} {ergonomic}
    uintx ReservedCodeCacheSize                    = 251658240                              {pd product} {ergonomic}
     bool SegmentedCodeCache                       = true                                      {product} {ergonomic}
     bool UseCompressedClassPointers               = true                                 {lp64_product} {ergonomic}
     bool UseCompressedOops                        = true                                 {lp64_product} {ergonomic}
     bool UseG1GC                                  = true                                      {product} {ergonomic}
     bool UseLargePagesIndividualAllocation        = false                                  {pd product} {ergonomic}

Logging:
Log output configuration:
 #0: stdout all=warning uptime,level,tags
 #1: stderr all=off uptime,level,tags

Environment Variables:
JAVA_HOME=C:\Program Files\Microsoft\jdk-11.0.20.8-hotspot\
CLASSPATH=E:\Mobile App\App Mobile Course\Project1\ubibuki-mobile\android\\gradle\wrapper\gradle-wrapper.jar
PATH=E:\Mobile App\App Mobile Course\Project1\ubibuki-mobile\node_modules\.bin;E:\Mobile App\App Mobile Course\Project1\node_modules\.bin;E:\Mobile App\App Mobile Course\node_modules\.bin;E:\Mobile App\node_modules\.bin;E:\node_modules\.bin;C:\Users\Admin\AppData\Roaming\npm\node_modules\npm\node_modules\@npmcli\run-script\lib\node-gyp-bin;C:\Program Files\Microsoft\jdk-11.0.20.8-hotspot\bin;C:\Windows\system32;C:\Windows;C:\Windows\System32\Wbem;C:\Windows\System32\WindowsPowerShell\v1.0\;C:\Windows\System32\OpenSSH\;C:\Program Files (x86)\NVIDIA Corporation\PhysX\Common;C:\Program Files\NVIDIA Corporation\NVIDIA NvDLISR;C:\Program Files\dotnet\;C:\WINDOWS\system32;C:\WINDOWS;C:\WINDOWS\System32\Wbem;C:\WINDOWS\System32\WindowsPowerShell\v1.0\;C:\WINDOWS\System32\OpenSSH\;C:\Program Files\Git\cmd;C:\ProgramData\chocolatey\bin;C:\Program Files\nodejs\;C:\Users\Admin\AppData\Local\Programs\Python\Python310\Scripts\;C:\Users\Admin\AppData\Local\Programs\Python\Python310\;C:\Users\Admin\AppData\Local\Microsoft\WindowsApps;C:\Users\Admin\AppData\Local\Programs\Microsoft VS Code\bin;C:\Users\Admin\.dotnet\tools;C:\flutter\bin;C:\Users\Admin\AppData\Local\GitHubDesktop\bin;C:\Program Files\Android\Android Studio\jbr\bin;C:\Users\Admin\AppData\Roaming\npm;C:\Users\Admin\AppData\Local\Android\Sdk;C:\Users\Admin\AppData\Local\Android\Sdk\platform-tools;
USERNAME=Admin
LANG=en_US.UTF-8
OS=Windows_NT
PROCESSOR_IDENTIFIER=AMD64 Family 25 Model 68 Stepping 1, AuthenticAMD
TMP=C:\Users\Admin\AppData\Local\Temp
TEMP=C:\Users\Admin\AppData\Local\Temp



---------------  S Y S T E M  ---------------

OS: Windows 11 , 64 bit Build 22621 (10.0.22621.2070)
OS uptime: 0 days 0:31 hours

CPU:total 16 (initial active 16) (16 cores per cpu, 2 threads per core) family 25 model 68 stepping 1 microcode 0x0, cmov, cx8, fxsr, mmx, sse, sse2, sse3, ssse3, sse4.1, sse4.2, popcnt, avx, avx2, aes, clmul, mmxext, 3dnowpref, lzcnt, sse4a, ht, tsc, tscinvbit, tscinv, bmi1, bmi2, adx, sha, fma

Memory: 4k page, system-wide physical 7421M (323M free)
TotalPageFile size 19709M (AvailPageFile size 4M)
current process WorkingSet (physical memory assigned to process): 428M, peak: 430M
current process commit charge ("private bytes"): 486M, peak: 487M

vm_info: OpenJDK 64-Bit Server VM (11.0.20+8-LTS) for windows-amd64 JRE (11.0.20+8-LTS), built on Jul  7 2023 17:05:21 by "MicrosoftCorporation" with MS VC++ 15.9 (VS2017)

END.
