#
# There is insufficient memory for the Java Runtime Environment to continue.
# Native memory allocation (malloc) failed to allocate 2058416 bytes for Chunk::new
# Possible reasons:
#   The system is out of physical RAM or swap space
#   The process is running with CompressedOops enabled, and the Java Heap may be blocking the growth of the native heap
# Possible solutions:
#   Reduce memory load on the system
#   Increase physical memory or swap space
#   Check if swap backing store is full
#   Decrease Java heap size (-Xmx/-Xms)
#   Decrease number of Java threads
#   Decrease Java thread stack sizes (-Xss)
#   Set larger code cache with -XX:ReservedCodeCacheSize=
#   JVM is running with Unscaled Compressed Oops mode in which the Java heap is
#     placed in the first 4GB address space. The Java Heap base address is the
#     maximum limit for the native heap growth. Please use -XX:HeapBaseMinAddress
#     to set the Java Heap base and to place the Java Heap above 4GB virtual address.
# This output file may be truncated or incomplete.
#
#  Out of Memory Error (arena.cpp:197), pid=26804, tid=17584
#
# JRE version: OpenJDK Runtime Environment Microsoft-8035250 (11.0.20+8) (build 11.0.20+8-LTS)
# Java VM: OpenJDK 64-Bit Server VM Microsoft-8035250 (11.0.20+8-LTS, mixed mode, tiered, compressed oops, g1 gc, windows-amd64)
# No core dump will be written. Minidumps are not enabled by default on client versions of Windows
#

---------------  S U M M A R Y ------------

Command Line: org.jetbrains.kotlin.cli.jvm.K2JVMCompiler @E:\Mobile App\App Mobile Course\Project1\ubibuki-mobile\node_modules\react-native-screens\android\build\20230907_13186071174388776061.compiler.options

Host: AMD Ryzen 7 6800H with Radeon Graphics         , 16 cores, 7G,  Windows 11 , 64 bit Build 22621 (10.0.22621.2070)
Time: Thu Sep  7 00:29:19 2023 SE Asia Standard Time elapsed time: 10.555157 seconds (0d 0h 0m 10s)

---------------  T H R E A D  ---------------

Current thread (0x0000024d12896800):  JavaThread "C2 CompilerThread1" daemon [_thread_in_native, id=17584, stack(0x000000883de00000,0x000000883df00000)]


Current CompileTask:
C2:  10555 13052       4       org.jetbrains.kotlin.types.AbstractStrictEqualityTypeChecker::strictEqualSimpleTypes (248 bytes)

Stack: [0x000000883de00000,0x000000883df00000]
Native frames: (J=compiled Java code, j=interpreted, Vv=VM code, C=native code)
V  [jvm.dll+0x62e9da]
V  [jvm.dll+0x7bc4e9]
V  [jvm.dll+0x7bdbd8]
V  [jvm.dll+0x7be2b3]
V  [jvm.dll+0x2505a8]
V  [jvm.dll+0xc263c]
V  [jvm.dll+0xc2bfc]
V  [jvm.dll+0x35fdc7]
V  [jvm.dll+0x19f201]
V  [jvm.dll+0x2098c5]
V  [jvm.dll+0x20893d]
V  [jvm.dll+0x18a7de]
V  [jvm.dll+0x2181ec]
V  [jvm.dll+0x21642b]
V  [jvm.dll+0x77efc0]
V  [jvm.dll+0x777db4]
V  [jvm.dll+0x62d845]
C  [ucrtbase.dll+0x29363]
C  [KERNEL32.DLL+0x126ad]
C  [ntdll.dll+0x5aa68]


---------------  P R O C E S S  ---------------

Threads class SMR info:
_java_thread_list=0x0000024d13a39480, length=14, elements={
0x0000024d728d3000, 0x0000024d11d6a800, 0x0000024d11d9b000, 0x0000024d12705800,
0x0000024d12707800, 0x0000024d12709000, 0x0000024d1270a000, 0x0000024d126b8800,
0x0000024d126be800, 0x0000024d12853800, 0x0000024d1289a000, 0x0000024d12896800,
0x0000024d12cfe000, 0x0000024d12d49800
}

Java Threads: ( => current thread )
  0x0000024d728d3000 JavaThread "main" [_thread_in_Java, id=17032, stack(0x000000883cc00000,0x000000883cd00000)]
  0x0000024d11d6a800 JavaThread "Reference Handler" daemon [_thread_blocked, id=22272, stack(0x000000883d300000,0x000000883d400000)]
  0x0000024d11d9b000 JavaThread "Finalizer" daemon [_thread_blocked, id=22192, stack(0x000000883d400000,0x000000883d500000)]
  0x0000024d12705800 JavaThread "Signal Dispatcher" daemon [_thread_blocked, id=27944, stack(0x000000883d500000,0x000000883d600000)]
  0x0000024d12707800 JavaThread "Attach Listener" daemon [_thread_blocked, id=12792, stack(0x000000883d600000,0x000000883d700000)]
  0x0000024d12709000 JavaThread "Service Thread" daemon [_thread_blocked, id=10000, stack(0x000000883d700000,0x000000883d800000)]
  0x0000024d1270a000 JavaThread "C2 CompilerThread0" daemon [_thread_in_native, id=27152, stack(0x000000883d800000,0x000000883d900000)]
  0x0000024d126b8800 JavaThread "C1 CompilerThread0" daemon [_thread_in_native, id=11068, stack(0x000000883d900000,0x000000883da00000)]
  0x0000024d126be800 JavaThread "Sweeper thread" daemon [_thread_blocked, id=25192, stack(0x000000883da00000,0x000000883db00000)]
  0x0000024d12853800 JavaThread "C1 CompilerThread1" daemon [_thread_in_native, id=22556, stack(0x000000883db00000,0x000000883dc00000)]
  0x0000024d1289a000 JavaThread "Common-Cleaner" daemon [_thread_blocked, id=11024, stack(0x000000883dd00000,0x000000883de00000)]
=>0x0000024d12896800 JavaThread "C2 CompilerThread1" daemon [_thread_in_native, id=17584, stack(0x000000883de00000,0x000000883df00000)]
  0x0000024d12cfe000 JavaThread "C1 CompilerThread2" daemon [_thread_in_native, id=14500, stack(0x000000883e000000,0x000000883e100000)]
  0x0000024d12d49800 JavaThread "C1 CompilerThread3" daemon [_thread_in_native, id=2360, stack(0x000000883e100000,0x000000883e200000)]

Other Threads:
  0x0000024d11d6a000 VMThread "VM Thread" [stack: 0x000000883d200000,0x000000883d300000] [id=20792]
  0x0000024d12891000 WatcherThread [stack: 0x000000883dc00000,0x000000883dd00000] [id=28128]
  0x0000024d728ec000 GCTaskThread "GC Thread#0" [stack: 0x000000883cd00000,0x000000883ce00000] [id=28172]
  0x0000024d12a7e800 GCTaskThread "GC Thread#1" [stack: 0x000000883e200000,0x000000883e300000] [id=24508]
  0x0000024d158f1000 GCTaskThread "GC Thread#2" [stack: 0x000000883df00000,0x000000883e000000] [id=2084]
  0x0000024d162ec800 GCTaskThread "GC Thread#3" [stack: 0x000000883e600000,0x000000883e700000] [id=5484]
  0x0000024d7291a000 ConcurrentGCThread "G1 Main Marker" [stack: 0x000000883ce00000,0x000000883cf00000] [id=10580]
  0x0000024d7291c800 ConcurrentGCThread "G1 Conc#0" [stack: 0x000000883cf00000,0x000000883d000000] [id=13660]
  0x0000024d138c9000 ConcurrentGCThread "G1 Conc#1" [stack: 0x000000883e300000,0x000000883e400000] [id=8700]
  0x0000024d12e78800 ConcurrentGCThread "G1 Conc#2" [stack: 0x000000883e400000,0x000000883e500000] [id=23936]
  0x0000024d7299d000 ConcurrentGCThread "G1 Refine#0" [stack: 0x000000883d000000,0x000000883d100000] [id=23280]
  0x0000024d165dd800 ConcurrentGCThread "G1 Refine#1" [stack: 0x000000883e500000,0x000000883e600000] [id=28532]
  0x0000024d7299e800 ConcurrentGCThread "G1 Young RemSet Sampling" [stack: 0x000000883d100000,0x000000883d200000] [id=20436]

Threads with active compile tasks:
C2 CompilerThread0    10565 13453       4       org.jetbrains.kotlin.descriptors.impl.FunctionDescriptorImpl::initialize (296 bytes)
C1 CompilerThread0    10565 13523       2       org.jetbrains.kotlin.com.intellij.extapi.psi.PsiFileBase::<init> (156 bytes)
C1 CompilerThread1    10565 13524       2       org.jetbrains.kotlin.com.intellij.extapi.psi.PsiFileBase::findLanguage (143 bytes)
C2 CompilerThread1    10565 13052       4       org.jetbrains.kotlin.types.AbstractStrictEqualityTypeChecker::strictEqualSimpleTypes (248 bytes)
C1 CompilerThread2    10566 13525       2       org.jetbrains.kotlin.com.intellij.psi.SingleRootFileViewProvider::getLanguages (17 bytes)
C1 CompilerThread3    10566 13526       2       org.jetbrains.kotlin.com.intellij.psi.tree.IFileElementType::parseContents (84 bytes)

VM state:not at safepoint (normal execution)

VM Mutex/Monitor currently owned by a thread:  ([mutex/lock_event])
[0x0000024d728c4ea0] CodeCache_lock - owner thread: 0x0000024d126b8800
[0x0000024d728cd650] Compile_lock - owner thread: 0x0000024d126b8800
[0x0000024d728cc960] MethodCompileQueue_lock - owner thread: 0x0000000000000000

Heap address: 0x000000008c000000, size: 1856 MB, Compressed Oops mode: 32-bit
Narrow klass base: 0x0000000000000000, Narrow klass shift: 3
Compressed class space size: 1073741824 Address: 0x0000000100000000

Heap:
 garbage-first heap   total 207872K, used 110592K [0x000000008c000000, 0x0000000100000000)
  region size 1024K, 34 young (34816K), 7 survivors (7168K)
 Metaspace       used 70560K, capacity 71435K, committed 71552K, reserved 1112064K
  class space    used 7643K, capacity 8021K, committed 8064K, reserved 1048576K
Heap Regions: E=young(eden), S=young(survivor), O=old, HS=humongous(starts), HC=humongous(continues), CS=collection set, F=free, A=archive, TAMS=top-at-mark-start (previous, next)
|   0|0x000000008c000000, 0x000000008c100000, 0x000000008c100000|100%|HS|  |TAMS 0x000000008c100000, 0x000000008c000000| Complete 
|   1|0x000000008c100000, 0x000000008c200000, 0x000000008c200000|100%|HC|  |TAMS 0x000000008c200000, 0x000000008c100000| Complete 
|   2|0x000000008c200000, 0x000000008c300000, 0x000000008c300000|100%|HC|  |TAMS 0x000000008c300000, 0x000000008c200000| Complete 
|   3|0x000000008c300000, 0x000000008c400000, 0x000000008c400000|100%|HS|  |TAMS 0x000000008c400000, 0x000000008c300000| Complete 
|   4|0x000000008c400000, 0x000000008c500000, 0x000000008c500000|100%|HC|  |TAMS 0x000000008c500000, 0x000000008c400000| Complete 
|   5|0x000000008c500000, 0x000000008c600000, 0x000000008c600000|100%|HC|  |TAMS 0x000000008c600000, 0x000000008c500000| Complete 
|   6|0x000000008c600000, 0x000000008c700000, 0x000000008c700000|100%|HS|  |TAMS 0x000000008c700000, 0x000000008c600000| Complete 
|   7|0x000000008c700000, 0x000000008c800000, 0x000000008c800000|100%|HC|  |TAMS 0x000000008c800000, 0x000000008c700000| Complete 
|   8|0x000000008c800000, 0x000000008c900000, 0x000000008c900000|100%| O|  |TAMS 0x000000008c900000, 0x000000008c800000| Untracked 
|   9|0x000000008c900000, 0x000000008ca00000, 0x000000008ca00000|100%| O|  |TAMS 0x000000008ca00000, 0x000000008c900000| Untracked 
|  10|0x000000008ca00000, 0x000000008cb00000, 0x000000008cb00000|100%| O|  |TAMS 0x000000008cb00000, 0x000000008ca00000| Untracked 
|  11|0x000000008cb00000, 0x000000008cc00000, 0x000000008cc00000|100%| O|  |TAMS 0x000000008cc00000, 0x000000008cb00000| Untracked 
|  12|0x000000008cc00000, 0x000000008cd00000, 0x000000008cd00000|100%| O|  |TAMS 0x000000008cd00000, 0x000000008cc00000| Untracked 
|  13|0x000000008cd00000, 0x000000008ce00000, 0x000000008ce00000|100%| O|  |TAMS 0x000000008ce00000, 0x000000008cd00000| Untracked 
|  14|0x000000008ce00000, 0x000000008cf00000, 0x000000008cf00000|100%| O|  |TAMS 0x000000008cf00000, 0x000000008ce00000| Untracked 
|  15|0x000000008cf00000, 0x000000008d000000, 0x000000008d000000|100%| O|  |TAMS 0x000000008d000000, 0x000000008cf00000| Untracked 
|  16|0x000000008d000000, 0x000000008d100000, 0x000000008d100000|100%| O|  |TAMS 0x000000008d100000, 0x000000008d000000| Untracked 
|  17|0x000000008d100000, 0x000000008d200000, 0x000000008d200000|100%| O|  |TAMS 0x000000008d200000, 0x000000008d100000| Untracked 
|  18|0x000000008d200000, 0x000000008d300000, 0x000000008d300000|100%| O|  |TAMS 0x000000008d300000, 0x000000008d200000| Untracked 
|  19|0x000000008d300000, 0x000000008d400000, 0x000000008d400000|100%| O|  |TAMS 0x000000008d400000, 0x000000008d300000| Untracked 
|  20|0x000000008d400000, 0x000000008d500000, 0x000000008d500000|100%| O|  |TAMS 0x000000008d500000, 0x000000008d400000| Untracked 
|  21|0x000000008d500000, 0x000000008d600000, 0x000000008d600000|100%| O|  |TAMS 0x000000008d600000, 0x000000008d500000| Untracked 
|  22|0x000000008d600000, 0x000000008d700000, 0x000000008d700000|100%| O|  |TAMS 0x000000008d700000, 0x000000008d600000| Untracked 
|  23|0x000000008d700000, 0x000000008d800000, 0x000000008d800000|100%| O|  |TAMS 0x000000008d800000, 0x000000008d700000| Untracked 
|  24|0x000000008d800000, 0x000000008d900000, 0x000000008d900000|100%| O|  |TAMS 0x000000008d900000, 0x000000008d800000| Untracked 
|  25|0x000000008d900000, 0x000000008da00000, 0x000000008da00000|100%| O|  |TAMS 0x000000008da00000, 0x000000008d900000| Untracked 
|  26|0x000000008da00000, 0x000000008db00000, 0x000000008db00000|100%| O|  |TAMS 0x000000008db00000, 0x000000008da00000| Untracked 
|  27|0x000000008db00000, 0x000000008dc00000, 0x000000008dc00000|100%| O|  |TAMS 0x000000008dc00000, 0x000000008db00000| Untracked 
|  28|0x000000008dc00000, 0x000000008dd00000, 0x000000008dd00000|100%| O|  |TAMS 0x000000008dd00000, 0x000000008dc00000| Untracked 
|  29|0x000000008dd00000, 0x000000008de00000, 0x000000008de00000|100%| O|  |TAMS 0x000000008de00000, 0x000000008dd00000| Untracked 
|  30|0x000000008de00000, 0x000000008df00000, 0x000000008df00000|100%| O|  |TAMS 0x000000008df00000, 0x000000008de00000| Untracked 
|  31|0x000000008df00000, 0x000000008e000000, 0x000000008e000000|100%| O|  |TAMS 0x000000008e000000, 0x000000008df00000| Untracked 
|  32|0x000000008e000000, 0x000000008e100000, 0x000000008e100000|100%| O|  |TAMS 0x000000008e100000, 0x000000008e000000| Untracked 
|  33|0x000000008e100000, 0x000000008e200000, 0x000000008e200000|100%| O|  |TAMS 0x000000008e179400, 0x000000008e100000| Untracked 
|  34|0x000000008e200000, 0x000000008e300000, 0x000000008e300000|100%| O|  |TAMS 0x000000008e200000, 0x000000008e200000| Untracked 
|  35|0x000000008e300000, 0x000000008e400000, 0x000000008e400000|100%| O|  |TAMS 0x000000008e300000, 0x000000008e300000| Untracked 
|  36|0x000000008e400000, 0x000000008e500000, 0x000000008e500000|100%| O|  |TAMS 0x000000008e400000, 0x000000008e400000| Untracked 
|  37|0x000000008e500000, 0x000000008e600000, 0x000000008e600000|100%| O|  |TAMS 0x000000008e500000, 0x000000008e500000| Untracked 
|  38|0x000000008e600000, 0x000000008e700000, 0x000000008e700000|100%| O|  |TAMS 0x000000008e600000, 0x000000008e600000| Untracked 
|  39|0x000000008e700000, 0x000000008e800000, 0x000000008e800000|100%| O|  |TAMS 0x000000008e700000, 0x000000008e700000| Untracked 
|  40|0x000000008e800000, 0x000000008e900000, 0x000000008e900000|100%| O|  |TAMS 0x000000008e800000, 0x000000008e800000| Untracked 
|  41|0x000000008e900000, 0x000000008ea00000, 0x000000008ea00000|100%| O|  |TAMS 0x000000008e900000, 0x000000008e900000| Untracked 
|  42|0x000000008ea00000, 0x000000008eb00000, 0x000000008eb00000|100%| O|  |TAMS 0x000000008ea00000, 0x000000008ea00000| Untracked 
|  43|0x000000008eb00000, 0x000000008ec00000, 0x000000008ec00000|100%| O|  |TAMS 0x000000008eb00000, 0x000000008eb00000| Untracked 
|  44|0x000000008ec00000, 0x000000008ed00000, 0x000000008ed00000|100%| O|  |TAMS 0x000000008ec00000, 0x000000008ec00000| Untracked 
|  45|0x000000008ed00000, 0x000000008ee00000, 0x000000008ee00000|100%| O|  |TAMS 0x000000008ed00000, 0x000000008ed00000| Untracked 
|  46|0x000000008ee00000, 0x000000008ef00000, 0x000000008ef00000|100%| O|  |TAMS 0x000000008ee00000, 0x000000008ee00000| Untracked 
|  47|0x000000008ef00000, 0x000000008f000000, 0x000000008f000000|100%| O|  |TAMS 0x000000008ef00000, 0x000000008ef00000| Untracked 
|  48|0x000000008f000000, 0x000000008f100000, 0x000000008f100000|100%| O|  |TAMS 0x000000008f000000, 0x000000008f000000| Untracked 
|  49|0x000000008f100000, 0x000000008f200000, 0x000000008f200000|100%| O|  |TAMS 0x000000008f100000, 0x000000008f100000| Untracked 
|  50|0x000000008f200000, 0x000000008f300000, 0x000000008f300000|100%| O|  |TAMS 0x000000008f200000, 0x000000008f200000| Untracked 
|  51|0x000000008f300000, 0x000000008f400000, 0x000000008f400000|100%| O|  |TAMS 0x000000008f300000, 0x000000008f300000| Untracked 
|  52|0x000000008f400000, 0x000000008f500000, 0x000000008f500000|100%| O|  |TAMS 0x000000008f400000, 0x000000008f400000| Untracked 
|  53|0x000000008f500000, 0x000000008f600000, 0x000000008f600000|100%| O|  |TAMS 0x000000008f500000, 0x000000008f500000| Untracked 
|  54|0x000000008f600000, 0x000000008f700000, 0x000000008f700000|100%| O|  |TAMS 0x000000008f600000, 0x000000008f600000| Untracked 
|  55|0x000000008f700000, 0x000000008f800000, 0x000000008f800000|100%| O|  |TAMS 0x000000008f700000, 0x000000008f700000| Untracked 
|  56|0x000000008f800000, 0x000000008f900000, 0x000000008f900000|100%| O|  |TAMS 0x000000008f800000, 0x000000008f800000| Untracked 
|  57|0x000000008f900000, 0x000000008fa00000, 0x000000008fa00000|100%| O|  |TAMS 0x000000008f900000, 0x000000008f900000| Untracked 
|  58|0x000000008fa00000, 0x000000008fb00000, 0x000000008fb00000|100%| O|  |TAMS 0x000000008fa00000, 0x000000008fa00000| Untracked 
|  59|0x000000008fb00000, 0x000000008fc00000, 0x000000008fc00000|100%| O|  |TAMS 0x000000008fb00000, 0x000000008fb00000| Untracked 
|  60|0x000000008fc00000, 0x000000008fd00000, 0x000000008fd00000|100%| O|  |TAMS 0x000000008fc00000, 0x000000008fc00000| Untracked 
|  61|0x000000008fd00000, 0x000000008fe00000, 0x000000008fe00000|100%| O|  |TAMS 0x000000008fd00000, 0x000000008fd00000| Untracked 
|  62|0x000000008fe00000, 0x000000008ff00000, 0x000000008ff00000|100%| O|  |TAMS 0x000000008fe00000, 0x000000008fe00000| Untracked 
|  63|0x000000008ff00000, 0x0000000090000000, 0x0000000090000000|100%| O|  |TAMS 0x000000008ff00000, 0x000000008ff00000| Untracked 
|  64|0x0000000090000000, 0x0000000090100000, 0x0000000090100000|100%|HS|  |TAMS 0x0000000090000000, 0x0000000090000000| Complete 
|  65|0x0000000090100000, 0x0000000090200000, 0x0000000090200000|100%|HC|  |TAMS 0x0000000090100000, 0x0000000090100000| Complete 
|  66|0x0000000090200000, 0x0000000090300000, 0x0000000090300000|100%| O|  |TAMS 0x0000000090200000, 0x0000000090200000| Untracked 
|  67|0x0000000090300000, 0x0000000090400000, 0x0000000090400000|100%| O|  |TAMS 0x0000000090300000, 0x0000000090300000| Untracked 
|  68|0x0000000090400000, 0x0000000090500000, 0x0000000090500000|100%| O|  |TAMS 0x0000000090400000, 0x0000000090400000| Untracked 
|  69|0x0000000090500000, 0x0000000090600000, 0x0000000090600000|100%| O|  |TAMS 0x0000000090500000, 0x0000000090500000| Untracked 
|  70|0x0000000090600000, 0x0000000090700000, 0x0000000090700000|100%| O|  |TAMS 0x0000000090600000, 0x0000000090600000| Untracked 
|  71|0x0000000090700000, 0x0000000090800000, 0x0000000090800000|100%| O|  |TAMS 0x0000000090700000, 0x0000000090700000| Untracked 
|  72|0x0000000090800000, 0x0000000090900000, 0x0000000090900000|100%| O|  |TAMS 0x0000000090800000, 0x0000000090800000| Untracked 
|  73|0x0000000090900000, 0x0000000090a00000, 0x0000000090a00000|100%| O|  |TAMS 0x0000000090900000, 0x0000000090900000| Untracked 
|  74|0x0000000090a00000, 0x0000000090b00000, 0x0000000090b00000|100%| O|  |TAMS 0x0000000090a00000, 0x0000000090a00000| Untracked 
|  75|0x0000000090b00000, 0x0000000090b00000, 0x0000000090c00000|  0%| F|  |TAMS 0x0000000090b00000, 0x0000000090b00000| Untracked 
|  76|0x0000000090c00000, 0x0000000090c00000, 0x0000000090d00000|  0%| F|  |TAMS 0x0000000090c00000, 0x0000000090c00000| Untracked 
|  77|0x0000000090d00000, 0x0000000090d00000, 0x0000000090e00000|  0%| F|  |TAMS 0x0000000090d00000, 0x0000000090d00000| Untracked 
|  78|0x0000000090e00000, 0x0000000090e00000, 0x0000000090f00000|  0%| F|  |TAMS 0x0000000090e00000, 0x0000000090e00000| Untracked 
|  79|0x0000000090f00000, 0x0000000090f00000, 0x0000000091000000|  0%| F|  |TAMS 0x0000000090f00000, 0x0000000090f00000| Untracked 
|  80|0x0000000091000000, 0x0000000091000000, 0x0000000091100000|  0%| F|  |TAMS 0x0000000091000000, 0x0000000091000000| Untracked 
|  81|0x0000000091100000, 0x0000000091100000, 0x0000000091200000|  0%| F|  |TAMS 0x0000000091100000, 0x0000000091100000| Untracked 
|  82|0x0000000091200000, 0x0000000091200000, 0x0000000091300000|  0%| F|  |TAMS 0x0000000091200000, 0x0000000091200000| Untracked 
|  83|0x0000000091300000, 0x0000000091300000, 0x0000000091400000|  0%| F|  |TAMS 0x0000000091300000, 0x0000000091300000| Untracked 
|  84|0x0000000091400000, 0x0000000091400000, 0x0000000091500000|  0%| F|  |TAMS 0x0000000091400000, 0x0000000091400000| Untracked 
|  85|0x0000000091500000, 0x0000000091500000, 0x0000000091600000|  0%| F|  |TAMS 0x0000000091500000, 0x0000000091500000| Untracked 
|  86|0x0000000091600000, 0x0000000091600000, 0x0000000091700000|  0%| F|  |TAMS 0x0000000091600000, 0x0000000091600000| Untracked 
|  87|0x0000000091700000, 0x0000000091700000, 0x0000000091800000|  0%| F|  |TAMS 0x0000000091700000, 0x0000000091700000| Untracked 
|  88|0x0000000091800000, 0x0000000091800000, 0x0000000091900000|  0%| F|  |TAMS 0x0000000091800000, 0x0000000091800000| Untracked 
|  89|0x0000000091900000, 0x0000000091900000, 0x0000000091a00000|  0%| F|  |TAMS 0x0000000091900000, 0x0000000091900000| Untracked 
|  90|0x0000000091a00000, 0x0000000091a00000, 0x0000000091b00000|  0%| F|  |TAMS 0x0000000091a00000, 0x0000000091a00000| Untracked 
|  91|0x0000000091b00000, 0x0000000091b00000, 0x0000000091c00000|  0%| F|  |TAMS 0x0000000091b00000, 0x0000000091b00000| Untracked 
|  92|0x0000000091c00000, 0x0000000091c00000, 0x0000000091d00000|  0%| F|  |TAMS 0x0000000091c00000, 0x0000000091c00000| Untracked 
|  93|0x0000000091d00000, 0x0000000091d00000, 0x0000000091e00000|  0%| F|  |TAMS 0x0000000091d00000, 0x0000000091d00000| Untracked 
|  94|0x0000000091e00000, 0x0000000091e00000, 0x0000000091f00000|  0%| F|  |TAMS 0x0000000091e00000, 0x0000000091e00000| Untracked 
|  95|0x0000000091f00000, 0x0000000091f00000, 0x0000000092000000|  0%| F|  |TAMS 0x0000000091f00000, 0x0000000091f00000| Untracked 
|  96|0x0000000092000000, 0x0000000092000000, 0x0000000092100000|  0%| F|  |TAMS 0x0000000092000000, 0x0000000092000000| Untracked 
|  97|0x0000000092100000, 0x0000000092100000, 0x0000000092200000|  0%| F|  |TAMS 0x0000000092100000, 0x0000000092100000| Untracked 
|  98|0x0000000092200000, 0x0000000092200000, 0x0000000092300000|  0%| F|  |TAMS 0x0000000092200000, 0x0000000092200000| Untracked 
|  99|0x0000000092300000, 0x0000000092300000, 0x0000000092400000|  0%| F|  |TAMS 0x0000000092300000, 0x0000000092300000| Untracked 
| 100|0x0000000092400000, 0x0000000092400000, 0x0000000092500000|  0%| F|  |TAMS 0x0000000092400000, 0x0000000092400000| Untracked 
| 101|0x0000000092500000, 0x0000000092500000, 0x0000000092600000|  0%| F|  |TAMS 0x0000000092500000, 0x0000000092500000| Untracked 
| 102|0x0000000092600000, 0x0000000092600000, 0x0000000092700000|  0%| F|  |TAMS 0x0000000092600000, 0x0000000092600000| Untracked 
| 103|0x0000000092700000, 0x0000000092700000, 0x0000000092800000|  0%| F|  |TAMS 0x0000000092700000, 0x0000000092700000| Untracked 
| 104|0x0000000092800000, 0x0000000092800000, 0x0000000092900000|  0%| F|  |TAMS 0x0000000092800000, 0x0000000092800000| Untracked 
| 105|0x0000000092900000, 0x0000000092900000, 0x0000000092a00000|  0%| F|  |TAMS 0x0000000092900000, 0x0000000092900000| Untracked 
| 106|0x0000000092a00000, 0x0000000092a00000, 0x0000000092b00000|  0%| F|  |TAMS 0x0000000092a00000, 0x0000000092a00000| Untracked 
| 107|0x0000000092b00000, 0x0000000092b00000, 0x0000000092c00000|  0%| F|  |TAMS 0x0000000092b00000, 0x0000000092b00000| Untracked 
| 108|0x0000000092c00000, 0x0000000092c00000, 0x0000000092d00000|  0%| F|  |TAMS 0x0000000092c00000, 0x0000000092c00000| Untracked 
| 109|0x0000000092d00000, 0x0000000092d00000, 0x0000000092e00000|  0%| F|  |TAMS 0x0000000092d00000, 0x0000000092d00000| Untracked 
| 110|0x0000000092e00000, 0x0000000092e00000, 0x0000000092f00000|  0%| F|  |TAMS 0x0000000092e00000, 0x0000000092e00000| Untracked 
| 111|0x0000000092f00000, 0x0000000092f00000, 0x0000000093000000|  0%| F|  |TAMS 0x0000000092f00000, 0x0000000092f00000| Untracked 
| 112|0x0000000093000000, 0x0000000093000000, 0x0000000093100000|  0%| F|  |TAMS 0x0000000093000000, 0x0000000093000000| Untracked 
| 113|0x0000000093100000, 0x0000000093200000, 0x0000000093200000|100%| S|CS|TAMS 0x0000000093100000, 0x0000000093100000| Complete 
| 114|0x0000000093200000, 0x0000000093300000, 0x0000000093300000|100%| S|CS|TAMS 0x0000000093200000, 0x0000000093200000| Complete 
| 115|0x0000000093300000, 0x0000000093400000, 0x0000000093400000|100%| S|CS|TAMS 0x0000000093300000, 0x0000000093300000| Complete 
| 116|0x0000000093400000, 0x0000000093500000, 0x0000000093500000|100%| S|CS|TAMS 0x0000000093400000, 0x0000000093400000| Complete 
| 117|0x0000000093500000, 0x0000000093500000, 0x0000000093600000|  0%| F|  |TAMS 0x0000000093500000, 0x0000000093500000| Untracked 
| 118|0x0000000093600000, 0x0000000093600000, 0x0000000093700000|  0%| F|  |TAMS 0x0000000093600000, 0x0000000093600000| Untracked 
| 119|0x0000000093700000, 0x0000000093700000, 0x0000000093800000|  0%| F|  |TAMS 0x0000000093700000, 0x0000000093700000| Untracked 
| 120|0x0000000093800000, 0x0000000093800000, 0x0000000093900000|  0%| F|  |TAMS 0x0000000093800000, 0x0000000093800000| Untracked 
| 121|0x0000000093900000, 0x0000000093900000, 0x0000000093a00000|  0%| F|  |TAMS 0x0000000093900000, 0x0000000093900000| Untracked 
| 122|0x0000000093a00000, 0x0000000093a00000, 0x0000000093b00000|  0%| F|  |TAMS 0x0000000093a00000, 0x0000000093a00000| Untracked 
| 123|0x0000000093b00000, 0x0000000093b00000, 0x0000000093c00000|  0%| F|  |TAMS 0x0000000093b00000, 0x0000000093b00000| Untracked 
| 124|0x0000000093c00000, 0x0000000093c00000, 0x0000000093d00000|  0%| F|  |TAMS 0x0000000093c00000, 0x0000000093c00000| Untracked 
| 125|0x0000000093d00000, 0x0000000093d00000, 0x0000000093e00000|  0%| F|  |TAMS 0x0000000093d00000, 0x0000000093d00000| Untracked 
| 126|0x0000000093e00000, 0x0000000093e00000, 0x0000000093f00000|  0%| F|  |TAMS 0x0000000093e00000, 0x0000000093e00000| Untracked 
| 127|0x0000000093f00000, 0x0000000094000000, 0x0000000094000000|100%| S|CS|TAMS 0x0000000093f00000, 0x0000000093f00000| Complete 
| 128|0x0000000094000000, 0x0000000094100000, 0x0000000094100000|100%| S|CS|TAMS 0x0000000094000000, 0x0000000094000000| Complete 
| 129|0x0000000094100000, 0x0000000094200000, 0x0000000094200000|100%| S|CS|TAMS 0x0000000094100000, 0x0000000094100000| Complete 
| 130|0x0000000094200000, 0x0000000094200000, 0x0000000094300000|  0%| F|  |TAMS 0x0000000094200000, 0x0000000094200000| Untracked 
| 131|0x0000000094300000, 0x0000000094300000, 0x0000000094400000|  0%| F|  |TAMS 0x0000000094300000, 0x0000000094300000| Untracked 
| 132|0x0000000094400000, 0x0000000094400000, 0x0000000094500000|  0%| F|  |TAMS 0x0000000094400000, 0x0000000094400000| Untracked 
| 133|0x0000000094500000, 0x0000000094500000, 0x0000000094600000|  0%| F|  |TAMS 0x0000000094500000, 0x0000000094500000| Untracked 
| 134|0x0000000094600000, 0x0000000094600000, 0x0000000094700000|  0%| F|  |TAMS 0x0000000094600000, 0x0000000094600000| Untracked 
| 135|0x0000000094700000, 0x0000000094700000, 0x0000000094800000|  0%| F|  |TAMS 0x0000000094700000, 0x0000000094700000| Untracked 
| 136|0x0000000094800000, 0x0000000094800000, 0x0000000094900000|  0%| F|  |TAMS 0x0000000094800000, 0x0000000094800000| Untracked 
| 137|0x0000000094900000, 0x0000000094900000, 0x0000000094a00000|  0%| F|  |TAMS 0x0000000094900000, 0x0000000094900000| Untracked 
| 138|0x0000000094a00000, 0x0000000094a00000, 0x0000000094b00000|  0%| F|  |TAMS 0x0000000094a00000, 0x0000000094a00000| Untracked 
| 139|0x0000000094b00000, 0x0000000094b00000, 0x0000000094c00000|  0%| F|  |TAMS 0x0000000094b00000, 0x0000000094b00000| Untracked 
| 140|0x0000000094c00000, 0x0000000094c00000, 0x0000000094d00000|  0%| F|  |TAMS 0x0000000094c00000, 0x0000000094c00000| Untracked 
| 141|0x0000000094d00000, 0x0000000094d00000, 0x0000000094e00000|  0%| F|  |TAMS 0x0000000094d00000, 0x0000000094d00000| Untracked 
| 142|0x0000000094e00000, 0x0000000094e00000, 0x0000000094f00000|  0%| F|  |TAMS 0x0000000094e00000, 0x0000000094e00000| Untracked 
| 143|0x0000000094f00000, 0x0000000094f00000, 0x0000000095000000|  0%| F|  |TAMS 0x0000000094f00000, 0x0000000094f00000| Untracked 
| 144|0x0000000095000000, 0x0000000095000000, 0x0000000095100000|  0%| F|  |TAMS 0x0000000095000000, 0x0000000095000000| Untracked 
| 145|0x0000000095100000, 0x0000000095100000, 0x0000000095200000|  0%| F|  |TAMS 0x0000000095100000, 0x0000000095100000| Untracked 
| 146|0x0000000095200000, 0x0000000095200000, 0x0000000095300000|  0%| F|  |TAMS 0x0000000095200000, 0x0000000095200000| Untracked 
| 147|0x0000000095300000, 0x0000000095300000, 0x0000000095400000|  0%| F|  |TAMS 0x0000000095300000, 0x0000000095300000| Untracked 
| 148|0x0000000095400000, 0x0000000095400000, 0x0000000095500000|  0%| F|  |TAMS 0x0000000095400000, 0x0000000095400000| Untracked 
| 149|0x0000000095500000, 0x0000000095500000, 0x0000000095600000|  0%| F|  |TAMS 0x0000000095500000, 0x0000000095500000| Untracked 
| 150|0x0000000095600000, 0x0000000095600000, 0x0000000095700000|  0%| F|  |TAMS 0x0000000095600000, 0x0000000095600000| Untracked 
| 151|0x0000000095700000, 0x0000000095700000, 0x0000000095800000|  0%| F|  |TAMS 0x0000000095700000, 0x0000000095700000| Untracked 
| 152|0x0000000095800000, 0x0000000095800000, 0x0000000095900000|  0%| F|  |TAMS 0x0000000095800000, 0x0000000095800000| Untracked 
| 153|0x0000000095900000, 0x0000000095900000, 0x0000000095a00000|  0%| F|  |TAMS 0x0000000095900000, 0x0000000095900000| Untracked 
| 154|0x0000000095a00000, 0x0000000095a00000, 0x0000000095b00000|  0%| F|  |TAMS 0x0000000095a00000, 0x0000000095a00000| Untracked 
| 155|0x0000000095b00000, 0x0000000095b00000, 0x0000000095c00000|  0%| F|  |TAMS 0x0000000095b00000, 0x0000000095b00000| Untracked 
| 156|0x0000000095c00000, 0x0000000095c00000, 0x0000000095d00000|  0%| F|  |TAMS 0x0000000095c00000, 0x0000000095c00000| Untracked 
| 157|0x0000000095d00000, 0x0000000095d00000, 0x0000000095e00000|  0%| F|  |TAMS 0x0000000095d00000, 0x0000000095d00000| Untracked 
| 158|0x0000000095e00000, 0x0000000095e00000, 0x0000000095f00000|  0%| F|  |TAMS 0x0000000095e00000, 0x0000000095e00000| Untracked 
| 159|0x0000000095f00000, 0x0000000095f00000, 0x0000000096000000|  0%| F|  |TAMS 0x0000000095f00000, 0x0000000095f00000| Untracked 
| 160|0x0000000096000000, 0x0000000096000000, 0x0000000096100000|  0%| F|  |TAMS 0x0000000096000000, 0x0000000096000000| Untracked 
| 161|0x0000000096100000, 0x0000000096100000, 0x0000000096200000|  0%| F|  |TAMS 0x0000000096100000, 0x0000000096100000| Untracked 
| 162|0x0000000096200000, 0x0000000096200000, 0x0000000096300000|  0%| F|  |TAMS 0x0000000096200000, 0x0000000096200000| Untracked 
| 163|0x0000000096300000, 0x0000000096300000, 0x0000000096400000|  0%| F|  |TAMS 0x0000000096300000, 0x0000000096300000| Untracked 
| 164|0x0000000096400000, 0x0000000096400000, 0x0000000096500000|  0%| F|  |TAMS 0x0000000096400000, 0x0000000096400000| Untracked 
| 165|0x0000000096500000, 0x0000000096500000, 0x0000000096600000|  0%| F|  |TAMS 0x0000000096500000, 0x0000000096500000| Untracked 
| 166|0x0000000096600000, 0x0000000096600000, 0x0000000096700000|  0%| F|  |TAMS 0x0000000096600000, 0x0000000096600000| Untracked 
| 167|0x0000000096700000, 0x0000000096700000, 0x0000000096800000|  0%| F|  |TAMS 0x0000000096700000, 0x0000000096700000| Untracked 
| 168|0x0000000096800000, 0x0000000096800000, 0x0000000096900000|  0%| F|  |TAMS 0x0000000096800000, 0x0000000096800000| Untracked 
| 169|0x0000000096900000, 0x0000000096900000, 0x0000000096a00000|  0%| F|  |TAMS 0x0000000096900000, 0x0000000096900000| Untracked 
| 170|0x0000000096a00000, 0x0000000096a00000, 0x0000000096b00000|  0%| F|  |TAMS 0x0000000096a00000, 0x0000000096a00000| Untracked 
| 171|0x0000000096b00000, 0x0000000096b00000, 0x0000000096c00000|  0%| F|  |TAMS 0x0000000096b00000, 0x0000000096b00000| Untracked 
| 172|0x0000000096c00000, 0x0000000096c00000, 0x0000000096d00000|  0%| F|  |TAMS 0x0000000096c00000, 0x0000000096c00000| Untracked 
| 173|0x0000000096d00000, 0x0000000096d00000, 0x0000000096e00000|  0%| F|  |TAMS 0x0000000096d00000, 0x0000000096d00000| Untracked 
| 174|0x0000000096e00000, 0x0000000096e00000, 0x0000000096f00000|  0%| F|  |TAMS 0x0000000096e00000, 0x0000000096e00000| Untracked 
| 175|0x0000000096f00000, 0x0000000096f00000, 0x0000000097000000|  0%| F|  |TAMS 0x0000000096f00000, 0x0000000096f00000| Untracked 
| 176|0x0000000097000000, 0x0000000097000800, 0x0000000097100000|  0%| E|  |TAMS 0x0000000097000000, 0x0000000097000000| Complete 
| 177|0x0000000097100000, 0x0000000097200000, 0x0000000097200000|100%| E|CS|TAMS 0x0000000097100000, 0x0000000097100000| Complete 
| 178|0x0000000097200000, 0x0000000097300000, 0x0000000097300000|100%| E|CS|TAMS 0x0000000097200000, 0x0000000097200000| Complete 
| 179|0x0000000097300000, 0x0000000097400000, 0x0000000097400000|100%| E|CS|TAMS 0x0000000097300000, 0x0000000097300000| Complete 
| 180|0x0000000097400000, 0x0000000097500000, 0x0000000097500000|100%| E|CS|TAMS 0x0000000097400000, 0x0000000097400000| Complete 
| 181|0x0000000097500000, 0x0000000097600000, 0x0000000097600000|100%| E|CS|TAMS 0x0000000097500000, 0x0000000097500000| Complete 
| 182|0x0000000097600000, 0x0000000097700000, 0x0000000097700000|100%| E|CS|TAMS 0x0000000097600000, 0x0000000097600000| Complete 
| 183|0x0000000097700000, 0x0000000097800000, 0x0000000097800000|100%| E|CS|TAMS 0x0000000097700000, 0x0000000097700000| Complete 
| 184|0x0000000097800000, 0x0000000097900000, 0x0000000097900000|100%| E|CS|TAMS 0x0000000097800000, 0x0000000097800000| Complete 
| 185|0x0000000097900000, 0x0000000097a00000, 0x0000000097a00000|100%| E|CS|TAMS 0x0000000097900000, 0x0000000097900000| Complete 
| 186|0x0000000097a00000, 0x0000000097b00000, 0x0000000097b00000|100%| E|CS|TAMS 0x0000000097a00000, 0x0000000097a00000| Complete 
| 187|0x0000000097b00000, 0x0000000097c00000, 0x0000000097c00000|100%| E|CS|TAMS 0x0000000097b00000, 0x0000000097b00000| Complete 
| 188|0x0000000097c00000, 0x0000000097d00000, 0x0000000097d00000|100%| E|CS|TAMS 0x0000000097c00000, 0x0000000097c00000| Complete 
| 189|0x0000000097d00000, 0x0000000097e00000, 0x0000000097e00000|100%| E|CS|TAMS 0x0000000097d00000, 0x0000000097d00000| Complete 
| 190|0x0000000097e00000, 0x0000000097f00000, 0x0000000097f00000|100%| E|CS|TAMS 0x0000000097e00000, 0x0000000097e00000| Complete 
| 191|0x0000000097f00000, 0x0000000098000000, 0x0000000098000000|100%| E|CS|TAMS 0x0000000097f00000, 0x0000000097f00000| Complete 
| 192|0x0000000098000000, 0x0000000098100000, 0x0000000098100000|100%| E|CS|TAMS 0x0000000098000000, 0x0000000098000000| Complete 
| 193|0x0000000098100000, 0x0000000098200000, 0x0000000098200000|100%| E|CS|TAMS 0x0000000098100000, 0x0000000098100000| Complete 
| 194|0x0000000098200000, 0x0000000098300000, 0x0000000098300000|100%| E|CS|TAMS 0x0000000098200000, 0x0000000098200000| Complete 
| 195|0x0000000098300000, 0x0000000098400000, 0x0000000098400000|100%| E|CS|TAMS 0x0000000098300000, 0x0000000098300000| Complete 
| 196|0x0000000098400000, 0x0000000098500000, 0x0000000098500000|100%| E|CS|TAMS 0x0000000098400000, 0x0000000098400000| Complete 
| 197|0x0000000098500000, 0x0000000098600000, 0x0000000098600000|100%| E|CS|TAMS 0x0000000098500000, 0x0000000098500000| Complete 
| 198|0x0000000098600000, 0x0000000098700000, 0x0000000098700000|100%| E|CS|TAMS 0x0000000098600000, 0x0000000098600000| Complete 
| 199|0x0000000098700000, 0x0000000098800000, 0x0000000098800000|100%| E|CS|TAMS 0x0000000098700000, 0x0000000098700000| Complete 
| 200|0x0000000098800000, 0x0000000098900000, 0x0000000098900000|100%| E|CS|TAMS 0x0000000098800000, 0x0000000098800000| Complete 
| 201|0x0000000098900000, 0x0000000098a00000, 0x0000000098a00000|100%| E|CS|TAMS 0x0000000098900000, 0x0000000098900000| Complete 
| 202|0x0000000098a00000, 0x0000000098b00000, 0x0000000098b00000|100%| E|CS|TAMS 0x0000000098a00000, 0x0000000098a00000| Complete 

Card table byte_map: [0x0000024d7bc60000,0x0000024d7c000000] _byte_map_base: 0x0000024d7b800000

Marking Bits (Prev, Next): (CMBitMap*) 0x0000024d72912100, (CMBitMap*) 0x0000024d729120c8
 Prev Bits: [0x0000024d7e0a0000, 0x0000024d7fda0000)
 Next Bits: [0x0000024d7c3a0000, 0x0000024d7e0a0000)

Polling page: 0x0000024d70850000

Metaspace:

Usage:
  Non-class:     61.93 MB capacity,    61.45 MB (>99%) used,   366.52 KB ( <1%) free+waste,   127.38 KB ( <1%) overhead. 
      Class:      7.83 MB capacity,     7.46 MB ( 95%) used,   322.86 KB (  4%) free+waste,    54.25 KB ( <1%) overhead. 
       Both:     69.76 MB capacity,    68.91 MB ( 99%) used,   689.38 KB ( <1%) free+waste,   181.63 KB ( <1%) overhead. 

Virtual space:
  Non-class space:       62.00 MB reserved,      62.00 MB (100%) committed 
      Class space:        1.00 GB reserved,       7.88 MB ( <1%) committed 
             Both:        1.06 GB reserved,      69.88 MB (  6%) committed 

Chunk freelists:
   Non-Class:  10.00 KB
       Class:  11.00 KB
        Both:  21.00 KB

MaxMetaspaceSize: 17179869184.00 GB
CompressedClassSpaceSize: 1.00 GB
Initial GC threshold: 20.80 MB
Current GC threshold: 98.34 MB
CDS: off

CodeHeap 'non-profiled nmethods': size=119168Kb used=5283Kb max_used=5283Kb free=113884Kb
 bounds [0x0000024d07ba0000, 0x0000024d080d0000, 0x0000024d0f000000]
CodeHeap 'profiled nmethods': size=119168Kb used=35914Kb max_used=35914Kb free=83253Kb
 bounds [0x0000024d00740000, 0x0000024d02a60000, 0x0000024d07ba0000]
CodeHeap 'non-nmethods': size=7424Kb used=2997Kb max_used=3053Kb free=4426Kb
 bounds [0x0000024d00000000, 0x0000024d00320000, 0x0000024d00740000]
 total_blobs=13807 nmethods=13210 adapters=502
 compilation: enabled
              stopped_count=0, restarted_count=0
 full_count=0

Compilation events (20 events):
Event: 10.547 Thread 0x0000024d126b8800 nmethod 13499 0x0000024d02a44b90 code [0x0000024d02a44d80, 0x0000024d02a44f88]
Event: 10.547 Thread 0x0000024d12cfe000 13500       2       org.jetbrains.kotlin.resolve.scopes.SyntheticScope$Default::getSyntheticStaticFunctions (19 bytes)
Event: 10.547 Thread 0x0000024d1270a000 nmethod 12919 0x0000024d080c5f10 code [0x0000024d080c60e0, 0x0000024d080c6388]
Event: 10.547 Thread 0x0000024d1270a000 13000   !   4       java.util.concurrent.ConcurrentHashMap::clear (176 bytes)
Event: 10.547 Thread 0x0000024d12cfe000 nmethod 13500 0x0000024d02a45110 code [0x0000024d02a45340, 0x0000024d02a45758]
Event: 10.548 Thread 0x0000024d12853800 13501       2       org.jetbrains.kotlin.resolve.calls.components.ClassicTypeSystemContextForCS::isNullableType (6 bytes)
Event: 10.548 Thread 0x0000024d12853800 nmethod 13501 0x0000024d02a45a10 code [0x0000024d02a45bc0, 0x0000024d02a45cc8]
Event: 10.551 Thread 0x0000024d12d49800 13502       1       org.jetbrains.kotlin.resolve.calls.inference.model.Constraint::getDerivedFrom (5 bytes)
Event: 10.552 Thread 0x0000024d12d49800 nmethod 13502 0x0000024d080c6610 code [0x0000024d080c67c0, 0x0000024d080c6878]
Event: 10.552 Thread 0x0000024d1270a000 nmethod 13000 0x0000024d080c6910 code [0x0000024d080c6ac0, 0x0000024d080c6f38]
Event: 10.552 Thread 0x0000024d1270a000 13477       4       org.jetbrains.kotlin.resolve.calls.tower.KotlinToResolvedCallTransformer::runCallCheckers (176 bytes)
Event: 10.553 Thread 0x0000024d126b8800 13503       2       org.jetbrains.kotlin.resolve.calls.inference.components.TypeVariableDependencyInformationProvider$computeRelatedToTopLevelType$1::invoke (12 bytes)
Event: 10.553 Thread 0x0000024d12cfe000 13504       2       org.jetbrains.kotlin.resolve.calls.inference.components.TypeVariableDependencyInformationProvider$computeRelatedToTopLevelType$1::invoke (23 bytes)
Event: 10.554 Thread 0x0000024d126b8800 nmethod 13503 0x0000024d02a45d90 code [0x0000024d02a45fa0, 0x0000024d02a462c8]
Event: 10.554 Thread 0x0000024d12853800 13505       2       org.jetbrains.kotlin.resolve.calls.inference.components.TypeVariableDependencyInformationProvider$computeConstraintEdges$1::invoke (12 bytes)
Event: 10.554 Thread 0x0000024d12d49800 13506       2       org.jetbrains.kotlin.resolve.calls.inference.components.TypeVariableDependencyInformationProvider$computeConstraintEdges$1::invoke (30 bytes)
Event: 10.554 Thread 0x0000024d126b8800 13507       2       org.jetbrains.kotlin.resolve.calls.inference.components.TypeVariableDependencyInformationProvider::access$computeConstraintEdges$addConstraintEdgeForDeepDependency (7 bytes)
Event: 10.554 Thread 0x0000024d12cfe000 nmethod 13504 0x0000024d02a46510 code [0x0000024d02a46700, 0x0000024d02a469c8]
Event: 10.554 Thread 0x0000024d12cfe000 13508       2       org.jetbrains.kotlin.resolve.calls.inference.components.TypeVariableDependencyInformationProvider::computeConstraintEdges$addConstraintEdgeForDeepDependency (133 bytes)
Event: 10.554 Thread 0x0000024d126b8800 nmethod 13507 0x0000024d02a46c10 code [0x0000024d02a46dc0, 0x0000024d02a46ea8]

GC Heap History (20 events):
Event: 1.828 GC heap before
{Heap before GC invocations=3 (full 0):
 garbage-first heap   total 118784K, used 64687K [0x000000008c000000, 0x0000000100000000)
  region size 1024K, 56 young (57344K), 7 survivors (7168K)
 Metaspace       used 32315K, capacity 32765K, committed 32896K, reserved 1077248K
  class space    used 3958K, capacity 4149K, committed 4224K, reserved 1048576K
}
Event: 1.848 GC heap after
{Heap after GC invocations=4 (full 0):
 garbage-first heap   total 118784K, used 20736K [0x000000008c000000, 0x0000000100000000)
  region size 1024K, 7 young (7168K), 7 survivors (7168K)
 Metaspace       used 32315K, capacity 32765K, committed 32896K, reserved 1077248K
  class space    used 3958K, capacity 4149K, committed 4224K, reserved 1048576K
}
Event: 2.043 GC heap before
{Heap before GC invocations=4 (full 0):
 garbage-first heap   total 118784K, used 34048K [0x000000008c000000, 0x0000000100000000)
  region size 1024K, 21 young (21504K), 7 survivors (7168K)
 Metaspace       used 35365K, capacity 35786K, committed 35840K, reserved 1081344K
  class space    used 4294K, capacity 4474K, committed 4480K, reserved 1048576K
}
Event: 2.058 GC heap after
{Heap after GC invocations=5 (full 0):
 garbage-first heap   total 118784K, used 22554K [0x000000008c000000, 0x0000000100000000)
  region size 1024K, 2 young (2048K), 2 survivors (2048K)
 Metaspace       used 35365K, capacity 35786K, committed 35840K, reserved 1081344K
  class space    used 4294K, capacity 4474K, committed 4480K, reserved 1048576K
}
Event: 2.614 GC heap before
{Heap before GC invocations=6 (full 0):
 garbage-first heap   total 118784K, used 63514K [0x000000008c000000, 0x0000000100000000)
  region size 1024K, 42 young (43008K), 2 survivors (2048K)
 Metaspace       used 43627K, capacity 44041K, committed 44288K, reserved 1087488K
  class space    used 5092K, capacity 5259K, committed 5376K, reserved 1048576K
}
Event: 2.622 GC heap after
{Heap after GC invocations=7 (full 0):
 garbage-first heap   total 153600K, used 24043K [0x000000008c000000, 0x0000000100000000)
  region size 1024K, 5 young (5120K), 5 survivors (5120K)
 Metaspace       used 43627K, capacity 44041K, committed 44288K, reserved 1087488K
  class space    used 5092K, capacity 5259K, committed 5376K, reserved 1048576K
}
Event: 3.421 GC heap before
{Heap before GC invocations=7 (full 0):
 garbage-first heap   total 153600K, used 86507K [0x000000008c000000, 0x0000000100000000)
  region size 1024K, 63 young (64512K), 5 survivors (5120K)
 Metaspace       used 50306K, capacity 50838K, committed 51072K, reserved 1093632K
  class space    used 5768K, capacity 5998K, committed 6016K, reserved 1048576K
}
Event: 3.440 GC heap after
{Heap after GC invocations=8 (full 0):
 garbage-first heap   total 153600K, used 34084K [0x000000008c000000, 0x0000000100000000)
  region size 1024K, 8 young (8192K), 8 survivors (8192K)
 Metaspace       used 50306K, capacity 50838K, committed 51072K, reserved 1093632K
  class space    used 5768K, capacity 5998K, committed 6016K, reserved 1048576K
}
Event: 4.722 GC heap before
{Heap before GC invocations=8 (full 0):
 garbage-first heap   total 153600K, used 89380K [0x000000008c000000, 0x0000000100000000)
  region size 1024K, 63 young (64512K), 8 survivors (8192K)
 Metaspace       used 59296K, capacity 60070K, committed 60160K, reserved 1101824K
  class space    used 6763K, capacity 7094K, committed 7168K, reserved 1048576K
}
Event: 4.751 GC heap after
{Heap after GC invocations=9 (full 0):
 garbage-first heap   total 153600K, used 41897K [0x000000008c000000, 0x0000000100000000)
  region size 1024K, 8 young (8192K), 8 survivors (8192K)
 Metaspace       used 59296K, capacity 60070K, committed 60160K, reserved 1101824K
  class space    used 6763K, capacity 7094K, committed 7168K, reserved 1048576K
}
Event: 5.506 GC heap before
{Heap before GC invocations=10 (full 0):
 garbage-first heap   total 153600K, used 99241K [0x000000008c000000, 0x0000000100000000)
  region size 1024K, 64 young (65536K), 8 survivors (8192K)
 Metaspace       used 60673K, capacity 61468K, committed 61824K, reserved 1103872K
  class space    used 6841K, capacity 7171K, committed 7296K, reserved 1048576K
}
Event: 5.536 GC heap after
{Heap after GC invocations=11 (full 0):
 garbage-first heap   total 153600K, used 51639K [0x000000008c000000, 0x0000000100000000)
  region size 1024K, 8 young (8192K), 8 survivors (8192K)
 Metaspace       used 60673K, capacity 61468K, committed 61824K, reserved 1103872K
  class space    used 6841K, capacity 7171K, committed 7296K, reserved 1048576K
}
Event: 5.999 GC heap before
{Heap before GC invocations=11 (full 0):
 garbage-first heap   total 153600K, used 105911K [0x000000008c000000, 0x0000000100000000)
  region size 1024K, 61 young (62464K), 8 survivors (8192K)
 Metaspace       used 61969K, capacity 62763K, committed 62976K, reserved 1105920K
  class space    used 6982K, capacity 7304K, committed 7424K, reserved 1048576K
}
Event: 6.028 GC heap after
{Heap after GC invocations=12 (full 0):
 garbage-first heap   total 207872K, used 61440K [0x000000008c000000, 0x0000000100000000)
  region size 1024K, 8 young (8192K), 8 survivors (8192K)
 Metaspace       used 61969K, capacity 62763K, committed 62976K, reserved 1105920K
  class space    used 6982K, capacity 7304K, committed 7424K, reserved 1048576K
}
Event: 6.516 GC heap before
{Heap before GC invocations=12 (full 0):
 garbage-first heap   total 207872K, used 131072K [0x000000008c000000, 0x0000000100000000)
  region size 1024K, 76 young (77824K), 8 survivors (8192K)
 Metaspace       used 63219K, capacity 64044K, committed 64256K, reserved 1105920K
  class space    used 7086K, capacity 7411K, committed 7424K, reserved 1048576K
}
Event: 6.533 GC heap after
{Heap after GC invocations=13 (full 0):
 garbage-first heap   total 207872K, used 66357K [0x000000008c000000, 0x0000000100000000)
  region size 1024K, 5 young (5120K), 5 survivors (5120K)
 Metaspace       used 63219K, capacity 64044K, committed 64256K, reserved 1105920K
  class space    used 7086K, capacity 7411K, committed 7424K, reserved 1048576K
}
Event: 8.229 GC heap before
{Heap before GC invocations=13 (full 0):
 garbage-first heap   total 207872K, used 140085K [0x000000008c000000, 0x0000000100000000)
  region size 1024K, 76 young (77824K), 5 survivors (5120K)
 Metaspace       used 68987K, capacity 69891K, committed 70016K, reserved 1112064K
  class space    used 7581K, capacity 7944K, committed 8064K, reserved 1048576K
}
Event: 8.250 GC heap after
{Heap after GC invocations=14 (full 0):
 garbage-first heap   total 207872K, used 74540K [0x000000008c000000, 0x0000000100000000)
  region size 1024K, 10 young (10240K), 10 survivors (10240K)
 Metaspace       used 68987K, capacity 69891K, committed 70016K, reserved 1112064K
  class space    used 7581K, capacity 7944K, committed 8064K, reserved 1048576K
}
Event: 9.923 GC heap before
{Heap before GC invocations=14 (full 0):
 garbage-first heap   total 207872K, used 151340K [0x000000008c000000, 0x0000000100000000)
  region size 1024K, 83 young (84992K), 10 survivors (10240K)
 Metaspace       used 70298K, capacity 71179K, committed 71296K, reserved 1112064K
  class space    used 7641K, capacity 8021K, committed 8064K, reserved 1048576K
}
Event: 9.949 GC heap after
{Heap after GC invocations=15 (full 0):
 garbage-first heap   total 207872K, used 83968K [0x000000008c000000, 0x0000000100000000)
  region size 1024K, 7 young (7168K), 7 survivors (7168K)
 Metaspace       used 70298K, capacity 71179K, committed 71296K, reserved 1112064K
  class space    used 7641K, capacity 8021K, committed 8064K, reserved 1048576K
}

Deoptimization events (20 events):
Event: 9.627 Thread 0x0000024d728d3000 Uncommon trap: trap_request=0xffffffde fr.pc=0x0000024d08051694 relative=0x0000000000000514
Event: 9.627 Thread 0x0000024d728d3000 Uncommon trap: reason=class_check action=maybe_recompile pc=0x0000024d08051694 method=org.jetbrains.kotlin.resolve.calls.inference.CapturedTypeConstructorKt.createCapturedIfNeeded(Lorg/jetbrains/kotlin/types/TypeProjection;Lorg/jetbrains/kotlin/descriptor
Event: 9.627 Thread 0x0000024d728d3000 DEOPT PACKING pc=0x0000024d08051694 sp=0x000000883ccf7ea0
Event: 9.627 Thread 0x0000024d728d3000 DEOPT UNPACKING pc=0x0000024d0004a1af sp=0x000000883ccf7e50 mode 2
Event: 9.628 Thread 0x0000024d728d3000 Uncommon trap: trap_request=0xffffffde fr.pc=0x0000024d08051694 relative=0x0000000000000514
Event: 9.628 Thread 0x0000024d728d3000 Uncommon trap: reason=class_check action=maybe_recompile pc=0x0000024d08051694 method=org.jetbrains.kotlin.resolve.calls.inference.CapturedTypeConstructorKt.createCapturedIfNeeded(Lorg/jetbrains/kotlin/types/TypeProjection;Lorg/jetbrains/kotlin/descriptor
Event: 9.628 Thread 0x0000024d728d3000 DEOPT PACKING pc=0x0000024d08051694 sp=0x000000883ccf7db0
Event: 9.628 Thread 0x0000024d728d3000 DEOPT UNPACKING pc=0x0000024d0004a1af sp=0x000000883ccf7d60 mode 2
Event: 9.678 Thread 0x0000024d728d3000 DEOPT PACKING pc=0x0000024d01ab6d2b sp=0x000000883ccf9090
Event: 9.678 Thread 0x0000024d728d3000 DEOPT UNPACKING pc=0x0000024d0004a95e sp=0x000000883ccf8530 mode 0
Event: 9.743 Thread 0x0000024d728d3000 Uncommon trap: trap_request=0xffffffc6 fr.pc=0x0000024d08011f70 relative=0x0000000000000130
Event: 9.743 Thread 0x0000024d728d3000 Uncommon trap: reason=bimorphic_or_optimized_type_check action=maybe_recompile pc=0x0000024d08011f70 method=org.jetbrains.kotlin.types.KotlinTypeKt.isError(Lorg/jetbrains/kotlin/types/KotlinType;)Z @ 31 c2
Event: 9.743 Thread 0x0000024d728d3000 DEOPT PACKING pc=0x0000024d08011f70 sp=0x000000883ccf9bb0
Event: 9.743 Thread 0x0000024d728d3000 DEOPT UNPACKING pc=0x0000024d0004a1af sp=0x000000883ccf9ab8 mode 2
Event: 9.746 Thread 0x0000024d728d3000 Uncommon trap: trap_request=0xffffffc6 fr.pc=0x0000024d08011f70 relative=0x0000000000000130
Event: 9.746 Thread 0x0000024d728d3000 Uncommon trap: reason=bimorphic_or_optimized_type_check action=maybe_recompile pc=0x0000024d08011f70 method=org.jetbrains.kotlin.types.KotlinTypeKt.isError(Lorg/jetbrains/kotlin/types/KotlinType;)Z @ 31 c2
Event: 9.746 Thread 0x0000024d728d3000 DEOPT PACKING pc=0x0000024d08011f70 sp=0x000000883ccf95f0
Event: 9.746 Thread 0x0000024d728d3000 DEOPT UNPACKING pc=0x0000024d0004a1af sp=0x000000883ccf94f8 mode 2
Event: 10.226 Thread 0x0000024d728d3000 DEOPT PACKING pc=0x0000024d01ab6d2b sp=0x000000883ccf6670
Event: 10.226 Thread 0x0000024d728d3000 DEOPT UNPACKING pc=0x0000024d0004a95e sp=0x000000883ccf5b10 mode 0

Classes redefined (0 events):
No events

Internal exceptions (20 events):
Event: 6.172 Thread 0x0000024d728d3000 Implicit null exception at 0x0000024d07ddd117 to 0x0000024d07de29f8
Event: 6.172 Thread 0x0000024d728d3000 Implicit null exception at 0x0000024d07ddd117 to 0x0000024d07de29f8
Event: 6.172 Thread 0x0000024d728d3000 Implicit null exception at 0x0000024d07ddd117 to 0x0000024d07de29f8
Event: 6.172 Thread 0x0000024d728d3000 Implicit null exception at 0x0000024d07e14e32 to 0x0000024d07e1a5ec
Event: 6.172 Thread 0x0000024d728d3000 Implicit null exception at 0x0000024d07d60da5 to 0x0000024d07d66654
Event: 6.176 Thread 0x0000024d728d3000 Implicit null exception at 0x0000024d07d3d344 to 0x0000024d07d3e4fc
Event: 6.346 Thread 0x0000024d728d3000 Implicit null exception at 0x0000024d07bff7de to 0x0000024d07bfff8e
Event: 6.474 Thread 0x0000024d728d3000 Exception <a 'java/lang/NoSuchMethodError'{0x00000000948b2db8}: 'java.lang.Object java.lang.invoke.Invokers$Holder.linkToTargetMethod(java.lang.Object, java.lang.Object, java.lang.Object, java.lang.Object, java.lang.Object, java.lang.Object, java.lang.Object)'> (0x00000000948b2db8) thrown at [s\src\hotspot\share\interpreter\linkResolver.cpp, line 773]
Event: 6.644 Thread 0x0000024d728d3000 Exception <a 'java/lang/NoSuchMethodError'{0x0000000098266f10}: 'java.lang.Object java.lang.invoke.Invokers$Holder.linkToTargetMethod(java.lang.Object, java.lang.Object, java.lang.Object, int, int, java.lang.Object)'> (0x0000000098266f10) thrown at [s\src\hotspot\share\interpreter\linkResolver.cpp, line 773]
Event: 6.646 Thread 0x0000024d728d3000 Implicit null exception at 0x0000024d07ee1a83 to 0x0000024d07ee7c14
Event: 6.646 Thread 0x0000024d728d3000 Implicit null exception at 0x0000024d07eb3e05 to 0x0000024d07eb40b8
Event: 6.966 Thread 0x0000024d728d3000 Exception <a 'java/lang/NoSuchMethodError'{0x0000000097acd3c0}: 'int java.lang.invoke.DirectMethodHandle$Holder.invokeStaticInit(java.lang.Object, int)'> (0x0000000097acd3c0) thrown at [s\src\hotspot\share\interpreter\linkResolver.cpp, line 773]
Event: 7.001 Thread 0x0000024d728d3000 Exception <a 'java/lang/NoSuchMethodError'{0x00000000979cad60}: 'java.lang.Object java.lang.invoke.DirectMethodHandle$Holder.invokeInterface(java.lang.Object, java.lang.Object, java.lang.Object)'> (0x00000000979cad60) thrown at [s\src\hotspot\share\interpreter\linkResolver.cpp, line 773]
Event: 7.001 Thread 0x0000024d728d3000 Exception <a 'java/lang/IncompatibleClassChangeError'{0x00000000979cdf90}: Found class java.lang.Object, but interface was expected> (0x00000000979cdf90) thrown at [s\src\hotspot\share\interpreter\linkResolver.cpp, line 839]
Event: 7.283 Thread 0x0000024d728d3000 Implicit null exception at 0x0000024d07bfaaf5 to 0x0000024d07bfaca4
Event: 7.462 Thread 0x0000024d728d3000 Implicit null exception at 0x0000024d07bbbef7 to 0x0000024d07bbc3c8
Event: 7.475 Thread 0x0000024d728d3000 Implicit null exception at 0x0000024d07bbc974 to 0x0000024d07bbce64
Event: 7.973 Thread 0x0000024d728d3000 Implicit null exception at 0x0000024d07f6cd28 to 0x0000024d07f73220
Event: 8.382 Thread 0x0000024d728d3000 Implicit null exception at 0x0000024d07e8b27c to 0x0000024d07e8b53c
Event: 8.624 Thread 0x0000024d728d3000 Implicit null exception at 0x0000024d07fd5ca8 to 0x0000024d07fd5d70

Events (20 events):
Event: 9.790 Executing VM operation: ICBufferFull
Event: 9.790 Executing VM operation: ICBufferFull done
Event: 9.882 loading class org/jetbrains/kotlin/builtins/functions/FunctionClassScope$WhenMappings
Event: 9.882 loading class org/jetbrains/kotlin/builtins/functions/FunctionClassScope$WhenMappings done
Event: 9.882 loading class org/jetbrains/kotlin/builtins/functions/FunctionInvokeDescriptor$Factory
Event: 9.882 loading class org/jetbrains/kotlin/builtins/functions/FunctionInvokeDescriptor$Factory done
Event: 9.883 loading class org/jetbrains/kotlin/builtins/functions/FunctionClassDescriptor$FunctionTypeConstructor$WhenMappings
Event: 9.883 loading class org/jetbrains/kotlin/builtins/functions/FunctionClassDescriptor$FunctionTypeConstructor$WhenMappings done
Event: 9.923 Executing VM operation: G1CollectForAllocation
Event: 9.949 Executing VM operation: G1CollectForAllocation done
Event: 10.237 loading class org/jetbrains/kotlin/load/java/AbstractAnnotationTypeQualifierResolver$extractDefaultQualifiers$nullabilityQualifier$1
Event: 10.237 loading class org/jetbrains/kotlin/load/java/AbstractAnnotationTypeQualifierResolver$extractDefaultQualifiers$nullabilityQualifier$1 done
Event: 10.340 loading class org/jetbrains/kotlin/diagnostics/WhenMissingCase$EnumCheckIsMissing
Event: 10.340 loading class org/jetbrains/kotlin/diagnostics/WhenMissingCase$EnumCheckIsMissing done
Event: 10.389 loading class org/jetbrains/kotlin/resolve/constants/evaluate/ConstantExpressionEvaluatorVisitor$evaluateBinaryAndCheck$1
Event: 10.389 loading class org/jetbrains/kotlin/resolve/constants/evaluate/ConstantExpressionEvaluatorVisitor$evaluateBinaryAndCheck$1 done
Event: 10.400 loading class org/jetbrains/kotlin/types/expressions/unqualifiedSuper/UnqualifiedSuperKt$resolveSupertypesByMembers$2
Event: 10.400 loading class org/jetbrains/kotlin/types/expressions/unqualifiedSuper/UnqualifiedSuperKt$resolveSupertypesByMembers$2 done
Event: 10.481 Executing VM operation: ICBufferFull
Event: 10.481 Executing VM operation: ICBufferFull done


Dynamic libraries:
0x00007ff76fc00000 - 0x00007ff76fc0d000 	C:\Program Files\Microsoft\jdk-11.0.20.8-hotspot\bin\java.exe
0x00007ffddd3b0000 - 0x00007ffddd5c4000 	C:\WINDOWS\SYSTEM32\ntdll.dll
0x00007ffddbb90000 - 0x00007ffddbc54000 	C:\WINDOWS\System32\KERNEL32.DLL
0x00007ffddaa90000 - 0x00007ffddae34000 	C:\WINDOWS\System32\KERNELBASE.dll
0x00007ffddaef0000 - 0x00007ffddb001000 	C:\WINDOWS\System32\ucrtbase.dll
0x00007ffda8650000 - 0x00007ffda8665000 	C:\Program Files\Microsoft\jdk-11.0.20.8-hotspot\bin\VCRUNTIME140.dll
0x00007ffda8c70000 - 0x00007ffda8c87000 	C:\Program Files\Microsoft\jdk-11.0.20.8-hotspot\bin\jli.dll
0x00007ffddbc60000 - 0x00007ffddbe0a000 	C:\WINDOWS\System32\USER32.dll
0x00007ffdc8f00000 - 0x00007ffdc918f000 	C:\WINDOWS\WinSxS\amd64_microsoft.windows.common-controls_6595b64144ccf1df_6.0.22621.2070_none_2713e6537381f706\COMCTL32.dll
0x00007ffddaec0000 - 0x00007ffddaee6000 	C:\WINDOWS\System32\win32u.dll
0x00007ffddd240000 - 0x00007ffddd2e7000 	C:\WINDOWS\System32\msvcrt.dll
0x00007ffddc180000 - 0x00007ffddc1a9000 	C:\WINDOWS\System32\GDI32.dll
0x00007ffdda790000 - 0x00007ffdda8a9000 	C:\WINDOWS\System32\gdi32full.dll
0x00007ffddb010000 - 0x00007ffddb0aa000 	C:\WINDOWS\System32\msvcp_win.dll
0x00007ffddd200000 - 0x00007ffddd231000 	C:\WINDOWS\System32\IMM32.DLL
0x00007ffda85b0000 - 0x00007ffda864b000 	C:\Program Files\Microsoft\jdk-11.0.20.8-hotspot\bin\msvcp140.dll
0x00007ffd35260000 - 0x00007ffd35df6000 	C:\Program Files\Microsoft\jdk-11.0.20.8-hotspot\bin\server\jvm.dll
0x00007ffddcf40000 - 0x00007ffddcff0000 	C:\WINDOWS\System32\ADVAPI32.dll
0x00007ffddbfb0000 - 0x00007ffddc056000 	C:\WINDOWS\System32\sechost.dll
0x00007ffddc060000 - 0x00007ffddc177000 	C:\WINDOWS\System32\RPCRT4.dll
0x00007ffddd140000 - 0x00007ffddd148000 	C:\WINDOWS\System32\PSAPI.DLL
0x00007ffdaf710000 - 0x00007ffdaf719000 	C:\WINDOWS\SYSTEM32\WSOCK32.dll
0x00007ffdd1dc0000 - 0x00007ffdd1df4000 	C:\WINDOWS\SYSTEM32\WINMM.dll
0x00007ffdd2390000 - 0x00007ffdd239a000 	C:\WINDOWS\SYSTEM32\VERSION.dll
0x00007ffddd2f0000 - 0x00007ffddd361000 	C:\WINDOWS\System32\WS2_32.dll
0x00007ffdd97d0000 - 0x00007ffdd97e8000 	C:\WINDOWS\SYSTEM32\kernel.appcore.dll
0x00007ffdaa8d0000 - 0x00007ffdaa8e0000 	C:\Program Files\Microsoft\jdk-11.0.20.8-hotspot\bin\verify.dll
0x00007ffdd0560000 - 0x00007ffdd078e000 	C:\WINDOWS\SYSTEM32\DBGHELP.DLL
0x00007ffddb610000 - 0x00007ffddb99a000 	C:\WINDOWS\System32\combase.dll
0x00007ffddb9a0000 - 0x00007ffddba77000 	C:\WINDOWS\System32\OLEAUT32.dll
0x00007ffdd04d0000 - 0x00007ffdd0502000 	C:\WINDOWS\SYSTEM32\dbgcore.DLL
0x00007ffddae40000 - 0x00007ffddaeba000 	C:\WINDOWS\System32\bcryptPrimitives.dll
0x00007ffd8e840000 - 0x00007ffd8e868000 	C:\Program Files\Microsoft\jdk-11.0.20.8-hotspot\bin\java.dll
0x00007ffdd3d50000 - 0x00007ffdd3d5a000 	C:\Program Files\Microsoft\jdk-11.0.20.8-hotspot\bin\jimage.dll
0x00007ffdbea10000 - 0x00007ffdbea28000 	C:\Program Files\Microsoft\jdk-11.0.20.8-hotspot\bin\zip.dll
0x00007ffddc220000 - 0x00007ffddca36000 	C:\WINDOWS\System32\SHELL32.dll
0x00007ffdd8760000 - 0x00007ffdd904a000 	C:\WINDOWS\SYSTEM32\windows.storage.dll
0x00007ffdd8620000 - 0x00007ffdd875e000 	C:\WINDOWS\SYSTEM32\wintypes.dll
0x00007ffddcc10000 - 0x00007ffddcd03000 	C:\WINDOWS\System32\SHCORE.dll
0x00007ffddd0e0000 - 0x00007ffddd13e000 	C:\WINDOWS\System32\shlwapi.dll
0x00007ffdda6c0000 - 0x00007ffdda6e6000 	C:\WINDOWS\SYSTEM32\profapi.dll
0x00007ffd9e530000 - 0x00007ffd9e549000 	C:\Program Files\Microsoft\jdk-11.0.20.8-hotspot\bin\net.dll
0x00007ffdd4880000 - 0x00007ffdd49b7000 	C:\WINDOWS\SYSTEM32\WINHTTP.dll
0x00007ffdd9c50000 - 0x00007ffdd9cb9000 	C:\WINDOWS\system32\mswsock.dll
0x00007ffd8cbf0000 - 0x00007ffd8cc03000 	C:\Program Files\Microsoft\jdk-11.0.20.8-hotspot\bin\nio.dll

dbghelp: loaded successfully - version: 4.0.5 - missing functions: none
symbol engine: initialized successfully - sym options: 0x614 - pdb path: .;C:\Program Files\Microsoft\jdk-11.0.20.8-hotspot\bin;C:\WINDOWS\SYSTEM32;C:\WINDOWS\WinSxS\amd64_microsoft.windows.common-controls_6595b64144ccf1df_6.0.22621.2070_none_2713e6537381f706;C:\Program Files\Microsoft\jdk-11.0.20.8-hotspot\bin\server

VM Arguments:
java_command: org.jetbrains.kotlin.cli.jvm.K2JVMCompiler @E:\Mobile App\App Mobile Course\Project1\ubibuki-mobile\node_modules\react-native-screens\android\build\20230907_13186071174388776061.compiler.options
java_class_path (initial): C:\Users\Admin\.gradle\caches\modules-2\files-2.1\org.jetbrains.kotlin\kotlin-compiler-embeddable\1.6.21\97bdd5a752ce73b58ef16c17bc7f0ea2faff7a2e\kotlin-compiler-embeddable-1.6.21.jar;C:\Users\Admin\.gradle\caches\modules-2\files-2.1\org.jetbrains.kotlin\kotlin-reflect\1.6.21\5dc3574d9b7bebfcb4ec6b10ada4aaa9e140bd0b\kotlin-reflect-1.6.21.jar;C:\Users\Admin\.gradle\caches\modules-2\files-2.1\org.jetbrains.kotlin\kotlin-stdlib\1.6.21\11ef67f1900634fd951bad28c53ec957fabbe5b8\kotlin-stdlib-1.6.21.jar;C:\Users\Admin\.gradle\caches\modules-2\files-2.1\org.jetbrains.kotlin\kotlin-script-runtime\1.6.21\99c6675100da5d6d5b1c5a1032f27f28008d101b\kotlin-script-runtime-1.6.21.jar;C:\Users\Admin\.gradle\caches\modules-2\files-2.1\org.jetbrains.kotlin\kotlin-daemon-embeddable\1.6.21\46b78cf392e1c4f10854c3cadba44abb7b82250f\kotlin-daemon-embeddable-1.6.21.jar;C:\Users\Admin\.gradle\caches\modules-2\files-2.1\org.jetbrains.intellij.deps\trove4j\1.0.20200330\3afb14d5f9ceb459d724e907a21145e8ff394f02\trove4j-1.0.20200330.jar;C:\Users\Admin\.gradle\caches\modules-2\files-2.1\net.java.dev.jna\jna\5.6.0\330f2244e9030119ab3030fc3fededc86713d9cc\jna-5.6.0.jar;C:\Users\Admin\.gradle\caches\modules-2\files-2.1\org.jetbrains.kotlin\kotlin-stdlib-common\1.6.21\5e5b55c26dbc80372a920aef60eb774b714559b8\kotlin-stdlib-common-1.6.21.jar;C:\Users\Admin\.gradle\caches\modules-2\files-2.1\org.jetbrains\annotations\13.0\919f0dfe192fb4e063e7dacadee7f8bb9a2672a9\annotations-13.0.jar
Launcher Type: SUN_STANDARD

[Global flags]
     intx CICompilerCount                          = 12                                        {product} {ergonomic}
     uint ConcGCThreads                            = 3                                         {product} {ergonomic}
     uint G1ConcRefinementThreads                  = 13                                        {product} {ergonomic}
   size_t G1HeapRegionSize                         = 1048576                                   {product} {ergonomic}
    uintx GCDrainStackTargetSize                   = 64                                        {product} {ergonomic}
   size_t InitialHeapSize                          = 121634816                                 {product} {ergonomic}
   size_t MarkStackSize                            = 4194304                                   {product} {ergonomic}
   size_t MaxHeapSize                              = 1946157056                                {product} {ergonomic}
   size_t MaxNewSize                               = 1167065088                                {product} {ergonomic}
   size_t MinHeapDeltaBytes                        = 1048576                                   {product} {ergonomic}
    uintx NonNMethodCodeHeapSize                   = 7594288                                {pd product} {ergonomic}
    uintx NonProfiledCodeHeapSize                  = 122031976                              {pd product} {ergonomic}
    uintx ProfiledCodeHeapSize                     = 122031976                              {pd product} {ergonomic}
    uintx ReservedCodeCacheSize                    = 251658240                              {pd product} {ergonomic}
     bool SegmentedCodeCache                       = true                                      {product} {ergonomic}
     bool UseCompressedClassPointers               = true                                 {lp64_product} {ergonomic}
     bool UseCompressedOops                        = true                                 {lp64_product} {ergonomic}
     bool UseG1GC                                  = true                                      {product} {ergonomic}
     bool UseLargePagesIndividualAllocation        = false                                  {pd product} {ergonomic}

Logging:
Log output configuration:
 #0: stdout all=warning uptime,level,tags
 #1: stderr all=off uptime,level,tags

Environment Variables:
JAVA_HOME=C:\Program Files\Microsoft\jdk-11.0.20.8-hotspot\
CLASSPATH=E:\Mobile App\App Mobile Course\Project1\ubibuki-mobile\android\\gradle\wrapper\gradle-wrapper.jar
PATH=E:\Mobile App\App Mobile Course\Project1\ubibuki-mobile\node_modules\.bin;E:\Mobile App\App Mobile Course\Project1\node_modules\.bin;E:\Mobile App\App Mobile Course\node_modules\.bin;E:\Mobile App\node_modules\.bin;E:\node_modules\.bin;C:\Users\Admin\AppData\Roaming\npm\node_modules\npm\node_modules\@npmcli\run-script\lib\node-gyp-bin;C:\Program Files\Microsoft\jdk-11.0.20.8-hotspot\bin;C:\Windows\system32;C:\Windows;C:\Windows\System32\Wbem;C:\Windows\System32\WindowsPowerShell\v1.0\;C:\Windows\System32\OpenSSH\;C:\Program Files (x86)\NVIDIA Corporation\PhysX\Common;C:\Program Files\NVIDIA Corporation\NVIDIA NvDLISR;C:\Program Files\dotnet\;C:\WINDOWS\system32;C:\WINDOWS;C:\WINDOWS\System32\Wbem;C:\WINDOWS\System32\WindowsPowerShell\v1.0\;C:\WINDOWS\System32\OpenSSH\;C:\Program Files\Git\cmd;C:\ProgramData\chocolatey\bin;C:\Program Files\nodejs\;C:\Users\Admin\AppData\Local\Programs\Python\Python310\Scripts\;C:\Users\Admin\AppData\Local\Programs\Python\Python310\;C:\Users\Admin\AppData\Local\Microsoft\WindowsApps;C:\Users\Admin\AppData\Local\Programs\Microsoft VS Code\bin;C:\Users\Admin\.dotnet\tools;C:\flutter\bin;C:\Users\Admin\AppData\Local\GitHubDesktop\bin;C:\Program Files\Android\Android Studio\jbr\bin;C:\Users\Admin\AppData\Roaming\npm;C:\Users\Admin\AppData\Local\Android\Sdk;C:\Users\Admin\AppData\Local\Android\Sdk\platform-tools;
USERNAME=Admin
LANG=en_US.UTF-8
OS=Windows_NT
PROCESSOR_IDENTIFIER=AMD64 Family 25 Model 68 Stepping 1, AuthenticAMD
TMP=C:\Users\Admin\AppData\Local\Temp
TEMP=C:\Users\Admin\AppData\Local\Temp



---------------  S Y S T E M  ---------------

OS: Windows 11 , 64 bit Build 22621 (10.0.22621.2070)
OS uptime: 0 days 0:31 hours

CPU:total 16 (initial active 16) (16 cores per cpu, 2 threads per core) family 25 model 68 stepping 1 microcode 0x0, cmov, cx8, fxsr, mmx, sse, sse2, sse3, ssse3, sse4.1, sse4.2, popcnt, avx, avx2, aes, clmul, mmxext, 3dnowpref, lzcnt, sse4a, ht, tsc, tscinvbit, tscinv, bmi1, bmi2, adx, sha, fma

Memory: 4k page, system-wide physical 7421M (409M free)
TotalPageFile size 19709M (AvailPageFile size 12M)
current process WorkingSet (physical memory assigned to process): 424M, peak: 430M
current process commit charge ("private bytes"): 482M, peak: 486M

vm_info: OpenJDK 64-Bit Server VM (11.0.20+8-LTS) for windows-amd64 JRE (11.0.20+8-LTS), built on Jul  7 2023 17:05:21 by "MicrosoftCorporation" with MS VC++ 15.9 (VS2017)

END.
