#
# There is insufficient memory for the Java Runtime Environment to continue.
# Native memory allocation (malloc) failed to allocate 74000 bytes for Chunk::new
# Possible reasons:
#   The system is out of physical RAM or swap space
#   The process is running with CompressedOops enabled, and the Java Heap may be blocking the growth of the native heap
# Possible solutions:
#   Reduce memory load on the system
#   Increase physical memory or swap space
#   Check if swap backing store is full
#   Decrease Java heap size (-Xmx/-Xms)
#   Decrease number of Java threads
#   Decrease Java thread stack sizes (-Xss)
#   Set larger code cache with -XX:ReservedCodeCacheSize=
#   JVM is running with Unscaled Compressed Oops mode in which the Java heap is
#     placed in the first 4GB address space. The Java Heap base address is the
#     maximum limit for the native heap growth. Please use -XX:HeapBaseMinAddress
#     to set the Java Heap base and to place the Java Heap above 4GB virtual address.
# This output file may be truncated or incomplete.
#
#  Out of Memory Error (arena.cpp:197), pid=24180, tid=23628
#
# JRE version: OpenJDK Runtime Environment Microsoft-8035250 (11.0.20+8) (build 11.0.20+8-LTS)
# Java VM: OpenJDK 64-Bit Server VM Microsoft-8035250 (11.0.20+8-LTS, mixed mode, tiered, compressed oops, g1 gc, windows-amd64)
# No core dump will be written. Minidumps are not enabled by default on client versions of Windows
#

---------------  S U M M A R Y ------------

Command Line: org.jetbrains.kotlin.cli.jvm.K2JVMCompiler @E:\Mobile App\App Mobile Course\Project1\ubibuki-mobile\node_modules\react-native-screens\android\build\20230902_5199789497589701169.compiler.options

Host: AMD Ryzen 7 6800H with Radeon Graphics         , 16 cores, 7G,  Windows 11 , 64 bit Build 22621 (10.0.22621.2070)
Time: Sat Sep  2 19:23:01 2023 SE Asia Standard Time elapsed time: 11.625526 seconds (0d 0h 0m 11s)

---------------  T H R E A D  ---------------

Current thread (0x000001f55e222800):  JavaThread "C2 CompilerThread2" daemon [_thread_in_native, id=23628, stack(0x0000009e50a00000,0x0000009e50b00000)]


Current CompileTask:
C2:  11625 12688       4       java.util.regex.Pattern::split (290 bytes)

Stack: [0x0000009e50a00000,0x0000009e50b00000]
Native frames: (J=compiled Java code, j=interpreted, Vv=VM code, C=native code)
V  [jvm.dll+0x62e9da]
V  [jvm.dll+0x7bc4e9]
V  [jvm.dll+0x7bdbd8]
V  [jvm.dll+0x7be2b3]
V  [jvm.dll+0x2505a8]
V  [jvm.dll+0xc263c]
V  [jvm.dll+0xc2bfc]
V  [jvm.dll+0xc274b]
V  [jvm.dll+0x68ce1c]
V  [jvm.dll+0x53e244]
V  [jvm.dll+0x540576]
V  [jvm.dll+0x52e081]
V  [jvm.dll+0x52e8b4]
V  [jvm.dll+0x530889]
V  [jvm.dll+0x5303e1]
V  [jvm.dll+0x5302c0]
V  [jvm.dll+0x53723d]
V  [jvm.dll+0x209056]
V  [jvm.dll+0x20b223]
V  [jvm.dll+0x20881b]
V  [jvm.dll+0x18a7de]
V  [jvm.dll+0x2181ec]
V  [jvm.dll+0x21642b]
V  [jvm.dll+0x77efc0]
V  [jvm.dll+0x777db4]
V  [jvm.dll+0x62d845]
C  [ucrtbase.dll+0x29363]
C  [KERNEL32.DLL+0x126ad]
C  [ntdll.dll+0x5aa68]


---------------  P R O C E S S  ---------------

Threads class SMR info:
_java_thread_list=0x000001f55e216750, length=15, elements={
0x000001f53aab6800, 0x000001f559f5f800, 0x000001f559f6a800, 0x000001f55a8d5800,
0x000001f55a8d7800, 0x000001f55a8d8800, 0x000001f55a8db800, 0x000001f55a888800,
0x000001f559f77000, 0x000001f55aa2a000, 0x000001f55aa6d800, 0x000001f55aeba000,
0x000001f55aec2000, 0x000001f55bf10000, 0x000001f55e222800
}

Java Threads: ( => current thread )
  0x000001f53aab6800 JavaThread "main" [_thread_in_Java, id=24660, stack(0x0000009e4f200000,0x0000009e4f300000)]
  0x000001f559f5f800 JavaThread "Reference Handler" daemon [_thread_blocked, id=3732, stack(0x0000009e4f900000,0x0000009e4fa00000)]
  0x000001f559f6a800 JavaThread "Finalizer" daemon [_thread_blocked, id=13712, stack(0x0000009e4fa00000,0x0000009e4fb00000)]
  0x000001f55a8d5800 JavaThread "Signal Dispatcher" daemon [_thread_blocked, id=24736, stack(0x0000009e4fb00000,0x0000009e4fc00000)]
  0x000001f55a8d7800 JavaThread "Attach Listener" daemon [_thread_blocked, id=4032, stack(0x0000009e4fc00000,0x0000009e4fd00000)]
  0x000001f55a8d8800 JavaThread "Service Thread" daemon [_thread_blocked, id=21856, stack(0x0000009e4fd00000,0x0000009e4fe00000)]
  0x000001f55a8db800 JavaThread "C2 CompilerThread0" daemon [_thread_in_native, id=19932, stack(0x0000009e4fe00000,0x0000009e4ff00000)]
  0x000001f55a888800 JavaThread "C1 CompilerThread0" daemon [_thread_blocked, id=2712, stack(0x0000009e4ff00000,0x0000009e50000000)]
  0x000001f559f77000 JavaThread "Sweeper thread" daemon [_thread_blocked, id=16108, stack(0x0000009e50000000,0x0000009e50100000)]
  0x000001f55aa2a000 JavaThread "C1 CompilerThread1" daemon [_thread_blocked, id=10088, stack(0x0000009e50100000,0x0000009e50200000)]
  0x000001f55aa6d800 JavaThread "Common-Cleaner" daemon [_thread_blocked, id=24848, stack(0x0000009e50300000,0x0000009e50400000)]
  0x000001f55aeba000 JavaThread "C1 CompilerThread2" daemon [_thread_blocked, id=16232, stack(0x0000009e50500000,0x0000009e50600000)]
  0x000001f55aec2000 JavaThread "C1 CompilerThread3" daemon [_thread_blocked, id=24264, stack(0x0000009e50600000,0x0000009e50700000)]
  0x000001f55bf10000 JavaThread "C2 CompilerThread1" daemon [_thread_in_native, id=17968, stack(0x0000009e50900000,0x0000009e50a00000)]
=>0x000001f55e222800 JavaThread "C2 CompilerThread2" daemon [_thread_in_native, id=23628, stack(0x0000009e50a00000,0x0000009e50b00000)]

Other Threads:
  0x000001f559f3b800 VMThread "VM Thread" [stack: 0x0000009e4f800000,0x0000009e4f900000] [id=3196]
  0x000001f55aa64800 WatcherThread [stack: 0x0000009e50200000,0x0000009e50300000] [id=24624]
  0x000001f53aacb000 GCTaskThread "GC Thread#0" [stack: 0x0000009e4f300000,0x0000009e4f400000] [id=25204]
  0x000001f55b0c8000 GCTaskThread "GC Thread#1" [stack: 0x0000009e50700000,0x0000009e50800000] [id=5244]
  0x000001f5616df800 GCTaskThread "GC Thread#2" [stack: 0x0000009e50b00000,0x0000009e50c00000] [id=11336]
  0x000001f55f335800 GCTaskThread "GC Thread#3" [stack: 0x0000009e50d00000,0x0000009e50e00000] [id=7264]
  0x000001f53aaf8000 ConcurrentGCThread "G1 Main Marker" [stack: 0x0000009e4f400000,0x0000009e4f500000] [id=24432]
  0x000001f53aafa800 ConcurrentGCThread "G1 Conc#0" [stack: 0x0000009e4f500000,0x0000009e4f600000] [id=22716]
  0x000001f55bd63000 ConcurrentGCThread "G1 Conc#1" [stack: 0x0000009e50400000,0x0000009e50500000] [id=25004]
  0x000001f55b3c6800 ConcurrentGCThread "G1 Conc#2" [stack: 0x0000009e50800000,0x0000009e50900000] [id=19576]
  0x000001f559da1800 ConcurrentGCThread "G1 Refine#0" [stack: 0x0000009e4f600000,0x0000009e4f700000] [id=22892]
  0x000001f55fb23000 ConcurrentGCThread "G1 Refine#1" [stack: 0x0000009e50c00000,0x0000009e50d00000] [id=21016]
  0x000001f559da6800 ConcurrentGCThread "G1 Young RemSet Sampling" [stack: 0x0000009e4f700000,0x0000009e4f800000] [id=6992]

Threads with active compile tasks:
C2 CompilerThread0    11647 12378       4       org.jetbrains.kotlin.resolve.OverrideResolver$Companion::resolveUnknownVisibilities (53 bytes)
C2 CompilerThread1    11647 12716       4       org.jetbrains.kotlin.cli.jvm.index.JvmDependenciesIndexImpl::search (379 bytes)
C2 CompilerThread2    11648 12688       4       java.util.regex.Pattern::split (290 bytes)

VM state:not at safepoint (normal execution)

VM Mutex/Monitor currently owned by a thread: None

Heap address: 0x000000008c000000, size: 1856 MB, Compressed Oops mode: 32-bit
Narrow klass base: 0x0000000000000000, Narrow klass shift: 3
Compressed class space size: 1073741824 Address: 0x0000000100000000

Heap:
 garbage-first heap   total 201728K, used 127804K [0x000000008c000000, 0x0000000100000000)
  region size 1024K, 62 young (63488K), 9 survivors (9216K)
 Metaspace       used 69947K, capacity 70814K, committed 71040K, reserved 1112064K
  class space    used 7628K, capacity 7987K, committed 8064K, reserved 1048576K
Heap Regions: E=young(eden), S=young(survivor), O=old, HS=humongous(starts), HC=humongous(continues), CS=collection set, F=free, A=archive, TAMS=top-at-mark-start (previous, next)
|   0|0x000000008c000000, 0x000000008c100000, 0x000000008c100000|100%|HS|  |TAMS 0x000000008c100000, 0x000000008c000000| Complete 
|   1|0x000000008c100000, 0x000000008c200000, 0x000000008c200000|100%|HC|  |TAMS 0x000000008c200000, 0x000000008c100000| Complete 
|   2|0x000000008c200000, 0x000000008c300000, 0x000000008c300000|100%|HC|  |TAMS 0x000000008c300000, 0x000000008c200000| Complete 
|   3|0x000000008c300000, 0x000000008c400000, 0x000000008c400000|100%|HS|  |TAMS 0x000000008c400000, 0x000000008c300000| Complete 
|   4|0x000000008c400000, 0x000000008c500000, 0x000000008c500000|100%|HC|  |TAMS 0x000000008c500000, 0x000000008c400000| Complete 
|   5|0x000000008c500000, 0x000000008c600000, 0x000000008c600000|100%|HC|  |TAMS 0x000000008c600000, 0x000000008c500000| Complete 
|   6|0x000000008c600000, 0x000000008c700000, 0x000000008c700000|100%|HS|  |TAMS 0x000000008c700000, 0x000000008c600000| Complete 
|   7|0x000000008c700000, 0x000000008c800000, 0x000000008c800000|100%|HC|  |TAMS 0x000000008c800000, 0x000000008c700000| Complete 
|   8|0x000000008c800000, 0x000000008c900000, 0x000000008c900000|100%| O|  |TAMS 0x000000008c900000, 0x000000008c800000| Untracked 
|   9|0x000000008c900000, 0x000000008ca00000, 0x000000008ca00000|100%| O|  |TAMS 0x000000008ca00000, 0x000000008c900000| Untracked 
|  10|0x000000008ca00000, 0x000000008cb00000, 0x000000008cb00000|100%| O|  |TAMS 0x000000008cb00000, 0x000000008ca00000| Untracked 
|  11|0x000000008cb00000, 0x000000008cc00000, 0x000000008cc00000|100%| O|  |TAMS 0x000000008cc00000, 0x000000008cb00000| Untracked 
|  12|0x000000008cc00000, 0x000000008cd00000, 0x000000008cd00000|100%| O|  |TAMS 0x000000008cd00000, 0x000000008cc00000| Untracked 
|  13|0x000000008cd00000, 0x000000008ce00000, 0x000000008ce00000|100%| O|  |TAMS 0x000000008ce00000, 0x000000008cd00000| Untracked 
|  14|0x000000008ce00000, 0x000000008cf00000, 0x000000008cf00000|100%| O|  |TAMS 0x000000008cf00000, 0x000000008ce00000| Untracked 
|  15|0x000000008cf00000, 0x000000008d000000, 0x000000008d000000|100%| O|  |TAMS 0x000000008d000000, 0x000000008cf00000| Untracked 
|  16|0x000000008d000000, 0x000000008d100000, 0x000000008d100000|100%| O|  |TAMS 0x000000008d100000, 0x000000008d000000| Untracked 
|  17|0x000000008d100000, 0x000000008d200000, 0x000000008d200000|100%| O|  |TAMS 0x000000008d200000, 0x000000008d100000| Untracked 
|  18|0x000000008d200000, 0x000000008d300000, 0x000000008d300000|100%| O|  |TAMS 0x000000008d300000, 0x000000008d200000| Untracked 
|  19|0x000000008d300000, 0x000000008d400000, 0x000000008d400000|100%| O|  |TAMS 0x000000008d400000, 0x000000008d300000| Untracked 
|  20|0x000000008d400000, 0x000000008d500000, 0x000000008d500000|100%| O|  |TAMS 0x000000008d500000, 0x000000008d400000| Untracked 
|  21|0x000000008d500000, 0x000000008d600000, 0x000000008d600000|100%| O|  |TAMS 0x000000008d600000, 0x000000008d500000| Untracked 
|  22|0x000000008d600000, 0x000000008d700000, 0x000000008d700000|100%| O|  |TAMS 0x000000008d700000, 0x000000008d600000| Untracked 
|  23|0x000000008d700000, 0x000000008d800000, 0x000000008d800000|100%| O|  |TAMS 0x000000008d800000, 0x000000008d700000| Untracked 
|  24|0x000000008d800000, 0x000000008d900000, 0x000000008d900000|100%| O|  |TAMS 0x000000008d900000, 0x000000008d800000| Untracked 
|  25|0x000000008d900000, 0x000000008da00000, 0x000000008da00000|100%| O|  |TAMS 0x000000008da00000, 0x000000008d900000| Untracked 
|  26|0x000000008da00000, 0x000000008db00000, 0x000000008db00000|100%| O|  |TAMS 0x000000008db00000, 0x000000008da00000| Untracked 
|  27|0x000000008db00000, 0x000000008dc00000, 0x000000008dc00000|100%| O|  |TAMS 0x000000008dc00000, 0x000000008db00000| Untracked 
|  28|0x000000008dc00000, 0x000000008dd00000, 0x000000008dd00000|100%| O|  |TAMS 0x000000008dd00000, 0x000000008dc00000| Untracked 
|  29|0x000000008dd00000, 0x000000008de00000, 0x000000008de00000|100%| O|  |TAMS 0x000000008de00000, 0x000000008dd00000| Untracked 
|  30|0x000000008de00000, 0x000000008df00000, 0x000000008df00000|100%| O|  |TAMS 0x000000008df00000, 0x000000008de00000| Untracked 
|  31|0x000000008df00000, 0x000000008e000000, 0x000000008e000000|100%| O|  |TAMS 0x000000008df00000, 0x000000008df00000| Untracked 
|  32|0x000000008e000000, 0x000000008e100000, 0x000000008e100000|100%| O|  |TAMS 0x000000008e000000, 0x000000008e000000| Untracked 
|  33|0x000000008e100000, 0x000000008e200000, 0x000000008e200000|100%| O|  |TAMS 0x000000008e100000, 0x000000008e100000| Untracked 
|  34|0x000000008e200000, 0x000000008e300000, 0x000000008e300000|100%| O|  |TAMS 0x000000008e200000, 0x000000008e200000| Untracked 
|  35|0x000000008e300000, 0x000000008e400000, 0x000000008e400000|100%| O|  |TAMS 0x000000008e300000, 0x000000008e300000| Untracked 
|  36|0x000000008e400000, 0x000000008e500000, 0x000000008e500000|100%| O|  |TAMS 0x000000008e400000, 0x000000008e400000| Untracked 
|  37|0x000000008e500000, 0x000000008e600000, 0x000000008e600000|100%| O|  |TAMS 0x000000008e500000, 0x000000008e500000| Untracked 
|  38|0x000000008e600000, 0x000000008e700000, 0x000000008e700000|100%| O|  |TAMS 0x000000008e600000, 0x000000008e600000| Untracked 
|  39|0x000000008e700000, 0x000000008e800000, 0x000000008e800000|100%| O|  |TAMS 0x000000008e700000, 0x000000008e700000| Untracked 
|  40|0x000000008e800000, 0x000000008e900000, 0x000000008e900000|100%| O|  |TAMS 0x000000008e800000, 0x000000008e800000| Untracked 
|  41|0x000000008e900000, 0x000000008ea00000, 0x000000008ea00000|100%| O|  |TAMS 0x000000008e900000, 0x000000008e900000| Untracked 
|  42|0x000000008ea00000, 0x000000008eb00000, 0x000000008eb00000|100%| O|  |TAMS 0x000000008ea00000, 0x000000008ea00000| Untracked 
|  43|0x000000008eb00000, 0x000000008ec00000, 0x000000008ec00000|100%| O|  |TAMS 0x000000008eb00000, 0x000000008eb00000| Untracked 
|  44|0x000000008ec00000, 0x000000008ed00000, 0x000000008ed00000|100%| O|  |TAMS 0x000000008ec00000, 0x000000008ec00000| Untracked 
|  45|0x000000008ed00000, 0x000000008ee00000, 0x000000008ee00000|100%| O|  |TAMS 0x000000008ed00000, 0x000000008ed00000| Untracked 
|  46|0x000000008ee00000, 0x000000008ef00000, 0x000000008ef00000|100%| O|  |TAMS 0x000000008ee00000, 0x000000008ee00000| Untracked 
|  47|0x000000008ef00000, 0x000000008f000000, 0x000000008f000000|100%| O|  |TAMS 0x000000008ef00000, 0x000000008ef00000| Untracked 
|  48|0x000000008f000000, 0x000000008f100000, 0x000000008f100000|100%| O|  |TAMS 0x000000008f000000, 0x000000008f000000| Untracked 
|  49|0x000000008f100000, 0x000000008f200000, 0x000000008f200000|100%| O|  |TAMS 0x000000008f100000, 0x000000008f100000| Untracked 
|  50|0x000000008f200000, 0x000000008f300000, 0x000000008f300000|100%| O|  |TAMS 0x000000008f200000, 0x000000008f200000| Untracked 
|  51|0x000000008f300000, 0x000000008f400000, 0x000000008f400000|100%| O|  |TAMS 0x000000008f300000, 0x000000008f300000| Untracked 
|  52|0x000000008f400000, 0x000000008f500000, 0x000000008f500000|100%| O|  |TAMS 0x000000008f400000, 0x000000008f400000| Untracked 
|  53|0x000000008f500000, 0x000000008f600000, 0x000000008f600000|100%| O|  |TAMS 0x000000008f500000, 0x000000008f500000| Untracked 
|  54|0x000000008f600000, 0x000000008f700000, 0x000000008f700000|100%| O|  |TAMS 0x000000008f600000, 0x000000008f600000| Untracked 
|  55|0x000000008f700000, 0x000000008f800000, 0x000000008f800000|100%| O|  |TAMS 0x000000008f700000, 0x000000008f700000| Untracked 
|  56|0x000000008f800000, 0x000000008f900000, 0x000000008f900000|100%| O|  |TAMS 0x000000008f800000, 0x000000008f800000| Untracked 
|  57|0x000000008f900000, 0x000000008fa00000, 0x000000008fa00000|100%| O|  |TAMS 0x000000008f900000, 0x000000008f900000| Untracked 
|  58|0x000000008fa00000, 0x000000008fb00000, 0x000000008fb00000|100%| O|  |TAMS 0x000000008fa00000, 0x000000008fa00000| Untracked 
|  59|0x000000008fb00000, 0x000000008fc00000, 0x000000008fc00000|100%| O|  |TAMS 0x000000008fb00000, 0x000000008fb00000| Untracked 
|  60|0x000000008fc00000, 0x000000008fc00000, 0x000000008fd00000|  0%| F|  |TAMS 0x000000008fc00000, 0x000000008fc00000| Untracked 
|  61|0x000000008fd00000, 0x000000008fe00000, 0x000000008fe00000|100%| O|  |TAMS 0x000000008fd00000, 0x000000008fd00000| Untracked 
|  62|0x000000008fe00000, 0x000000008fecf000, 0x000000008ff00000| 80%| O|  |TAMS 0x000000008fe00000, 0x000000008fe00000| Untracked 
|  63|0x000000008ff00000, 0x0000000090000000, 0x0000000090000000|100%|HS|  |TAMS 0x000000008ff00000, 0x000000008ff00000| Complete 
|  64|0x0000000090000000, 0x0000000090100000, 0x0000000090100000|100%|HC|  |TAMS 0x0000000090000000, 0x0000000090000000| Complete 
|  65|0x0000000090100000, 0x0000000090100000, 0x0000000090200000|  0%| F|  |TAMS 0x0000000090100000, 0x0000000090100000| Untracked 
|  66|0x0000000090200000, 0x0000000090200000, 0x0000000090300000|  0%| F|  |TAMS 0x0000000090200000, 0x0000000090200000| Untracked 
|  67|0x0000000090300000, 0x0000000090300000, 0x0000000090400000|  0%| F|  |TAMS 0x0000000090300000, 0x0000000090300000| Untracked 
|  68|0x0000000090400000, 0x0000000090400000, 0x0000000090500000|  0%| F|  |TAMS 0x0000000090400000, 0x0000000090400000| Untracked 
|  69|0x0000000090500000, 0x0000000090500000, 0x0000000090600000|  0%| F|  |TAMS 0x0000000090500000, 0x0000000090500000| Untracked 
|  70|0x0000000090600000, 0x0000000090600000, 0x0000000090700000|  0%| F|  |TAMS 0x0000000090600000, 0x0000000090600000| Untracked 
|  71|0x0000000090700000, 0x0000000090700000, 0x0000000090800000|  0%| F|  |TAMS 0x0000000090700000, 0x0000000090700000| Untracked 
|  72|0x0000000090800000, 0x0000000090800000, 0x0000000090900000|  0%| F|  |TAMS 0x0000000090800000, 0x0000000090800000| Untracked 
|  73|0x0000000090900000, 0x0000000090900000, 0x0000000090a00000|  0%| F|  |TAMS 0x0000000090900000, 0x0000000090900000| Untracked 
|  74|0x0000000090a00000, 0x0000000090a00000, 0x0000000090b00000|  0%| F|  |TAMS 0x0000000090a00000, 0x0000000090a00000| Untracked 
|  75|0x0000000090b00000, 0x0000000090b00000, 0x0000000090c00000|  0%| F|  |TAMS 0x0000000090b00000, 0x0000000090b00000| Untracked 
|  76|0x0000000090c00000, 0x0000000090c00000, 0x0000000090d00000|  0%| F|  |TAMS 0x0000000090c00000, 0x0000000090c00000| Untracked 
|  77|0x0000000090d00000, 0x0000000090d00000, 0x0000000090e00000|  0%| F|  |TAMS 0x0000000090d00000, 0x0000000090d00000| Untracked 
|  78|0x0000000090e00000, 0x0000000090e00000, 0x0000000090f00000|  0%| F|  |TAMS 0x0000000090e00000, 0x0000000090e00000| Untracked 
|  79|0x0000000090f00000, 0x0000000090f00000, 0x0000000091000000|  0%| F|  |TAMS 0x0000000090f00000, 0x0000000090f00000| Untracked 
|  80|0x0000000091000000, 0x0000000091000000, 0x0000000091100000|  0%| F|  |TAMS 0x0000000091000000, 0x0000000091000000| Untracked 
|  81|0x0000000091100000, 0x0000000091100000, 0x0000000091200000|  0%| F|  |TAMS 0x0000000091100000, 0x0000000091100000| Untracked 
|  82|0x0000000091200000, 0x0000000091200000, 0x0000000091300000|  0%| F|  |TAMS 0x0000000091200000, 0x0000000091200000| Untracked 
|  83|0x0000000091300000, 0x0000000091300000, 0x0000000091400000|  0%| F|  |TAMS 0x0000000091300000, 0x0000000091300000| Untracked 
|  84|0x0000000091400000, 0x0000000091400000, 0x0000000091500000|  0%| F|  |TAMS 0x0000000091400000, 0x0000000091400000| Untracked 
|  85|0x0000000091500000, 0x0000000091500000, 0x0000000091600000|  0%| F|  |TAMS 0x0000000091500000, 0x0000000091500000| Untracked 
|  86|0x0000000091600000, 0x0000000091600000, 0x0000000091700000|  0%| F|  |TAMS 0x0000000091600000, 0x0000000091600000| Untracked 
|  87|0x0000000091700000, 0x0000000091700000, 0x0000000091800000|  0%| F|  |TAMS 0x0000000091700000, 0x0000000091700000| Untracked 
|  88|0x0000000091800000, 0x0000000091800000, 0x0000000091900000|  0%| F|  |TAMS 0x0000000091800000, 0x0000000091800000| Untracked 
|  89|0x0000000091900000, 0x0000000091900000, 0x0000000091a00000|  0%| F|  |TAMS 0x0000000091900000, 0x0000000091900000| Untracked 
|  90|0x0000000091a00000, 0x0000000091a00000, 0x0000000091b00000|  0%| F|  |TAMS 0x0000000091a00000, 0x0000000091a00000| Untracked 
|  91|0x0000000091b00000, 0x0000000091b00000, 0x0000000091c00000|  0%| F|  |TAMS 0x0000000091b00000, 0x0000000091b00000| Untracked 
|  92|0x0000000091c00000, 0x0000000091c00000, 0x0000000091d00000|  0%| F|  |TAMS 0x0000000091c00000, 0x0000000091c00000| Untracked 
|  93|0x0000000091d00000, 0x0000000091d00000, 0x0000000091e00000|  0%| F|  |TAMS 0x0000000091d00000, 0x0000000091d00000| Untracked 
|  94|0x0000000091e00000, 0x0000000091e00000, 0x0000000091f00000|  0%| F|  |TAMS 0x0000000091e00000, 0x0000000091e00000| Untracked 
|  95|0x0000000091f00000, 0x0000000091f00000, 0x0000000092000000|  0%| F|  |TAMS 0x0000000091f00000, 0x0000000091f00000| Untracked 
|  96|0x0000000092000000, 0x0000000092000000, 0x0000000092100000|  0%| F|  |TAMS 0x0000000092000000, 0x0000000092000000| Untracked 
|  97|0x0000000092100000, 0x0000000092100000, 0x0000000092200000|  0%| F|  |TAMS 0x0000000092100000, 0x0000000092100000| Untracked 
|  98|0x0000000092200000, 0x0000000092200000, 0x0000000092300000|  0%| F|  |TAMS 0x0000000092200000, 0x0000000092200000| Untracked 
|  99|0x0000000092300000, 0x0000000092300000, 0x0000000092400000|  0%| F|  |TAMS 0x0000000092300000, 0x0000000092300000| Untracked 
| 100|0x0000000092400000, 0x0000000092400000, 0x0000000092500000|  0%| F|  |TAMS 0x0000000092400000, 0x0000000092400000| Untracked 
| 101|0x0000000092500000, 0x0000000092500000, 0x0000000092600000|  0%| F|  |TAMS 0x0000000092500000, 0x0000000092500000| Untracked 
| 102|0x0000000092600000, 0x0000000092600000, 0x0000000092700000|  0%| F|  |TAMS 0x0000000092600000, 0x0000000092600000| Untracked 
| 103|0x0000000092700000, 0x0000000092700000, 0x0000000092800000|  0%| F|  |TAMS 0x0000000092700000, 0x0000000092700000| Untracked 
| 104|0x0000000092800000, 0x0000000092800000, 0x0000000092900000|  0%| F|  |TAMS 0x0000000092800000, 0x0000000092800000| Untracked 
| 105|0x0000000092900000, 0x0000000092900000, 0x0000000092a00000|  0%| F|  |TAMS 0x0000000092900000, 0x0000000092900000| Untracked 
| 106|0x0000000092a00000, 0x0000000092a00000, 0x0000000092b00000|  0%| F|  |TAMS 0x0000000092a00000, 0x0000000092a00000| Untracked 
| 107|0x0000000092b00000, 0x0000000092b00000, 0x0000000092c00000|  0%| F|  |TAMS 0x0000000092b00000, 0x0000000092b00000| Untracked 
| 108|0x0000000092c00000, 0x0000000092c00000, 0x0000000092d00000|  0%| F|  |TAMS 0x0000000092c00000, 0x0000000092c00000| Untracked 
| 109|0x0000000092d00000, 0x0000000092d00000, 0x0000000092e00000|  0%| F|  |TAMS 0x0000000092d00000, 0x0000000092d00000| Untracked 
| 110|0x0000000092e00000, 0x0000000092e00000, 0x0000000092f00000|  0%| F|  |TAMS 0x0000000092e00000, 0x0000000092e00000| Untracked 
| 111|0x0000000092f00000, 0x0000000092f00000, 0x0000000093000000|  0%| F|  |TAMS 0x0000000092f00000, 0x0000000092f00000| Untracked 
| 112|0x0000000093000000, 0x0000000093000000, 0x0000000093100000|  0%| F|  |TAMS 0x0000000093000000, 0x0000000093000000| Untracked 
| 113|0x0000000093100000, 0x0000000093100000, 0x0000000093200000|  0%| F|  |TAMS 0x0000000093100000, 0x0000000093100000| Untracked 
| 114|0x0000000093200000, 0x0000000093200000, 0x0000000093300000|  0%| F|  |TAMS 0x0000000093200000, 0x0000000093200000| Untracked 
| 115|0x0000000093300000, 0x0000000093300000, 0x0000000093400000|  0%| F|  |TAMS 0x0000000093300000, 0x0000000093300000| Untracked 
| 116|0x0000000093400000, 0x0000000093400000, 0x0000000093500000|  0%| F|  |TAMS 0x0000000093400000, 0x0000000093400000| Untracked 
| 117|0x0000000093500000, 0x0000000093600000, 0x0000000093600000|100%| S|CS|TAMS 0x0000000093500000, 0x0000000093500000| Complete 
| 118|0x0000000093600000, 0x0000000093700000, 0x0000000093700000|100%| S|CS|TAMS 0x0000000093600000, 0x0000000093600000| Complete 
| 119|0x0000000093700000, 0x0000000093800000, 0x0000000093800000|100%| S|CS|TAMS 0x0000000093700000, 0x0000000093700000| Complete 
| 120|0x0000000093800000, 0x0000000093900000, 0x0000000093900000|100%| S|CS|TAMS 0x0000000093800000, 0x0000000093800000| Complete 
| 121|0x0000000093900000, 0x0000000093a00000, 0x0000000093a00000|100%| S|CS|TAMS 0x0000000093900000, 0x0000000093900000| Complete 
| 122|0x0000000093a00000, 0x0000000093b00000, 0x0000000093b00000|100%| S|CS|TAMS 0x0000000093a00000, 0x0000000093a00000| Complete 
| 123|0x0000000093b00000, 0x0000000093c00000, 0x0000000093c00000|100%| S|CS|TAMS 0x0000000093b00000, 0x0000000093b00000| Complete 
| 124|0x0000000093c00000, 0x0000000093d00000, 0x0000000093d00000|100%| S|CS|TAMS 0x0000000093c00000, 0x0000000093c00000| Complete 
| 125|0x0000000093d00000, 0x0000000093e00000, 0x0000000093e00000|100%| S|CS|TAMS 0x0000000093d00000, 0x0000000093d00000| Complete 
| 126|0x0000000093e00000, 0x0000000093e00000, 0x0000000093f00000|  0%| F|  |TAMS 0x0000000093e00000, 0x0000000093e00000| Untracked 
| 127|0x0000000093f00000, 0x0000000093f00000, 0x0000000094000000|  0%| F|  |TAMS 0x0000000093f00000, 0x0000000093f00000| Untracked 
| 128|0x0000000094000000, 0x0000000094000000, 0x0000000094100000|  0%| F|  |TAMS 0x0000000094000000, 0x0000000094000000| Untracked 
| 129|0x0000000094100000, 0x0000000094100000, 0x0000000094200000|  0%| F|  |TAMS 0x0000000094100000, 0x0000000094100000| Untracked 
| 130|0x0000000094200000, 0x0000000094200000, 0x0000000094300000|  0%| F|  |TAMS 0x0000000094200000, 0x0000000094200000| Untracked 
| 131|0x0000000094300000, 0x0000000094300000, 0x0000000094400000|  0%| F|  |TAMS 0x0000000094300000, 0x0000000094300000| Untracked 
| 132|0x0000000094400000, 0x0000000094400000, 0x0000000094500000|  0%| F|  |TAMS 0x0000000094400000, 0x0000000094400000| Untracked 
| 133|0x0000000094500000, 0x0000000094500000, 0x0000000094600000|  0%| F|  |TAMS 0x0000000094500000, 0x0000000094500000| Untracked 
| 134|0x0000000094600000, 0x0000000094600000, 0x0000000094700000|  0%| F|  |TAMS 0x0000000094600000, 0x0000000094600000| Untracked 
| 135|0x0000000094700000, 0x0000000094700000, 0x0000000094800000|  0%| F|  |TAMS 0x0000000094700000, 0x0000000094700000| Untracked 
| 136|0x0000000094800000, 0x0000000094800000, 0x0000000094900000|  0%| F|  |TAMS 0x0000000094800000, 0x0000000094800000| Untracked 
| 137|0x0000000094900000, 0x0000000094900000, 0x0000000094a00000|  0%| F|  |TAMS 0x0000000094900000, 0x0000000094900000| Untracked 
| 138|0x0000000094a00000, 0x0000000094a00000, 0x0000000094b00000|  0%| F|  |TAMS 0x0000000094a00000, 0x0000000094a00000| Untracked 
| 139|0x0000000094b00000, 0x0000000094b00000, 0x0000000094c00000|  0%| F|  |TAMS 0x0000000094b00000, 0x0000000094b00000| Untracked 
| 140|0x0000000094c00000, 0x0000000094c00000, 0x0000000094d00000|  0%| F|  |TAMS 0x0000000094c00000, 0x0000000094c00000| Untracked 
| 141|0x0000000094d00000, 0x0000000094d00000, 0x0000000094e00000|  0%| F|  |TAMS 0x0000000094d00000, 0x0000000094d00000| Untracked 
| 142|0x0000000094e00000, 0x0000000094e00000, 0x0000000094f00000|  0%| F|  |TAMS 0x0000000094e00000, 0x0000000094e00000| Untracked 
| 143|0x0000000094f00000, 0x0000000094f00000, 0x0000000095000000|  0%| F|  |TAMS 0x0000000094f00000, 0x0000000094f00000| Untracked 
| 144|0x0000000095000000, 0x0000000095100000, 0x0000000095100000|100%| E|  |TAMS 0x0000000095000000, 0x0000000095000000| Complete 
| 145|0x0000000095100000, 0x0000000095200000, 0x0000000095200000|100%| E|CS|TAMS 0x0000000095100000, 0x0000000095100000| Complete 
| 146|0x0000000095200000, 0x0000000095300000, 0x0000000095300000|100%| E|CS|TAMS 0x0000000095200000, 0x0000000095200000| Complete 
| 147|0x0000000095300000, 0x0000000095400000, 0x0000000095400000|100%| E|CS|TAMS 0x0000000095300000, 0x0000000095300000| Complete 
| 148|0x0000000095400000, 0x0000000095500000, 0x0000000095500000|100%| E|CS|TAMS 0x0000000095400000, 0x0000000095400000| Complete 
| 149|0x0000000095500000, 0x0000000095600000, 0x0000000095600000|100%| E|CS|TAMS 0x0000000095500000, 0x0000000095500000| Complete 
| 150|0x0000000095600000, 0x0000000095700000, 0x0000000095700000|100%| E|CS|TAMS 0x0000000095600000, 0x0000000095600000| Complete 
| 151|0x0000000095700000, 0x0000000095800000, 0x0000000095800000|100%| E|CS|TAMS 0x0000000095700000, 0x0000000095700000| Complete 
| 152|0x0000000095800000, 0x0000000095900000, 0x0000000095900000|100%| E|CS|TAMS 0x0000000095800000, 0x0000000095800000| Complete 
| 153|0x0000000095900000, 0x0000000095a00000, 0x0000000095a00000|100%| E|CS|TAMS 0x0000000095900000, 0x0000000095900000| Complete 
| 154|0x0000000095a00000, 0x0000000095b00000, 0x0000000095b00000|100%| E|CS|TAMS 0x0000000095a00000, 0x0000000095a00000| Complete 
| 155|0x0000000095b00000, 0x0000000095c00000, 0x0000000095c00000|100%| E|CS|TAMS 0x0000000095b00000, 0x0000000095b00000| Complete 
| 156|0x0000000095c00000, 0x0000000095d00000, 0x0000000095d00000|100%| E|CS|TAMS 0x0000000095c00000, 0x0000000095c00000| Complete 
| 157|0x0000000095d00000, 0x0000000095e00000, 0x0000000095e00000|100%| E|CS|TAMS 0x0000000095d00000, 0x0000000095d00000| Complete 
| 158|0x0000000095e00000, 0x0000000095f00000, 0x0000000095f00000|100%| E|CS|TAMS 0x0000000095e00000, 0x0000000095e00000| Complete 
| 159|0x0000000095f00000, 0x0000000096000000, 0x0000000096000000|100%| E|CS|TAMS 0x0000000095f00000, 0x0000000095f00000| Complete 
| 160|0x0000000096000000, 0x0000000096100000, 0x0000000096100000|100%| E|CS|TAMS 0x0000000096000000, 0x0000000096000000| Complete 
| 161|0x0000000096100000, 0x0000000096200000, 0x0000000096200000|100%| E|CS|TAMS 0x0000000096100000, 0x0000000096100000| Complete 
| 162|0x0000000096200000, 0x0000000096300000, 0x0000000096300000|100%| E|CS|TAMS 0x0000000096200000, 0x0000000096200000| Complete 
| 163|0x0000000096300000, 0x0000000096400000, 0x0000000096400000|100%| E|CS|TAMS 0x0000000096300000, 0x0000000096300000| Complete 
| 164|0x0000000096400000, 0x0000000096500000, 0x0000000096500000|100%| E|CS|TAMS 0x0000000096400000, 0x0000000096400000| Complete 
| 165|0x0000000096500000, 0x0000000096600000, 0x0000000096600000|100%| E|CS|TAMS 0x0000000096500000, 0x0000000096500000| Complete 
| 166|0x0000000096600000, 0x0000000096700000, 0x0000000096700000|100%| E|CS|TAMS 0x0000000096600000, 0x0000000096600000| Complete 
| 167|0x0000000096700000, 0x0000000096800000, 0x0000000096800000|100%| E|CS|TAMS 0x0000000096700000, 0x0000000096700000| Complete 
| 168|0x0000000096800000, 0x0000000096900000, 0x0000000096900000|100%| E|CS|TAMS 0x0000000096800000, 0x0000000096800000| Complete 
| 169|0x0000000096900000, 0x0000000096a00000, 0x0000000096a00000|100%| E|CS|TAMS 0x0000000096900000, 0x0000000096900000| Complete 
| 170|0x0000000096a00000, 0x0000000096b00000, 0x0000000096b00000|100%| E|CS|TAMS 0x0000000096a00000, 0x0000000096a00000| Complete 
| 171|0x0000000096b00000, 0x0000000096c00000, 0x0000000096c00000|100%| E|CS|TAMS 0x0000000096b00000, 0x0000000096b00000| Complete 
| 172|0x0000000096c00000, 0x0000000096d00000, 0x0000000096d00000|100%| E|CS|TAMS 0x0000000096c00000, 0x0000000096c00000| Complete 
| 173|0x0000000096d00000, 0x0000000096e00000, 0x0000000096e00000|100%| E|CS|TAMS 0x0000000096d00000, 0x0000000096d00000| Complete 
| 174|0x0000000096e00000, 0x0000000096f00000, 0x0000000096f00000|100%| E|CS|TAMS 0x0000000096e00000, 0x0000000096e00000| Complete 
| 175|0x0000000096f00000, 0x0000000097000000, 0x0000000097000000|100%| E|CS|TAMS 0x0000000096f00000, 0x0000000096f00000| Complete 
| 176|0x0000000097000000, 0x0000000097100000, 0x0000000097100000|100%| E|CS|TAMS 0x0000000097000000, 0x0000000097000000| Complete 
| 177|0x0000000097100000, 0x0000000097200000, 0x0000000097200000|100%| E|CS|TAMS 0x0000000097100000, 0x0000000097100000| Complete 
| 178|0x0000000097200000, 0x0000000097300000, 0x0000000097300000|100%| E|CS|TAMS 0x0000000097200000, 0x0000000097200000| Complete 
| 179|0x0000000097300000, 0x0000000097400000, 0x0000000097400000|100%| E|CS|TAMS 0x0000000097300000, 0x0000000097300000| Complete 
| 180|0x0000000097400000, 0x0000000097500000, 0x0000000097500000|100%| E|CS|TAMS 0x0000000097400000, 0x0000000097400000| Complete 
| 181|0x0000000097500000, 0x0000000097600000, 0x0000000097600000|100%| E|CS|TAMS 0x0000000097500000, 0x0000000097500000| Complete 
| 182|0x0000000097600000, 0x0000000097700000, 0x0000000097700000|100%| E|CS|TAMS 0x0000000097600000, 0x0000000097600000| Complete 
| 183|0x0000000097700000, 0x0000000097800000, 0x0000000097800000|100%| E|CS|TAMS 0x0000000097700000, 0x0000000097700000| Complete 
| 184|0x0000000097800000, 0x0000000097900000, 0x0000000097900000|100%| E|CS|TAMS 0x0000000097800000, 0x0000000097800000| Complete 
| 185|0x0000000097900000, 0x0000000097a00000, 0x0000000097a00000|100%| E|CS|TAMS 0x0000000097900000, 0x0000000097900000| Complete 
| 186|0x0000000097a00000, 0x0000000097b00000, 0x0000000097b00000|100%| E|CS|TAMS 0x0000000097a00000, 0x0000000097a00000| Complete 
| 187|0x0000000097b00000, 0x0000000097c00000, 0x0000000097c00000|100%| E|CS|TAMS 0x0000000097b00000, 0x0000000097b00000| Complete 
| 188|0x0000000097c00000, 0x0000000097d00000, 0x0000000097d00000|100%| E|CS|TAMS 0x0000000097c00000, 0x0000000097c00000| Complete 
| 189|0x0000000097d00000, 0x0000000097e00000, 0x0000000097e00000|100%| E|CS|TAMS 0x0000000097d00000, 0x0000000097d00000| Complete 
| 190|0x0000000097e00000, 0x0000000097f00000, 0x0000000097f00000|100%| E|CS|TAMS 0x0000000097e00000, 0x0000000097e00000| Complete 
| 191|0x0000000097f00000, 0x0000000098000000, 0x0000000098000000|100%| E|CS|TAMS 0x0000000097f00000, 0x0000000097f00000| Complete 
| 192|0x0000000098000000, 0x0000000098100000, 0x0000000098100000|100%| E|CS|TAMS 0x0000000098000000, 0x0000000098000000| Complete 
| 193|0x0000000098100000, 0x0000000098200000, 0x0000000098200000|100%| E|CS|TAMS 0x0000000098100000, 0x0000000098100000| Complete 
| 194|0x0000000098200000, 0x0000000098300000, 0x0000000098300000|100%| E|CS|TAMS 0x0000000098200000, 0x0000000098200000| Complete 
| 195|0x0000000098300000, 0x0000000098400000, 0x0000000098400000|100%| E|CS|TAMS 0x0000000098300000, 0x0000000098300000| Complete 
| 196|0x0000000098400000, 0x0000000098500000, 0x0000000098500000|100%| E|CS|TAMS 0x0000000098400000, 0x0000000098400000| Complete 

Card table byte_map: [0x000001f552e60000,0x000001f553200000] _byte_map_base: 0x000001f552a00000

Marking Bits (Prev, Next): (CMBitMap*) 0x000001f53aaf01e0, (CMBitMap*) 0x000001f53aaf01a8
 Prev Bits: [0x000001f5552a0000, 0x000001f556fa0000)
 Next Bits: [0x000001f5535a0000, 0x000001f5552a0000)

Polling page: 0x000001f538a00000

Metaspace:

Usage:
  Non-class:     61.35 MB capacity,    60.86 MB (>99%) used,   379.62 KB ( <1%) free+waste,   126.50 KB ( <1%) overhead. 
      Class:      7.80 MB capacity,     7.45 MB ( 96%) used,   304.60 KB (  4%) free+waste,    54.06 KB ( <1%) overhead. 
       Both:     69.15 MB capacity,    68.31 MB ( 99%) used,   684.22 KB ( <1%) free+waste,   180.56 KB ( <1%) overhead. 

Virtual space:
  Non-class space:       62.00 MB reserved,      61.50 MB (>99%) committed 
      Class space:        1.00 GB reserved,       7.88 MB ( <1%) committed 
             Both:        1.06 GB reserved,      69.38 MB (  6%) committed 

Chunk freelists:
   Non-Class:  21.00 KB
       Class:  13.00 KB
        Both:  34.00 KB

MaxMetaspaceSize: 17179869184.00 GB
CompressedClassSpaceSize: 1.00 GB
Initial GC threshold: 20.80 MB
Current GC threshold: 98.34 MB
CDS: off

CodeHeap 'non-profiled nmethods': size=119168Kb used=5851Kb max_used=5851Kb free=113316Kb
 bounds [0x000001f54adc0000, 0x000001f54b380000, 0x000001f552220000]
CodeHeap 'profiled nmethods': size=119168Kb used=35761Kb max_used=35761Kb free=83406Kb
 bounds [0x000001f543960000, 0x000001f545c50000, 0x000001f54adc0000]
CodeHeap 'non-nmethods': size=7424Kb used=3001Kb max_used=3107Kb free=4422Kb
 bounds [0x000001f543220000, 0x000001f543530000, 0x000001f543960000]
 total_blobs=13116 nmethods=12520 adapters=502
 compilation: enabled
              stopped_count=0, restarted_count=0
 full_count=0

Compilation events (20 events):
Event: 11.596 Thread 0x000001f55aa2a000 12796       3       org.jetbrains.kotlin.psi.KtFile::getDeclarations (54 bytes)
Event: 11.597 Thread 0x000001f55aa2a000 nmethod 12796 0x000001f545c42c90 code [0x000001f545c42ea0, 0x000001f545c43388]
Event: 11.599 Thread 0x000001f55aeba000 12797       3       org.jetbrains.kotlin.resolve.calls.inference.components.ConstraintInjector$TypeCheckerStateForConstraintInjector::addUpperConstraint (28 bytes)
Event: 11.599 Thread 0x000001f55a888800 12798       3       org.jetbrains.kotlin.resolve.calls.inference.components.ConstraintInjector$TypeCheckerStateForConstraintInjector::addConstraint$default (21 bytes)
Event: 11.599 Thread 0x000001f55a888800 nmethod 12798 0x000001f545c43510 code [0x000001f545c436c0, 0x000001f545c43808]
Event: 11.600 Thread 0x000001f55aeba000 nmethod 12797 0x000001f545c43910 code [0x000001f545c43bc0, 0x000001f545c446a8]
Event: 11.603 Thread 0x000001f55aec2000 12800       3       org.jetbrains.kotlin.descriptors.impl.AbstractReceiverParameterDescriptor::getReturnType (5 bytes)
Event: 11.603 Thread 0x000001f55aec2000 nmethod 12800 0x000001f545c44b10 code [0x000001f545c44d00, 0x000001f545c450c8]
Event: 11.613 Thread 0x000001f55aa2a000 12801       3       javaslang.collection.LinkedHashSet::toJavaSet (5 bytes)
Event: 11.613 Thread 0x000001f55a888800 12802       3       javaslang.collection.LinkedHashSet::toJavaSet (13 bytes)
Event: 11.613 Thread 0x000001f55aeba000 12803       3       javaslang.Value::toJavaSet (17 bytes)
Event: 11.613 Thread 0x000001f55aeba000 nmethod 12803 0x000001f545c45210 code [0x000001f545c45400, 0x000001f545c457f8]
Event: 11.614 Thread 0x000001f55aa2a000 nmethod 12801 0x000001f545c45910 code [0x000001f545c45b80, 0x000001f545c46598]
Event: 11.614 Thread 0x000001f55aec2000 12804       3       javaslang.collection.LinkedHashSet$$Lambda$391/0x0000000100703840::get (8 bytes)
Event: 11.615 Thread 0x000001f55aec2000 nmethod 12804 0x000001f545c46910 code [0x000001f545c46b20, 0x000001f545c46fe8]
Event: 11.615 Thread 0x000001f55a888800 nmethod 12802 0x000001f545c47210 code [0x000001f545c47480, 0x000001f545c47e38]
Event: 11.620 Thread 0x000001f55aec2000 12806       3       org.jetbrains.kotlin.types.AbstractTypeApproximator::getParameter (19 bytes)
Event: 11.621 Thread 0x000001f55aec2000 nmethod 12806 0x000001f545c48190 code [0x000001f545c483c0, 0x000001f545c48a28]
Event: 11.621 Thread 0x000001f55aec2000 12807       3       org.jetbrains.kotlin.types.AbstractTypeApproximator::getArgument (19 bytes)
Event: 11.621 Thread 0x000001f55aec2000 nmethod 12807 0x000001f545c48c90 code [0x000001f545c48ec0, 0x000001f545c49528]

GC Heap History (20 events):
Event: 1.282 GC heap before
{Heap before GC invocations=1 (full 0):
 garbage-first heap   total 118784K, used 42595K [0x000000008c000000, 0x0000000100000000)
  region size 1024K, 40 young (40960K), 3 survivors (3072K)
 Metaspace       used 20942K, capacity 21138K, committed 21248K, reserved 1069056K
  class space    used 2177K, capacity 2243K, committed 2304K, reserved 1048576K
}
Event: 1.298 GC heap after
{Heap after GC invocations=2 (full 0):
 garbage-first heap   total 118784K, used 9216K [0x000000008c000000, 0x0000000100000000)
  region size 1024K, 6 young (6144K), 6 survivors (6144K)
 Metaspace       used 20942K, capacity 21138K, committed 21248K, reserved 1069056K
  class space    used 2177K, capacity 2243K, committed 2304K, reserved 1048576K
}
Event: 2.283 GC heap before
{Heap before GC invocations=3 (full 0):
 garbage-first heap   total 118784K, used 63488K [0x000000008c000000, 0x0000000100000000)
  region size 1024K, 54 young (55296K), 6 survivors (6144K)
 Metaspace       used 32108K, capacity 32538K, committed 32896K, reserved 1077248K
  class space    used 3926K, capacity 4116K, committed 4224K, reserved 1048576K
}
Event: 2.311 GC heap after
{Heap after GC invocations=4 (full 0):
 garbage-first heap   total 118784K, used 20516K [0x000000008c000000, 0x0000000100000000)
  region size 1024K, 7 young (7168K), 7 survivors (7168K)
 Metaspace       used 32108K, capacity 32538K, committed 32896K, reserved 1077248K
  class space    used 3926K, capacity 4116K, committed 4224K, reserved 1048576K
}
Event: 2.548 GC heap before
{Heap before GC invocations=4 (full 0):
 garbage-first heap   total 118784K, used 34852K [0x000000008c000000, 0x0000000100000000)
  region size 1024K, 22 young (22528K), 7 survivors (7168K)
 Metaspace       used 35366K, capacity 35786K, committed 35840K, reserved 1081344K
  class space    used 4291K, capacity 4474K, committed 4480K, reserved 1048576K
}
Event: 2.559 GC heap after
{Heap after GC invocations=5 (full 0):
 garbage-first heap   total 118784K, used 22274K [0x000000008c000000, 0x0000000100000000)
  region size 1024K, 2 young (2048K), 2 survivors (2048K)
 Metaspace       used 35366K, capacity 35786K, committed 35840K, reserved 1081344K
  class space    used 4291K, capacity 4474K, committed 4480K, reserved 1048576K
}
Event: 3.099 GC heap before
{Heap before GC invocations=6 (full 0):
 garbage-first heap   total 118784K, used 64258K [0x000000008c000000, 0x0000000100000000)
  region size 1024K, 43 young (44032K), 2 survivors (2048K)
 Metaspace       used 44070K, capacity 44533K, committed 44800K, reserved 1089536K
  class space    used 5119K, capacity 5293K, committed 5376K, reserved 1048576K
}
Event: 3.108 GC heap after
{Heap after GC invocations=7 (full 0):
 garbage-first heap   total 151552K, used 24057K [0x000000008c000000, 0x0000000100000000)
  region size 1024K, 6 young (6144K), 6 survivors (6144K)
 Metaspace       used 44070K, capacity 44533K, committed 44800K, reserved 1089536K
  class space    used 5119K, capacity 5293K, committed 5376K, reserved 1048576K
}
Event: 3.968 GC heap before
{Heap before GC invocations=7 (full 0):
 garbage-first heap   total 151552K, used 82425K [0x000000008c000000, 0x0000000100000000)
  region size 1024K, 60 young (61440K), 6 survivors (6144K)
 Metaspace       used 50327K, capacity 50902K, committed 51072K, reserved 1093632K
  class space    used 5768K, capacity 5998K, committed 6016K, reserved 1048576K
}
Event: 3.988 GC heap after
{Heap after GC invocations=8 (full 0):
 garbage-first heap   total 151552K, used 34193K [0x000000008c000000, 0x0000000100000000)
  region size 1024K, 8 young (8192K), 8 survivors (8192K)
 Metaspace       used 50327K, capacity 50902K, committed 51072K, reserved 1093632K
  class space    used 5768K, capacity 5998K, committed 6016K, reserved 1048576K
}
Event: 5.458 GC heap before
{Heap before GC invocations=8 (full 0):
 garbage-first heap   total 151552K, used 92561K [0x000000008c000000, 0x0000000100000000)
  region size 1024K, 66 young (67584K), 8 survivors (8192K)
 Metaspace       used 59296K, capacity 60070K, committed 60160K, reserved 1101824K
  class space    used 6763K, capacity 7094K, committed 7168K, reserved 1048576K
}
Event: 5.484 GC heap after
{Heap after GC invocations=9 (full 0):
 garbage-first heap   total 151552K, used 40960K [0x000000008c000000, 0x0000000100000000)
  region size 1024K, 9 young (9216K), 9 survivors (9216K)
 Metaspace       used 59296K, capacity 60070K, committed 60160K, reserved 1101824K
  class space    used 6763K, capacity 7094K, committed 7168K, reserved 1048576K
}
Event: 6.385 GC heap before
{Heap before GC invocations=10 (full 0):
 garbage-first heap   total 151552K, used 99328K [0x000000008c000000, 0x0000000100000000)
  region size 1024K, 66 young (67584K), 9 survivors (9216K)
 Metaspace       used 60715K, capacity 61532K, committed 61824K, reserved 1103872K
  class space    used 6841K, capacity 7171K, committed 7296K, reserved 1048576K
}
Event: 6.426 GC heap after
{Heap after GC invocations=11 (full 0):
 garbage-first heap   total 151552K, used 51841K [0x000000008c000000, 0x0000000100000000)
  region size 1024K, 9 young (9216K), 9 survivors (9216K)
 Metaspace       used 60715K, capacity 61532K, committed 61824K, reserved 1103872K
  class space    used 6841K, capacity 7171K, committed 7296K, reserved 1048576K
}
Event: 7.067 GC heap before
{Heap before GC invocations=11 (full 0):
 garbage-first heap   total 151552K, used 104065K [0x000000008c000000, 0x0000000100000000)
  region size 1024K, 60 young (61440K), 9 survivors (9216K)
 Metaspace       used 62000K, capacity 62763K, committed 62976K, reserved 1105920K
  class space    used 6982K, capacity 7304K, committed 7424K, reserved 1048576K
}
Event: 7.117 GC heap after
{Heap after GC invocations=12 (full 0):
 garbage-first heap   total 201728K, used 60928K [0x000000008c000000, 0x0000000100000000)
  region size 1024K, 8 young (8192K), 8 survivors (8192K)
 Metaspace       used 62000K, capacity 62763K, committed 62976K, reserved 1105920K
  class space    used 6982K, capacity 7304K, committed 7424K, reserved 1048576K
}
Event: 7.614 GC heap before
{Heap before GC invocations=12 (full 0):
 garbage-first heap   total 201728K, used 126464K [0x000000008c000000, 0x0000000100000000)
  region size 1024K, 72 young (73728K), 8 survivors (8192K)
 Metaspace       used 62701K, capacity 63551K, committed 63744K, reserved 1105920K
  class space    used 7028K, capacity 7374K, committed 7424K, reserved 1048576K
}
Event: 7.631 GC heap after
{Heap after GC invocations=13 (full 0):
 garbage-first heap   total 201728K, used 65441K [0x000000008c000000, 0x0000000100000000)
  region size 1024K, 4 young (4096K), 4 survivors (4096K)
 Metaspace       used 62701K, capacity 63551K, committed 63744K, reserved 1105920K
  class space    used 7028K, capacity 7374K, committed 7424K, reserved 1048576K
}
Event: 9.550 GC heap before
{Heap before GC invocations=13 (full 0):
 garbage-first heap   total 201728K, used 135073K [0x000000008c000000, 0x0000000100000000)
  region size 1024K, 71 young (72704K), 4 survivors (4096K)
 Metaspace       used 68671K, capacity 69533K, committed 69632K, reserved 1112064K
  class space    used 7557K, capacity 7910K, committed 7936K, reserved 1048576K
}
Event: 9.575 GC heap after
{Heap after GC invocations=14 (full 0):
 garbage-first heap   total 201728K, used 72508K [0x000000008c000000, 0x0000000100000000)
  region size 1024K, 9 young (9216K), 9 survivors (9216K)
 Metaspace       used 68671K, capacity 69533K, committed 69632K, reserved 1112064K
  class space    used 7557K, capacity 7910K, committed 7936K, reserved 1048576K
}

Deoptimization events (20 events):
Event: 11.140 Thread 0x000001f53aab6800 DEOPT PACKING pc=0x000001f54b2e5088 sp=0x0000009e4f2f9ee0
Event: 11.140 Thread 0x000001f53aab6800 DEOPT UNPACKING pc=0x000001f54326a1af sp=0x0000009e4f2f9e70 mode 2
Event: 11.250 Thread 0x000001f53aab6800 Uncommon trap: trap_request=0xffffffcc fr.pc=0x000001f54b2f8ac8 relative=0x0000000000006288
Event: 11.250 Thread 0x000001f53aab6800 Uncommon trap: reason=intrinsic_or_type_checked_inlining action=make_not_entrant pc=0x000001f54b2f8ac8 method=java.util.ArrayList$SubList.toArray([Ljava/lang/Object;)[Ljava/lang/Object; @ 58 c2
Event: 11.250 Thread 0x000001f53aab6800 DEOPT PACKING pc=0x000001f54b2f8ac8 sp=0x0000009e4f2f6290
Event: 11.250 Thread 0x000001f53aab6800 DEOPT UNPACKING pc=0x000001f54326a1af sp=0x0000009e4f2f6018 mode 2
Event: 11.323 Thread 0x000001f53aab6800 Uncommon trap: trap_request=0xffffff4d fr.pc=0x000001f54b315a14 relative=0x0000000000005234
Event: 11.323 Thread 0x000001f53aab6800 Uncommon trap: reason=unstable_if action=reinterpret pc=0x000001f54b315a14 method=org.jetbrains.kotlin.types.TypeUtils.contains(Lorg/jetbrains/kotlin/types/KotlinType;Lkotlin/jvm/functions/Function1;Lorg/jetbrains/kotlin/utils/SmartSet;)Z @ 291 c2
Event: 11.323 Thread 0x000001f53aab6800 DEOPT PACKING pc=0x000001f54b315a14 sp=0x0000009e4f2f6440
Event: 11.323 Thread 0x000001f53aab6800 DEOPT UNPACKING pc=0x000001f54326a1af sp=0x0000009e4f2f61f8 mode 2
Event: 11.340 Thread 0x000001f53aab6800 DEOPT PACKING pc=0x000001f544dac0ab sp=0x0000009e4f2f9040
Event: 11.340 Thread 0x000001f53aab6800 DEOPT UNPACKING pc=0x000001f54326a95e sp=0x0000009e4f2f84e0 mode 0
Event: 11.423 Thread 0x000001f53aab6800 Uncommon trap: trap_request=0xffffffbe fr.pc=0x000001f54b0e13ec relative=0x000000000000136c
Event: 11.423 Thread 0x000001f53aab6800 Uncommon trap: reason=profile_predicate action=maybe_recompile pc=0x000001f54b0e13ec method=org.jetbrains.kotlin.cli.jvm.index.JvmDependenciesIndexImpl.search(Lorg/jetbrains/kotlin/cli/jvm/index/JvmDependenciesIndexImpl$SearchRequest;Lkotlin/jvm/functions
Event: 11.423 Thread 0x000001f53aab6800 DEOPT PACKING pc=0x000001f54b0e13ec sp=0x0000009e4f2f5f50
Event: 11.423 Thread 0x000001f53aab6800 DEOPT UNPACKING pc=0x000001f54326a1af sp=0x0000009e4f2f5f20 mode 2
Event: 11.612 Thread 0x000001f53aab6800 Uncommon trap: trap_request=0xffffffc6 fr.pc=0x000001f54b174778 relative=0x0000000000001038
Event: 11.612 Thread 0x000001f53aab6800 Uncommon trap: reason=bimorphic_or_optimized_type_check action=maybe_recompile pc=0x000001f54b174778 method=kotlin.collections.CollectionsKt___CollectionsKt.filter(Ljava/lang/Iterable;Lkotlin/jvm/functions/Function1;)Ljava/util/List; @ 51 c2
Event: 11.612 Thread 0x000001f53aab6800 DEOPT PACKING pc=0x000001f54b174778 sp=0x0000009e4f2fbef0
Event: 11.612 Thread 0x000001f53aab6800 DEOPT UNPACKING pc=0x000001f54326a1af sp=0x0000009e4f2fbed0 mode 2

Classes redefined (0 events):
No events

Internal exceptions (20 events):
Event: 7.344 Thread 0x000001f53aab6800 Implicit null exception at 0x000001f54afef5f1 to 0x000001f54aff4294
Event: 7.344 Thread 0x000001f53aab6800 Implicit null exception at 0x000001f54afef5f1 to 0x000001f54aff4294
Event: 7.344 Thread 0x000001f53aab6800 Implicit null exception at 0x000001f54afef5f1 to 0x000001f54aff4294
Event: 7.344 Thread 0x000001f53aab6800 Implicit null exception at 0x000001f54af9f5a4 to 0x000001f54afa4c54
Event: 7.347 Thread 0x000001f53aab6800 Implicit null exception at 0x000001f54af854c7 to 0x000001f54af86694
Event: 7.520 Thread 0x000001f53aab6800 Implicit null exception at 0x000001f54ae1d2de to 0x000001f54ae1da8e
Event: 7.688 Thread 0x000001f53aab6800 Exception <a 'java/lang/NoSuchMethodError'{0x00000000982ba090}: 'java.lang.Object java.lang.invoke.Invokers$Holder.linkToTargetMethod(java.lang.Object, java.lang.Object, java.lang.Object, java.lang.Object, java.lang.Object, java.lang.Object, java.lang.Object)'> (0x00000000982ba090) thrown at [s\src\hotspot\share\interpreter\linkResolver.cpp, line 773]
Event: 7.886 Thread 0x000001f53aab6800 Exception <a 'java/lang/NoSuchMethodError'{0x000000009788a8c0}: 'java.lang.Object java.lang.invoke.Invokers$Holder.linkToTargetMethod(java.lang.Object, java.lang.Object, java.lang.Object, int, int, java.lang.Object)'> (0x000000009788a8c0) thrown at [s\src\hotspot\share\interpreter\linkResolver.cpp, line 773]
Event: 8.231 Thread 0x000001f53aab6800 Exception <a 'java/lang/NoSuchMethodError'{0x0000000096f4b9d8}: 'int java.lang.invoke.DirectMethodHandle$Holder.invokeStaticInit(java.lang.Object, int)'> (0x0000000096f4b9d8) thrown at [s\src\hotspot\share\interpreter\linkResolver.cpp, line 773]
Event: 8.274 Thread 0x000001f53aab6800 Exception <a 'java/lang/NoSuchMethodError'{0x0000000096e4c608}: 'java.lang.Object java.lang.invoke.DirectMethodHandle$Holder.invokeInterface(java.lang.Object, java.lang.Object, java.lang.Object)'> (0x0000000096e4c608) thrown at [s\src\hotspot\share\interpreter\linkResolver.cpp, line 773]
Event: 8.275 Thread 0x000001f53aab6800 Exception <a 'java/lang/IncompatibleClassChangeError'{0x0000000096e4f838}: Found class java.lang.Object, but interface was expected> (0x0000000096e4f838) thrown at [s\src\hotspot\share\interpreter\linkResolver.cpp, line 839]
Event: 8.633 Thread 0x000001f53aab6800 Implicit null exception at 0x000001f54ae19df5 to 0x000001f54ae19fa4
Event: 8.796 Thread 0x000001f53aab6800 Implicit null exception at 0x000001f54b14166f to 0x000001f54b142bcc
Event: 8.843 Thread 0x000001f53aab6800 Implicit null exception at 0x000001f54addba77 to 0x000001f54addbf48
Event: 8.857 Thread 0x000001f53aab6800 Implicit null exception at 0x000001f54addc4f4 to 0x000001f54addc9e4
Event: 9.802 Thread 0x000001f53aab6800 Implicit null exception at 0x000001f54b16909f to 0x000001f54b16ac38
Event: 10.078 Thread 0x000001f53aab6800 Implicit null exception at 0x000001f54b14e47c to 0x000001f54b14e74c
Event: 10.585 Thread 0x000001f53aab6800 Implicit null exception at 0x000001f54b28ed10 to 0x000001f54b295ca0
Event: 11.140 Thread 0x000001f53aab6800 Implicit null exception at 0x000001f54b2e4ad8 to 0x000001f54b2e4b66
Event: 11.140 Thread 0x000001f53aab6800 Implicit null exception at 0x000001f54b2e4fdf to 0x000001f54b2e507e

Events (20 events):
Event: 10.935 Executing VM operation: ICBufferFull
Event: 10.935 Executing VM operation: ICBufferFull done
Event: 10.944 loading class org/jetbrains/kotlin/resolve/calls/util/CallUtilKt$getValueArgumentForExpression$isParenthesizedExpression$1
Event: 10.944 loading class org/jetbrains/kotlin/resolve/calls/util/CallUtilKt$getValueArgumentForExpression$isParenthesizedExpression$1 done
Event: 10.949 loading class org/jetbrains/kotlin/contracts/model/structure/ESNothingType
Event: 10.949 loading class org/jetbrains/kotlin/contracts/model/structure/ESNothingType done
Event: 11.109 Executing VM operation: ICBufferFull
Event: 11.110 Executing VM operation: ICBufferFull done
Event: 11.314 Executing VM operation: ICBufferFull
Event: 11.314 Executing VM operation: ICBufferFull done
Event: 11.334 loading class org/jetbrains/kotlin/resolve/calls/tower/HidesMembersTowerLevel$getFunctions$1
Event: 11.334 loading class org/jetbrains/kotlin/resolve/calls/tower/HidesMembersTowerLevel$getFunctions$1 done
Event: 11.344 loading class org/jetbrains/kotlin/resolve/calls/tower/HidesMembersTowerLevel$getVariables$1
Event: 11.344 loading class org/jetbrains/kotlin/resolve/calls/tower/HidesMembersTowerLevel$getVariables$1 done
Event: 11.403 loading class org/jetbrains/kotlin/resolve/scopes/receivers/CastImplicitClassReceiver
Event: 11.403 loading class org/jetbrains/kotlin/resolve/scopes/receivers/CastImplicitClassReceiver done
Event: 11.403 Executing VM operation: Deoptimize
Event: 11.406 Executing VM operation: Deoptimize done
Event: 11.479 loading class org/jetbrains/kotlin/resolve/DescriptorEquivalenceForOverrides$areCallableDescriptorsEquivalent$overridingUtil$1
Event: 11.479 loading class org/jetbrains/kotlin/resolve/DescriptorEquivalenceForOverrides$areCallableDescriptorsEquivalent$overridingUtil$1 done


Dynamic libraries:
0x00007ff6793c0000 - 0x00007ff6793cd000 	C:\Program Files\Microsoft\jdk-11.0.20.8-hotspot\bin\java.exe
0x00007ffdc0230000 - 0x00007ffdc0444000 	C:\WINDOWS\SYSTEM32\ntdll.dll
0x00007ffdbe460000 - 0x00007ffdbe524000 	C:\WINDOWS\System32\KERNEL32.DLL
0x00007ffdbd880000 - 0x00007ffdbdc24000 	C:\WINDOWS\System32\KERNELBASE.dll
0x00007ffdbd610000 - 0x00007ffdbd721000 	C:\WINDOWS\System32\ucrtbase.dll
0x00007ffda6930000 - 0x00007ffda6947000 	C:\Program Files\Microsoft\jdk-11.0.20.8-hotspot\bin\jli.dll
0x00007ffd968a0000 - 0x00007ffd968b5000 	C:\Program Files\Microsoft\jdk-11.0.20.8-hotspot\bin\VCRUNTIME140.dll
0x00007ffdbdff0000 - 0x00007ffdbe19a000 	C:\WINDOWS\System32\USER32.dll
0x00007ffdab880000 - 0x00007ffdabb0f000 	C:\WINDOWS\WinSxS\amd64_microsoft.windows.common-controls_6595b64144ccf1df_6.0.22621.2070_none_2713e6537381f706\COMCTL32.dll
0x00007ffdbd850000 - 0x00007ffdbd876000 	C:\WINDOWS\System32\win32u.dll
0x00007ffdc0060000 - 0x00007ffdc0089000 	C:\WINDOWS\System32\GDI32.dll
0x00007ffdbebf0000 - 0x00007ffdbec97000 	C:\WINDOWS\System32\msvcrt.dll
0x00007ffdbd730000 - 0x00007ffdbd849000 	C:\WINDOWS\System32\gdi32full.dll
0x00007ffdbdcf0000 - 0x00007ffdbdd8a000 	C:\WINDOWS\System32\msvcp_win.dll
0x00007ffdbf540000 - 0x00007ffdbf571000 	C:\WINDOWS\System32\IMM32.DLL
0x00007ffd87040000 - 0x00007ffd870db000 	C:\Program Files\Microsoft\jdk-11.0.20.8-hotspot\bin\msvcp140.dll
0x00007ffd71ae0000 - 0x00007ffd72676000 	C:\Program Files\Microsoft\jdk-11.0.20.8-hotspot\bin\server\jvm.dll
0x00007ffdbe7f0000 - 0x00007ffdbe8a0000 	C:\WINDOWS\System32\ADVAPI32.dll
0x00007ffdbe3b0000 - 0x00007ffdbe456000 	C:\WINDOWS\System32\sechost.dll
0x00007ffdbf580000 - 0x00007ffdbf697000 	C:\WINDOWS\System32\RPCRT4.dll
0x00007ffdbf530000 - 0x00007ffdbf538000 	C:\WINDOWS\System32\PSAPI.DLL
0x00007ffdb56f0000 - 0x00007ffdb5724000 	C:\WINDOWS\SYSTEM32\WINMM.dll
0x00007ffdb5e80000 - 0x00007ffdb5e8a000 	C:\WINDOWS\SYSTEM32\VERSION.dll
0x00007ffdadd70000 - 0x00007ffdadd79000 	C:\WINDOWS\SYSTEM32\WSOCK32.dll
0x00007ffdbe1a0000 - 0x00007ffdbe211000 	C:\WINDOWS\System32\WS2_32.dll
0x00007ffdbc650000 - 0x00007ffdbc668000 	C:\WINDOWS\SYSTEM32\kernel.appcore.dll
0x00007ffdadcf0000 - 0x00007ffdadd00000 	C:\Program Files\Microsoft\jdk-11.0.20.8-hotspot\bin\verify.dll
0x00007ffdb3750000 - 0x00007ffdb397e000 	C:\WINDOWS\SYSTEM32\DBGHELP.DLL
0x00007ffdbecb0000 - 0x00007ffdbf03a000 	C:\WINDOWS\System32\combase.dll
0x00007ffdbe6b0000 - 0x00007ffdbe787000 	C:\WINDOWS\System32\OLEAUT32.dll
0x00007ffdb3710000 - 0x00007ffdb3742000 	C:\WINDOWS\SYSTEM32\dbgcore.DLL
0x00007ffdbdf70000 - 0x00007ffdbdfea000 	C:\WINDOWS\System32\bcryptPrimitives.dll
0x00007ffd95940000 - 0x00007ffd95968000 	C:\Program Files\Microsoft\jdk-11.0.20.8-hotspot\bin\java.dll
0x00007ffdada70000 - 0x00007ffdada7a000 	C:\Program Files\Microsoft\jdk-11.0.20.8-hotspot\bin\jimage.dll
0x00007ffd96880000 - 0x00007ffd96898000 	C:\Program Files\Microsoft\jdk-11.0.20.8-hotspot\bin\zip.dll
0x00007ffdbf840000 - 0x00007ffdc0056000 	C:\WINDOWS\System32\SHELL32.dll
0x00007ffdbb5e0000 - 0x00007ffdbbeca000 	C:\WINDOWS\SYSTEM32\windows.storage.dll
0x00007ffdbb4a0000 - 0x00007ffdbb5de000 	C:\WINDOWS\SYSTEM32\wintypes.dll
0x00007ffdbe2a0000 - 0x00007ffdbe393000 	C:\WINDOWS\System32\SHCORE.dll
0x00007ffdc0190000 - 0x00007ffdc01ee000 	C:\WINDOWS\System32\shlwapi.dll
0x00007ffdbd540000 - 0x00007ffdbd566000 	C:\WINDOWS\SYSTEM32\profapi.dll
0x00007ffd94a40000 - 0x00007ffd94a59000 	C:\Program Files\Microsoft\jdk-11.0.20.8-hotspot\bin\net.dll
0x00007ffdb7a10000 - 0x00007ffdb7b47000 	C:\WINDOWS\SYSTEM32\WINHTTP.dll
0x00007ffdbcad0000 - 0x00007ffdbcb39000 	C:\WINDOWS\system32\mswsock.dll
0x00007ffd94940000 - 0x00007ffd94953000 	C:\Program Files\Microsoft\jdk-11.0.20.8-hotspot\bin\nio.dll

dbghelp: loaded successfully - version: 4.0.5 - missing functions: none
symbol engine: initialized successfully - sym options: 0x614 - pdb path: .;C:\Program Files\Microsoft\jdk-11.0.20.8-hotspot\bin;C:\WINDOWS\SYSTEM32;C:\WINDOWS\WinSxS\amd64_microsoft.windows.common-controls_6595b64144ccf1df_6.0.22621.2070_none_2713e6537381f706;C:\Program Files\Microsoft\jdk-11.0.20.8-hotspot\bin\server

VM Arguments:
java_command: org.jetbrains.kotlin.cli.jvm.K2JVMCompiler @E:\Mobile App\App Mobile Course\Project1\ubibuki-mobile\node_modules\react-native-screens\android\build\20230902_5199789497589701169.compiler.options
java_class_path (initial): C:\Users\Admin\.gradle\caches\modules-2\files-2.1\org.jetbrains.kotlin\kotlin-compiler-embeddable\1.6.21\97bdd5a752ce73b58ef16c17bc7f0ea2faff7a2e\kotlin-compiler-embeddable-1.6.21.jar;C:\Users\Admin\.gradle\caches\modules-2\files-2.1\org.jetbrains.kotlin\kotlin-reflect\1.6.21\5dc3574d9b7bebfcb4ec6b10ada4aaa9e140bd0b\kotlin-reflect-1.6.21.jar;C:\Users\Admin\.gradle\caches\modules-2\files-2.1\org.jetbrains.kotlin\kotlin-stdlib\1.6.21\11ef67f1900634fd951bad28c53ec957fabbe5b8\kotlin-stdlib-1.6.21.jar;C:\Users\Admin\.gradle\caches\modules-2\files-2.1\org.jetbrains.kotlin\kotlin-script-runtime\1.6.21\99c6675100da5d6d5b1c5a1032f27f28008d101b\kotlin-script-runtime-1.6.21.jar;C:\Users\Admin\.gradle\caches\modules-2\files-2.1\org.jetbrains.kotlin\kotlin-daemon-embeddable\1.6.21\46b78cf392e1c4f10854c3cadba44abb7b82250f\kotlin-daemon-embeddable-1.6.21.jar;C:\Users\Admin\.gradle\caches\modules-2\files-2.1\org.jetbrains.intellij.deps\trove4j\1.0.20200330\3afb14d5f9ceb459d724e907a21145e8ff394f02\trove4j-1.0.20200330.jar;C:\Users\Admin\.gradle\caches\modules-2\files-2.1\net.java.dev.jna\jna\5.6.0\330f2244e9030119ab3030fc3fededc86713d9cc\jna-5.6.0.jar;C:\Users\Admin\.gradle\caches\modules-2\files-2.1\org.jetbrains.kotlin\kotlin-stdlib-common\1.6.21\5e5b55c26dbc80372a920aef60eb774b714559b8\kotlin-stdlib-common-1.6.21.jar;C:\Users\Admin\.gradle\caches\modules-2\files-2.1\org.jetbrains\annotations\13.0\919f0dfe192fb4e063e7dacadee7f8bb9a2672a9\annotations-13.0.jar
Launcher Type: SUN_STANDARD

[Global flags]
     intx CICompilerCount                          = 12                                        {product} {ergonomic}
     uint ConcGCThreads                            = 3                                         {product} {ergonomic}
     uint G1ConcRefinementThreads                  = 13                                        {product} {ergonomic}
   size_t G1HeapRegionSize                         = 1048576                                   {product} {ergonomic}
    uintx GCDrainStackTargetSize                   = 64                                        {product} {ergonomic}
   size_t InitialHeapSize                          = 121634816                                 {product} {ergonomic}
   size_t MarkStackSize                            = 4194304                                   {product} {ergonomic}
   size_t MaxHeapSize                              = 1946157056                                {product} {ergonomic}
   size_t MaxNewSize                               = 1167065088                                {product} {ergonomic}
   size_t MinHeapDeltaBytes                        = 1048576                                   {product} {ergonomic}
    uintx NonNMethodCodeHeapSize                   = 7594288                                {pd product} {ergonomic}
    uintx NonProfiledCodeHeapSize                  = 122031976                              {pd product} {ergonomic}
    uintx ProfiledCodeHeapSize                     = 122031976                              {pd product} {ergonomic}
    uintx ReservedCodeCacheSize                    = 251658240                              {pd product} {ergonomic}
     bool SegmentedCodeCache                       = true                                      {product} {ergonomic}
     bool UseCompressedClassPointers               = true                                 {lp64_product} {ergonomic}
     bool UseCompressedOops                        = true                                 {lp64_product} {ergonomic}
     bool UseG1GC                                  = true                                      {product} {ergonomic}
     bool UseLargePagesIndividualAllocation        = false                                  {pd product} {ergonomic}

Logging:
Log output configuration:
 #0: stdout all=warning uptime,level,tags
 #1: stderr all=off uptime,level,tags

Environment Variables:
JAVA_HOME=C:\Program Files\Microsoft\jdk-11.0.20.8-hotspot\
CLASSPATH=E:\Mobile App\App Mobile Course\Project1\ubibuki-mobile\android\\gradle\wrapper\gradle-wrapper.jar
PATH=E:\Mobile App\App Mobile Course\Project1\ubibuki-mobile\node_modules\.bin;E:\Mobile App\App Mobile Course\Project1\node_modules\.bin;E:\Mobile App\App Mobile Course\node_modules\.bin;E:\Mobile App\node_modules\.bin;E:\node_modules\.bin;C:\Users\Admin\AppData\Roaming\npm\node_modules\npm\node_modules\@npmcli\run-script\lib\node-gyp-bin;C:\Program Files\Microsoft\jdk-11.0.20.8-hotspot\bin;C:\Windows\system32;C:\Windows;C:\Windows\System32\Wbem;C:\Windows\System32\WindowsPowerShell\v1.0\;C:\Windows\System32\OpenSSH\;C:\Program Files (x86)\NVIDIA Corporation\PhysX\Common;C:\Program Files\NVIDIA Corporation\NVIDIA NvDLISR;C:\Program Files\dotnet\;C:\WINDOWS\system32;C:\WINDOWS;C:\WINDOWS\System32\Wbem;C:\WINDOWS\System32\WindowsPowerShell\v1.0\;C:\WINDOWS\System32\OpenSSH\;C:\Program Files\Git\cmd;C:\ProgramData\chocolatey\bin;C:\Program Files\nodejs\;C:\Users\Admin\AppData\Local\Programs\Python\Python310\Scripts\;C:\Users\Admin\AppData\Local\Programs\Python\Python310\;C:\Users\Admin\AppData\Local\Microsoft\WindowsApps;C:\Users\Admin\AppData\Local\Programs\Microsoft VS Code\bin;C:\Users\Admin\.dotnet\tools;C:\flutter\bin;C:\Users\Admin\AppData\Local\GitHubDesktop\bin;C:\Program Files\Android\Android Studio\jbr\bin;C:\Users\Admin\AppData\Roaming\npm;C:\Users\Admin\AppData\Local\Android\Sdk;C:\Users\Admin\AppData\Local\Android\Sdk\platform-tools;
USERNAME=Admin
LANG=en_US.UTF-8
OS=Windows_NT
PROCESSOR_IDENTIFIER=AMD64 Family 25 Model 68 Stepping 1, AuthenticAMD
TMP=C:\Users\Admin\AppData\Local\Temp
TEMP=C:\Users\Admin\AppData\Local\Temp



---------------  S Y S T E M  ---------------

OS: Windows 11 , 64 bit Build 22621 (10.0.22621.2070)
OS uptime: 0 days 0:27 hours

CPU:total 16 (initial active 16) (16 cores per cpu, 2 threads per core) family 25 model 68 stepping 1 microcode 0x0, cmov, cx8, fxsr, mmx, sse, sse2, sse3, ssse3, sse4.1, sse4.2, popcnt, avx, avx2, aes, clmul, mmxext, 3dnowpref, lzcnt, sse4a, ht, tsc, tscinvbit, tscinv, bmi1, bmi2, adx, sha, fma

Memory: 4k page, system-wide physical 7421M (237M free)
TotalPageFile size 19709M (AvailPageFile size 0M)
current process WorkingSet (physical memory assigned to process): 423M, peak: 428M
current process commit charge ("private bytes"): 476M, peak: 482M

vm_info: OpenJDK 64-Bit Server VM (11.0.20+8-LTS) for windows-amd64 JRE (11.0.20+8-LTS), built on Jul  7 2023 17:05:21 by "MicrosoftCorporation" with MS VC++ 15.9 (VS2017)

END.
